mode: atomic
github.com/cloudposse/atmos/pkg/auth/credentials/store.go:29.49,31.2 1 7
github.com/cloudposse/atmos/pkg/auth/credentials/store.go:40.76,47.27 2 6
github.com/cloudposse/atmos/pkg/auth/credentials/store.go:48.29,50.29 2 3
github.com/cloudposse/atmos/pkg/auth/credentials/store.go:51.30,53.29 2 2
github.com/cloudposse/atmos/pkg/auth/credentials/store.go:54.10,55.85 1 1
github.com/cloudposse/atmos/pkg/auth/credentials/store.go:57.2,57.16 1 5
github.com/cloudposse/atmos/pkg/auth/credentials/store.go:57.16,59.3 1 0
github.com/cloudposse/atmos/pkg/auth/credentials/store.go:61.2,63.16 3 5
github.com/cloudposse/atmos/pkg/auth/credentials/store.go:63.16,65.3 1 0
github.com/cloudposse/atmos/pkg/auth/credentials/store.go:67.2,67.70 1 5
github.com/cloudposse/atmos/pkg/auth/credentials/store.go:67.70,69.3 1 0
github.com/cloudposse/atmos/pkg/auth/credentials/store.go:70.2,70.12 1 5
github.com/cloudposse/atmos/pkg/auth/credentials/store.go:74.75,76.16 2 6
github.com/cloudposse/atmos/pkg/auth/credentials/store.go:76.16,78.3 1 2
github.com/cloudposse/atmos/pkg/auth/credentials/store.go:80.2,81.59 2 4
github.com/cloudposse/atmos/pkg/auth/credentials/store.go:81.59,83.3 1 0
github.com/cloudposse/atmos/pkg/auth/credentials/store.go:85.2,85.18 1 4
github.com/cloudposse/atmos/pkg/auth/credentials/store.go:86.13,88.54 2 3
github.com/cloudposse/atmos/pkg/auth/credentials/store.go:88.54,90.4 1 0
github.com/cloudposse/atmos/pkg/auth/credentials/store.go:91.3,91.17 1 3
github.com/cloudposse/atmos/pkg/auth/credentials/store.go:92.14,94.54 2 1
github.com/cloudposse/atmos/pkg/auth/credentials/store.go:94.54,96.4 1 0
github.com/cloudposse/atmos/pkg/auth/credentials/store.go:97.3,97.17 1 1
github.com/cloudposse/atmos/pkg/auth/credentials/store.go:98.10,99.89 1 0
github.com/cloudposse/atmos/pkg/auth/credentials/store.go:104.51,105.59 1 2
github.com/cloudposse/atmos/pkg/auth/credentials/store.go:105.59,107.3 1 1
github.com/cloudposse/atmos/pkg/auth/credentials/store.go:109.2,109.12 1 1
github.com/cloudposse/atmos/pkg/auth/credentials/store.go:113.49,120.2 1 1
github.com/cloudposse/atmos/pkg/auth/credentials/store.go:123.62,125.16 2 3
github.com/cloudposse/atmos/pkg/auth/credentials/store.go:125.16,127.3 1 1
github.com/cloudposse/atmos/pkg/auth/credentials/store.go:129.2,129.31 1 2
github.com/cloudposse/atmos/pkg/auth/credentials/store.go:133.67,135.16 2 1
github.com/cloudposse/atmos/pkg/auth/credentials/store.go:135.16,137.3 1 0
github.com/cloudposse/atmos/pkg/auth/credentials/store.go:139.2,139.59 1 1
github.com/cloudposse/atmos/pkg/auth/credentials/store.go:139.59,141.3 1 0
github.com/cloudposse/atmos/pkg/auth/credentials/store.go:143.2,143.12 1 1
github.com/cloudposse/atmos/pkg/auth/credentials/store.go:147.68,149.16 2 1
github.com/cloudposse/atmos/pkg/auth/credentials/store.go:149.16,151.3 1 0
github.com/cloudposse/atmos/pkg/auth/credentials/store.go:153.2,153.68 1 1
github.com/cloudposse/atmos/pkg/auth/credentials/store.go:153.68,155.3 1 0
github.com/cloudposse/atmos/pkg/auth/credentials/store.go:157.2,157.12 1 1
github.com/cloudposse/atmos/pkg/auth/credentials/store.go:161.42,163.2 1 1
github.com/cloudposse/atmos/pkg/auth/cloud/aws/files.go:43.51,45.16 2 2
github.com/cloudposse/atmos/pkg/auth/cloud/aws/files.go:45.16,47.3 1 0
github.com/cloudposse/atmos/pkg/auth/cloud/aws/files.go:48.2,50.8 1 2
github.com/cloudposse/atmos/pkg/auth/cloud/aws/files.go:54.113,58.82 2 3
github.com/cloudposse/atmos/pkg/auth/cloud/aws/files.go:58.82,61.3 2 0
github.com/cloudposse/atmos/pkg/auth/cloud/aws/files.go:64.2,65.16 2 3
github.com/cloudposse/atmos/pkg/auth/cloud/aws/files.go:65.16,67.26 1 2
github.com/cloudposse/atmos/pkg/auth/cloud/aws/files.go:67.26,70.4 2 0
github.com/cloudposse/atmos/pkg/auth/cloud/aws/files.go:71.3,71.20 1 2
github.com/cloudposse/atmos/pkg/auth/cloud/aws/files.go:75.2,76.16 2 3
github.com/cloudposse/atmos/pkg/auth/cloud/aws/files.go:76.16,78.17 2 2
github.com/cloudposse/atmos/pkg/auth/cloud/aws/files.go:78.17,81.4 2 0
github.com/cloudposse/atmos/pkg/auth/cloud/aws/files.go:85.2,87.30 3 3
github.com/cloudposse/atmos/pkg/auth/cloud/aws/files.go:87.30,89.3 1 2
github.com/cloudposse/atmos/pkg/auth/cloud/aws/files.go:89.8,92.3 1 1
github.com/cloudposse/atmos/pkg/auth/cloud/aws/files.go:95.2,95.52 1 3
github.com/cloudposse/atmos/pkg/auth/cloud/aws/files.go:95.52,98.3 2 0
github.com/cloudposse/atmos/pkg/auth/cloud/aws/files.go:101.2,101.64 1 3
github.com/cloudposse/atmos/pkg/auth/cloud/aws/files.go:101.64,104.3 2 0
github.com/cloudposse/atmos/pkg/auth/cloud/aws/files.go:106.2,106.12 1 3
github.com/cloudposse/atmos/pkg/auth/cloud/aws/files.go:110.101,114.77 2 4
github.com/cloudposse/atmos/pkg/auth/cloud/aws/files.go:114.77,117.3 2 0
github.com/cloudposse/atmos/pkg/auth/cloud/aws/files.go:120.2,121.16 2 4
github.com/cloudposse/atmos/pkg/auth/cloud/aws/files.go:121.16,122.26 1 2
github.com/cloudposse/atmos/pkg/auth/cloud/aws/files.go:122.26,125.4 2 0
github.com/cloudposse/atmos/pkg/auth/cloud/aws/files.go:126.3,126.20 1 2
github.com/cloudposse/atmos/pkg/auth/cloud/aws/files.go:129.2,130.31 2 4
github.com/cloudposse/atmos/pkg/auth/cloud/aws/files.go:130.31,132.3 1 1
github.com/cloudposse/atmos/pkg/auth/cloud/aws/files.go:132.8,134.3 1 3
github.com/cloudposse/atmos/pkg/auth/cloud/aws/files.go:136.2,140.18 3 4
github.com/cloudposse/atmos/pkg/auth/cloud/aws/files.go:140.18,142.3 1 3
github.com/cloudposse/atmos/pkg/auth/cloud/aws/files.go:142.8,145.3 1 1
github.com/cloudposse/atmos/pkg/auth/cloud/aws/files.go:148.2,148.24 1 4
github.com/cloudposse/atmos/pkg/auth/cloud/aws/files.go:148.24,150.3 1 1
github.com/cloudposse/atmos/pkg/auth/cloud/aws/files.go:150.8,153.3 1 3
github.com/cloudposse/atmos/pkg/auth/cloud/aws/files.go:156.2,156.47 1 4
github.com/cloudposse/atmos/pkg/auth/cloud/aws/files.go:156.47,159.3 2 0
github.com/cloudposse/atmos/pkg/auth/cloud/aws/files.go:162.2,162.59 1 4
github.com/cloudposse/atmos/pkg/auth/cloud/aws/files.go:162.59,165.3 2 0
github.com/cloudposse/atmos/pkg/auth/cloud/aws/files.go:167.2,167.12 1 4
github.com/cloudposse/atmos/pkg/auth/cloud/aws/files.go:171.73,173.2 1 7
github.com/cloudposse/atmos/pkg/auth/cloud/aws/files.go:176.68,178.2 1 10
github.com/cloudposse/atmos/pkg/auth/cloud/aws/files.go:181.114,190.2 3 1
github.com/cloudposse/atmos/pkg/auth/cloud/aws/files.go:193.61,196.50 2 1
github.com/cloudposse/atmos/pkg/auth/cloud/aws/files.go:196.50,199.3 2 0
github.com/cloudposse/atmos/pkg/auth/cloud/aws/files.go:201.2,201.12 1 1
github.com/cloudposse/atmos/pkg/auth/cloud/aws/setup.go:13.84,15.9 2 1
github.com/cloudposse/atmos/pkg/auth/cloud/aws/setup.go:15.9,17.3 1 0
github.com/cloudposse/atmos/pkg/auth/cloud/aws/setup.go:20.2,21.16 2 1
github.com/cloudposse/atmos/pkg/auth/cloud/aws/setup.go:21.16,23.3 1 0
github.com/cloudposse/atmos/pkg/auth/cloud/aws/setup.go:26.2,26.91 1 1
github.com/cloudposse/atmos/pkg/auth/cloud/aws/setup.go:26.91,28.3 1 0
github.com/cloudposse/atmos/pkg/auth/cloud/aws/setup.go:31.2,32.18 2 1
github.com/cloudposse/atmos/pkg/auth/cloud/aws/setup.go:32.18,34.3 1 0
github.com/cloudposse/atmos/pkg/auth/cloud/aws/setup.go:36.2,36.88 1 1
github.com/cloudposse/atmos/pkg/auth/cloud/aws/setup.go:36.88,38.3 1 0
github.com/cloudposse/atmos/pkg/auth/cloud/aws/setup.go:40.2,40.12 1 1
github.com/cloudposse/atmos/pkg/auth/cloud/aws/setup.go:44.110,46.16 2 1
github.com/cloudposse/atmos/pkg/auth/cloud/aws/setup.go:46.16,48.3 1 0
github.com/cloudposse/atmos/pkg/auth/cloud/aws/setup.go:49.2,55.12 6 1
github.com/cloudposse/atmos/pkg/auth/providers/github/oidc.go:27.84,28.19 1 13
github.com/cloudposse/atmos/pkg/auth/providers/github/oidc.go:28.19,30.3 1 1
github.com/cloudposse/atmos/pkg/auth/providers/github/oidc.go:32.2,32.16 1 12
github.com/cloudposse/atmos/pkg/auth/providers/github/oidc.go:32.16,34.3 1 1
github.com/cloudposse/atmos/pkg/auth/providers/github/oidc.go:36.2,39.8 1 11
github.com/cloudposse/atmos/pkg/auth/providers/github/oidc.go:43.38,45.2 1 1
github.com/cloudposse/atmos/pkg/auth/providers/github/oidc.go:48.67,50.2 1 1
github.com/cloudposse/atmos/pkg/auth/providers/github/oidc.go:53.38,55.2 1 1
github.com/cloudposse/atmos/pkg/auth/providers/github/oidc.go:58.86,62.37 2 7
github.com/cloudposse/atmos/pkg/auth/providers/github/oidc.go:62.37,64.3 1 0
github.com/cloudposse/atmos/pkg/auth/providers/github/oidc.go:67.2,67.26 1 7
github.com/cloudposse/atmos/pkg/auth/providers/github/oidc.go:67.26,69.3 1 2
github.com/cloudposse/atmos/pkg/auth/providers/github/oidc.go:71.2,72.16 2 5
github.com/cloudposse/atmos/pkg/auth/providers/github/oidc.go:72.16,74.3 1 3
github.com/cloudposse/atmos/pkg/auth/providers/github/oidc.go:76.2,77.16 2 2
github.com/cloudposse/atmos/pkg/auth/providers/github/oidc.go:77.16,79.3 1 0
github.com/cloudposse/atmos/pkg/auth/providers/github/oidc.go:81.2,82.16 2 2
github.com/cloudposse/atmos/pkg/auth/providers/github/oidc.go:82.16,84.3 1 0
github.com/cloudposse/atmos/pkg/auth/providers/github/oidc.go:86.2,93.8 2 2
github.com/cloudposse/atmos/pkg/auth/providers/github/oidc.go:97.47,100.2 2 7
github.com/cloudposse/atmos/pkg/auth/providers/github/oidc.go:103.64,106.17 3 5
github.com/cloudposse/atmos/pkg/auth/providers/github/oidc.go:106.17,108.3 1 2
github.com/cloudposse/atmos/pkg/auth/providers/github/oidc.go:110.2,112.22 3 3
github.com/cloudposse/atmos/pkg/auth/providers/github/oidc.go:112.22,114.3 1 1
github.com/cloudposse/atmos/pkg/auth/providers/github/oidc.go:115.2,115.31 1 2
github.com/cloudposse/atmos/pkg/auth/providers/github/oidc.go:119.51,120.45 1 2
github.com/cloudposse/atmos/pkg/auth/providers/github/oidc.go:120.45,121.65 1 0
github.com/cloudposse/atmos/pkg/auth/providers/github/oidc.go:121.65,123.4 1 0
github.com/cloudposse/atmos/pkg/auth/providers/github/oidc.go:124.3,124.104 1 0
github.com/cloudposse/atmos/pkg/auth/providers/github/oidc.go:126.2,126.16 1 2
github.com/cloudposse/atmos/pkg/auth/providers/github/oidc.go:130.103,132.63 2 2
github.com/cloudposse/atmos/pkg/auth/providers/github/oidc.go:132.63,134.3 1 0
github.com/cloudposse/atmos/pkg/auth/providers/github/oidc.go:135.2,136.16 2 2
github.com/cloudposse/atmos/pkg/auth/providers/github/oidc.go:136.16,138.3 1 0
github.com/cloudposse/atmos/pkg/auth/providers/github/oidc.go:139.2,139.22 1 2
github.com/cloudposse/atmos/pkg/auth/providers/github/oidc.go:143.117,145.16 2 2
github.com/cloudposse/atmos/pkg/auth/providers/github/oidc.go:145.16,147.3 1 0
github.com/cloudposse/atmos/pkg/auth/providers/github/oidc.go:148.2,149.20 2 2
github.com/cloudposse/atmos/pkg/auth/providers/github/oidc.go:149.20,151.3 1 0
github.com/cloudposse/atmos/pkg/auth/providers/github/oidc.go:152.2,157.16 6 2
github.com/cloudposse/atmos/pkg/auth/providers/github/oidc.go:157.16,159.3 1 0
github.com/cloudposse/atmos/pkg/auth/providers/github/oidc.go:160.2,161.38 2 2
github.com/cloudposse/atmos/pkg/auth/providers/github/oidc.go:161.38,163.3 1 0
github.com/cloudposse/atmos/pkg/auth/providers/github/oidc.go:164.2,167.64 2 2
github.com/cloudposse/atmos/pkg/auth/providers/github/oidc.go:167.64,169.3 1 0
github.com/cloudposse/atmos/pkg/auth/providers/github/oidc.go:170.2,170.21 1 2
github.com/cloudposse/atmos/pkg/auth/providers/github/oidc.go:170.21,172.3 1 0
github.com/cloudposse/atmos/pkg/auth/providers/github/oidc.go:173.2,173.23 1 2
github.com/cloudposse/atmos/pkg/auth/providers/github/oidc.go:177.41,181.2 1 8
github.com/cloudposse/atmos/pkg/auth/providers/github/oidc.go:184.65,188.2 1 1
github.com/cloudposse/atmos/pkg/auth/identities/aws/assume_role.go:31.116,33.18 2 1
github.com/cloudposse/atmos/pkg/auth/identities/aws/assume_role.go:33.18,35.3 1 1
github.com/cloudposse/atmos/pkg/auth/identities/aws/assume_role.go:36.2,36.18 1 1
github.com/cloudposse/atmos/pkg/auth/identities/aws/assume_role.go:36.18,38.3 1 1
github.com/cloudposse/atmos/pkg/auth/identities/aws/assume_role.go:40.2,42.16 3 1
github.com/cloudposse/atmos/pkg/auth/identities/aws/assume_role.go:42.16,44.3 1 0
github.com/cloudposse/atmos/pkg/auth/identities/aws/assume_role.go:45.2,46.36 2 1
github.com/cloudposse/atmos/pkg/auth/identities/aws/assume_role.go:50.105,51.48 1 3
github.com/cloudposse/atmos/pkg/auth/identities/aws/assume_role.go:51.48,53.3 1 1
github.com/cloudposse/atmos/pkg/auth/identities/aws/assume_role.go:54.2,55.71 2 2
github.com/cloudposse/atmos/pkg/auth/identities/aws/assume_role.go:55.71,57.3 1 1
github.com/cloudposse/atmos/pkg/auth/identities/aws/assume_role.go:59.2,60.23 2 2
github.com/cloudposse/atmos/pkg/auth/identities/aws/assume_role.go:60.23,62.3 1 1
github.com/cloudposse/atmos/pkg/auth/identities/aws/assume_role.go:63.2,69.8 1 2
github.com/cloudposse/atmos/pkg/auth/identities/aws/assume_role.go:74.74,81.90 4 2
github.com/cloudposse/atmos/pkg/auth/identities/aws/assume_role.go:81.90,83.3 1 1
github.com/cloudposse/atmos/pkg/auth/identities/aws/assume_role.go:84.2,84.89 1 2
github.com/cloudposse/atmos/pkg/auth/identities/aws/assume_role.go:84.89,85.67 1 2
github.com/cloudposse/atmos/pkg/auth/identities/aws/assume_role.go:85.67,87.4 1 1
github.com/cloudposse/atmos/pkg/auth/identities/aws/assume_role.go:87.9,89.4 1 1
github.com/cloudposse/atmos/pkg/auth/identities/aws/assume_role.go:91.2,91.14 1 2
github.com/cloudposse/atmos/pkg/auth/identities/aws/assume_role.go:95.90,96.16 1 4
github.com/cloudposse/atmos/pkg/auth/identities/aws/assume_role.go:96.16,98.3 1 1
github.com/cloudposse/atmos/pkg/auth/identities/aws/assume_role.go:99.2,99.19 1 3
github.com/cloudposse/atmos/pkg/auth/identities/aws/assume_role.go:99.19,101.3 1 1
github.com/cloudposse/atmos/pkg/auth/identities/aws/assume_role.go:102.2,102.38 1 2
github.com/cloudposse/atmos/pkg/auth/identities/aws/assume_role.go:102.38,104.3 1 1
github.com/cloudposse/atmos/pkg/auth/identities/aws/assume_role.go:106.2,109.8 1 1
github.com/cloudposse/atmos/pkg/auth/identities/aws/assume_role.go:113.44,115.2 1 1
github.com/cloudposse/atmos/pkg/auth/identities/aws/assume_role.go:118.122,122.9 2 0
github.com/cloudposse/atmos/pkg/auth/identities/aws/assume_role.go:122.9,124.3 1 0
github.com/cloudposse/atmos/pkg/auth/identities/aws/assume_role.go:127.2,127.37 1 0
github.com/cloudposse/atmos/pkg/auth/identities/aws/assume_role.go:127.37,129.3 1 0
github.com/cloudposse/atmos/pkg/auth/identities/aws/assume_role.go:132.2,133.16 2 0
github.com/cloudposse/atmos/pkg/auth/identities/aws/assume_role.go:133.16,135.3 1 0
github.com/cloudposse/atmos/pkg/auth/identities/aws/assume_role.go:138.2,141.16 3 0
github.com/cloudposse/atmos/pkg/auth/identities/aws/assume_role.go:141.16,143.3 1 0
github.com/cloudposse/atmos/pkg/auth/identities/aws/assume_role.go:144.2,144.35 1 0
github.com/cloudposse/atmos/pkg/auth/identities/aws/assume_role.go:148.47,149.31 1 6
github.com/cloudposse/atmos/pkg/auth/identities/aws/assume_role.go:149.31,151.3 1 1
github.com/cloudposse/atmos/pkg/auth/identities/aws/assume_role.go:154.2,156.84 3 5
github.com/cloudposse/atmos/pkg/auth/identities/aws/assume_role.go:156.84,158.3 1 1
github.com/cloudposse/atmos/pkg/auth/identities/aws/assume_role.go:159.2,162.60 3 4
github.com/cloudposse/atmos/pkg/auth/identities/aws/assume_role.go:162.60,164.3 1 2
github.com/cloudposse/atmos/pkg/auth/identities/aws/assume_role.go:166.2,166.12 1 4
github.com/cloudposse/atmos/pkg/auth/identities/aws/assume_role.go:170.71,174.38 2 1
github.com/cloudposse/atmos/pkg/auth/identities/aws/assume_role.go:174.38,176.3 1 1
github.com/cloudposse/atmos/pkg/auth/identities/aws/assume_role.go:178.2,178.17 1 1
github.com/cloudposse/atmos/pkg/auth/identities/aws/assume_role.go:182.64,183.56 1 3
github.com/cloudposse/atmos/pkg/auth/identities/aws/assume_role.go:183.56,185.3 1 1
github.com/cloudposse/atmos/pkg/auth/identities/aws/assume_role.go:186.2,186.56 1 2
github.com/cloudposse/atmos/pkg/auth/identities/aws/assume_role.go:186.56,190.3 1 1
github.com/cloudposse/atmos/pkg/auth/identities/aws/assume_role.go:191.2,191.128 1 1
github.com/cloudposse/atmos/pkg/auth/identities/aws/assume_role.go:195.174,197.79 1 1
github.com/cloudposse/atmos/pkg/auth/identities/aws/assume_role.go:197.79,199.3 1 0
github.com/cloudposse/atmos/pkg/auth/identities/aws/assume_role.go:200.2,200.96 1 1
github.com/cloudposse/atmos/pkg/auth/identities/aws/assume_role.go:200.96,202.3 1 0
github.com/cloudposse/atmos/pkg/auth/identities/aws/assume_role.go:203.2,203.12 1 1
github.com/cloudposse/atmos/pkg/auth/identities/aws/assume_role.go:209.47,212.22 2 11
github.com/cloudposse/atmos/pkg/auth/identities/aws/assume_role.go:212.22,213.19 1 331
github.com/cloudposse/atmos/pkg/auth/identities/aws/assume_role.go:213.19,215.4 1 261
github.com/cloudposse/atmos/pkg/auth/identities/aws/assume_role.go:215.9,217.4 1 70
github.com/cloudposse/atmos/pkg/auth/identities/aws/assume_role.go:219.2,220.51 2 11
github.com/cloudposse/atmos/pkg/auth/identities/aws/assume_role.go:223.26,225.2 1 331
github.com/cloudposse/atmos/pkg/auth/identities/aws/assume_role.go:227.27,229.2 1 193
github.com/cloudposse/atmos/pkg/auth/identities/aws/assume_role.go:231.29,233.2 1 331
github.com/cloudposse/atmos/pkg/auth/identities/aws/assume_role.go:235.63,236.38 1 11
github.com/cloudposse/atmos/pkg/auth/identities/aws/assume_role.go:236.38,238.3 1 1
github.com/cloudposse/atmos/pkg/auth/identities/aws/assume_role.go:240.2,241.16 2 11
github.com/cloudposse/atmos/pkg/auth/identities/aws/assume_role.go:241.16,243.3 1 1
github.com/cloudposse/atmos/pkg/auth/identities/aws/assume_role.go:244.2,244.13 1 11
github.com/cloudposse/atmos/pkg/auth/identities/aws/permission_set.go:32.93,33.41 1 2
github.com/cloudposse/atmos/pkg/auth/identities/aws/permission_set.go:33.41,35.3 1 1
github.com/cloudposse/atmos/pkg/auth/identities/aws/permission_set.go:37.2,40.8 1 1
github.com/cloudposse/atmos/pkg/auth/identities/aws/permission_set.go:44.47,46.2 1 1
github.com/cloudposse/atmos/pkg/auth/identities/aws/permission_set.go:51.125,55.9 2 0
github.com/cloudposse/atmos/pkg/auth/identities/aws/permission_set.go:55.9,57.3 1 0
github.com/cloudposse/atmos/pkg/auth/identities/aws/permission_set.go:59.2,63.16 3 0
github.com/cloudposse/atmos/pkg/auth/identities/aws/permission_set.go:63.16,65.3 1 0
github.com/cloudposse/atmos/pkg/auth/identities/aws/permission_set.go:66.2,67.16 2 0
github.com/cloudposse/atmos/pkg/auth/identities/aws/permission_set.go:67.16,69.3 1 0
github.com/cloudposse/atmos/pkg/auth/identities/aws/permission_set.go:72.2,73.16 2 0
github.com/cloudposse/atmos/pkg/auth/identities/aws/permission_set.go:73.16,75.3 1 0
github.com/cloudposse/atmos/pkg/auth/identities/aws/permission_set.go:76.2,77.16 2 0
github.com/cloudposse/atmos/pkg/auth/identities/aws/permission_set.go:77.16,79.3 1 0
github.com/cloudposse/atmos/pkg/auth/identities/aws/permission_set.go:82.2,87.16 2 0
github.com/cloudposse/atmos/pkg/auth/identities/aws/permission_set.go:87.16,89.3 1 0
github.com/cloudposse/atmos/pkg/auth/identities/aws/permission_set.go:92.2,93.16 2 0
github.com/cloudposse/atmos/pkg/auth/identities/aws/permission_set.go:93.16,95.3 1 0
github.com/cloudposse/atmos/pkg/auth/identities/aws/permission_set.go:97.2,100.19 2 0
github.com/cloudposse/atmos/pkg/auth/identities/aws/permission_set.go:104.50,105.31 1 4
github.com/cloudposse/atmos/pkg/auth/identities/aws/permission_set.go:105.31,107.3 1 1
github.com/cloudposse/atmos/pkg/auth/identities/aws/permission_set.go:110.2,112.97 3 3
github.com/cloudposse/atmos/pkg/auth/identities/aws/permission_set.go:112.97,114.3 1 1
github.com/cloudposse/atmos/pkg/auth/identities/aws/permission_set.go:117.2,118.83 2 2
github.com/cloudposse/atmos/pkg/auth/identities/aws/permission_set.go:118.83,120.3 1 1
github.com/cloudposse/atmos/pkg/auth/identities/aws/permission_set.go:122.2,124.22 3 1
github.com/cloudposse/atmos/pkg/auth/identities/aws/permission_set.go:124.22,126.3 1 0
github.com/cloudposse/atmos/pkg/auth/identities/aws/permission_set.go:127.2,127.42 1 1
github.com/cloudposse/atmos/pkg/auth/identities/aws/permission_set.go:127.42,129.3 1 0
github.com/cloudposse/atmos/pkg/auth/identities/aws/permission_set.go:130.2,130.12 1 1
github.com/cloudposse/atmos/pkg/auth/identities/aws/permission_set.go:134.74,138.38 2 1
github.com/cloudposse/atmos/pkg/auth/identities/aws/permission_set.go:138.38,140.3 1 1
github.com/cloudposse/atmos/pkg/auth/identities/aws/permission_set.go:142.2,142.17 1 1
github.com/cloudposse/atmos/pkg/auth/identities/aws/permission_set.go:146.67,147.56 1 3
github.com/cloudposse/atmos/pkg/auth/identities/aws/permission_set.go:147.56,149.3 1 1
github.com/cloudposse/atmos/pkg/auth/identities/aws/permission_set.go:150.2,150.140 1 2
github.com/cloudposse/atmos/pkg/auth/identities/aws/permission_set.go:154.177,156.79 1 1
github.com/cloudposse/atmos/pkg/auth/identities/aws/permission_set.go:156.79,158.3 1 0
github.com/cloudposse/atmos/pkg/auth/identities/aws/permission_set.go:159.2,159.96 1 1
github.com/cloudposse/atmos/pkg/auth/identities/aws/permission_set.go:159.96,161.3 1 0
github.com/cloudposse/atmos/pkg/auth/identities/aws/permission_set.go:162.2,162.12 1 1
github.com/cloudposse/atmos/pkg/auth/identities/aws/permission_set.go:166.72,167.78 1 2
github.com/cloudposse/atmos/pkg/auth/identities/aws/permission_set.go:167.78,169.3 1 1
github.com/cloudposse/atmos/pkg/auth/identities/aws/permission_set.go:170.2,170.110 1 1
github.com/cloudposse/atmos/pkg/auth/identities/aws/permission_set.go:174.77,176.9 2 3
github.com/cloudposse/atmos/pkg/auth/identities/aws/permission_set.go:176.9,178.3 1 1
github.com/cloudposse/atmos/pkg/auth/identities/aws/permission_set.go:179.2,181.28 3 2
github.com/cloudposse/atmos/pkg/auth/identities/aws/permission_set.go:181.28,183.3 1 1
github.com/cloudposse/atmos/pkg/auth/identities/aws/permission_set.go:184.2,184.22 1 1
github.com/cloudposse/atmos/pkg/auth/identities/aws/permission_set.go:188.154,189.42 1 1
github.com/cloudposse/atmos/pkg/auth/identities/aws/permission_set.go:189.42,191.3 1 1
github.com/cloudposse/atmos/pkg/auth/identities/aws/permission_set.go:193.2,194.16 2 0
github.com/cloudposse/atmos/pkg/auth/identities/aws/permission_set.go:194.16,196.3 1 0
github.com/cloudposse/atmos/pkg/auth/identities/aws/permission_set.go:197.2,197.51 1 0
github.com/cloudposse/atmos/pkg/auth/identities/aws/permission_set.go:197.51,198.58 1 0
github.com/cloudposse/atmos/pkg/auth/identities/aws/permission_set.go:198.58,200.4 1 0
github.com/cloudposse/atmos/pkg/auth/identities/aws/permission_set.go:202.2,202.85 1 0
github.com/cloudposse/atmos/pkg/auth/identities/aws/permission_set.go:206.119,209.119 1 1
github.com/cloudposse/atmos/pkg/auth/identities/aws/permission_set.go:209.119,213.4 1 0
github.com/cloudposse/atmos/pkg/auth/identities/aws/permission_set.go:215.2,215.16 1 1
github.com/cloudposse/atmos/pkg/auth/identities/aws/permission_set.go:215.16,217.3 1 0
github.com/cloudposse/atmos/pkg/auth/identities/aws/permission_set.go:218.2,218.36 1 1
github.com/cloudposse/atmos/pkg/auth/identities/aws/permission_set.go:222.134,223.33 1 3
github.com/cloudposse/atmos/pkg/auth/identities/aws/permission_set.go:223.33,225.3 1 1
github.com/cloudposse/atmos/pkg/auth/identities/aws/permission_set.go:226.2,227.42 2 2
github.com/cloudposse/atmos/pkg/auth/identities/aws/permission_set.go:227.42,229.3 1 1
github.com/cloudposse/atmos/pkg/auth/identities/aws/permission_set.go:230.2,236.8 1 2
github.com/cloudposse/atmos/pkg/auth/identities/aws/user.go:35.84,36.19 1 19
github.com/cloudposse/atmos/pkg/auth/identities/aws/user.go:36.19,38.3 1 0
github.com/cloudposse/atmos/pkg/auth/identities/aws/user.go:39.2,39.31 1 19
github.com/cloudposse/atmos/pkg/auth/identities/aws/user.go:39.31,41.3 1 1
github.com/cloudposse/atmos/pkg/auth/identities/aws/user.go:43.2,46.8 1 18
github.com/cloudposse/atmos/pkg/auth/identities/aws/user.go:50.38,52.2 1 1
github.com/cloudposse/atmos/pkg/auth/identities/aws/user.go:56.58,58.2 1 1
github.com/cloudposse/atmos/pkg/auth/identities/aws/user.go:61.108,64.16 2 0
github.com/cloudposse/atmos/pkg/auth/identities/aws/user.go:64.16,66.3 1 0
github.com/cloudposse/atmos/pkg/auth/identities/aws/user.go:69.2,71.33 3 0
github.com/cloudposse/atmos/pkg/auth/identities/aws/user.go:71.33,73.3 1 0
github.com/cloudposse/atmos/pkg/auth/identities/aws/user.go:76.2,76.60 1 0
github.com/cloudposse/atmos/pkg/auth/identities/aws/user.go:81.85,82.73 1 2
github.com/cloudposse/atmos/pkg/auth/identities/aws/user.go:82.73,84.3 1 1
github.com/cloudposse/atmos/pkg/auth/identities/aws/user.go:85.2,85.33 1 1
github.com/cloudposse/atmos/pkg/auth/identities/aws/user.go:90.79,92.40 2 4
github.com/cloudposse/atmos/pkg/auth/identities/aws/user.go:92.40,94.3 1 1
github.com/cloudposse/atmos/pkg/auth/identities/aws/user.go:96.2,97.27 2 3
github.com/cloudposse/atmos/pkg/auth/identities/aws/user.go:97.27,99.3 1 1
github.com/cloudposse/atmos/pkg/auth/identities/aws/user.go:101.2,108.8 3 2
github.com/cloudposse/atmos/pkg/auth/identities/aws/user.go:112.78,115.16 3 6
github.com/cloudposse/atmos/pkg/auth/identities/aws/user.go:115.16,117.3 1 2
github.com/cloudposse/atmos/pkg/auth/identities/aws/user.go:119.2,120.9 2 4
github.com/cloudposse/atmos/pkg/auth/identities/aws/user.go:120.9,122.3 1 1
github.com/cloudposse/atmos/pkg/auth/identities/aws/user.go:123.2,123.78 1 3
github.com/cloudposse/atmos/pkg/auth/identities/aws/user.go:123.78,125.3 1 1
github.com/cloudposse/atmos/pkg/auth/identities/aws/user.go:127.2,128.28 2 2
github.com/cloudposse/atmos/pkg/auth/identities/aws/user.go:132.47,133.69 1 2
github.com/cloudposse/atmos/pkg/auth/identities/aws/user.go:133.69,135.3 1 1
github.com/cloudposse/atmos/pkg/auth/identities/aws/user.go:136.2,136.22 1 1
github.com/cloudposse/atmos/pkg/auth/identities/aws/user.go:140.88,142.16 2 1
github.com/cloudposse/atmos/pkg/auth/identities/aws/user.go:142.16,144.3 1 0
github.com/cloudposse/atmos/pkg/auth/identities/aws/user.go:147.2,147.92 1 1
github.com/cloudposse/atmos/pkg/auth/identities/aws/user.go:147.92,149.3 1 0
github.com/cloudposse/atmos/pkg/auth/identities/aws/user.go:152.2,152.92 1 1
github.com/cloudposse/atmos/pkg/auth/identities/aws/user.go:152.92,154.3 1 0
github.com/cloudposse/atmos/pkg/auth/identities/aws/user.go:156.2,156.12 1 1
github.com/cloudposse/atmos/pkg/auth/identities/aws/user.go:160.147,170.16 2 0
github.com/cloudposse/atmos/pkg/auth/identities/aws/user.go:170.16,172.3 1 0
github.com/cloudposse/atmos/pkg/auth/identities/aws/user.go:175.2,179.16 3 0
github.com/cloudposse/atmos/pkg/auth/identities/aws/user.go:179.16,181.3 1 0
github.com/cloudposse/atmos/pkg/auth/identities/aws/user.go:183.2,184.16 2 0
github.com/cloudposse/atmos/pkg/auth/identities/aws/user.go:184.16,186.3 1 0
github.com/cloudposse/atmos/pkg/auth/identities/aws/user.go:189.2,189.48 1 0
github.com/cloudposse/atmos/pkg/auth/identities/aws/user.go:189.48,191.3 1 0
github.com/cloudposse/atmos/pkg/auth/identities/aws/user.go:193.2,197.42 5 0
github.com/cloudposse/atmos/pkg/auth/identities/aws/user.go:197.42,199.3 1 0
github.com/cloudposse/atmos/pkg/auth/identities/aws/user.go:202.2,211.62 2 0
github.com/cloudposse/atmos/pkg/auth/identities/aws/user.go:211.62,213.3 1 0
github.com/cloudposse/atmos/pkg/auth/identities/aws/user.go:218.2,218.26 1 0
github.com/cloudposse/atmos/pkg/auth/identities/aws/user.go:223.85,226.35 3 0
github.com/cloudposse/atmos/pkg/auth/identities/aws/user.go:226.35,228.3 1 0
github.com/cloudposse/atmos/pkg/auth/identities/aws/user.go:229.2,229.22 1 0
github.com/cloudposse/atmos/pkg/auth/identities/aws/user.go:232.123,233.33 1 3
github.com/cloudposse/atmos/pkg/auth/identities/aws/user.go:233.33,235.17 2 2
github.com/cloudposse/atmos/pkg/auth/identities/aws/user.go:235.17,237.4 1 1
github.com/cloudposse/atmos/pkg/auth/identities/aws/user.go:238.3,242.9 1 1
github.com/cloudposse/atmos/pkg/auth/identities/aws/user.go:244.2,246.8 1 1
github.com/cloudposse/atmos/pkg/auth/identities/aws/user.go:249.83,256.35 1 0
github.com/cloudposse/atmos/pkg/auth/identities/aws/user.go:256.35,257.17 1 0
github.com/cloudposse/atmos/pkg/auth/identities/aws/user.go:257.17,259.7 1 0
github.com/cloudposse/atmos/pkg/auth/identities/aws/user.go:260.6,260.21 1 0
github.com/cloudposse/atmos/pkg/auth/identities/aws/user.go:260.21,262.7 1 0
github.com/cloudposse/atmos/pkg/auth/identities/aws/user.go:263.6,263.16 1 0
github.com/cloudposse/atmos/pkg/auth/identities/aws/user.go:267.2,267.13 1 0
github.com/cloudposse/atmos/pkg/auth/identities/aws/user.go:271.41,274.2 1 0
github.com/cloudposse/atmos/pkg/auth/identities/aws/user.go:277.65,282.16 3 2
github.com/cloudposse/atmos/pkg/auth/identities/aws/user.go:282.16,284.3 1 0
github.com/cloudposse/atmos/pkg/auth/identities/aws/user.go:285.2,288.36 2 2
github.com/cloudposse/atmos/pkg/auth/identities/aws/user.go:288.36,290.3 1 6
github.com/cloudposse/atmos/pkg/auth/identities/aws/user.go:293.2,293.38 1 2
github.com/cloudposse/atmos/pkg/auth/identities/aws/user.go:293.38,295.3 1 1
github.com/cloudposse/atmos/pkg/auth/identities/aws/user.go:297.2,297.17 1 2
github.com/cloudposse/atmos/pkg/auth/identities/aws/user.go:301.91,302.21 1 3
github.com/cloudposse/atmos/pkg/auth/identities/aws/user.go:302.21,304.3 1 1
github.com/cloudposse/atmos/pkg/auth/identities/aws/user.go:306.2,307.58 2 2
github.com/cloudposse/atmos/pkg/auth/identities/aws/user.go:307.58,309.3 1 2
github.com/cloudposse/atmos/pkg/auth/identities/aws/user.go:311.2,311.14 1 0
github.com/cloudposse/atmos/pkg/auth/identities/aws/user.go:315.144,320.13 3 2
github.com/cloudposse/atmos/pkg/auth/identities/aws/user.go:320.13,322.3 1 1
github.com/cloudposse/atmos/pkg/auth/identities/aws/user.go:325.2,326.16 2 1
github.com/cloudposse/atmos/pkg/auth/identities/aws/user.go:326.16,328.3 1 0
github.com/cloudposse/atmos/pkg/auth/identities/aws/user.go:330.2,331.25 2 1
github.com/cloudposse/atmos/pkg/auth/identities/aws/user.go:335.168,337.79 1 1
github.com/cloudposse/atmos/pkg/auth/identities/aws/user.go:337.79,339.3 1 0
github.com/cloudposse/atmos/pkg/auth/identities/aws/user.go:340.2,340.96 1 1
github.com/cloudposse/atmos/pkg/auth/identities/aws/user.go:340.96,342.3 1 0
github.com/cloudposse/atmos/pkg/auth/identities/aws/user.go:343.2,343.12 1 1
github.com/cloudposse/atmos/pkg/auth/factory.go:15.80,16.19 1 6
github.com/cloudposse/atmos/pkg/auth/factory.go:16.19,18.3 1 0
github.com/cloudposse/atmos/pkg/auth/factory.go:19.2,19.21 1 6
github.com/cloudposse/atmos/pkg/auth/factory.go:20.33,21.51 1 1
github.com/cloudposse/atmos/pkg/auth/factory.go:22.18,23.52 1 1
github.com/cloudposse/atmos/pkg/auth/factory.go:24.21,25.55 1 1
github.com/cloudposse/atmos/pkg/auth/factory.go:26.10,27.108 1 3
github.com/cloudposse/atmos/pkg/auth/factory.go:32.80,33.19 1 6
github.com/cloudposse/atmos/pkg/auth/factory.go:33.19,35.3 1 0
github.com/cloudposse/atmos/pkg/auth/factory.go:36.2,36.21 1 6
github.com/cloudposse/atmos/pkg/auth/factory.go:37.28,38.52 1 1
github.com/cloudposse/atmos/pkg/auth/factory.go:39.25,40.49 1 1
github.com/cloudposse/atmos/pkg/auth/factory.go:41.18,42.43 1 1
github.com/cloudposse/atmos/pkg/auth/factory.go:43.10,44.108 1 3
github.com/cloudposse/atmos/pkg/auth/hooks.go:28.108,29.22 1 2
github.com/cloudposse/atmos/pkg/auth/hooks.go:29.22,31.3 1 0
github.com/cloudposse/atmos/pkg/auth/hooks.go:32.2,32.24 1 2
github.com/cloudposse/atmos/pkg/auth/hooks.go:32.24,34.3 1 0
github.com/cloudposse/atmos/pkg/auth/hooks.go:36.2,43.16 7 2
github.com/cloudposse/atmos/pkg/auth/hooks.go:43.16,45.3 1 1
github.com/cloudposse/atmos/pkg/auth/hooks.go:48.2,48.71 1 1
github.com/cloudposse/atmos/pkg/auth/hooks.go:48.71,51.3 2 1
github.com/cloudposse/atmos/pkg/auth/hooks.go:53.2,54.16 2 0
github.com/cloudposse/atmos/pkg/auth/hooks.go:54.16,57.3 2 0
github.com/cloudposse/atmos/pkg/auth/hooks.go:60.2,61.16 2 0
github.com/cloudposse/atmos/pkg/auth/hooks.go:61.16,63.3 1 0
github.com/cloudposse/atmos/pkg/auth/hooks.go:64.2,64.127 1 0
github.com/cloudposse/atmos/pkg/auth/hooks.go:64.127,66.3 1 0
github.com/cloudposse/atmos/pkg/auth/hooks.go:67.2,67.12 1 0
github.com/cloudposse/atmos/pkg/auth/hooks.go:70.98,72.89 2 4
github.com/cloudposse/atmos/pkg/auth/hooks.go:72.89,75.3 2 2
github.com/cloudposse/atmos/pkg/auth/hooks.go:76.2,76.24 1 2
github.com/cloudposse/atmos/pkg/auth/hooks.go:79.118,80.30 1 4
github.com/cloudposse/atmos/pkg/auth/hooks.go:80.30,82.3 1 1
github.com/cloudposse/atmos/pkg/auth/hooks.go:83.2,84.16 2 3
github.com/cloudposse/atmos/pkg/auth/hooks.go:84.16,87.3 2 1
github.com/cloudposse/atmos/pkg/auth/hooks.go:88.2,88.16 1 2
github.com/cloudposse/atmos/pkg/auth/hooks.go:88.16,91.3 2 1
github.com/cloudposse/atmos/pkg/auth/hooks.go:92.2,92.18 1 1
github.com/cloudposse/atmos/pkg/auth/hooks.go:95.188,98.16 3 1
github.com/cloudposse/atmos/pkg/auth/hooks.go:98.16,100.3 1 0
github.com/cloudposse/atmos/pkg/auth/hooks.go:101.2,102.102 2 1
github.com/cloudposse/atmos/pkg/auth/hooks.go:102.102,104.3 1 0
github.com/cloudposse/atmos/pkg/auth/hooks.go:105.2,105.12 1 1
github.com/cloudposse/atmos/pkg/auth/hooks.go:108.118,120.16 4 0
github.com/cloudposse/atmos/pkg/auth/hooks.go:120.16,122.3 1 0
github.com/cloudposse/atmos/pkg/auth/hooks.go:123.2,123.25 1 0
github.com/cloudposse/atmos/pkg/auth/hooks.go:126.88,127.24 1 6
github.com/cloudposse/atmos/pkg/auth/hooks.go:127.24,129.3 1 1
github.com/cloudposse/atmos/pkg/auth/hooks.go:130.2,131.34 2 5
github.com/cloudposse/atmos/pkg/auth/hooks.go:131.34,132.67 1 2
github.com/cloudposse/atmos/pkg/auth/hooks.go:132.67,134.4 1 2
github.com/cloudposse/atmos/pkg/auth/hooks.go:137.2,138.39 2 5
github.com/cloudposse/atmos/pkg/auth/hooks.go:138.39,139.72 1 1
github.com/cloudposse/atmos/pkg/auth/hooks.go:139.72,141.4 1 1
github.com/cloudposse/atmos/pkg/auth/hooks.go:143.2,143.30 1 5
github.com/cloudposse/atmos/pkg/auth/manager.go:45.30,46.19 1 5
github.com/cloudposse/atmos/pkg/auth/manager.go:46.19,49.3 2 1
github.com/cloudposse/atmos/pkg/auth/manager.go:50.2,50.28 1 4
github.com/cloudposse/atmos/pkg/auth/manager.go:50.28,53.3 2 1
github.com/cloudposse/atmos/pkg/auth/manager.go:54.2,54.22 1 3
github.com/cloudposse/atmos/pkg/auth/manager.go:54.22,57.3 2 1
github.com/cloudposse/atmos/pkg/auth/manager.go:59.2,69.48 2 2
github.com/cloudposse/atmos/pkg/auth/manager.go:69.48,72.3 2 1
github.com/cloudposse/atmos/pkg/auth/manager.go:75.2,75.49 1 1
github.com/cloudposse/atmos/pkg/auth/manager.go:75.49,78.3 2 1
github.com/cloudposse/atmos/pkg/auth/manager.go:80.2,80.15 1 0
github.com/cloudposse/atmos/pkg/auth/manager.go:84.62,86.2 1 0
github.com/cloudposse/atmos/pkg/auth/manager.go:89.101,91.24 1 5
github.com/cloudposse/atmos/pkg/auth/manager.go:91.24,94.3 2 1
github.com/cloudposse/atmos/pkg/auth/manager.go:95.2,95.54 1 4
github.com/cloudposse/atmos/pkg/auth/manager.go:95.54,98.3 2 2
github.com/cloudposse/atmos/pkg/auth/manager.go:101.2,102.16 2 2
github.com/cloudposse/atmos/pkg/auth/manager.go:102.16,105.3 2 0
github.com/cloudposse/atmos/pkg/auth/manager.go:107.2,112.16 4 2
github.com/cloudposse/atmos/pkg/auth/manager.go:112.16,115.3 2 0
github.com/cloudposse/atmos/pkg/auth/manager.go:118.2,118.60 1 2
github.com/cloudposse/atmos/pkg/auth/manager.go:118.60,120.18 2 2
github.com/cloudposse/atmos/pkg/auth/manager.go:120.18,123.4 2 0
github.com/cloudposse/atmos/pkg/auth/manager.go:124.3,124.109 1 2
github.com/cloudposse/atmos/pkg/auth/manager.go:124.109,127.4 2 0
github.com/cloudposse/atmos/pkg/auth/manager.go:130.2,130.57 1 2
github.com/cloudposse/atmos/pkg/auth/manager.go:135.39,137.2 1 1
github.com/cloudposse/atmos/pkg/auth/manager.go:140.95,141.54 1 4
github.com/cloudposse/atmos/pkg/auth/manager.go:141.54,143.3 1 1
github.com/cloudposse/atmos/pkg/auth/manager.go:146.2,147.16 2 3
github.com/cloudposse/atmos/pkg/auth/manager.go:147.16,149.3 1 1
github.com/cloudposse/atmos/pkg/auth/manager.go:152.2,152.86 1 2
github.com/cloudposse/atmos/pkg/auth/manager.go:152.86,154.3 1 1
github.com/cloudposse/atmos/pkg/auth/manager.go:156.2,156.52 1 1
github.com/cloudposse/atmos/pkg/auth/manager.go:160.36,162.2 1 0
github.com/cloudposse/atmos/pkg/auth/manager.go:165.56,168.50 2 6
github.com/cloudposse/atmos/pkg/auth/manager.go:168.50,169.23 1 13
github.com/cloudposse/atmos/pkg/auth/manager.go:169.23,171.4 1 7
github.com/cloudposse/atmos/pkg/auth/manager.go:175.2,175.32 1 6
github.com/cloudposse/atmos/pkg/auth/manager.go:176.9,178.23 1 2
github.com/cloudposse/atmos/pkg/auth/manager.go:178.23,180.4 1 2
github.com/cloudposse/atmos/pkg/auth/manager.go:182.3,182.111 1 0
github.com/cloudposse/atmos/pkg/auth/manager.go:184.9,186.35 1 2
github.com/cloudposse/atmos/pkg/auth/manager.go:188.10,190.23 1 2
github.com/cloudposse/atmos/pkg/auth/manager.go:190.23,192.4 1 2
github.com/cloudposse/atmos/pkg/auth/manager.go:194.3,194.105 1 0
github.com/cloudposse/atmos/pkg/auth/manager.go:199.90,200.26 1 1
github.com/cloudposse/atmos/pkg/auth/manager.go:200.26,202.3 1 1
github.com/cloudposse/atmos/pkg/auth/manager.go:204.2,214.35 3 0
github.com/cloudposse/atmos/pkg/auth/manager.go:214.35,217.3 2 0
github.com/cloudposse/atmos/pkg/auth/manager.go:219.2,219.30 1 0
github.com/cloudposse/atmos/pkg/auth/manager.go:223.45,225.40 2 1
github.com/cloudposse/atmos/pkg/auth/manager.go:225.40,227.3 1 3
github.com/cloudposse/atmos/pkg/auth/manager.go:228.2,228.14 1 1
github.com/cloudposse/atmos/pkg/auth/manager.go:232.44,234.39 2 0
github.com/cloudposse/atmos/pkg/auth/manager.go:234.39,236.3 1 0
github.com/cloudposse/atmos/pkg/auth/manager.go:237.2,237.14 1 0
github.com/cloudposse/atmos/pkg/auth/manager.go:241.47,243.55 1 3
github.com/cloudposse/atmos/pkg/auth/manager.go:243.55,245.17 2 2
github.com/cloudposse/atmos/pkg/auth/manager.go:245.17,248.4 2 2
github.com/cloudposse/atmos/pkg/auth/manager.go:249.3,249.31 1 0
github.com/cloudposse/atmos/pkg/auth/manager.go:251.2,251.12 1 1
github.com/cloudposse/atmos/pkg/auth/manager.go:255.48,256.56 1 2
github.com/cloudposse/atmos/pkg/auth/manager.go:256.56,258.17 2 2
github.com/cloudposse/atmos/pkg/auth/manager.go:258.17,261.4 2 2
github.com/cloudposse/atmos/pkg/auth/manager.go:262.3,262.32 1 0
github.com/cloudposse/atmos/pkg/auth/manager.go:264.2,264.12 1 0
github.com/cloudposse/atmos/pkg/auth/manager.go:269.70,271.60 1 7
github.com/cloudposse/atmos/pkg/auth/manager.go:271.60,273.17 2 5
github.com/cloudposse/atmos/pkg/auth/manager.go:273.17,276.4 2 0
github.com/cloudposse/atmos/pkg/auth/manager.go:277.3,277.22 1 5
github.com/cloudposse/atmos/pkg/auth/manager.go:281.2,281.43 1 2
github.com/cloudposse/atmos/pkg/auth/manager.go:281.43,282.54 1 2
github.com/cloudposse/atmos/pkg/auth/manager.go:282.54,284.18 2 1
github.com/cloudposse/atmos/pkg/auth/manager.go:284.18,287.5 2 0
github.com/cloudposse/atmos/pkg/auth/manager.go:288.4,288.23 1 1
github.com/cloudposse/atmos/pkg/auth/manager.go:292.2,292.11 1 1
github.com/cloudposse/atmos/pkg/auth/manager.go:297.70,299.2 1 0
github.com/cloudposse/atmos/pkg/auth/manager.go:303.83,306.16 2 4
github.com/cloudposse/atmos/pkg/auth/manager.go:306.16,309.3 2 1
github.com/cloudposse/atmos/pkg/auth/manager.go:311.2,311.21 1 3
github.com/cloudposse/atmos/pkg/auth/manager.go:311.21,314.3 2 0
github.com/cloudposse/atmos/pkg/auth/manager.go:317.2,320.66 2 3
github.com/cloudposse/atmos/pkg/auth/manager.go:320.66,322.3 1 1
github.com/cloudposse/atmos/pkg/auth/manager.go:324.2,324.67 1 2
github.com/cloudposse/atmos/pkg/auth/manager.go:324.67,326.3 1 1
github.com/cloudposse/atmos/pkg/auth/manager.go:328.2,329.42 2 1
github.com/cloudposse/atmos/pkg/auth/manager.go:333.116,337.26 2 2
github.com/cloudposse/atmos/pkg/auth/manager.go:337.26,341.39 2 1
github.com/cloudposse/atmos/pkg/auth/manager.go:341.39,343.72 2 1
github.com/cloudposse/atmos/pkg/auth/manager.go:343.72,346.5 2 1
github.com/cloudposse/atmos/pkg/auth/manager.go:351.2,351.53 1 1
github.com/cloudposse/atmos/pkg/auth/manager.go:356.57,358.41 1 5
github.com/cloudposse/atmos/pkg/auth/manager.go:358.41,363.17 3 9
github.com/cloudposse/atmos/pkg/auth/manager.go:363.17,364.12 1 3
github.com/cloudposse/atmos/pkg/auth/manager.go:367.3,367.78 1 6
github.com/cloudposse/atmos/pkg/auth/manager.go:367.78,368.22 1 3
github.com/cloudposse/atmos/pkg/auth/manager.go:368.22,370.5 1 3
github.com/cloudposse/atmos/pkg/auth/manager.go:370.10,373.5 1 0
github.com/cloudposse/atmos/pkg/auth/manager.go:374.4,374.12 1 3
github.com/cloudposse/atmos/pkg/auth/manager.go:377.2,377.11 1 2
github.com/cloudposse/atmos/pkg/auth/manager.go:382.109,384.27 2 9
github.com/cloudposse/atmos/pkg/auth/manager.go:384.27,386.3 1 4
github.com/cloudposse/atmos/pkg/auth/manager.go:388.2,388.79 1 5
github.com/cloudposse/atmos/pkg/auth/manager.go:388.79,389.53 1 4
github.com/cloudposse/atmos/pkg/auth/manager.go:389.53,391.4 1 4
github.com/cloudposse/atmos/pkg/auth/manager.go:394.2,394.18 1 1
github.com/cloudposse/atmos/pkg/auth/manager.go:398.106,401.64 1 2
github.com/cloudposse/atmos/pkg/auth/manager.go:401.64,403.3 1 1
github.com/cloudposse/atmos/pkg/auth/manager.go:406.2,406.53 1 1
github.com/cloudposse/atmos/pkg/auth/manager.go:410.110,420.26 4 2
github.com/cloudposse/atmos/pkg/auth/manager.go:420.26,422.3 1 0
github.com/cloudposse/atmos/pkg/auth/manager.go:425.2,425.27 1 2
github.com/cloudposse/atmos/pkg/auth/manager.go:425.27,427.58 1 2
github.com/cloudposse/atmos/pkg/auth/manager.go:427.58,428.54 1 2
github.com/cloudposse/atmos/pkg/auth/manager.go:428.54,431.5 2 1
github.com/cloudposse/atmos/pkg/auth/manager.go:433.3,434.17 2 1
github.com/cloudposse/atmos/pkg/auth/manager.go:434.17,436.4 1 0
github.com/cloudposse/atmos/pkg/auth/manager.go:437.3,437.23 1 1
github.com/cloudposse/atmos/pkg/auth/manager.go:441.2,441.73 1 1
github.com/cloudposse/atmos/pkg/auth/manager.go:444.84,446.16 2 0
github.com/cloudposse/atmos/pkg/auth/manager.go:446.16,449.3 2 0
github.com/cloudposse/atmos/pkg/auth/manager.go:451.2,451.37 1 0
github.com/cloudposse/atmos/pkg/auth/manager.go:455.62,457.2 1 0
github.com/cloudposse/atmos/pkg/auth/manager.go:460.61,462.2 1 0
github.com/cloudposse/atmos/pkg/auth/manager.go:465.59,467.2 1 0
github.com/cloudposse/atmos/pkg/auth/manager.go:470.62,471.22 1 4
github.com/cloudposse/atmos/pkg/auth/manager.go:471.22,473.3 1 2
github.com/cloudposse/atmos/pkg/auth/manager.go:474.2,474.19 1 2
github.com/cloudposse/atmos/pkg/auth/manager.go:478.105,481.16 3 2
github.com/cloudposse/atmos/pkg/auth/manager.go:481.16,483.3 1 1
github.com/cloudposse/atmos/pkg/auth/manager.go:485.2,486.26 2 1
github.com/cloudposse/atmos/pkg/auth/manager.go:490.114,492.13 2 3
github.com/cloudposse/atmos/pkg/auth/manager.go:492.13,495.3 2 1
github.com/cloudposse/atmos/pkg/auth/manager.go:497.2,499.16 3 2
github.com/cloudposse/atmos/pkg/auth/manager.go:499.16,502.3 2 0
github.com/cloudposse/atmos/pkg/auth/manager.go:505.2,505.75 1 2
github.com/cloudposse/atmos/pkg/auth/manager.go:505.75,507.3 1 0
github.com/cloudposse/atmos/pkg/auth/manager.go:507.8,509.3 1 2
github.com/cloudposse/atmos/pkg/auth/manager.go:511.2,512.25 2 2
github.com/cloudposse/atmos/pkg/auth/manager.go:516.54,517.26 1 2
github.com/cloudposse/atmos/pkg/auth/manager.go:517.26,519.3 1 2
github.com/cloudposse/atmos/pkg/auth/manager.go:520.2,520.18 1 0
github.com/cloudposse/atmos/pkg/auth/manager.go:524.143,532.45 4 2
github.com/cloudposse/atmos/pkg/auth/manager.go:532.45,535.14 3 2
github.com/cloudposse/atmos/pkg/auth/manager.go:535.14,538.4 2 1
github.com/cloudposse/atmos/pkg/auth/manager.go:540.3,544.17 3 1
github.com/cloudposse/atmos/pkg/auth/manager.go:544.17,546.4 1 0
github.com/cloudposse/atmos/pkg/auth/manager.go:548.3,551.77 2 1
github.com/cloudposse/atmos/pkg/auth/manager.go:551.77,553.4 1 0
github.com/cloudposse/atmos/pkg/auth/manager.go:553.9,555.4 1 1
github.com/cloudposse/atmos/pkg/auth/manager.go:557.3,557.110 1 1
github.com/cloudposse/atmos/pkg/auth/manager.go:560.2,560.26 1 1
github.com/cloudposse/atmos/pkg/auth/manager.go:565.83,571.16 4 13
github.com/cloudposse/atmos/pkg/auth/manager.go:571.16,574.3 2 5
github.com/cloudposse/atmos/pkg/auth/manager.go:577.2,577.36 1 8
github.com/cloudposse/atmos/pkg/auth/manager.go:577.36,580.3 2 6
github.com/cloudposse/atmos/pkg/auth/manager.go:582.2,582.19 1 8
github.com/cloudposse/atmos/pkg/auth/manager.go:586.108,588.27 1 16
github.com/cloudposse/atmos/pkg/auth/manager.go:588.27,591.3 2 1
github.com/cloudposse/atmos/pkg/auth/manager.go:592.2,597.13 3 15
github.com/cloudposse/atmos/pkg/auth/manager.go:597.13,600.3 2 2
github.com/cloudposse/atmos/pkg/auth/manager.go:603.2,603.25 1 13
github.com/cloudposse/atmos/pkg/auth/manager.go:603.25,604.34 1 3
github.com/cloudposse/atmos/pkg/auth/manager.go:604.34,608.4 2 2
github.com/cloudposse/atmos/pkg/auth/manager.go:609.3,610.43 2 1
github.com/cloudposse/atmos/pkg/auth/manager.go:614.2,617.33 2 10
github.com/cloudposse/atmos/pkg/auth/manager.go:617.33,620.3 2 6
github.com/cloudposse/atmos/pkg/auth/manager.go:623.2,623.33 1 4
github.com/cloudposse/atmos/pkg/auth/manager.go:623.33,625.3 1 3
github.com/cloudposse/atmos/pkg/auth/manager.go:627.2,628.42 2 1
github.com/cloudposse/atmos/pkg/auth/manager.go:632.100,644.73 5 4
github.com/cloudposse/atmos/pkg/auth/manager.go:644.73,646.3 1 2
github.com/cloudposse/atmos/pkg/auth/manager.go:648.2,648.60 1 4
github.com/cloudposse/atmos/pkg/auth/manager.go:648.60,649.53 1 4
github.com/cloudposse/atmos/pkg/auth/manager.go:649.53,651.4 1 4
github.com/cloudposse/atmos/pkg/auth/manager.go:657.2,657.69 1 4
github.com/cloudposse/atmos/pkg/auth/manager.go:657.69,661.3 2 4
github.com/cloudposse/atmos/pkg/auth/manager.go:663.2,663.13 1 4
github.com/cloudposse/atmos/pkg/auth/test_helpers.go:13.63,18.2 1 0
github.com/cloudposse/atmos/pkg/auth/test_helpers.go:21.55,25.2 1 0
github.com/cloudposse/atmos/pkg/auth/test_helpers.go:28.89,34.2 1 0
github.com/cloudposse/atmos/pkg/auth/test_helpers.go:37.79,42.2 1 0
github.com/cloudposse/atmos/pkg/auth/test_helpers.go:45.83,52.2 1 0
github.com/cloudposse/atmos/pkg/auth/test_helpers.go:55.48,60.2 1 0
github.com/cloudposse/atmos/pkg/auth/validation/validator.go:19.37,21.2 1 4
github.com/cloudposse/atmos/pkg/auth/validation/validator.go:27.73,28.19 1 2
github.com/cloudposse/atmos/pkg/auth/validation/validator.go:28.19,30.3 1 0
github.com/cloudposse/atmos/pkg/auth/validation/validator.go:33.2,33.59 1 2
github.com/cloudposse/atmos/pkg/auth/validation/validator.go:33.59,35.3 1 1
github.com/cloudposse/atmos/pkg/auth/validation/validator.go:39.2,39.47 1 1
github.com/cloudposse/atmos/pkg/auth/validation/validator.go:39.47,40.61 1 1
github.com/cloudposse/atmos/pkg/auth/validation/validator.go:40.61,42.4 1 0
github.com/cloudposse/atmos/pkg/auth/validation/validator.go:47.2,47.48 1 1
github.com/cloudposse/atmos/pkg/auth/validation/validator.go:47.48,48.97 1 1
github.com/cloudposse/atmos/pkg/auth/validation/validator.go:48.97,50.4 1 0
github.com/cloudposse/atmos/pkg/auth/validation/validator.go:54.2,54.115 1 1
github.com/cloudposse/atmos/pkg/auth/validation/validator.go:54.115,56.3 1 0
github.com/cloudposse/atmos/pkg/auth/validation/validator.go:58.2,58.12 1 1
github.com/cloudposse/atmos/pkg/auth/validation/validator.go:62.65,63.22 1 5
github.com/cloudposse/atmos/pkg/auth/validation/validator.go:63.22,66.3 1 1
github.com/cloudposse/atmos/pkg/auth/validation/validator.go:68.2,69.41 2 4
github.com/cloudposse/atmos/pkg/auth/validation/validator.go:69.41,70.31 1 12
github.com/cloudposse/atmos/pkg/auth/validation/validator.go:70.31,72.4 1 2
github.com/cloudposse/atmos/pkg/auth/validation/validator.go:75.2,75.143 1 2
github.com/cloudposse/atmos/pkg/auth/validation/validator.go:79.84,80.16 1 4
github.com/cloudposse/atmos/pkg/auth/validation/validator.go:80.16,82.3 1 0
github.com/cloudposse/atmos/pkg/auth/validation/validator.go:84.2,84.25 1 4
github.com/cloudposse/atmos/pkg/auth/validation/validator.go:84.25,86.3 1 0
github.com/cloudposse/atmos/pkg/auth/validation/validator.go:90.2,90.23 1 4
github.com/cloudposse/atmos/pkg/auth/validation/validator.go:91.33,92.41 1 2
github.com/cloudposse/atmos/pkg/auth/validation/validator.go:93.18,94.42 1 1
github.com/cloudposse/atmos/pkg/auth/validation/validator.go:95.21,96.48 1 0
github.com/cloudposse/atmos/pkg/auth/validation/validator.go:97.10,98.105 1 1
github.com/cloudposse/atmos/pkg/auth/validation/validator.go:103.123,104.16 1 5
github.com/cloudposse/atmos/pkg/auth/validation/validator.go:104.16,106.3 1 0
github.com/cloudposse/atmos/pkg/auth/validation/validator.go:108.2,108.25 1 5
github.com/cloudposse/atmos/pkg/auth/validation/validator.go:108.25,110.3 1 0
github.com/cloudposse/atmos/pkg/auth/validation/validator.go:113.2,113.72 1 5
github.com/cloudposse/atmos/pkg/auth/validation/validator.go:113.72,115.3 1 0
github.com/cloudposse/atmos/pkg/auth/validation/validator.go:119.2,119.23 1 5
github.com/cloudposse/atmos/pkg/auth/validation/validator.go:120.28,121.51 1 2
github.com/cloudposse/atmos/pkg/auth/validation/validator.go:122.25,123.48 1 2
github.com/cloudposse/atmos/pkg/auth/validation/validator.go:124.18,125.42 1 1
github.com/cloudposse/atmos/pkg/auth/validation/validator.go:126.10,127.103 1 0
github.com/cloudposse/atmos/pkg/auth/validation/validator.go:132.118,133.56 1 5
github.com/cloudposse/atmos/pkg/auth/validation/validator.go:133.56,135.3 1 1
github.com/cloudposse/atmos/pkg/auth/validation/validator.go:136.2,136.33 1 4
github.com/cloudposse/atmos/pkg/auth/validation/validator.go:136.33,137.61 1 4
github.com/cloudposse/atmos/pkg/auth/validation/validator.go:137.61,139.4 1 0
github.com/cloudposse/atmos/pkg/auth/validation/validator.go:141.2,141.12 1 4
github.com/cloudposse/atmos/pkg/auth/validation/validator.go:145.121,149.41 2 3
github.com/cloudposse/atmos/pkg/auth/validation/validator.go:149.41,150.26 1 6
github.com/cloudposse/atmos/pkg/auth/validation/validator.go:150.26,151.35 1 6
github.com/cloudposse/atmos/pkg/auth/validation/validator.go:151.35,152.56 1 4
github.com/cloudposse/atmos/pkg/auth/validation/validator.go:152.56,154.6 1 0
github.com/cloudposse/atmos/pkg/auth/validation/validator.go:155.5,155.61 1 4
github.com/cloudposse/atmos/pkg/auth/validation/validator.go:161.2,164.31 3 3
github.com/cloudposse/atmos/pkg/auth/validation/validator.go:164.31,165.21 1 5
github.com/cloudposse/atmos/pkg/auth/validation/validator.go:165.21,166.50 1 4
github.com/cloudposse/atmos/pkg/auth/validation/validator.go:166.50,169.5 1 1
github.com/cloudposse/atmos/pkg/auth/validation/validator.go:173.2,173.12 1 2
github.com/cloudposse/atmos/pkg/auth/validation/validator.go:177.74,178.29 1 2
github.com/cloudposse/atmos/pkg/auth/validation/validator.go:178.29,180.3 1 0
github.com/cloudposse/atmos/pkg/auth/validation/validator.go:182.2,182.27 1 2
github.com/cloudposse/atmos/pkg/auth/validation/validator.go:182.27,184.3 1 0
github.com/cloudposse/atmos/pkg/auth/validation/validator.go:186.2,186.12 1 2
github.com/cloudposse/atmos/pkg/auth/validation/validator.go:192.75,193.24 1 1
github.com/cloudposse/atmos/pkg/auth/validation/validator.go:193.24,195.3 1 0
github.com/cloudposse/atmos/pkg/auth/validation/validator.go:197.2,197.27 1 1
github.com/cloudposse/atmos/pkg/auth/validation/validator.go:197.27,199.3 1 0
github.com/cloudposse/atmos/pkg/auth/validation/validator.go:202.2,202.51 1 1
github.com/cloudposse/atmos/pkg/auth/validation/validator.go:202.51,204.3 1 0
github.com/cloudposse/atmos/pkg/auth/validation/validator.go:206.2,206.12 1 1
github.com/cloudposse/atmos/pkg/auth/validation/validator.go:210.81,212.2 1 0
github.com/cloudposse/atmos/pkg/auth/validation/validator.go:215.84,216.31 1 2
github.com/cloudposse/atmos/pkg/auth/validation/validator.go:216.31,218.3 1 0
github.com/cloudposse/atmos/pkg/auth/validation/validator.go:220.2,221.23 2 2
github.com/cloudposse/atmos/pkg/auth/validation/validator.go:221.23,223.3 1 0
github.com/cloudposse/atmos/pkg/auth/validation/validator.go:225.2,226.9 2 2
github.com/cloudposse/atmos/pkg/auth/validation/validator.go:226.9,228.3 1 0
github.com/cloudposse/atmos/pkg/auth/validation/validator.go:230.2,232.62 3 2
github.com/cloudposse/atmos/pkg/auth/validation/validator.go:232.62,234.3 1 0
github.com/cloudposse/atmos/pkg/auth/validation/validator.go:236.2,236.12 1 2
github.com/cloudposse/atmos/pkg/auth/validation/validator.go:240.81,241.31 1 2
github.com/cloudposse/atmos/pkg/auth/validation/validator.go:241.31,243.3 1 0
github.com/cloudposse/atmos/pkg/auth/validation/validator.go:245.2,246.26 2 2
github.com/cloudposse/atmos/pkg/auth/validation/validator.go:246.26,248.3 1 0
github.com/cloudposse/atmos/pkg/auth/validation/validator.go:250.2,250.28 1 2
github.com/cloudposse/atmos/pkg/auth/validation/validator.go:250.28,252.3 1 1
github.com/cloudposse/atmos/pkg/auth/validation/validator.go:254.2,254.12 1 1
github.com/cloudposse/atmos/pkg/auth/validation/validator.go:258.75,261.2 1 1
github.com/cloudposse/atmos/pkg/auth/validation/validator.go:264.110,268.39 3 6
github.com/cloudposse/atmos/pkg/auth/validation/validator.go:268.39,269.25 1 4
github.com/cloudposse/atmos/pkg/auth/validation/validator.go:269.25,270.54 1 2
github.com/cloudposse/atmos/pkg/auth/validation/validator.go:270.54,272.5 1 1
github.com/cloudposse/atmos/pkg/auth/validation/validator.go:273.9,273.32 1 2
github.com/cloudposse/atmos/pkg/auth/validation/validator.go:273.32,275.4 1 1
github.com/cloudposse/atmos/pkg/auth/validation/validator.go:278.2,279.14 2 4
github.com/cloudposse/atmos/pkg/auth/validation/validator.go:283.89,286.30 2 2
github.com/cloudposse/atmos/pkg/auth/validation/validator.go:286.30,289.3 2 2
github.com/cloudposse/atmos/pkg/auth/validation/validator.go:290.2,290.15 1 2
github.com/cloudposse/atmos/pkg/auth/validation/validator.go:293.91,295.31 2 1
github.com/cloudposse/atmos/pkg/auth/validation/validator.go:295.31,298.3 2 1
github.com/cloudposse/atmos/pkg/auth/validation/validator.go:299.2,299.15 1 1
github.com/cloudposse/atmos/pkg/auth/types/aws_credentials.go:22.43,23.24 1 4
github.com/cloudposse/atmos/pkg/auth/types/aws_credentials.go:23.24,25.3 1 1
github.com/cloudposse/atmos/pkg/auth/types/aws_credentials.go:26.2,27.16 2 3
github.com/cloudposse/atmos/pkg/auth/types/aws_credentials.go:27.16,29.3 1 1
github.com/cloudposse/atmos/pkg/auth/types/aws_credentials.go:30.2,30.34 1 2
github.com/cloudposse/atmos/pkg/auth/types/aws_credentials.go:34.62,35.24 1 4
github.com/cloudposse/atmos/pkg/auth/types/aws_credentials.go:35.24,37.3 1 1
github.com/cloudposse/atmos/pkg/auth/types/aws_credentials.go:38.2,39.16 2 3
github.com/cloudposse/atmos/pkg/auth/types/aws_credentials.go:39.16,41.3 1 1
github.com/cloudposse/atmos/pkg/auth/types/aws_credentials.go:42.2,42.22 1 2
github.com/cloudposse/atmos/pkg/auth/types/aws_credentials.go:46.60,48.41 2 1
github.com/cloudposse/atmos/pkg/auth/types/aws_credentials.go:48.41,50.3 1 1
github.com/cloudposse/atmos/pkg/auth/types/github_oidc_credentials.go:22.44,24.30 2 3
github.com/cloudposse/atmos/pkg/auth/types/github_oidc_credentials.go:24.30,26.3 1 1
github.com/cloudposse/atmos/pkg/auth/types/github_oidc_credentials.go:28.2,28.52 1 2
github.com/cloudposse/atmos/pkg/auth/types/github_oidc_credentials.go:32.63,35.20 2 8
github.com/cloudposse/atmos/pkg/auth/types/github_oidc_credentials.go:35.20,37.3 1 1
github.com/cloudposse/atmos/pkg/auth/types/github_oidc_credentials.go:38.2,39.16 2 7
github.com/cloudposse/atmos/pkg/auth/types/github_oidc_credentials.go:39.16,41.3 1 1
github.com/cloudposse/atmos/pkg/auth/types/github_oidc_credentials.go:42.2,45.57 2 6
github.com/cloudposse/atmos/pkg/auth/types/github_oidc_credentials.go:45.57,47.3 1 2
github.com/cloudposse/atmos/pkg/auth/types/github_oidc_credentials.go:48.2,48.21 1 4
github.com/cloudposse/atmos/pkg/auth/types/github_oidc_credentials.go:48.21,50.3 1 0
github.com/cloudposse/atmos/pkg/auth/types/github_oidc_credentials.go:51.2,52.16 2 4
github.com/cloudposse/atmos/pkg/auth/types/github_oidc_credentials.go:56.61,57.17 1 2
github.com/cloudposse/atmos/pkg/auth/types/github_oidc_credentials.go:57.17,59.3 1 1
github.com/cloudposse/atmos/pkg/auth/types/github_oidc_credentials.go:61.2,61.45 1 1
github.com/cloudposse/atmos/pkg/auth/types/github_oidc_credentials.go:61.45,63.3 1 1
github.com/cloudposse/atmos/pkg/auth/types/whoami.go:29.61,30.14 1 6
github.com/cloudposse/atmos/pkg/auth/types/whoami.go:30.14,32.3 1 1
github.com/cloudposse/atmos/pkg/auth/types/whoami.go:33.2,33.52 1 5
github.com/cloudposse/atmos/pkg/auth/types/whoami.go:33.52,35.3 1 2
github.com/cloudposse/atmos/pkg/auth/types/whoami.go:37.2,37.18 1 3
github.com/cloudposse/atmos/pkg/auth/types/whoami.go:37.18,39.3 1 1
github.com/cloudposse/atmos/pkg/auth/types/whoami.go:40.2,41.16 2 2
github.com/cloudposse/atmos/pkg/auth/types/whoami.go:41.16,43.3 1 1
github.com/cloudposse/atmos/pkg/auth/types/whoami.go:44.2,45.12 2 1
github.com/cloudposse/atmos/pkg/auth/utils/env.go:10.87,11.22 1 3
github.com/cloudposse/atmos/pkg/auth/utils/env.go:11.22,13.3 1 1
github.com/cloudposse/atmos/pkg/auth/utils/env.go:14.2,14.42 1 2
github.com/cloudposse/atmos/pkg/auth/utils/env.go:14.42,16.3 1 1
github.com/cloudposse/atmos/pkg/auth/utils/env.go:17.2,18.99 2 2
github.com/cloudposse/atmos/pkg/auth/providers/aws/saml.go:44.84,45.31 1 10
github.com/cloudposse/atmos/pkg/auth/providers/aws/saml.go:45.31,47.3 1 1
github.com/cloudposse/atmos/pkg/auth/providers/aws/saml.go:49.2,49.22 1 9
github.com/cloudposse/atmos/pkg/auth/providers/aws/saml.go:49.22,51.3 1 1
github.com/cloudposse/atmos/pkg/auth/providers/aws/saml.go:53.2,53.25 1 8
github.com/cloudposse/atmos/pkg/auth/providers/aws/saml.go:53.25,55.3 1 1
github.com/cloudposse/atmos/pkg/auth/providers/aws/saml.go:57.2,63.8 1 7
github.com/cloudposse/atmos/pkg/auth/providers/aws/saml.go:67.38,69.2 1 1
github.com/cloudposse/atmos/pkg/auth/providers/aws/saml.go:72.38,74.2 1 1
github.com/cloudposse/atmos/pkg/auth/providers/aws/saml.go:77.73,81.20 3 4
github.com/cloudposse/atmos/pkg/auth/providers/aws/saml.go:81.20,85.14 4 3
github.com/cloudposse/atmos/pkg/auth/providers/aws/saml.go:85.14,87.4 1 1
github.com/cloudposse/atmos/pkg/auth/providers/aws/saml.go:88.3,90.85 3 2
github.com/cloudposse/atmos/pkg/auth/providers/aws/saml.go:90.85,92.4 1 1
github.com/cloudposse/atmos/pkg/auth/providers/aws/saml.go:93.3,94.112 2 1
github.com/cloudposse/atmos/pkg/auth/providers/aws/saml.go:97.2,97.12 1 2
github.com/cloudposse/atmos/pkg/auth/providers/aws/saml.go:101.86,103.39 2 1
github.com/cloudposse/atmos/pkg/auth/providers/aws/saml.go:103.39,105.3 1 1
github.com/cloudposse/atmos/pkg/auth/providers/aws/saml.go:108.2,116.16 5 0
github.com/cloudposse/atmos/pkg/auth/providers/aws/saml.go:116.16,118.3 1 0
github.com/cloudposse/atmos/pkg/auth/providers/aws/saml.go:121.2,122.16 2 0
github.com/cloudposse/atmos/pkg/auth/providers/aws/saml.go:122.16,124.3 1 0
github.com/cloudposse/atmos/pkg/auth/providers/aws/saml.go:126.2,127.16 2 0
github.com/cloudposse/atmos/pkg/auth/providers/aws/saml.go:127.16,129.3 1 0
github.com/cloudposse/atmos/pkg/auth/providers/aws/saml.go:130.2,131.16 2 0
github.com/cloudposse/atmos/pkg/auth/providers/aws/saml.go:131.16,133.3 1 0
github.com/cloudposse/atmos/pkg/auth/providers/aws/saml.go:134.2,135.16 2 0
github.com/cloudposse/atmos/pkg/auth/providers/aws/saml.go:135.16,137.3 1 0
github.com/cloudposse/atmos/pkg/auth/providers/aws/saml.go:139.2,140.25 2 0
github.com/cloudposse/atmos/pkg/auth/providers/aws/saml.go:140.25,142.3 1 0
github.com/cloudposse/atmos/pkg/auth/providers/aws/saml.go:145.2,146.16 2 0
github.com/cloudposse/atmos/pkg/auth/providers/aws/saml.go:146.16,148.3 1 0
github.com/cloudposse/atmos/pkg/auth/providers/aws/saml.go:150.2,152.22 2 0
github.com/cloudposse/atmos/pkg/auth/providers/aws/saml.go:156.59,171.2 1 1
github.com/cloudposse/atmos/pkg/auth/providers/aws/saml.go:174.65,181.29 2 1
github.com/cloudposse/atmos/pkg/auth/providers/aws/saml.go:181.29,183.3 1 1
github.com/cloudposse/atmos/pkg/auth/providers/aws/saml.go:185.2,185.21 1 1
github.com/cloudposse/atmos/pkg/auth/providers/aws/saml.go:189.134,191.16 2 2
github.com/cloudposse/atmos/pkg/auth/providers/aws/saml.go:191.16,193.3 1 0
github.com/cloudposse/atmos/pkg/auth/providers/aws/saml.go:195.2,195.25 1 2
github.com/cloudposse/atmos/pkg/auth/providers/aws/saml.go:195.25,197.3 1 1
github.com/cloudposse/atmos/pkg/auth/providers/aws/saml.go:199.2,201.27 2 1
github.com/cloudposse/atmos/pkg/auth/providers/aws/saml.go:205.83,208.29 2 2
github.com/cloudposse/atmos/pkg/auth/providers/aws/saml.go:208.29,209.116 1 4
github.com/cloudposse/atmos/pkg/auth/providers/aws/saml.go:209.116,212.4 2 1
github.com/cloudposse/atmos/pkg/auth/providers/aws/saml.go:215.2,215.23 1 1
github.com/cloudposse/atmos/pkg/auth/providers/aws/saml.go:215.23,218.3 2 1
github.com/cloudposse/atmos/pkg/auth/providers/aws/saml.go:219.2,219.12 1 0
github.com/cloudposse/atmos/pkg/auth/providers/aws/saml.go:223.141,226.16 2 0
github.com/cloudposse/atmos/pkg/auth/providers/aws/saml.go:226.16,228.3 1 0
github.com/cloudposse/atmos/pkg/auth/providers/aws/saml.go:230.2,241.16 4 0
github.com/cloudposse/atmos/pkg/auth/providers/aws/saml.go:241.16,243.3 1 0
github.com/cloudposse/atmos/pkg/auth/providers/aws/saml.go:246.2,254.19 2 0
github.com/cloudposse/atmos/pkg/auth/providers/aws/saml.go:258.56,261.83 2 4
github.com/cloudposse/atmos/pkg/auth/providers/aws/saml.go:261.83,263.3 1 1
github.com/cloudposse/atmos/pkg/auth/providers/aws/saml.go:264.2,264.80 1 3
github.com/cloudposse/atmos/pkg/auth/providers/aws/saml.go:264.80,266.26 2 3
github.com/cloudposse/atmos/pkg/auth/providers/aws/saml.go:266.26,268.4 1 1
github.com/cloudposse/atmos/pkg/auth/providers/aws/saml.go:269.3,269.26 1 3
github.com/cloudposse/atmos/pkg/auth/providers/aws/saml.go:269.26,271.4 1 1
github.com/cloudposse/atmos/pkg/auth/providers/aws/saml.go:273.2,273.12 1 3
github.com/cloudposse/atmos/pkg/auth/providers/aws/saml.go:277.49,278.33 1 6
github.com/cloudposse/atmos/pkg/auth/providers/aws/saml.go:278.33,280.3 1 1
github.com/cloudposse/atmos/pkg/auth/providers/aws/saml.go:283.2,283.52 1 5
github.com/cloudposse/atmos/pkg/auth/providers/aws/saml.go:283.52,285.3 1 1
github.com/cloudposse/atmos/pkg/auth/providers/aws/saml.go:286.2,286.41 1 4
github.com/cloudposse/atmos/pkg/auth/providers/aws/saml.go:286.41,288.3 1 1
github.com/cloudposse/atmos/pkg/auth/providers/aws/saml.go:289.2,289.37 1 3
github.com/cloudposse/atmos/pkg/auth/providers/aws/saml.go:289.37,291.3 1 1
github.com/cloudposse/atmos/pkg/auth/providers/aws/saml.go:294.2,294.18 1 2
github.com/cloudposse/atmos/pkg/auth/providers/aws/saml.go:298.41,299.17 1 2
github.com/cloudposse/atmos/pkg/auth/providers/aws/saml.go:299.17,301.3 1 0
github.com/cloudposse/atmos/pkg/auth/providers/aws/saml.go:303.2,303.20 1 2
github.com/cloudposse/atmos/pkg/auth/providers/aws/saml.go:303.20,305.3 1 0
github.com/cloudposse/atmos/pkg/auth/providers/aws/saml.go:308.2,309.50 2 2
github.com/cloudposse/atmos/pkg/auth/providers/aws/saml.go:309.50,311.3 1 1
github.com/cloudposse/atmos/pkg/auth/providers/aws/saml.go:313.2,313.12 1 1
github.com/cloudposse/atmos/pkg/auth/providers/aws/saml.go:317.65,325.36 4 1
github.com/cloudposse/atmos/pkg/auth/providers/aws/saml.go:325.36,327.3 1 1
github.com/cloudposse/atmos/pkg/auth/providers/aws/saml.go:329.2,329.17 1 1
github.com/cloudposse/atmos/pkg/auth/providers/aws/saml.go:333.49,335.36 1 1
github.com/cloudposse/atmos/pkg/auth/providers/aws/saml.go:335.36,337.3 1 1
github.com/cloudposse/atmos/pkg/auth/providers/aws/saml.go:340.2,340.52 1 1
github.com/cloudposse/atmos/pkg/auth/providers/aws/saml.go:340.52,342.3 1 0
github.com/cloudposse/atmos/pkg/auth/providers/aws/sso.go:33.81,34.19 1 15
github.com/cloudposse/atmos/pkg/auth/providers/aws/sso.go:34.19,36.3 1 1
github.com/cloudposse/atmos/pkg/auth/providers/aws/sso.go:37.2,37.46 1 14
github.com/cloudposse/atmos/pkg/auth/providers/aws/sso.go:37.46,39.3 1 0
github.com/cloudposse/atmos/pkg/auth/providers/aws/sso.go:41.2,41.27 1 14
github.com/cloudposse/atmos/pkg/auth/providers/aws/sso.go:41.27,43.3 1 0
github.com/cloudposse/atmos/pkg/auth/providers/aws/sso.go:45.2,45.25 1 14
github.com/cloudposse/atmos/pkg/auth/providers/aws/sso.go:45.25,47.3 1 0
github.com/cloudposse/atmos/pkg/auth/providers/aws/sso.go:49.2,54.8 1 14
github.com/cloudposse/atmos/pkg/auth/providers/aws/sso.go:58.37,60.2 1 2
github.com/cloudposse/atmos/pkg/auth/providers/aws/sso.go:63.37,65.2 1 2
github.com/cloudposse/atmos/pkg/auth/providers/aws/sso.go:68.70,70.2 1 2
github.com/cloudposse/atmos/pkg/auth/providers/aws/sso.go:73.89,90.16 4 1
github.com/cloudposse/atmos/pkg/auth/providers/aws/sso.go:90.16,92.3 1 0
github.com/cloudposse/atmos/pkg/auth/providers/aws/sso.go:95.2,100.16 2 1
github.com/cloudposse/atmos/pkg/auth/providers/aws/sso.go:100.16,102.3 1 0
github.com/cloudposse/atmos/pkg/auth/providers/aws/sso.go:104.2,107.16 3 1
github.com/cloudposse/atmos/pkg/auth/providers/aws/sso.go:107.16,109.3 1 1
github.com/cloudposse/atmos/pkg/auth/providers/aws/sso.go:113.2,114.25 2 0
github.com/cloudposse/atmos/pkg/auth/providers/aws/sso.go:114.25,116.3 1 0
github.com/cloudposse/atmos/pkg/auth/providers/aws/sso.go:117.2,123.8 2 0
github.com/cloudposse/atmos/pkg/auth/providers/aws/sso.go:127.90,129.30 2 4
github.com/cloudposse/atmos/pkg/auth/providers/aws/sso.go:129.30,131.3 1 1
github.com/cloudposse/atmos/pkg/auth/providers/aws/sso.go:132.2,132.23 1 4
github.com/cloudposse/atmos/pkg/auth/providers/aws/sso.go:132.23,133.89 1 4
github.com/cloudposse/atmos/pkg/auth/providers/aws/sso.go:133.89,134.75 1 3
github.com/cloudposse/atmos/pkg/auth/providers/aws/sso.go:134.75,137.5 2 0
github.com/cloudposse/atmos/pkg/auth/providers/aws/sso.go:143.40,144.22 1 3
github.com/cloudposse/atmos/pkg/auth/providers/aws/sso.go:144.22,146.3 1 1
github.com/cloudposse/atmos/pkg/auth/providers/aws/sso.go:147.2,147.20 1 2
github.com/cloudposse/atmos/pkg/auth/providers/aws/sso.go:147.20,149.3 1 1
github.com/cloudposse/atmos/pkg/auth/providers/aws/sso.go:150.2,150.12 1 1
github.com/cloudposse/atmos/pkg/auth/providers/aws/sso.go:154.64,158.2 3 1
github.com/cloudposse/atmos/pkg/auth/providers/aws/sso.go:163.48,164.64 1 3
github.com/cloudposse/atmos/pkg/auth/providers/aws/sso.go:164.64,166.81 1 2
github.com/cloudposse/atmos/pkg/auth/providers/aws/sso.go:166.81,168.4 1 1
github.com/cloudposse/atmos/pkg/auth/providers/aws/sso.go:170.2,170.33 1 2
github.com/cloudposse/atmos/pkg/auth/providers/aws/sso.go:174.212,180.19 5 1
github.com/cloudposse/atmos/pkg/auth/providers/aws/sso.go:180.19,182.3 1 0
github.com/cloudposse/atmos/pkg/auth/providers/aws/sso.go:184.2,188.47 3 1
github.com/cloudposse/atmos/pkg/auth/providers/aws/sso.go:188.47,195.17 2 1
github.com/cloudposse/atmos/pkg/auth/providers/aws/sso.go:195.17,198.9 3 0
github.com/cloudposse/atmos/pkg/auth/providers/aws/sso.go:201.3,204.38 3 1
github.com/cloudposse/atmos/pkg/auth/providers/aws/sso.go:204.38,206.12 2 0
github.com/cloudposse/atmos/pkg/auth/providers/aws/sso.go:207.9,207.42 1 1
github.com/cloudposse/atmos/pkg/auth/providers/aws/sso.go:207.42,211.12 3 0
github.com/cloudposse/atmos/pkg/auth/providers/aws/sso.go:214.3,214.110 1 1
github.com/cloudposse/atmos/pkg/auth/providers/aws/sso.go:217.2,217.23 1 0
github.com/cloudposse/atmos/pkg/auth/providers/aws/sso.go:217.23,219.3 1 0
github.com/cloudposse/atmos/pkg/auth/providers/aws/sso.go:220.2,220.41 1 0
