mode: atomic
github.com/cloudposse/atmos/cmd/about.go:19.54,22.3 2 0
github.com/cloudposse/atmos/cmd/about.go:25.13,27.2 1 0
github.com/cloudposse/atmos/cmd/atlantis.go:16.13,19.2 2 0
github.com/cloudposse/atmos/cmd/atlantis_generate.go:16.13,18.2 1 0
github.com/cloudposse/atmos/cmd/atlantis_generate_repo_config.go:16.47,18.20 2 0
github.com/cloudposse/atmos/cmd/atlantis_generate_repo_config.go:18.20,20.4 1 0
github.com/cloudposse/atmos/cmd/atlantis_generate_repo_config.go:22.3,24.17 3 0
github.com/cloudposse/atmos/cmd/atlantis_generate_repo_config.go:24.17,26.4 1 0
github.com/cloudposse/atmos/cmd/atlantis_generate_repo_config.go:30.13,57.2 15 0
github.com/cloudposse/atmos/cmd/aws.go:16.13,19.2 2 0
github.com/cloudposse/atmos/cmd/aws_eks.go:21.13,23.2 1 0
github.com/cloudposse/atmos/cmd/aws_eks_update_kubeconfig.go:32.47,34.17 2 0
github.com/cloudposse/atmos/cmd/aws_eks_update_kubeconfig.go:34.17,36.4 1 0
github.com/cloudposse/atmos/cmd/aws_eks_update_kubeconfig.go:42.13,55.2 11 0
github.com/cloudposse/atmos/cmd/cmd_utils.go:33.58,34.35 1 0
github.com/cloudposse/atmos/cmd/cmd_utils.go:34.35,36.3 1 0
github.com/cloudposse/atmos/cmd/cmd_utils.go:45.9,50.57 3 0
github.com/cloudposse/atmos/cmd/cmd_utils.go:50.57,53.3 2 0
github.com/cloudposse/atmos/cmd/cmd_utils.go:55.2,55.14 1 0
github.com/cloudposse/atmos/cmd/cmd_utils.go:55.14,57.3 1 0
github.com/cloudposse/atmos/cmd/cmd_utils.go:59.2,59.38 1 0
github.com/cloudposse/atmos/cmd/cmd_utils.go:59.38,64.17 2 0
github.com/cloudposse/atmos/cmd/cmd_utils.go:64.17,66.4 1 0
github.com/cloudposse/atmos/cmd/cmd_utils.go:68.3,68.82 1 0
github.com/cloudposse/atmos/cmd/cmd_utils.go:68.82,70.4 1 0
github.com/cloudposse/atmos/cmd/cmd_utils.go:70.9,75.53 1 0
github.com/cloudposse/atmos/cmd/cmd_utils.go:75.53,77.6 1 0
github.com/cloudposse/atmos/cmd/cmd_utils.go:78.50,80.6 1 0
github.com/cloudposse/atmos/cmd/cmd_utils.go:83.4,85.45 2 0
github.com/cloudposse/atmos/cmd/cmd_utils.go:85.45,86.28 1 0
github.com/cloudposse/atmos/cmd/cmd_utils.go:86.28,87.30 1 0
github.com/cloudposse/atmos/cmd/cmd_utils.go:87.30,89.7 1 0
github.com/cloudposse/atmos/cmd/cmd_utils.go:89.12,91.7 1 0
github.com/cloudposse/atmos/cmd/cmd_utils.go:92.11,93.30 1 0
github.com/cloudposse/atmos/cmd/cmd_utils.go:93.30,95.7 1 0
github.com/cloudposse/atmos/cmd/cmd_utils.go:95.12,97.7 1 0
github.com/cloudposse/atmos/cmd/cmd_utils.go:100.5,100.22 1 0
github.com/cloudposse/atmos/cmd/cmd_utils.go:100.22,102.20 2 0
github.com/cloudposse/atmos/cmd/cmd_utils.go:102.20,104.7 1 0
github.com/cloudposse/atmos/cmd/cmd_utils.go:109.4,110.27 2 0
github.com/cloudposse/atmos/cmd/cmd_utils.go:113.3,114.17 2 0
github.com/cloudposse/atmos/cmd/cmd_utils.go:114.17,116.4 1 0
github.com/cloudposse/atmos/cmd/cmd_utils.go:119.2,119.12 1 0
github.com/cloudposse/atmos/cmd/cmd_utils.go:123.82,124.21 1 0
github.com/cloudposse/atmos/cmd/cmd_utils.go:124.21,126.3 1 0
github.com/cloudposse/atmos/cmd/cmd_utils.go:129.2,130.41 2 0
github.com/cloudposse/atmos/cmd/cmd_utils.go:130.41,131.24 1 0
github.com/cloudposse/atmos/cmd/cmd_utils.go:131.24,133.9 2 0
github.com/cloudposse/atmos/cmd/cmd_utils.go:138.2,138.16 1 0
github.com/cloudposse/atmos/cmd/cmd_utils.go:138.16,140.3 1 0
github.com/cloudposse/atmos/cmd/cmd_utils.go:143.2,143.20 1 0
github.com/cloudposse/atmos/cmd/cmd_utils.go:143.20,145.3 1 0
github.com/cloudposse/atmos/cmd/cmd_utils.go:145.8,145.42 1 0
github.com/cloudposse/atmos/cmd/cmd_utils.go:145.42,148.3 1 0
github.com/cloudposse/atmos/cmd/cmd_utils.go:157.9,160.14 2 0
github.com/cloudposse/atmos/cmd/cmd_utils.go:160.14,162.3 1 0
github.com/cloudposse/atmos/cmd/cmd_utils.go:164.2,164.28 1 0
github.com/cloudposse/atmos/cmd/cmd_utils.go:164.28,167.70 2 0
github.com/cloudposse/atmos/cmd/cmd_utils.go:167.70,176.50 3 0
github.com/cloudposse/atmos/cmd/cmd_utils.go:176.50,178.20 2 0
github.com/cloudposse/atmos/cmd/cmd_utils.go:178.20,180.7 1 0
github.com/cloudposse/atmos/cmd/cmd_utils.go:182.6,184.20 3 0
github.com/cloudposse/atmos/cmd/cmd_utils.go:184.20,186.7 1 0
github.com/cloudposse/atmos/cmd/cmd_utils.go:190.4,193.42 2 0
github.com/cloudposse/atmos/cmd/cmd_utils.go:197.2,197.12 1 0
github.com/cloudposse/atmos/cmd/cmd_utils.go:206.3,210.39 2 0
github.com/cloudposse/atmos/cmd/cmd_utils.go:210.39,211.35 1 0
github.com/cloudposse/atmos/cmd/cmd_utils.go:211.36,213.4 0 0
github.com/cloudposse/atmos/cmd/cmd_utils.go:213.9,213.45 1 0
github.com/cloudposse/atmos/cmd/cmd_utils.go:213.45,216.45 2 0
github.com/cloudposse/atmos/cmd/cmd_utils.go:216.45,220.5 1 0
github.com/cloudposse/atmos/cmd/cmd_utils.go:221.4,222.14 2 0
github.com/cloudposse/atmos/cmd/cmd_utils.go:223.9,228.4 1 0
github.com/cloudposse/atmos/cmd/cmd_utils.go:232.2,233.46 2 0
github.com/cloudposse/atmos/cmd/cmd_utils.go:233.46,234.40 1 0
github.com/cloudposse/atmos/cmd/cmd_utils.go:234.40,236.4 1 0
github.com/cloudposse/atmos/cmd/cmd_utils.go:240.2,240.40 1 0
github.com/cloudposse/atmos/cmd/cmd_utils.go:240.40,247.47 3 0
github.com/cloudposse/atmos/cmd/cmd_utils.go:247.47,248.41 1 0
github.com/cloudposse/atmos/cmd/cmd_utils.go:248.41,251.5 2 0
github.com/cloudposse/atmos/cmd/cmd_utils.go:253.3,253.20 1 0
github.com/cloudposse/atmos/cmd/cmd_utils.go:253.20,255.4 1 0
github.com/cloudposse/atmos/cmd/cmd_utils.go:256.3,256.45 1 0
github.com/cloudposse/atmos/cmd/cmd_utils.go:260.2,262.46 2 0
github.com/cloudposse/atmos/cmd/cmd_utils.go:262.46,263.20 1 0
github.com/cloudposse/atmos/cmd/cmd_utils.go:263.20,265.4 1 0
github.com/cloudposse/atmos/cmd/cmd_utils.go:265.9,266.25 1 0
github.com/cloudposse/atmos/cmd/cmd_utils.go:266.25,268.5 1 0
github.com/cloudposse/atmos/cmd/cmd_utils.go:268.10,272.5 2 0
github.com/cloudposse/atmos/cmd/cmd_utils.go:276.2,276.28 1 0
github.com/cloudposse/atmos/cmd/cmd_utils.go:276.28,278.3 1 0
github.com/cloudposse/atmos/cmd/cmd_utils.go:279.2,282.35 2 0
github.com/cloudposse/atmos/cmd/cmd_utils.go:282.35,285.3 2 0
github.com/cloudposse/atmos/cmd/cmd_utils.go:289.54,292.39 2 0
github.com/cloudposse/atmos/cmd/cmd_utils.go:292.39,294.3 1 0
github.com/cloudposse/atmos/cmd/cmd_utils.go:296.2,296.33 1 0
github.com/cloudposse/atmos/cmd/cmd_utils.go:306.3,309.27 3 0
github.com/cloudposse/atmos/cmd/cmd_utils.go:309.27,311.3 1 0
github.com/cloudposse/atmos/cmd/cmd_utils.go:313.2,315.25 3 0
github.com/cloudposse/atmos/cmd/cmd_utils.go:315.25,318.3 1 0
github.com/cloudposse/atmos/cmd/cmd_utils.go:321.2,321.43 1 0
github.com/cloudposse/atmos/cmd/cmd_utils.go:321.43,324.48 2 0
github.com/cloudposse/atmos/cmd/cmd_utils.go:324.48,326.4 1 0
github.com/cloudposse/atmos/cmd/cmd_utils.go:329.3,331.42 3 0
github.com/cloudposse/atmos/cmd/cmd_utils.go:331.42,332.44 1 0
github.com/cloudposse/atmos/cmd/cmd_utils.go:332.44,334.19 2 0
github.com/cloudposse/atmos/cmd/cmd_utils.go:334.19,336.6 1 0
github.com/cloudposse/atmos/cmd/cmd_utils.go:337.5,337.38 1 0
github.com/cloudposse/atmos/cmd/cmd_utils.go:338.10,338.32 1 0
github.com/cloudposse/atmos/cmd/cmd_utils.go:338.32,340.19 2 0
github.com/cloudposse/atmos/cmd/cmd_utils.go:340.19,342.6 1 0
github.com/cloudposse/atmos/cmd/cmd_utils.go:343.5,343.34 1 0
github.com/cloudposse/atmos/cmd/cmd_utils.go:348.3,356.97 2 0
github.com/cloudposse/atmos/cmd/cmd_utils.go:356.97,359.18 2 0
github.com/cloudposse/atmos/cmd/cmd_utils.go:359.18,361.5 1 0
github.com/cloudposse/atmos/cmd/cmd_utils.go:362.4,362.52 1 0
github.com/cloudposse/atmos/cmd/cmd_utils.go:362.52,365.5 1 0
github.com/cloudposse/atmos/cmd/cmd_utils.go:368.4,369.18 2 0
github.com/cloudposse/atmos/cmd/cmd_utils.go:369.18,371.5 1 0
github.com/cloudposse/atmos/cmd/cmd_utils.go:372.4,372.44 1 0
github.com/cloudposse/atmos/cmd/cmd_utils.go:372.44,375.5 1 0
github.com/cloudposse/atmos/cmd/cmd_utils.go:378.4,379.18 2 0
github.com/cloudposse/atmos/cmd/cmd_utils.go:379.18,381.5 1 0
github.com/cloudposse/atmos/cmd/cmd_utils.go:382.4,382.45 1 0
github.com/cloudposse/atmos/cmd/cmd_utils.go:387.3,388.39 2 0
github.com/cloudposse/atmos/cmd/cmd_utils.go:388.39,393.39 4 0
github.com/cloudposse/atmos/cmd/cmd_utils.go:393.39,398.5 2 0
github.com/cloudposse/atmos/cmd/cmd_utils.go:401.4,401.24 1 0
github.com/cloudposse/atmos/cmd/cmd_utils.go:401.24,404.19 3 0
github.com/cloudposse/atmos/cmd/cmd_utils.go:404.19,406.6 1 0
github.com/cloudposse/atmos/cmd/cmd_utils.go:407.5,407.43 1 0
github.com/cloudposse/atmos/cmd/cmd_utils.go:408.10,411.19 2 0
github.com/cloudposse/atmos/cmd/cmd_utils.go:411.19,413.6 1 0
github.com/cloudposse/atmos/cmd/cmd_utils.go:416.4,418.18 3 0
github.com/cloudposse/atmos/cmd/cmd_utils.go:418.18,420.5 1 0
github.com/cloudposse/atmos/cmd/cmd_utils.go:423.3,423.52 1 0
github.com/cloudposse/atmos/cmd/cmd_utils.go:423.52,425.34 2 0
github.com/cloudposse/atmos/cmd/cmd_utils.go:425.34,427.5 1 0
github.com/cloudposse/atmos/cmd/cmd_utils.go:432.3,433.17 2 0
github.com/cloudposse/atmos/cmd/cmd_utils.go:433.17,435.4 1 0
github.com/cloudposse/atmos/cmd/cmd_utils.go:438.3,440.17 3 0
github.com/cloudposse/atmos/cmd/cmd_utils.go:440.17,442.4 1 0
github.com/cloudposse/atmos/cmd/cmd_utils.go:449.77,453.25 4 0
github.com/cloudposse/atmos/cmd/cmd_utils.go:453.25,460.32 5 0
github.com/cloudposse/atmos/cmd/cmd_utils.go:460.32,462.4 1 0
github.com/cloudposse/atmos/cmd/cmd_utils.go:465.3,465.28 1 0
github.com/cloudposse/atmos/cmd/cmd_utils.go:465.28,466.19 1 0
github.com/cloudposse/atmos/cmd/cmd_utils.go:466.19,468.5 1 0
github.com/cloudposse/atmos/cmd/cmd_utils.go:470.3,470.20 1 0
github.com/cloudposse/atmos/cmd/cmd_utils.go:472.2,472.31 1 0
github.com/cloudposse/atmos/cmd/cmd_utils.go:476.66,478.16 2 0
github.com/cloudposse/atmos/cmd/cmd_utils.go:478.16,480.3 1 0
github.com/cloudposse/atmos/cmd/cmd_utils.go:482.2,483.56 2 0
github.com/cloudposse/atmos/cmd/cmd_utils.go:483.56,485.3 1 0
github.com/cloudposse/atmos/cmd/cmd_utils.go:487.2,487.20 1 0
github.com/cloudposse/atmos/cmd/cmd_utils.go:491.52,497.27 2 0
github.com/cloudposse/atmos/cmd/cmd_utils.go:497.27,499.3 1 0
github.com/cloudposse/atmos/cmd/cmd_utils.go:501.2,502.16 2 0
github.com/cloudposse/atmos/cmd/cmd_utils.go:502.16,504.3 1 0
github.com/cloudposse/atmos/cmd/cmd_utils.go:506.2,506.21 1 0
github.com/cloudposse/atmos/cmd/cmd_utils.go:506.21,508.39 2 0
github.com/cloudposse/atmos/cmd/cmd_utils.go:508.39,511.4 2 0
github.com/cloudposse/atmos/cmd/cmd_utils.go:516.79,522.16 5 0
github.com/cloudposse/atmos/cmd/cmd_utils.go:522.16,524.3 1 0
github.com/cloudposse/atmos/cmd/cmd_utils.go:526.2,526.25 1 0
github.com/cloudposse/atmos/cmd/cmd_utils.go:526.25,534.3 5 0
github.com/cloudposse/atmos/cmd/cmd_utils.go:534.8,540.3 4 0
github.com/cloudposse/atmos/cmd/cmd_utils.go:542.2,554.53 9 0
github.com/cloudposse/atmos/cmd/cmd_utils.go:560.80,562.40 1 0
github.com/cloudposse/atmos/cmd/cmd_utils.go:562.40,564.3 1 0
github.com/cloudposse/atmos/cmd/cmd_utils.go:567.2,568.16 2 0
github.com/cloudposse/atmos/cmd/cmd_utils.go:568.16,571.3 2 0
github.com/cloudposse/atmos/cmd/cmd_utils.go:574.2,574.91 1 0
github.com/cloudposse/atmos/cmd/cmd_utils.go:574.91,577.3 1 0
github.com/cloudposse/atmos/cmd/cmd_utils.go:580.2,581.16 2 0
github.com/cloudposse/atmos/cmd/cmd_utils.go:581.16,584.3 2 0
github.com/cloudposse/atmos/cmd/cmd_utils.go:586.2,586.28 1 0
github.com/cloudposse/atmos/cmd/cmd_utils.go:586.28,589.3 2 0
github.com/cloudposse/atmos/cmd/cmd_utils.go:592.2,596.37 3 0
github.com/cloudposse/atmos/cmd/cmd_utils.go:596.37,598.3 1 0
github.com/cloudposse/atmos/cmd/cmd_utils.go:601.2,602.56 2 0
github.com/cloudposse/atmos/cmd/cmd_utils.go:602.56,604.3 1 0
github.com/cloudposse/atmos/cmd/cmd_utils.go:608.30,610.2 1 0
github.com/cloudposse/atmos/cmd/cmd_utils.go:613.59,614.94 1 0
github.com/cloudposse/atmos/cmd/cmd_utils.go:614.94,617.3 2 0
github.com/cloudposse/atmos/cmd/cmd_utils.go:622.58,623.20 1 0
github.com/cloudposse/atmos/cmd/cmd_utils.go:623.20,625.3 1 0
github.com/cloudposse/atmos/cmd/cmd_utils.go:626.2,626.19 1 0
github.com/cloudposse/atmos/cmd/cmd_utils.go:626.19,628.3 1 0
github.com/cloudposse/atmos/cmd/cmd_utils.go:629.2,629.12 1 0
github.com/cloudposse/atmos/cmd/cmd_utils.go:632.64,635.20 3 0
github.com/cloudposse/atmos/cmd/cmd_utils.go:635.20,636.58 1 0
github.com/cloudposse/atmos/cmd/cmd_utils.go:636.58,638.4 1 0
github.com/cloudposse/atmos/cmd/cmd_utils.go:638.9,640.4 1 0
github.com/cloudposse/atmos/cmd/cmd_utils.go:642.2,644.12 3 0
github.com/cloudposse/atmos/cmd/cmd_utils.go:648.111,656.25 5 0
github.com/cloudposse/atmos/cmd/cmd_utils.go:656.25,659.3 2 0
github.com/cloudposse/atmos/cmd/cmd_utils.go:661.2,662.16 2 0
github.com/cloudposse/atmos/cmd/cmd_utils.go:662.16,664.3 1 0
github.com/cloudposse/atmos/cmd/cmd_utils.go:665.2,665.13 1 0
github.com/cloudposse/atmos/cmd/cmd_utils.go:668.67,672.18 4 0
github.com/cloudposse/atmos/cmd/cmd_utils.go:672.18,674.3 1 0
github.com/cloudposse/atmos/cmd/cmd_utils.go:674.8,674.50 1 0
github.com/cloudposse/atmos/cmd/cmd_utils.go:674.50,676.3 1 0
github.com/cloudposse/atmos/cmd/cmd_utils.go:677.2,677.18 1 0
github.com/cloudposse/atmos/cmd/cmd_utils.go:677.18,679.3 1 0
github.com/cloudposse/atmos/cmd/cmd_utils.go:680.2,680.26 1 0
github.com/cloudposse/atmos/cmd/cmd_utils.go:680.26,682.42 2 0
github.com/cloudposse/atmos/cmd/cmd_utils.go:682.42,684.4 1 0
github.com/cloudposse/atmos/cmd/cmd_utils.go:685.8,686.30 1 0
github.com/cloudposse/atmos/cmd/cmd_utils.go:686.30,688.4 1 0
github.com/cloudposse/atmos/cmd/cmd_utils.go:690.3,690.41 1 0
github.com/cloudposse/atmos/cmd/cmd_utils.go:690.41,692.4 1 0
github.com/cloudposse/atmos/cmd/cmd_utils.go:694.2,694.32 1 0
github.com/cloudposse/atmos/cmd/cmd_utils.go:697.59,700.53 3 0
github.com/cloudposse/atmos/cmd/cmd_utils.go:700.53,703.3 2 0
github.com/cloudposse/atmos/cmd/cmd_utils.go:704.2,704.66 1 0
github.com/cloudposse/atmos/cmd/cmd_utils.go:707.117,709.16 2 0
github.com/cloudposse/atmos/cmd/cmd_utils.go:709.16,711.3 1 0
github.com/cloudposse/atmos/cmd/cmd_utils.go:712.2,712.51 1 0
github.com/cloudposse/atmos/cmd/cmd_utils.go:715.45,716.30 1 0
github.com/cloudposse/atmos/cmd/cmd_utils.go:716.30,718.3 1 0
github.com/cloudposse/atmos/cmd/cmd_utils.go:719.2,719.62 1 0
github.com/cloudposse/atmos/cmd/cmd_utils.go:722.121,723.20 1 0
github.com/cloudposse/atmos/cmd/cmd_utils.go:723.20,725.17 2 0
github.com/cloudposse/atmos/cmd/cmd_utils.go:725.17,727.4 1 0
github.com/cloudposse/atmos/cmd/cmd_utils.go:728.3,728.52 1 0
github.com/cloudposse/atmos/cmd/cmd_utils.go:730.2,730.19 1 0
github.com/cloudposse/atmos/cmd/cmd_utils.go:730.19,732.40 2 0
github.com/cloudposse/atmos/cmd/cmd_utils.go:732.40,734.4 1 0
github.com/cloudposse/atmos/cmd/cmd_utils.go:735.3,735.42 1 0
github.com/cloudposse/atmos/cmd/cmd_utils.go:735.42,737.4 1 0
github.com/cloudposse/atmos/cmd/cmd_utils.go:738.3,739.60 2 0
github.com/cloudposse/atmos/cmd/cmd_utils.go:739.60,741.4 1 0
github.com/cloudposse/atmos/cmd/cmd_utils.go:743.2,743.48 1 0
github.com/cloudposse/atmos/cmd/cmd_utils.go:747.51,748.29 1 0
github.com/cloudposse/atmos/cmd/cmd_utils.go:748.29,749.21 1 0
github.com/cloudposse/atmos/cmd/cmd_utils.go:749.21,751.4 1 0
github.com/cloudposse/atmos/cmd/cmd_utils.go:753.2,753.14 1 0
github.com/cloudposse/atmos/cmd/completion.go:19.55,22.17 2 0
github.com/cloudposse/atmos/cmd/completion.go:23.14,24.48 1 0
github.com/cloudposse/atmos/cmd/completion.go:25.13,26.47 1 0
github.com/cloudposse/atmos/cmd/completion.go:27.14,28.54 1 0
github.com/cloudposse/atmos/cmd/completion.go:29.20,30.62 1 0
github.com/cloudposse/atmos/cmd/completion.go:33.2,33.16 1 0
github.com/cloudposse/atmos/cmd/completion.go:33.16,35.3 1 0
github.com/cloudposse/atmos/cmd/completion.go:38.13,40.39 2 0
github.com/cloudposse/atmos/cmd/completion.go:40.39,48.3 1 0
github.com/cloudposse/atmos/cmd/completion.go:49.2,49.35 1 0
github.com/cloudposse/atmos/cmd/describe.go:16.13,19.2 2 0
github.com/cloudposse/atmos/cmd/describe_affected.go:17.47,22.17 3 0
github.com/cloudposse/atmos/cmd/describe_affected.go:22.17,24.4 1 0
github.com/cloudposse/atmos/cmd/describe_affected.go:28.13,53.2 19 0
github.com/cloudposse/atmos/cmd/describe_component.go:16.47,21.17 3 0
github.com/cloudposse/atmos/cmd/describe_component.go:21.17,23.4 1 0
github.com/cloudposse/atmos/cmd/describe_component.go:28.13,38.16 9 0
github.com/cloudposse/atmos/cmd/describe_component.go:38.16,40.3 1 0
github.com/cloudposse/atmos/cmd/describe_component.go:42.2,42.46 1 0
github.com/cloudposse/atmos/cmd/describe_config.go:17.47,19.17 2 0
github.com/cloudposse/atmos/cmd/describe_config.go:19.17,21.4 1 0
github.com/cloudposse/atmos/cmd/describe_config.go:25.13,30.2 3 0
github.com/cloudposse/atmos/cmd/describe_dependents.go:18.47,23.17 3 0
github.com/cloudposse/atmos/cmd/describe_dependents.go:23.17,25.4 1 0
github.com/cloudposse/atmos/cmd/describe_dependents.go:29.13,37.16 6 0
github.com/cloudposse/atmos/cmd/describe_dependents.go:37.16,39.3 1 0
github.com/cloudposse/atmos/cmd/describe_dependents.go:41.2,41.47 1 0
github.com/cloudposse/atmos/cmd/describe_stacks.go:17.47,22.17 3 0
github.com/cloudposse/atmos/cmd/describe_stacks.go:22.17,24.4 1 0
github.com/cloudposse/atmos/cmd/describe_stacks.go:28.13,55.2 13 0
github.com/cloudposse/atmos/cmd/describe_workflows.go:17.47,19.17 2 0
github.com/cloudposse/atmos/cmd/describe_workflows.go:19.17,21.4 1 0
github.com/cloudposse/atmos/cmd/describe_workflows.go:25.13,30.2 3 0
github.com/cloudposse/atmos/cmd/docs.go:31.47,32.21 1 0
github.com/cloudposse/atmos/cmd/docs.go:32.21,39.18 3 0
github.com/cloudposse/atmos/cmd/docs.go:39.18,41.5 1 0
github.com/cloudposse/atmos/cmd/docs.go:45.4,46.63 2 0
github.com/cloudposse/atmos/cmd/docs.go:46.63,49.5 2 0
github.com/cloudposse/atmos/cmd/docs.go:50.4,54.44 3 0
github.com/cloudposse/atmos/cmd/docs.go:54.44,56.36 2 0
github.com/cloudposse/atmos/cmd/docs.go:56.36,59.6 1 0
github.com/cloudposse/atmos/cmd/docs.go:62.4,62.20 1 0
github.com/cloudposse/atmos/cmd/docs.go:62.20,64.5 1 0
github.com/cloudposse/atmos/cmd/docs.go:67.4,69.18 3 0
github.com/cloudposse/atmos/cmd/docs.go:69.18,71.5 1 0
github.com/cloudposse/atmos/cmd/docs.go:72.4,72.28 1 0
github.com/cloudposse/atmos/cmd/docs.go:72.28,74.5 1 0
github.com/cloudposse/atmos/cmd/docs.go:76.4,77.49 2 0
github.com/cloudposse/atmos/cmd/docs.go:77.49,78.27 1 0
github.com/cloudposse/atmos/cmd/docs.go:78.27,80.6 1 0
github.com/cloudposse/atmos/cmd/docs.go:80.11,82.6 1 0
github.com/cloudposse/atmos/cmd/docs.go:85.4,86.18 2 0
github.com/cloudposse/atmos/cmd/docs.go:86.18,88.5 1 0
github.com/cloudposse/atmos/cmd/docs.go:90.4,96.18 2 0
github.com/cloudposse/atmos/cmd/docs.go:96.18,98.5 1 0
github.com/cloudposse/atmos/cmd/docs.go:100.4,101.18 2 0
github.com/cloudposse/atmos/cmd/docs.go:101.18,103.5 1 0
github.com/cloudposse/atmos/cmd/docs.go:105.4,106.54 2 0
github.com/cloudposse/atmos/cmd/docs.go:106.54,109.5 2 0
github.com/cloudposse/atmos/cmd/docs.go:111.4,111.62 1 0
github.com/cloudposse/atmos/cmd/docs.go:111.62,113.5 1 0
github.com/cloudposse/atmos/cmd/docs.go:115.4,115.10 1 0
github.com/cloudposse/atmos/cmd/docs.go:119.3,121.34 2 0
github.com/cloudposse/atmos/cmd/docs.go:121.34,123.4 1 0
github.com/cloudposse/atmos/cmd/docs.go:123.9,124.24 1 0
github.com/cloudposse/atmos/cmd/docs.go:125.17,126.57 1 0
github.com/cloudposse/atmos/cmd/docs.go:127.19,128.88 1 0
github.com/cloudposse/atmos/cmd/docs.go:129.18,130.53 1 0
github.com/cloudposse/atmos/cmd/docs.go:131.12,132.63 1 0
github.com/cloudposse/atmos/cmd/docs.go:135.4,135.18 1 0
github.com/cloudposse/atmos/cmd/docs.go:135.18,137.5 1 0
github.com/cloudposse/atmos/cmd/docs.go:140.3,140.65 1 0
github.com/cloudposse/atmos/cmd/docs.go:144.13,146.2 1 0
github.com/cloudposse/atmos/cmd/hello.go:5.13,7.2 1 0
github.com/cloudposse/atmos/cmd/hello.go:9.24,11.2 1 0
github.com/cloudposse/atmos/cmd/helmfile.go:19.13,25.2 4 0
github.com/cloudposse/atmos/cmd/helmfile.go:27.73,33.16 6 0
github.com/cloudposse/atmos/cmd/helmfile.go:33.16,35.3 1 0
github.com/cloudposse/atmos/cmd/helmfile_apply.go:23.47,25.3 1 0
github.com/cloudposse/atmos/cmd/helmfile_apply.go:28.13,30.2 1 0
github.com/cloudposse/atmos/cmd/helmfile_destroy.go:21.47,23.3 1 0
github.com/cloudposse/atmos/cmd/helmfile_destroy.go:26.13,28.2 1 0
github.com/cloudposse/atmos/cmd/helmfile_diff.go:23.47,25.3 1 0
github.com/cloudposse/atmos/cmd/helmfile_diff.go:28.13,30.2 1 0
github.com/cloudposse/atmos/cmd/helmfile_generate.go:16.13,18.2 1 0
github.com/cloudposse/atmos/cmd/helmfile_generate_varfile.go:17.47,23.17 4 0
github.com/cloudposse/atmos/cmd/helmfile_generate_varfile.go:23.17,25.4 1 0
github.com/cloudposse/atmos/cmd/helmfile_generate_varfile.go:29.13,35.16 5 0
github.com/cloudposse/atmos/cmd/helmfile_generate_varfile.go:35.16,37.3 1 0
github.com/cloudposse/atmos/cmd/helmfile_generate_varfile.go:39.2,39.60 1 0
github.com/cloudposse/atmos/cmd/helmfile_sync.go:21.47,23.3 1 0
github.com/cloudposse/atmos/cmd/helmfile_sync.go:26.13,28.2 1 0
github.com/cloudposse/atmos/cmd/list.go:16.13,18.2 1 0
github.com/cloudposse/atmos/cmd/list_components.go:23.47,27.17 3 0
github.com/cloudposse/atmos/cmd/list_components.go:27.17,30.4 2 0
github.com/cloudposse/atmos/cmd/list_components.go:32.3,32.79 1 0
github.com/cloudposse/atmos/cmd/list_components.go:36.13,39.2 2 0
github.com/cloudposse/atmos/cmd/list_components.go:41.59,45.16 3 0
github.com/cloudposse/atmos/cmd/list_components.go:45.16,47.3 1 0
github.com/cloudposse/atmos/cmd/list_components.go:49.2,51.16 3 0
github.com/cloudposse/atmos/cmd/list_components.go:51.16,53.3 1 0
github.com/cloudposse/atmos/cmd/list_components.go:55.2,56.16 2 0
github.com/cloudposse/atmos/cmd/list_components.go:56.16,58.3 1 0
github.com/cloudposse/atmos/cmd/list_components.go:60.2,61.20 2 0
github.com/cloudposse/atmos/cmd/list_stacks.go:24.47,28.17 3 0
github.com/cloudposse/atmos/cmd/list_stacks.go:28.17,31.4 2 0
github.com/cloudposse/atmos/cmd/list_stacks.go:32.3,32.79 1 0
github.com/cloudposse/atmos/cmd/list_stacks.go:36.13,40.2 3 0
github.com/cloudposse/atmos/cmd/list_stacks.go:42.55,46.16 4 0
github.com/cloudposse/atmos/cmd/list_stacks.go:46.16,48.3 1 0
github.com/cloudposse/atmos/cmd/list_stacks.go:49.2,50.16 2 0
github.com/cloudposse/atmos/cmd/list_stacks.go:50.16,52.3 1 0
github.com/cloudposse/atmos/cmd/list_stacks.go:54.2,55.20 2 0
github.com/cloudposse/atmos/cmd/list_workflows.go:20.47,24.17 3 0
github.com/cloudposse/atmos/cmd/list_workflows.go:24.17,27.4 2 0
github.com/cloudposse/atmos/cmd/list_workflows.go:29.3,30.17 2 0
github.com/cloudposse/atmos/cmd/list_workflows.go:30.17,33.4 2 0
github.com/cloudposse/atmos/cmd/list_workflows.go:35.3,36.17 2 0
github.com/cloudposse/atmos/cmd/list_workflows.go:36.17,39.4 2 0
github.com/cloudposse/atmos/cmd/list_workflows.go:41.3,43.17 3 0
github.com/cloudposse/atmos/cmd/list_workflows.go:43.17,46.4 2 0
github.com/cloudposse/atmos/cmd/list_workflows.go:48.3,49.17 2 0
github.com/cloudposse/atmos/cmd/list_workflows.go:49.17,52.4 2 0
github.com/cloudposse/atmos/cmd/list_workflows.go:54.3,54.54 1 0
github.com/cloudposse/atmos/cmd/list_workflows.go:58.13,63.2 4 0
github.com/cloudposse/atmos/cmd/markdown_help.go:46.13,48.16 2 0
github.com/cloudposse/atmos/cmd/markdown_help.go:48.16,50.3 1 0
github.com/cloudposse/atmos/cmd/markdown_help.go:52.2,52.29 1 0
github.com/cloudposse/atmos/cmd/markdown_help.go:52.29,53.20 1 0
github.com/cloudposse/atmos/cmd/markdown_help.go:53.20,56.18 3 0
github.com/cloudposse/atmos/cmd/markdown_help.go:56.18,57.13 1 0
github.com/cloudposse/atmos/cmd/markdown_help.go:59.4,59.61 1 0
github.com/cloudposse/atmos/cmd/markdown_help.go:59.61,64.5 1 0
github.com/cloudposse/atmos/cmd/markdown_help.go:64.10,68.5 1 0
github.com/cloudposse/atmos/cmd/markdown_help.go:73.46,75.2 1 0
github.com/cloudposse/atmos/cmd/pro.go:16.13,18.2 1 0
github.com/cloudposse/atmos/cmd/pro_lock.go:18.47,23.17 3 0
github.com/cloudposse/atmos/cmd/pro_lock.go:23.17,25.4 1 0
github.com/cloudposse/atmos/cmd/pro_lock.go:29.13,36.2 5 0
github.com/cloudposse/atmos/cmd/pro_unlock.go:18.47,23.17 3 0
github.com/cloudposse/atmos/cmd/pro_unlock.go:23.17,25.4 1 0
github.com/cloudposse/atmos/cmd/pro_unlock.go:29.13,34.2 4 0
github.com/cloudposse/atmos/cmd/root.go:34.60,41.22 4 0
github.com/cloudposse/atmos/cmd/root.go:41.22,45.4 2 0
github.com/cloudposse/atmos/cmd/root.go:45.9,48.4 2 0
github.com/cloudposse/atmos/cmd/root.go:49.3,51.40 2 0
github.com/cloudposse/atmos/cmd/root.go:51.40,54.4 2 0
github.com/cloudposse/atmos/cmd/root.go:55.3,55.39 1 0
github.com/cloudposse/atmos/cmd/root.go:55.39,58.4 2 0
github.com/cloudposse/atmos/cmd/root.go:61.3,62.17 2 0
github.com/cloudposse/atmos/cmd/root.go:62.17,63.36 1 0
github.com/cloudposse/atmos/cmd/root.go:63.36,65.25 1 0
github.com/cloudposse/atmos/cmd/root.go:65.25,67.6 1 0
github.com/cloudposse/atmos/cmd/root.go:68.10,70.5 1 0
github.com/cloudposse/atmos/cmd/root.go:73.47,80.17 4 0
github.com/cloudposse/atmos/cmd/root.go:80.17,82.4 1 0
github.com/cloudposse/atmos/cmd/root.go:84.3,85.17 2 0
github.com/cloudposse/atmos/cmd/root.go:85.17,87.4 1 0
github.com/cloudposse/atmos/cmd/root.go:91.58,92.32 1 0
github.com/cloudposse/atmos/cmd/root.go:93.15,94.31 1 0
github.com/cloudposse/atmos/cmd/root.go:95.15,96.31 1 0
github.com/cloudposse/atmos/cmd/root.go:97.14,98.30 1 0
github.com/cloudposse/atmos/cmd/root.go:99.17,100.30 1 0
github.com/cloudposse/atmos/cmd/root.go:101.13,102.30 1 0
github.com/cloudposse/atmos/cmd/root.go:103.10,104.30 1 0
github.com/cloudposse/atmos/cmd/root.go:107.2,109.31 2 0
github.com/cloudposse/atmos/cmd/root.go:110.21,111.21 1 0
github.com/cloudposse/atmos/cmd/root.go:112.21,113.21 1 0
github.com/cloudposse/atmos/cmd/root.go:114.19,115.22 1 0
github.com/cloudposse/atmos/cmd/root.go:116.10,118.17 2 0
github.com/cloudposse/atmos/cmd/root.go:118.17,120.4 1 0
github.com/cloudposse/atmos/cmd/root.go:121.3,122.19 2 0
github.com/cloudposse/atmos/cmd/root.go:125.2,125.23 1 0
github.com/cloudposse/atmos/cmd/root.go:135.59,137.33 2 0
github.com/cloudposse/atmos/cmd/root.go:137.33,141.35 2 0
github.com/cloudposse/atmos/cmd/root.go:141.35,144.34 2 0
github.com/cloudposse/atmos/cmd/root.go:144.34,148.5 2 0
github.com/cloudposse/atmos/cmd/root.go:148.10,148.69 1 0
github.com/cloudposse/atmos/cmd/root.go:148.69,152.5 2 0
github.com/cloudposse/atmos/cmd/root.go:152.10,155.5 1 0
github.com/cloudposse/atmos/cmd/root.go:156.9,158.12 1 0
github.com/cloudposse/atmos/cmd/root.go:161.2,161.19 1 0
github.com/cloudposse/atmos/cmd/root.go:166.22,173.57 4 0
github.com/cloudposse/atmos/cmd/root.go:173.57,174.25 1 0
github.com/cloudposse/atmos/cmd/root.go:174.25,176.4 1 0
github.com/cloudposse/atmos/cmd/root.go:176.9,178.4 1 0
github.com/cloudposse/atmos/cmd/root.go:182.2,182.41 1 0
github.com/cloudposse/atmos/cmd/root.go:182.41,184.3 1 0
github.com/cloudposse/atmos/cmd/root.go:185.2,186.45 2 0
github.com/cloudposse/atmos/cmd/root.go:186.45,188.3 1 0
github.com/cloudposse/atmos/cmd/root.go:189.2,189.40 1 0
github.com/cloudposse/atmos/cmd/root.go:189.40,191.3 1 0
github.com/cloudposse/atmos/cmd/root.go:192.2,192.44 1 0
github.com/cloudposse/atmos/cmd/root.go:192.44,194.3 1 0
github.com/cloudposse/atmos/cmd/root.go:197.2,201.20 3 0
github.com/cloudposse/atmos/cmd/root.go:201.20,203.17 2 0
github.com/cloudposse/atmos/cmd/root.go:203.17,205.4 1 0
github.com/cloudposse/atmos/cmd/root.go:207.3,208.17 2 0
github.com/cloudposse/atmos/cmd/root.go:208.17,210.4 1 0
github.com/cloudposse/atmos/cmd/root.go:214.2,216.16 3 0
github.com/cloudposse/atmos/cmd/root.go:216.16,217.55 1 0
github.com/cloudposse/atmos/cmd/root.go:217.55,220.4 2 0
github.com/cloudposse/atmos/cmd/root.go:222.2,222.12 1 0
github.com/cloudposse/atmos/cmd/root.go:225.49,233.20 3 0
github.com/cloudposse/atmos/cmd/root.go:233.20,236.3 2 0
github.com/cloudposse/atmos/cmd/root.go:237.2,237.11 1 0
github.com/cloudposse/atmos/cmd/root.go:240.13,252.16 6 0
github.com/cloudposse/atmos/cmd/root.go:252.16,254.3 1 0
github.com/cloudposse/atmos/cmd/root.go:256.2,256.19 1 0
github.com/cloudposse/atmos/cmd/root.go:259.24,264.67 5 0
github.com/cloudposse/atmos/cmd/root.go:264.67,266.3 1 0
github.com/cloudposse/atmos/cmd/root.go:267.2,267.52 1 0
github.com/cloudposse/atmos/cmd/root.go:267.52,268.23 1 0
github.com/cloudposse/atmos/cmd/root.go:268.23,270.4 1 0
github.com/cloudposse/atmos/cmd/root.go:271.3,272.13 2 0
github.com/cloudposse/atmos/cmd/root.go:274.2,274.66 1 0
github.com/cloudposse/atmos/cmd/root.go:274.66,276.54 2 0
github.com/cloudposse/atmos/cmd/root.go:276.54,278.4 1 0
github.com/cloudposse/atmos/cmd/root.go:280.3,280.93 1 0
github.com/cloudposse/atmos/cmd/root.go:280.93,282.39 2 0
github.com/cloudposse/atmos/cmd/root.go:282.39,284.5 1 0
github.com/cloudposse/atmos/cmd/root.go:285.4,285.40 1 0
github.com/cloudposse/atmos/cmd/root.go:288.3,289.64 2 0
github.com/cloudposse/atmos/cmd/root.go:289.64,291.18 2 0
github.com/cloudposse/atmos/cmd/root.go:291.18,293.5 1 0
github.com/cloudposse/atmos/cmd/root.go:294.4,294.48 1 0
github.com/cloudposse/atmos/cmd/root.go:294.48,296.5 1 0
github.com/cloudposse/atmos/cmd/root.go:297.9,299.18 2 0
github.com/cloudposse/atmos/cmd/root.go:299.18,301.5 1 0
github.com/cloudposse/atmos/cmd/root.go:302.4,303.42 2 0
github.com/cloudposse/atmos/cmd/root.go:303.42,305.5 1 0
github.com/cloudposse/atmos/cmd/root.go:307.3,307.50 1 0
github.com/cloudposse/atmos/cmd/support.go:22.54,25.3 2 0
github.com/cloudposse/atmos/cmd/support.go:28.13,30.2 1 0
github.com/cloudposse/atmos/cmd/terraform.go:24.13,31.2 5 0
github.com/cloudposse/atmos/cmd/terraform.go:33.75,38.16 3 0
github.com/cloudposse/atmos/cmd/terraform.go:38.16,40.3 1 0
github.com/cloudposse/atmos/cmd/terraform.go:42.2,43.16 2 0
github.com/cloudposse/atmos/cmd/terraform.go:43.16,45.3 1 0
github.com/cloudposse/atmos/cmd/terraform.go:47.2,47.22 1 0
github.com/cloudposse/atmos/cmd/terraform.go:47.22,50.3 2 0
github.com/cloudposse/atmos/cmd/terraform.go:52.2,52.12 1 0
github.com/cloudposse/atmos/cmd/terraform.go:55.80,57.19 2 0
github.com/cloudposse/atmos/cmd/terraform.go:57.19,59.17 2 0
github.com/cloudposse/atmos/cmd/terraform.go:59.17,61.4 1 0
github.com/cloudposse/atmos/cmd/terraform.go:62.3,62.9 1 0
github.com/cloudposse/atmos/cmd/terraform.go:64.2,65.16 2 0
github.com/cloudposse/atmos/cmd/terraform.go:65.16,67.3 1 0
github.com/cloudposse/atmos/cmd/terraform_commands.go:13.46,31.60 1 0
github.com/cloudposse/atmos/cmd/terraform_commands.go:31.60,33.5 1 0
github.com/cloudposse/atmos/cmd/terraform_commands.go:64.60,66.5 1 0
github.com/cloudposse/atmos/cmd/terraform_commands.go:255.56,261.31 4 0
github.com/cloudposse/atmos/cmd/terraform_commands.go:261.31,264.47 3 0
github.com/cloudposse/atmos/cmd/terraform_commands.go:264.47,266.4 1 0
github.com/cloudposse/atmos/cmd/terraform_commands.go:267.3,268.54 2 0
github.com/cloudposse/atmos/cmd/terraform_commands.go:268.54,271.24 2 0
github.com/cloudposse/atmos/cmd/terraform_commands.go:271.24,273.5 1 0
github.com/cloudposse/atmos/cmd/terraform_commands.go:275.4,275.39 1 0
github.com/cloudposse/atmos/cmd/terraform_commands.go:277.3,277.28 1 0
github.com/cloudposse/atmos/cmd/terraform_commands.go:282.37,286.3 3 0
github.com/cloudposse/atmos/cmd/terraform_commands.go:287.36,290.3 2 0
github.com/cloudposse/atmos/cmd/terraform_commands.go:291.36,295.3 3 0
github.com/cloudposse/atmos/cmd/terraform_generate.go:23.13,25.2 1 0
github.com/cloudposse/atmos/cmd/terraform_generate_backend.go:17.47,23.17 4 0
github.com/cloudposse/atmos/cmd/terraform_generate_backend.go:23.17,25.4 1 0
github.com/cloudposse/atmos/cmd/terraform_generate_backend.go:29.13,33.16 4 0
github.com/cloudposse/atmos/cmd/terraform_generate_backend.go:33.16,35.3 1 0
github.com/cloudposse/atmos/cmd/terraform_generate_backend.go:37.2,37.62 1 0
github.com/cloudposse/atmos/cmd/terraform_generate_backends.go:17.47,22.17 3 0
github.com/cloudposse/atmos/cmd/terraform_generate_backends.go:22.17,24.4 1 0
github.com/cloudposse/atmos/cmd/terraform_generate_backends.go:28.13,46.2 6 0
github.com/cloudposse/atmos/cmd/terraform_generate_varfile.go:17.47,23.17 4 0
github.com/cloudposse/atmos/cmd/terraform_generate_varfile.go:23.17,25.4 1 0
github.com/cloudposse/atmos/cmd/terraform_generate_varfile.go:29.13,35.16 5 0
github.com/cloudposse/atmos/cmd/terraform_generate_varfile.go:35.16,37.3 1 0
github.com/cloudposse/atmos/cmd/terraform_generate_varfile.go:39.2,39.62 1 0
github.com/cloudposse/atmos/cmd/terraform_generate_varfiles.go:17.47,22.17 3 0
github.com/cloudposse/atmos/cmd/terraform_generate_varfiles.go:22.17,24.4 1 0
github.com/cloudposse/atmos/cmd/terraform_generate_varfiles.go:28.13,46.16 7 0
github.com/cloudposse/atmos/cmd/terraform_generate_varfiles.go:46.16,48.3 1 0
github.com/cloudposse/atmos/cmd/terraform_generate_varfiles.go:50.2,50.63 1 0
github.com/cloudposse/atmos/cmd/validate.go:16.13,18.2 1 0
github.com/cloudposse/atmos/cmd/validate_component.go:20.47,26.17 4 0
github.com/cloudposse/atmos/cmd/validate_component.go:26.17,28.4 1 0
github.com/cloudposse/atmos/cmd/validate_component.go:30.3,31.49 2 0
github.com/cloudposse/atmos/cmd/validate_component.go:35.13,45.16 8 0
github.com/cloudposse/atmos/cmd/validate_component.go:45.16,47.3 1 0
github.com/cloudposse/atmos/cmd/validate_component.go:49.2,49.46 1 0
github.com/cloudposse/atmos/cmd/validate_editorconfig.go:36.60,38.3 1 0
github.com/cloudposse/atmos/cmd/validate_editorconfig.go:39.47,41.20 2 0
github.com/cloudposse/atmos/cmd/validate_editorconfig.go:41.20,43.4 1 0
github.com/cloudposse/atmos/cmd/validate_editorconfig.go:44.3,44.17 1 0
github.com/cloudposse/atmos/cmd/validate_editorconfig.go:49.43,53.26 3 0
github.com/cloudposse/atmos/cmd/validate_editorconfig.go:53.26,55.3 1 0
github.com/cloudposse/atmos/cmd/validate_editorconfig.go:55.8,57.3 1 0
github.com/cloudposse/atmos/cmd/validate_editorconfig.go:59.2,61.22 2 0
github.com/cloudposse/atmos/cmd/validate_editorconfig.go:61.22,63.17 2 0
github.com/cloudposse/atmos/cmd/validate_editorconfig.go:63.17,65.4 1 0
github.com/cloudposse/atmos/cmd/validate_editorconfig.go:68.2,70.22 2 0
github.com/cloudposse/atmos/cmd/validate_editorconfig.go:70.22,72.3 1 0
github.com/cloudposse/atmos/cmd/validate_editorconfig.go:74.2,74.32 1 0
github.com/cloudposse/atmos/cmd/validate_editorconfig.go:77.92,78.94 1 0
github.com/cloudposse/atmos/cmd/validate_editorconfig.go:78.94,80.3 1 0
github.com/cloudposse/atmos/cmd/validate_editorconfig.go:81.2,81.91 1 0
github.com/cloudposse/atmos/cmd/validate_editorconfig.go:81.91,83.3 1 0
github.com/cloudposse/atmos/cmd/validate_editorconfig.go:84.2,84.76 1 0
github.com/cloudposse/atmos/cmd/validate_editorconfig.go:84.76,86.3 1 0
github.com/cloudposse/atmos/cmd/validate_editorconfig.go:87.2,87.97 1 0
github.com/cloudposse/atmos/cmd/validate_editorconfig.go:87.97,89.3 1 0
github.com/cloudposse/atmos/cmd/validate_editorconfig.go:90.2,90.81 1 0
github.com/cloudposse/atmos/cmd/validate_editorconfig.go:90.81,92.3 1 0
github.com/cloudposse/atmos/cmd/validate_editorconfig.go:93.2,93.86 1 0
github.com/cloudposse/atmos/cmd/validate_editorconfig.go:93.86,95.34 2 0
github.com/cloudposse/atmos/cmd/validate_editorconfig.go:95.34,97.4 1 0
github.com/cloudposse/atmos/cmd/validate_editorconfig.go:98.3,98.28 1 0
github.com/cloudposse/atmos/cmd/validate_editorconfig.go:99.8,99.42 1 0
github.com/cloudposse/atmos/cmd/validate_editorconfig.go:99.42,101.34 2 0
github.com/cloudposse/atmos/cmd/validate_editorconfig.go:101.34,103.4 1 0
github.com/cloudposse/atmos/cmd/validate_editorconfig.go:104.3,104.28 1 0
github.com/cloudposse/atmos/cmd/validate_editorconfig.go:106.2,106.77 1 0
github.com/cloudposse/atmos/cmd/validate_editorconfig.go:106.77,108.3 1 0
github.com/cloudposse/atmos/cmd/validate_editorconfig.go:108.8,108.46 1 0
github.com/cloudposse/atmos/cmd/validate_editorconfig.go:108.46,109.80 1 0
github.com/cloudposse/atmos/cmd/validate_editorconfig.go:109.80,111.4 1 0
github.com/cloudposse/atmos/cmd/validate_editorconfig.go:113.2,113.82 1 0
github.com/cloudposse/atmos/cmd/validate_editorconfig.go:113.82,115.3 1 0
github.com/cloudposse/atmos/cmd/validate_editorconfig.go:116.2,116.129 1 0
github.com/cloudposse/atmos/cmd/validate_editorconfig.go:116.129,118.3 1 0
github.com/cloudposse/atmos/cmd/validate_editorconfig.go:119.2,119.103 1 0
github.com/cloudposse/atmos/cmd/validate_editorconfig.go:119.103,121.3 1 0
github.com/cloudposse/atmos/cmd/validate_editorconfig.go:122.2,122.121 1 0
github.com/cloudposse/atmos/cmd/validate_editorconfig.go:122.121,124.3 1 0
github.com/cloudposse/atmos/cmd/validate_editorconfig.go:125.2,125.105 1 0
github.com/cloudposse/atmos/cmd/validate_editorconfig.go:125.105,127.3 1 0
github.com/cloudposse/atmos/cmd/validate_editorconfig.go:128.2,128.104 1 0
github.com/cloudposse/atmos/cmd/validate_editorconfig.go:128.104,130.3 1 0
github.com/cloudposse/atmos/cmd/validate_editorconfig.go:131.2,131.111 1 0
github.com/cloudposse/atmos/cmd/validate_editorconfig.go:131.111,133.3 1 0
github.com/cloudposse/atmos/cmd/validate_editorconfig.go:137.21,142.45 4 0
github.com/cloudposse/atmos/cmd/validate_editorconfig.go:142.45,144.3 1 0
github.com/cloudposse/atmos/cmd/validate_editorconfig.go:146.2,147.16 2 0
github.com/cloudposse/atmos/cmd/validate_editorconfig.go:147.16,149.3 1 0
github.com/cloudposse/atmos/cmd/validate_editorconfig.go:151.2,151.19 1 0
github.com/cloudposse/atmos/cmd/validate_editorconfig.go:151.19,152.34 1 0
github.com/cloudposse/atmos/cmd/validate_editorconfig.go:152.34,154.4 1 0
github.com/cloudposse/atmos/cmd/validate_editorconfig.go:155.3,155.13 1 0
github.com/cloudposse/atmos/cmd/validate_editorconfig.go:158.2,161.21 4 0
github.com/cloudposse/atmos/cmd/validate_editorconfig.go:161.21,164.3 2 0
github.com/cloudposse/atmos/cmd/validate_editorconfig.go:165.2,165.35 1 0
github.com/cloudposse/atmos/cmd/validate_editorconfig.go:168.47,169.60 1 0
github.com/cloudposse/atmos/cmd/validate_editorconfig.go:169.60,171.3 1 0
github.com/cloudposse/atmos/cmd/validate_editorconfig.go:172.2,172.39 1 0
github.com/cloudposse/atmos/cmd/validate_editorconfig.go:172.39,175.3 1 0
github.com/cloudposse/atmos/cmd/validate_editorconfig.go:177.2,177.12 1 0
github.com/cloudposse/atmos/cmd/validate_editorconfig.go:181.45,197.2 14 0
github.com/cloudposse/atmos/cmd/validate_editorconfig.go:199.13,204.2 2 0
github.com/cloudposse/atmos/cmd/validate_stacks.go:19.47,24.17 3 0
github.com/cloudposse/atmos/cmd/validate_stacks.go:24.17,26.4 1 0
github.com/cloudposse/atmos/cmd/validate_stacks.go:28.3,28.85 1 0
github.com/cloudposse/atmos/cmd/validate_stacks.go:32.13,38.2 3 0
github.com/cloudposse/atmos/cmd/vendor.go:16.13,18.2 1 0
github.com/cloudposse/atmos/cmd/vendor_diff.go:16.47,24.17 4 0
github.com/cloudposse/atmos/cmd/vendor_diff.go:24.17,26.4 1 0
github.com/cloudposse/atmos/cmd/vendor_diff.go:30.13,38.2 4 0
github.com/cloudposse/atmos/cmd/vendor_pull.go:17.47,23.17 3 0
github.com/cloudposse/atmos/cmd/vendor_pull.go:23.17,25.4 1 0
github.com/cloudposse/atmos/cmd/vendor_pull.go:29.13,39.2 9 0
github.com/cloudposse/atmos/cmd/version.go:23.47,27.17 3 0
github.com/cloudposse/atmos/cmd/version.go:27.17,29.4 1 0
github.com/cloudposse/atmos/cmd/version.go:31.3,36.16 4 0
github.com/cloudposse/atmos/cmd/version.go:36.16,39.44 2 0
github.com/cloudposse/atmos/cmd/version.go:39.44,40.19 1 0
github.com/cloudposse/atmos/cmd/version.go:40.19,43.6 2 0
github.com/cloudposse/atmos/cmd/version.go:44.5,44.31 1 0
github.com/cloudposse/atmos/cmd/version.go:44.31,47.6 2 0
github.com/cloudposse/atmos/cmd/version.go:48.5,51.40 3 0
github.com/cloudposse/atmos/cmd/version.go:51.40,53.6 1 0
github.com/cloudposse/atmos/cmd/version.go:53.11,55.6 1 0
github.com/cloudposse/atmos/cmd/version.go:57.4,57.10 1 0
github.com/cloudposse/atmos/cmd/version.go:61.3,61.50 1 0
github.com/cloudposse/atmos/cmd/version.go:65.13,68.2 2 0
github.com/cloudposse/atmos/cmd/workflow.go:24.47,27.21 2 0
github.com/cloudposse/atmos/cmd/workflow.go:27.21,29.18 2 0
github.com/cloudposse/atmos/cmd/workflow.go:29.18,31.5 1 0
github.com/cloudposse/atmos/cmd/workflow.go:32.4,32.10 1 0
github.com/cloudposse/atmos/cmd/workflow.go:36.3,39.25 2 0
github.com/cloudposse/atmos/cmd/workflow.go:39.25,41.4 1 0
github.com/cloudposse/atmos/cmd/workflow.go:44.3,45.17 2 0
github.com/cloudposse/atmos/cmd/workflow.go:45.17,47.55 1 0
github.com/cloudposse/atmos/cmd/workflow.go:47.55,49.5 1 0
github.com/cloudposse/atmos/cmd/workflow.go:49.10,49.80 1 0
github.com/cloudposse/atmos/cmd/workflow.go:49.80,51.5 1 0
github.com/cloudposse/atmos/cmd/workflow.go:51.10,54.5 1 0
github.com/cloudposse/atmos/cmd/workflow.go:59.13,67.2 6 0
github.com/cloudposse/atmos/internal/tui/components/code_view/main.go:19.36,31.2 3 0
github.com/cloudposse/atmos/internal/tui/components/code_view/main.go:34.32,36.2 1 0
github.com/cloudposse/atmos/internal/tui/components/code_view/main.go:39.61,43.48 3 0
github.com/cloudposse/atmos/internal/tui/components/code_view/main.go:43.48,46.17 3 0
github.com/cloudposse/atmos/internal/tui/components/code_view/main.go:46.17,49.4 1 0
github.com/cloudposse/atmos/internal/tui/components/code_view/main.go:50.8,53.17 3 0
github.com/cloudposse/atmos/internal/tui/components/code_view/main.go:53.17,56.4 1 0
github.com/cloudposse/atmos/internal/tui/components/code_view/main.go:59.2,67.20 4 0
github.com/cloudposse/atmos/internal/tui/components/code_view/main.go:71.46,73.2 1 0
github.com/cloudposse/atmos/internal/tui/components/code_view/main.go:76.48,84.2 3 0
github.com/cloudposse/atmos/internal/tui/components/code_view/main.go:87.54,91.2 3 0
github.com/cloudposse/atmos/internal/tui/components/code_view/main.go:94.31,100.2 2 0
github.com/cloudposse/atmos/internal/tui/components/code_view/main.go:102.28,104.2 1 0
github.com/cloudposse/atmos/internal/tui/components/code_view/main.go:106.30,108.2 1 0
github.com/cloudposse/atmos/internal/tui/atmos/column.go:19.30,21.2 1 0
github.com/cloudposse/atmos/internal/tui/atmos/column.go:23.29,25.2 1 0
github.com/cloudposse/atmos/internal/tui/atmos/column.go:27.37,29.2 1 0
github.com/cloudposse/atmos/internal/tui/atmos/column.go:31.46,33.24 2 0
github.com/cloudposse/atmos/internal/tui/atmos/column.go:33.24,35.3 1 0
github.com/cloudposse/atmos/internal/tui/atmos/column.go:37.2,44.3 3 0
github.com/cloudposse/atmos/internal/tui/atmos/column.go:48.37,50.2 1 0
github.com/cloudposse/atmos/internal/tui/atmos/column.go:53.63,55.31 2 0
github.com/cloudposse/atmos/internal/tui/atmos/column.go:56.25,58.52 2 0
github.com/cloudposse/atmos/internal/tui/atmos/column.go:60.2,61.15 2 0
github.com/cloudposse/atmos/internal/tui/atmos/column.go:64.36,66.2 1 0
github.com/cloudposse/atmos/internal/tui/atmos/column.go:68.49,70.2 1 0
github.com/cloudposse/atmos/internal/tui/atmos/column.go:72.48,75.17 2 0
github.com/cloudposse/atmos/internal/tui/atmos/column.go:75.17,77.3 1 0
github.com/cloudposse/atmos/internal/tui/atmos/column.go:77.8,79.3 1 0
github.com/cloudposse/atmos/internal/tui/atmos/column.go:81.2,81.10 1 0
github.com/cloudposse/atmos/internal/tui/atmos/keys.go:6.43,18.2 1 0
github.com/cloudposse/atmos/internal/tui/atmos/keys.go:21.44,27.2 1 0
github.com/cloudposse/atmos/internal/tui/atmos/list_item.go:23.40,23.52 1 0
github.com/cloudposse/atmos/internal/tui/atmos/list_item.go:25.41,25.53 1 0
github.com/cloudposse/atmos/internal/tui/atmos/list_item.go:27.68,27.82 1 0
github.com/cloudposse/atmos/internal/tui/atmos/list_item.go:29.40,29.60 1 0
github.com/cloudposse/atmos/internal/tui/atmos/list_item.go:31.88,33.9 2 0
github.com/cloudposse/atmos/internal/tui/atmos/list_item.go:33.9,35.3 1 0
github.com/cloudposse/atmos/internal/tui/atmos/list_item.go:37.2,38.24 2 0
github.com/cloudposse/atmos/internal/tui/atmos/list_item.go:38.24,39.33 1 0
github.com/cloudposse/atmos/internal/tui/atmos/list_item.go:39.33,41.4 1 0
github.com/cloudposse/atmos/internal/tui/atmos/list_item.go:44.2,45.31 2 0
github.com/cloudposse/atmos/internal/tui/atmos/model.go:31.119,50.2 5 0
github.com/cloudposse/atmos/internal/tui/atmos/model.go:52.32,54.2 1 0
github.com/cloudposse/atmos/internal/tui/atmos/model.go:56.58,58.31 1 0
github.com/cloudposse/atmos/internal/tui/atmos/model.go:59.25,64.45 5 0
github.com/cloudposse/atmos/internal/tui/atmos/model.go:64.45,69.4 4 0
github.com/cloudposse/atmos/internal/tui/atmos/model.go:70.3,71.33 2 0
github.com/cloudposse/atmos/internal/tui/atmos/model.go:73.20,74.47 1 0
github.com/cloudposse/atmos/internal/tui/atmos/model.go:74.47,78.4 3 0
github.com/cloudposse/atmos/internal/tui/atmos/model.go:79.3,79.49 1 0
github.com/cloudposse/atmos/internal/tui/atmos/model.go:79.49,83.4 3 0
github.com/cloudposse/atmos/internal/tui/atmos/model.go:84.3,84.44 1 0
github.com/cloudposse/atmos/internal/tui/atmos/model.go:84.44,85.46 1 0
github.com/cloudposse/atmos/internal/tui/atmos/model.go:85.46,87.35 2 0
github.com/cloudposse/atmos/internal/tui/atmos/model.go:87.35,91.11 4 0
github.com/cloudposse/atmos/internal/tui/atmos/model.go:96.18,97.10 1 0
github.com/cloudposse/atmos/internal/tui/atmos/model.go:98.41,100.24 2 0
github.com/cloudposse/atmos/internal/tui/atmos/model.go:101.42,104.18 3 0
github.com/cloudposse/atmos/internal/tui/atmos/model.go:104.18,106.5 1 0
github.com/cloudposse/atmos/internal/tui/atmos/model.go:106.10,109.5 2 0
github.com/cloudposse/atmos/internal/tui/atmos/model.go:110.43,112.24 2 0
github.com/cloudposse/atmos/internal/tui/atmos/model.go:113.38,116.19 3 0
github.com/cloudposse/atmos/internal/tui/atmos/model.go:117.40,120.19 3 0
github.com/cloudposse/atmos/internal/tui/atmos/model.go:121.40,125.19 4 0
github.com/cloudposse/atmos/internal/tui/atmos/model.go:126.41,130.19 4 0
github.com/cloudposse/atmos/internal/tui/atmos/model.go:131.56,134.19 2 0
github.com/cloudposse/atmos/internal/tui/atmos/model.go:139.2,141.17 3 0
github.com/cloudposse/atmos/internal/tui/atmos/model.go:144.31,145.14 1 0
github.com/cloudposse/atmos/internal/tui/atmos/model.go:145.14,147.3 1 0
github.com/cloudposse/atmos/internal/tui/atmos/model.go:149.2,149.17 1 0
github.com/cloudposse/atmos/internal/tui/atmos/model.go:149.17,151.3 1 0
github.com/cloudposse/atmos/internal/tui/atmos/model.go:153.2,160.90 2 0
github.com/cloudposse/atmos/internal/tui/atmos/model.go:163.45,165.2 1 0
github.com/cloudposse/atmos/internal/tui/atmos/model.go:167.43,169.2 1 0
github.com/cloudposse/atmos/internal/tui/atmos/model.go:171.47,173.2 1 0
github.com/cloudposse/atmos/internal/tui/atmos/model.go:175.39,177.2 1 0
github.com/cloudposse/atmos/internal/tui/atmos/model.go:179.87,186.67 2 0
github.com/cloudposse/atmos/internal/tui/atmos/model.go:186.67,188.3 1 0
github.com/cloudposse/atmos/internal/tui/atmos/model.go:190.2,195.38 5 0
github.com/cloudposse/atmos/internal/tui/atmos/model.go:195.38,196.80 1 0
github.com/cloudposse/atmos/internal/tui/atmos/model.go:196.80,198.4 1 0
github.com/cloudposse/atmos/internal/tui/atmos/model.go:200.3,201.92 2 0
github.com/cloudposse/atmos/internal/tui/atmos/model.go:201.92,203.4 1 0
github.com/cloudposse/atmos/internal/tui/atmos/model.go:206.2,225.50 18 0
github.com/cloudposse/atmos/internal/tui/atmos/model.go:228.42,229.28 1 0
github.com/cloudposse/atmos/internal/tui/atmos/model.go:229.28,231.3 1 0
github.com/cloudposse/atmos/internal/tui/atmos/model.go:232.2,232.30 1 0
github.com/cloudposse/atmos/internal/tui/atmos/model.go:235.42,236.28 1 0
github.com/cloudposse/atmos/internal/tui/atmos/model.go:236.28,238.3 1 0
github.com/cloudposse/atmos/internal/tui/atmos/model.go:239.2,239.30 1 0
github.com/cloudposse/atmos/internal/tui/atmos/model.go:242.48,243.28 1 0
github.com/cloudposse/atmos/internal/tui/atmos/model.go:243.28,245.22 2 0
github.com/cloudposse/atmos/internal/tui/atmos/model.go:245.22,247.4 1 0
github.com/cloudposse/atmos/internal/tui/atmos/model.go:248.3,250.29 3 0
github.com/cloudposse/atmos/internal/tui/atmos/model.go:250.29,252.4 1 0
github.com/cloudposse/atmos/internal/tui/atmos/model.go:252.9,254.4 1 0
github.com/cloudposse/atmos/internal/tui/atmos/model.go:255.3,255.64 1 0
github.com/cloudposse/atmos/internal/tui/atmos/model.go:255.64,257.4 1 0
github.com/cloudposse/atmos/internal/tui/atmos/model.go:258.3,260.42 3 0
github.com/cloudposse/atmos/internal/tui/atmos/model.go:264.27,271.28 6 0
github.com/cloudposse/atmos/internal/tui/atmos/model.go:271.28,273.3 1 0
github.com/cloudposse/atmos/internal/tui/atmos/model.go:273.8,275.3 1 0
github.com/cloudposse/atmos/internal/tui/atmos/model.go:277.2,277.28 1 0
github.com/cloudposse/atmos/internal/tui/atmos/model.go:277.28,280.3 2 0
github.com/cloudposse/atmos/internal/tui/atmos/model.go:280.8,283.3 2 0
github.com/cloudposse/atmos/internal/tui/atmos/model.go:285.2,286.30 2 0
github.com/cloudposse/atmos/internal/tui/atmos/model.go:286.30,288.3 1 0
github.com/cloudposse/atmos/internal/tui/atmos/model.go:288.8,290.3 1 0
github.com/cloudposse/atmos/internal/tui/atmos/model.go:292.2,293.26 2 0
github.com/cloudposse/atmos/internal/tui/atmos/model.go:293.26,295.3 1 0
github.com/cloudposse/atmos/internal/tui/atmos/model.go:295.8,297.3 1 0
github.com/cloudposse/atmos/internal/tui/atmos/model.go:300.46,308.34 6 0
github.com/cloudposse/atmos/internal/tui/atmos/model.go:308.34,311.3 2 0
github.com/cloudposse/atmos/internal/tui/atmos/model.go:311.8,311.41 1 0
github.com/cloudposse/atmos/internal/tui/atmos/model.go:311.41,314.3 2 0
github.com/cloudposse/atmos/internal/tui/atmos/model.go:318.2,323.28 4 0
github.com/cloudposse/atmos/internal/tui/atmos/model.go:323.28,327.39 3 0
github.com/cloudposse/atmos/internal/tui/atmos/model.go:327.39,328.82 1 0
github.com/cloudposse/atmos/internal/tui/atmos/model.go:328.82,330.5 1 0
github.com/cloudposse/atmos/internal/tui/atmos/model.go:331.4,332.98 2 0
github.com/cloudposse/atmos/internal/tui/atmos/model.go:332.98,334.5 1 0
github.com/cloudposse/atmos/internal/tui/atmos/model.go:335.4,336.52 2 0
github.com/cloudposse/atmos/internal/tui/atmos/model.go:338.8,342.39 3 0
github.com/cloudposse/atmos/internal/tui/atmos/model.go:342.39,343.86 1 0
github.com/cloudposse/atmos/internal/tui/atmos/model.go:343.86,345.5 1 0
github.com/cloudposse/atmos/internal/tui/atmos/model.go:346.4,347.98 2 0
github.com/cloudposse/atmos/internal/tui/atmos/model.go:347.98,349.5 1 0
github.com/cloudposse/atmos/internal/tui/atmos/model.go:350.4,351.48 2 0
github.com/cloudposse/atmos/internal/tui/atmos/tui.go:9.129,17.16 6 0
github.com/cloudposse/atmos/internal/tui/atmos/tui.go:17.16,19.3 1 0
github.com/cloudposse/atmos/internal/tui/atmos/tui.go:21.2,21.17 1 0
github.com/cloudposse/atmos/internal/tui/templates/base_template.go:19.68,21.30 2 0
github.com/cloudposse/atmos/internal/tui/templates/base_template.go:21.30,23.3 1 0
github.com/cloudposse/atmos/internal/tui/templates/base_template.go:24.2,24.24 1 0
github.com/cloudposse/atmos/internal/tui/templates/base_template.go:27.54,28.17 1 0
github.com/cloudposse/atmos/internal/tui/templates/base_template.go:29.23,31.2 1 0
github.com/cloudposse/atmos/internal/tui/templates/base_template.go:32.28,38.60 1 0
github.com/cloudposse/atmos/internal/tui/templates/base_template.go:39.15,44.30 1 0
github.com/cloudposse/atmos/internal/tui/templates/base_template.go:45.25,50.57 1 0
github.com/cloudposse/atmos/internal/tui/templates/base_template.go:51.25,57.57 1 0
github.com/cloudposse/atmos/internal/tui/templates/base_template.go:58.16,64.36 1 0
github.com/cloudposse/atmos/internal/tui/templates/base_template.go:65.13,71.68 1 0
github.com/cloudposse/atmos/internal/tui/templates/base_template.go:72.19,78.72 1 0
github.com/cloudposse/atmos/internal/tui/templates/base_template.go:79.22,84.46 1 0
github.com/cloudposse/atmos/internal/tui/templates/base_template.go:85.13,90.49 1 0
github.com/cloudposse/atmos/internal/tui/templates/base_template.go:91.14,94.26 1 0
github.com/cloudposse/atmos/internal/tui/templates/base_template.go:95.10,96.12 1 0
github.com/cloudposse/atmos/internal/tui/templates/help_printer.go:28.104,29.16 1 0
github.com/cloudposse/atmos/internal/tui/templates/help_printer.go:29.16,31.3 1 0
github.com/cloudposse/atmos/internal/tui/templates/help_printer.go:32.2,32.18 1 0
github.com/cloudposse/atmos/internal/tui/templates/help_printer.go:32.18,34.3 1 0
github.com/cloudposse/atmos/internal/tui/templates/help_printer.go:36.2,36.26 1 0
github.com/cloudposse/atmos/internal/tui/templates/help_printer.go:36.26,38.3 1 0
github.com/cloudposse/atmos/internal/tui/templates/help_printer.go:40.2,44.8 1 0
github.com/cloudposse/atmos/internal/tui/templates/help_printer.go:47.55,49.40 2 0
github.com/cloudposse/atmos/internal/tui/templates/help_printer.go:49.40,52.30 2 0
github.com/cloudposse/atmos/internal/tui/templates/help_printer.go:52.30,53.35 1 0
github.com/cloudposse/atmos/internal/tui/templates/help_printer.go:53.35,55.5 1 0
github.com/cloudposse/atmos/internal/tui/templates/help_printer.go:55.10,57.5 1 0
github.com/cloudposse/atmos/internal/tui/templates/help_printer.go:58.9,59.35 1 0
github.com/cloudposse/atmos/internal/tui/templates/help_printer.go:59.35,61.5 1 0
github.com/cloudposse/atmos/internal/tui/templates/help_printer.go:61.10,63.5 1 0
github.com/cloudposse/atmos/internal/tui/templates/help_printer.go:66.3,66.22 1 0
github.com/cloudposse/atmos/internal/tui/templates/help_printer.go:66.22,68.4 1 0
github.com/cloudposse/atmos/internal/tui/templates/help_printer.go:70.2,70.15 1 0
github.com/cloudposse/atmos/internal/tui/templates/help_printer.go:73.59,76.16 3 0
github.com/cloudposse/atmos/internal/tui/templates/help_printer.go:76.16,78.3 1 0
github.com/cloudposse/atmos/internal/tui/templates/help_printer.go:80.2,82.26 2 0
github.com/cloudposse/atmos/internal/tui/templates/help_printer.go:82.26,83.34 1 0
github.com/cloudposse/atmos/internal/tui/templates/help_printer.go:83.34,86.4 1 0
github.com/cloudposse/atmos/internal/tui/templates/help_printer.go:86.9,89.4 1 0
github.com/cloudposse/atmos/internal/tui/templates/help_printer.go:90.8,91.34 1 0
github.com/cloudposse/atmos/internal/tui/templates/help_printer.go:91.34,94.4 1 0
github.com/cloudposse/atmos/internal/tui/templates/help_printer.go:94.9,97.4 1 0
github.com/cloudposse/atmos/internal/tui/templates/help_printer.go:100.2,101.31 2 0
github.com/cloudposse/atmos/internal/tui/templates/help_printer.go:101.31,102.65 1 0
github.com/cloudposse/atmos/internal/tui/templates/help_printer.go:102.65,104.4 1 0
github.com/cloudposse/atmos/internal/tui/templates/help_printer.go:105.3,106.36 2 0
github.com/cloudposse/atmos/internal/tui/templates/help_printer.go:109.2,114.44 4 0
github.com/cloudposse/atmos/internal/tui/templates/help_printer.go:114.44,116.3 1 0
github.com/cloudposse/atmos/internal/tui/templates/help_printer.go:118.2,120.16 3 0
github.com/cloudposse/atmos/internal/tui/templates/help_printer.go:120.16,122.3 1 0
github.com/cloudposse/atmos/internal/tui/templates/help_printer.go:123.2,125.20 3 0
github.com/cloudposse/atmos/internal/tui/templates/help_printer.go:125.20,127.3 1 0
github.com/cloudposse/atmos/internal/tui/templates/help_printer.go:129.2,129.93 1 0
github.com/cloudposse/atmos/internal/tui/templates/help_printer.go:129.93,131.3 1 0
github.com/cloudposse/atmos/internal/tui/templates/help_printer.go:134.2,134.33 1 0
github.com/cloudposse/atmos/internal/tui/templates/help_printer.go:134.33,135.96 1 0
github.com/cloudposse/atmos/internal/tui/templates/help_printer.go:135.96,137.4 1 0
github.com/cloudposse/atmos/internal/tui/templates/help_printer.go:140.2,140.47 1 0
github.com/cloudposse/atmos/internal/tui/templates/help_printer.go:140.47,142.3 1 0
github.com/cloudposse/atmos/internal/tui/templates/templater.go:36.87,38.20 2 0
github.com/cloudposse/atmos/internal/tui/templates/templater.go:38.20,42.3 3 0
github.com/cloudposse/atmos/internal/tui/templates/templater.go:43.2,45.58 3 0
github.com/cloudposse/atmos/internal/tui/templates/templater.go:53.89,54.24 1 0
github.com/cloudposse/atmos/internal/tui/templates/templater.go:54.24,56.3 1 0
github.com/cloudposse/atmos/internal/tui/templates/templater.go:57.2,59.31 3 0
github.com/cloudposse/atmos/internal/tui/templates/templater.go:59.31,61.3 1 0
github.com/cloudposse/atmos/internal/tui/templates/templater.go:62.2,62.31 1 0
github.com/cloudposse/atmos/internal/tui/templates/templater.go:62.31,63.37 1 0
github.com/cloudposse/atmos/internal/tui/templates/templater.go:63.37,64.34 1 0
github.com/cloudposse/atmos/internal/tui/templates/templater.go:64.34,65.13 1 0
github.com/cloudposse/atmos/internal/tui/templates/templater.go:67.4,70.41 4 0
github.com/cloudposse/atmos/internal/tui/templates/templater.go:73.2,73.17 1 0
github.com/cloudposse/atmos/internal/tui/templates/templater.go:76.52,78.16 2 0
github.com/cloudposse/atmos/internal/tui/templates/templater.go:78.16,80.3 1 0
github.com/cloudposse/atmos/internal/tui/templates/templater.go:81.2,82.26 2 0
github.com/cloudposse/atmos/internal/tui/templates/templater.go:82.26,84.3 1 0
github.com/cloudposse/atmos/internal/tui/templates/templater.go:85.2,87.42 3 0
github.com/cloudposse/atmos/internal/tui/templates/templater.go:87.42,89.3 1 0
github.com/cloudposse/atmos/internal/tui/templates/templater.go:89.8,91.3 1 0
github.com/cloudposse/atmos/internal/tui/templates/templater.go:92.2,92.16 1 0
github.com/cloudposse/atmos/internal/tui/templates/templater.go:92.16,94.3 1 0
github.com/cloudposse/atmos/internal/tui/templates/templater.go:95.2,95.11 1 0
github.com/cloudposse/atmos/internal/tui/templates/templater.go:98.60,99.27 1 0
github.com/cloudposse/atmos/internal/tui/templates/templater.go:99.27,100.49 1 0
github.com/cloudposse/atmos/internal/tui/templates/templater.go:100.49,102.4 1 0
github.com/cloudposse/atmos/internal/tui/templates/templater.go:104.2,104.14 1 0
github.com/cloudposse/atmos/internal/tui/templates/templater.go:107.51,109.2 1 0
github.com/cloudposse/atmos/internal/tui/templates/templater.go:111.36,112.39 1 0
github.com/cloudposse/atmos/internal/tui/templates/templater.go:112.39,115.3 2 0
github.com/cloudposse/atmos/internal/tui/templates/templater.go:116.2,116.10 1 0
github.com/cloudposse/atmos/internal/tui/templates/templater.go:119.44,121.16 2 0
github.com/cloudposse/atmos/internal/tui/templates/templater.go:121.16,123.3 1 0
github.com/cloudposse/atmos/internal/tui/templates/templater.go:125.2,126.16 2 0
github.com/cloudposse/atmos/internal/tui/templates/templater.go:126.16,128.3 1 0
github.com/cloudposse/atmos/internal/tui/templates/templater.go:129.2,129.11 1 0
github.com/cloudposse/atmos/internal/tui/templates/templater.go:133.68,139.27 4 0
github.com/cloudposse/atmos/internal/tui/templates/templater.go:139.27,140.54 1 0
github.com/cloudposse/atmos/internal/tui/templates/templater.go:140.54,142.4 1 0
github.com/cloudposse/atmos/internal/tui/templates/templater.go:143.3,143.19 1 0
github.com/cloudposse/atmos/internal/tui/templates/templater.go:144.31,145.42 1 0
github.com/cloudposse/atmos/internal/tui/templates/templater.go:145.42,147.33 2 0
github.com/cloudposse/atmos/internal/tui/templates/templater.go:147.33,149.6 1 0
github.com/cloudposse/atmos/internal/tui/templates/templater.go:150.5,150.13 1 0
github.com/cloudposse/atmos/internal/tui/templates/templater.go:152.17,153.50 1 0
github.com/cloudposse/atmos/internal/tui/templates/templater.go:153.50,155.33 2 0
github.com/cloudposse/atmos/internal/tui/templates/templater.go:155.33,157.6 1 0
github.com/cloudposse/atmos/internal/tui/templates/templater.go:158.5,158.13 1 0
github.com/cloudposse/atmos/internal/tui/templates/templater.go:160.28,165.56 1 0
github.com/cloudposse/atmos/internal/tui/templates/templater.go:165.56,167.33 2 0
github.com/cloudposse/atmos/internal/tui/templates/templater.go:167.33,169.6 1 0
github.com/cloudposse/atmos/internal/tui/templates/templater.go:171.11,172.50 1 0
github.com/cloudposse/atmos/internal/tui/templates/templater.go:172.50,173.13 1 0
github.com/cloudposse/atmos/internal/tui/templates/templater.go:175.4,175.56 1 0
github.com/cloudposse/atmos/internal/tui/templates/templater.go:175.56,177.33 2 0
github.com/cloudposse/atmos/internal/tui/templates/templater.go:177.33,179.6 1 0
github.com/cloudposse/atmos/internal/tui/templates/templater.go:184.2,186.48 2 0
github.com/cloudposse/atmos/internal/tui/templates/templater.go:186.48,192.26 3 0
github.com/cloudposse/atmos/internal/tui/templates/templater.go:192.26,194.4 1 0
github.com/cloudposse/atmos/internal/tui/templates/templater.go:195.3,195.26 1 0
github.com/cloudposse/atmos/internal/tui/templates/templater.go:195.26,197.4 1 0
github.com/cloudposse/atmos/internal/tui/templates/templater.go:199.3,199.15 1 0
github.com/cloudposse/atmos/internal/tui/templates/templater.go:201.2,201.36 1 0
github.com/cloudposse/atmos/internal/tui/templates/templater.go:201.36,203.3 1 0
github.com/cloudposse/atmos/internal/tui/templates/templater.go:205.2,205.34 1 0
github.com/cloudposse/atmos/internal/tui/templates/templater.go:210.51,211.16 1 0
github.com/cloudposse/atmos/internal/tui/templates/templater.go:211.16,213.3 1 0
github.com/cloudposse/atmos/internal/tui/templates/templater.go:214.2,238.12 9 0
github.com/cloudposse/atmos/internal/tui/templates/templater.go:242.29,247.42 3 0
github.com/cloudposse/atmos/internal/tui/templates/templater.go:247.42,249.34 2 0
github.com/cloudposse/atmos/internal/tui/templates/templater.go:249.34,251.4 1 0
github.com/cloudposse/atmos/internal/tui/templates/templater.go:254.2,254.20 1 0
github.com/cloudposse/atmos/internal/tui/templates/templater.go:258.49,262.16 4 0
github.com/cloudposse/atmos/internal/tui/templates/templater.go:262.16,266.3 1 0
github.com/cloudposse/atmos/internal/tui/templates/templater.go:268.2,270.36 2 0
github.com/cloudposse/atmos/internal/tui/templates/templater.go:270.36,272.3 1 0
github.com/cloudposse/atmos/internal/tui/templates/templater.go:274.2,274.25 1 0
github.com/cloudposse/atmos/internal/tui/templates/term/term_writer.go:27.49,29.9 2 0
github.com/cloudposse/atmos/internal/tui/templates/term/term_writer.go:29.9,31.3 1 0
github.com/cloudposse/atmos/internal/tui/templates/term/term_writer.go:33.2,33.30 1 0
github.com/cloudposse/atmos/internal/tui/templates/term/term_writer.go:33.30,35.3 1 0
github.com/cloudposse/atmos/internal/tui/templates/term/term_writer.go:37.2,38.16 2 0
github.com/cloudposse/atmos/internal/tui/templates/term/term_writer.go:38.16,40.3 1 0
github.com/cloudposse/atmos/internal/tui/templates/term/term_writer.go:43.2,44.9 2 0
github.com/cloudposse/atmos/internal/tui/templates/term/term_writer.go:45.25,45.25 0 0
github.com/cloudposse/atmos/internal/tui/templates/term/term_writer.go:48.28,49.22 1 0
github.com/cloudposse/atmos/internal/tui/templates/term/term_writer.go:50.25,51.19 1 0
github.com/cloudposse/atmos/internal/tui/templates/term/term_writer.go:52.10,53.22 1 0
github.com/cloudposse/atmos/internal/tui/templates/term/term_writer.go:56.2,59.3 1 0
github.com/cloudposse/atmos/internal/tui/templates/term/term_writer.go:62.55,63.18 1 0
github.com/cloudposse/atmos/internal/tui/templates/term/term_writer.go:63.18,65.3 1 0
github.com/cloudposse/atmos/internal/tui/templates/term/term_writer.go:68.2,71.16 4 0
github.com/cloudposse/atmos/internal/tui/templates/term/term_writer.go:71.16,73.3 1 0
github.com/cloudposse/atmos/internal/tui/templates/term/term_writer.go:75.2,75.25 1 0
github.com/cloudposse/atmos/internal/tui/templates/term/term_writer.go:78.42,80.2 1 0
github.com/cloudposse/atmos/internal/tui/templates/term/term_writer.go:83.35,87.2 3 0
github.com/cloudposse/atmos/internal/tui/templates/term/term_writer.go:90.35,94.2 3 0
github.com/cloudposse/atmos/internal/tui/workflow/column.go:28.33,29.63 1 0
github.com/cloudposse/atmos/internal/tui/workflow/column.go:29.63,31.3 1 0
github.com/cloudposse/atmos/internal/tui/workflow/column.go:32.2,32.32 1 0
github.com/cloudposse/atmos/internal/tui/workflow/column.go:32.32,34.3 1 0
github.com/cloudposse/atmos/internal/tui/workflow/column.go:37.35,38.63 1 0
github.com/cloudposse/atmos/internal/tui/workflow/column.go:38.63,40.3 1 0
github.com/cloudposse/atmos/internal/tui/workflow/column.go:41.2,41.32 1 0
github.com/cloudposse/atmos/internal/tui/workflow/column.go:41.32,43.3 1 0
github.com/cloudposse/atmos/internal/tui/workflow/column.go:46.30,48.2 1 0
github.com/cloudposse/atmos/internal/tui/workflow/column.go:50.29,52.2 1 0
github.com/cloudposse/atmos/internal/tui/workflow/column.go:54.37,56.2 1 0
github.com/cloudposse/atmos/internal/tui/workflow/column.go:58.63,60.24 2 0
github.com/cloudposse/atmos/internal/tui/workflow/column.go:60.24,62.3 1 0
github.com/cloudposse/atmos/internal/tui/workflow/column.go:64.2,80.3 6 0
github.com/cloudposse/atmos/internal/tui/workflow/column.go:84.37,86.2 1 0
github.com/cloudposse/atmos/internal/tui/workflow/column.go:89.63,92.31 2 0
github.com/cloudposse/atmos/internal/tui/workflow/column.go:93.25,97.33 3 0
github.com/cloudposse/atmos/internal/tui/workflow/column.go:97.33,99.4 1 0
github.com/cloudposse/atmos/internal/tui/workflow/column.go:100.3,100.34 1 0
github.com/cloudposse/atmos/internal/tui/workflow/column.go:100.34,102.4 1 0
github.com/cloudposse/atmos/internal/tui/workflow/column.go:105.2,105.63 1 0
github.com/cloudposse/atmos/internal/tui/workflow/column.go:105.63,107.3 1 0
github.com/cloudposse/atmos/internal/tui/workflow/column.go:108.2,108.32 1 0
github.com/cloudposse/atmos/internal/tui/workflow/column.go:108.32,110.3 1 0
github.com/cloudposse/atmos/internal/tui/workflow/column.go:112.2,112.15 1 0
github.com/cloudposse/atmos/internal/tui/workflow/column.go:115.36,116.32 1 0
github.com/cloudposse/atmos/internal/tui/workflow/column.go:116.32,118.3 1 0
github.com/cloudposse/atmos/internal/tui/workflow/column.go:119.2,119.33 1 0
github.com/cloudposse/atmos/internal/tui/workflow/column.go:119.33,121.3 1 0
github.com/cloudposse/atmos/internal/tui/workflow/column.go:122.2,122.32 1 0
github.com/cloudposse/atmos/internal/tui/workflow/column.go:122.32,124.3 1 0
github.com/cloudposse/atmos/internal/tui/workflow/column.go:126.2,126.11 1 0
github.com/cloudposse/atmos/internal/tui/workflow/column.go:129.49,130.32 1 0
github.com/cloudposse/atmos/internal/tui/workflow/column.go:130.32,132.3 1 0
github.com/cloudposse/atmos/internal/tui/workflow/column.go:133.2,133.33 1 0
github.com/cloudposse/atmos/internal/tui/workflow/column.go:133.33,135.3 1 0
github.com/cloudposse/atmos/internal/tui/workflow/column.go:136.2,136.32 1 0
github.com/cloudposse/atmos/internal/tui/workflow/column.go:136.32,138.3 1 0
github.com/cloudposse/atmos/internal/tui/workflow/column.go:141.48,144.17 2 0
github.com/cloudposse/atmos/internal/tui/workflow/column.go:144.17,146.3 1 0
github.com/cloudposse/atmos/internal/tui/workflow/column.go:146.8,148.3 1 0
github.com/cloudposse/atmos/internal/tui/workflow/column.go:150.2,150.10 1 0
github.com/cloudposse/atmos/internal/tui/workflow/column.go:154.66,156.2 1 0
github.com/cloudposse/atmos/internal/tui/workflow/keys.go:6.43,18.2 1 0
github.com/cloudposse/atmos/internal/tui/workflow/keys.go:21.44,27.2 1 0
github.com/cloudposse/atmos/internal/tui/workflow/list_item.go:26.40,26.52 1 0
github.com/cloudposse/atmos/internal/tui/workflow/list_item.go:28.41,28.53 1 0
github.com/cloudposse/atmos/internal/tui/workflow/list_item.go:30.68,30.82 1 0
github.com/cloudposse/atmos/internal/tui/workflow/list_item.go:32.40,32.65 1 0
github.com/cloudposse/atmos/internal/tui/workflow/list_item.go:34.88,36.9 2 0
github.com/cloudposse/atmos/internal/tui/workflow/list_item.go:36.9,38.3 1 0
github.com/cloudposse/atmos/internal/tui/workflow/list_item.go:40.2,41.24 2 0
github.com/cloudposse/atmos/internal/tui/workflow/list_item.go:41.24,42.33 1 0
github.com/cloudposse/atmos/internal/tui/workflow/list_item.go:42.33,44.4 1 0
github.com/cloudposse/atmos/internal/tui/workflow/list_item.go:47.2,48.18 2 0
github.com/cloudposse/atmos/internal/tui/workflow/list_item.go:48.18,50.3 1 0
github.com/cloudposse/atmos/internal/tui/workflow/list_item.go:50.8,52.3 1 0
github.com/cloudposse/atmos/internal/tui/workflow/list_item.go:54.2,55.31 2 0
github.com/cloudposse/atmos/internal/tui/workflow/model.go:31.64,48.2 5 0
github.com/cloudposse/atmos/internal/tui/workflow/model.go:50.73,65.35 8 0
github.com/cloudposse/atmos/internal/tui/workflow/model.go:65.35,66.84 1 0
github.com/cloudposse/atmos/internal/tui/workflow/model.go:66.84,72.4 2 0
github.com/cloudposse/atmos/internal/tui/workflow/model.go:74.3,78.32 4 0
github.com/cloudposse/atmos/internal/tui/workflow/model.go:78.32,79.77 1 0
github.com/cloudposse/atmos/internal/tui/workflow/model.go:79.77,83.5 1 0
github.com/cloudposse/atmos/internal/tui/workflow/model.go:84.4,88.102 4 0
github.com/cloudposse/atmos/internal/tui/workflow/model.go:88.102,90.19 2 0
github.com/cloudposse/atmos/internal/tui/workflow/model.go:90.19,92.6 1 0
github.com/cloudposse/atmos/internal/tui/workflow/model.go:93.5,96.6 1 0
github.com/cloudposse/atmos/internal/tui/workflow/model.go:101.2,121.64 19 0
github.com/cloudposse/atmos/internal/tui/workflow/model.go:124.56,125.28 1 0
github.com/cloudposse/atmos/internal/tui/workflow/model.go:125.28,127.34 2 0
github.com/cloudposse/atmos/internal/tui/workflow/model.go:127.34,129.4 1 0
github.com/cloudposse/atmos/internal/tui/workflow/model.go:131.3,135.32 4 0
github.com/cloudposse/atmos/internal/tui/workflow/model.go:135.32,136.78 1 0
github.com/cloudposse/atmos/internal/tui/workflow/model.go:136.78,140.5 1 0
github.com/cloudposse/atmos/internal/tui/workflow/model.go:142.4,151.103 8 0
github.com/cloudposse/atmos/internal/tui/workflow/model.go:151.103,153.19 2 0
github.com/cloudposse/atmos/internal/tui/workflow/model.go:153.19,155.6 1 0
github.com/cloudposse/atmos/internal/tui/workflow/model.go:156.5,159.6 1 0
github.com/cloudposse/atmos/internal/tui/workflow/model.go:161.4,163.47 3 0
github.com/cloudposse/atmos/internal/tui/workflow/model.go:165.8,165.35 1 0
github.com/cloudposse/atmos/internal/tui/workflow/model.go:165.35,167.34 2 0
github.com/cloudposse/atmos/internal/tui/workflow/model.go:167.34,169.4 1 0
github.com/cloudposse/atmos/internal/tui/workflow/model.go:171.3,174.30 3 0
github.com/cloudposse/atmos/internal/tui/workflow/model.go:174.30,176.4 1 0
github.com/cloudposse/atmos/internal/tui/workflow/model.go:178.3,183.102 5 0
github.com/cloudposse/atmos/internal/tui/workflow/model.go:183.102,185.18 2 0
github.com/cloudposse/atmos/internal/tui/workflow/model.go:185.18,187.5 1 0
github.com/cloudposse/atmos/internal/tui/workflow/model.go:188.4,191.5 1 0
github.com/cloudposse/atmos/internal/tui/workflow/model.go:193.3,195.46 3 0
github.com/cloudposse/atmos/internal/tui/workflow/model.go:199.41,200.50 1 0
github.com/cloudposse/atmos/internal/tui/workflow/model.go:200.50,202.3 1 0
github.com/cloudposse/atmos/internal/tui/workflow/model.go:202.8,204.3 1 0
github.com/cloudposse/atmos/internal/tui/workflow/model.go:205.2,205.72 1 0
github.com/cloudposse/atmos/internal/tui/workflow/model.go:208.27,215.33 6 0
github.com/cloudposse/atmos/internal/tui/workflow/model.go:215.33,217.3 1 0
github.com/cloudposse/atmos/internal/tui/workflow/model.go:217.8,219.3 1 0
github.com/cloudposse/atmos/internal/tui/workflow/model.go:221.2,222.29 2 0
github.com/cloudposse/atmos/internal/tui/workflow/model.go:222.29,224.3 1 0
github.com/cloudposse/atmos/internal/tui/workflow/model.go:224.8,226.3 1 0
github.com/cloudposse/atmos/internal/tui/workflow/model.go:228.2,229.33 2 0
github.com/cloudposse/atmos/internal/tui/workflow/model.go:229.33,231.3 1 0
github.com/cloudposse/atmos/internal/tui/workflow/model.go:231.8,233.3 1 0
github.com/cloudposse/atmos/internal/tui/workflow/model.go:236.32,238.2 1 0
github.com/cloudposse/atmos/internal/tui/workflow/model.go:240.58,242.31 1 0
github.com/cloudposse/atmos/internal/tui/workflow/model.go:243.25,248.45 5 0
github.com/cloudposse/atmos/internal/tui/workflow/model.go:248.45,253.4 4 0
github.com/cloudposse/atmos/internal/tui/workflow/model.go:254.3,255.33 2 0
github.com/cloudposse/atmos/internal/tui/workflow/model.go:257.20,258.47 1 0
github.com/cloudposse/atmos/internal/tui/workflow/model.go:258.47,262.4 3 0
github.com/cloudposse/atmos/internal/tui/workflow/model.go:263.3,263.49 1 0
github.com/cloudposse/atmos/internal/tui/workflow/model.go:263.49,267.4 3 0
github.com/cloudposse/atmos/internal/tui/workflow/model.go:268.3,268.44 1 0
github.com/cloudposse/atmos/internal/tui/workflow/model.go:268.44,269.46 1 0
github.com/cloudposse/atmos/internal/tui/workflow/model.go:269.46,271.35 2 0
github.com/cloudposse/atmos/internal/tui/workflow/model.go:271.35,275.11 4 0
github.com/cloudposse/atmos/internal/tui/workflow/model.go:280.18,281.10 1 0
github.com/cloudposse/atmos/internal/tui/workflow/model.go:282.41,284.24 2 0
github.com/cloudposse/atmos/internal/tui/workflow/model.go:285.42,286.131 1 0
github.com/cloudposse/atmos/internal/tui/workflow/model.go:286.131,289.19 3 0
github.com/cloudposse/atmos/internal/tui/workflow/model.go:289.19,291.6 1 0
github.com/cloudposse/atmos/internal/tui/workflow/model.go:291.11,294.6 2 0
github.com/cloudposse/atmos/internal/tui/workflow/model.go:296.4,297.24 2 0
github.com/cloudposse/atmos/internal/tui/workflow/model.go:298.43,300.24 2 0
github.com/cloudposse/atmos/internal/tui/workflow/model.go:301.38,304.19 3 0
github.com/cloudposse/atmos/internal/tui/workflow/model.go:305.40,308.19 3 0
github.com/cloudposse/atmos/internal/tui/workflow/model.go:309.40,313.19 4 0
github.com/cloudposse/atmos/internal/tui/workflow/model.go:314.41,318.19 4 0
github.com/cloudposse/atmos/internal/tui/workflow/model.go:319.57,321.19 2 0
github.com/cloudposse/atmos/internal/tui/workflow/model.go:326.2,328.17 3 0
github.com/cloudposse/atmos/internal/tui/workflow/model.go:331.31,332.14 1 0
github.com/cloudposse/atmos/internal/tui/workflow/model.go:332.14,334.3 1 0
github.com/cloudposse/atmos/internal/tui/workflow/model.go:336.2,336.17 1 0
github.com/cloudposse/atmos/internal/tui/workflow/model.go:336.17,338.3 1 0
github.com/cloudposse/atmos/internal/tui/workflow/model.go:340.2,347.90 2 0
github.com/cloudposse/atmos/internal/tui/workflow/model.go:350.50,352.2 1 0
github.com/cloudposse/atmos/internal/tui/workflow/model.go:354.46,356.2 1 0
github.com/cloudposse/atmos/internal/tui/workflow/model.go:358.50,360.2 1 0
github.com/cloudposse/atmos/internal/tui/workflow/model.go:362.39,364.2 1 0
github.com/cloudposse/atmos/internal/tui/workflow/model.go:366.42,367.28 1 0
github.com/cloudposse/atmos/internal/tui/workflow/model.go:367.28,369.3 1 0
github.com/cloudposse/atmos/internal/tui/workflow/model.go:370.2,370.30 1 0
github.com/cloudposse/atmos/internal/tui/workflow/model.go:373.42,374.28 1 0
github.com/cloudposse/atmos/internal/tui/workflow/model.go:374.28,376.3 1 0
github.com/cloudposse/atmos/internal/tui/workflow/model.go:377.2,377.30 1 0
github.com/cloudposse/atmos/internal/tui/workflow/tui.go:11.74,19.16 6 0
github.com/cloudposse/atmos/internal/tui/workflow/tui.go:19.16,21.3 1 0
github.com/cloudposse/atmos/internal/tui/workflow/tui.go:23.2,23.17 1 0
github.com/cloudposse/atmos/internal/tui/utils/utils.go:18.86,20.89 2 0
github.com/cloudposse/atmos/internal/tui/utils/utils.go:20.89,22.3 1 0
github.com/cloudposse/atmos/internal/tui/utils/utils.go:24.2,24.26 1 0
github.com/cloudposse/atmos/internal/tui/utils/utils.go:28.41,30.42 1 0
github.com/cloudposse/atmos/internal/tui/utils/utils.go:30.42,32.3 1 0
github.com/cloudposse/atmos/internal/tui/utils/utils.go:33.2,33.12 1 0
github.com/cloudposse/atmos/internal/tui/utils/utils.go:37.72,38.24 1 0
github.com/cloudposse/atmos/internal/tui/utils/utils.go:38.24,40.3 1 0
github.com/cloudposse/atmos/internal/tui/utils/utils.go:43.2,44.16 2 0
github.com/cloudposse/atmos/internal/tui/utils/utils.go:44.16,46.3 1 0
github.com/cloudposse/atmos/internal/tui/utils/utils.go:49.2,50.65 2 0
github.com/cloudposse/atmos/internal/tui/utils/utils.go:50.65,52.3 1 0
github.com/cloudposse/atmos/internal/tui/utils/utils.go:52.8,55.3 1 0
github.com/cloudposse/atmos/internal/tui/utils/utils.go:58.2,63.16 2 0
github.com/cloudposse/atmos/internal/tui/utils/utils.go:63.16,65.3 1 0
github.com/cloudposse/atmos/internal/tui/utils/utils.go:66.2,69.16 3 0
github.com/cloudposse/atmos/internal/tui/utils/utils.go:69.16,71.3 1 0
github.com/cloudposse/atmos/internal/tui/utils/utils.go:73.2,73.17 1 0
github.com/cloudposse/atmos/main.go:10.13,15.16 3 2
github.com/cloudposse/atmos/main.go:15.16,17.3 1 0
github.com/cloudposse/atmos/internal/exec/atlantis_generate_repo_config.go:20.84,22.16 2 0
github.com/cloudposse/atmos/internal/exec/atlantis_generate_repo_config.go:22.16,24.3 1 0
github.com/cloudposse/atmos/internal/exec/atlantis_generate_repo_config.go:26.2,27.16 2 0
github.com/cloudposse/atmos/internal/exec/atlantis_generate_repo_config.go:27.16,29.3 1 0
github.com/cloudposse/atmos/internal/exec/atlantis_generate_repo_config.go:31.2,34.16 3 0
github.com/cloudposse/atmos/internal/exec/atlantis_generate_repo_config.go:34.16,36.3 1 0
github.com/cloudposse/atmos/internal/exec/atlantis_generate_repo_config.go:38.2,39.16 2 0
github.com/cloudposse/atmos/internal/exec/atlantis_generate_repo_config.go:39.16,41.3 1 0
github.com/cloudposse/atmos/internal/exec/atlantis_generate_repo_config.go:43.2,44.16 2 0
github.com/cloudposse/atmos/internal/exec/atlantis_generate_repo_config.go:44.16,46.3 1 0
github.com/cloudposse/atmos/internal/exec/atlantis_generate_repo_config.go:48.2,49.16 2 0
github.com/cloudposse/atmos/internal/exec/atlantis_generate_repo_config.go:49.16,51.3 1 0
github.com/cloudposse/atmos/internal/exec/atlantis_generate_repo_config.go:52.2,53.21 2 0
github.com/cloudposse/atmos/internal/exec/atlantis_generate_repo_config.go:53.21,55.3 1 0
github.com/cloudposse/atmos/internal/exec/atlantis_generate_repo_config.go:57.2,58.16 2 0
github.com/cloudposse/atmos/internal/exec/atlantis_generate_repo_config.go:58.16,60.3 1 0
github.com/cloudposse/atmos/internal/exec/atlantis_generate_repo_config.go:61.2,62.25 2 0
github.com/cloudposse/atmos/internal/exec/atlantis_generate_repo_config.go:62.25,64.3 1 0
github.com/cloudposse/atmos/internal/exec/atlantis_generate_repo_config.go:66.2,67.16 2 0
github.com/cloudposse/atmos/internal/exec/atlantis_generate_repo_config.go:67.16,69.3 1 0
github.com/cloudposse/atmos/internal/exec/atlantis_generate_repo_config.go:71.2,72.16 2 0
github.com/cloudposse/atmos/internal/exec/atlantis_generate_repo_config.go:72.16,74.3 1 0
github.com/cloudposse/atmos/internal/exec/atlantis_generate_repo_config.go:76.2,77.16 2 0
github.com/cloudposse/atmos/internal/exec/atlantis_generate_repo_config.go:77.16,79.3 1 0
github.com/cloudposse/atmos/internal/exec/atlantis_generate_repo_config.go:81.2,82.16 2 0
github.com/cloudposse/atmos/internal/exec/atlantis_generate_repo_config.go:82.16,84.3 1 0
github.com/cloudposse/atmos/internal/exec/atlantis_generate_repo_config.go:86.2,87.16 2 0
github.com/cloudposse/atmos/internal/exec/atlantis_generate_repo_config.go:87.16,89.3 1 0
github.com/cloudposse/atmos/internal/exec/atlantis_generate_repo_config.go:91.2,92.16 2 0
github.com/cloudposse/atmos/internal/exec/atlantis_generate_repo_config.go:92.16,94.3 1 0
github.com/cloudposse/atmos/internal/exec/atlantis_generate_repo_config.go:96.2,97.16 2 0
github.com/cloudposse/atmos/internal/exec/atlantis_generate_repo_config.go:97.16,99.3 1 0
github.com/cloudposse/atmos/internal/exec/atlantis_generate_repo_config.go:102.2,102.18 1 0
github.com/cloudposse/atmos/internal/exec/atlantis_generate_repo_config.go:102.18,104.17 2 0
github.com/cloudposse/atmos/internal/exec/atlantis_generate_repo_config.go:104.17,106.4 1 0
github.com/cloudposse/atmos/internal/exec/atlantis_generate_repo_config.go:108.3,121.4 1 0
github.com/cloudposse/atmos/internal/exec/atlantis_generate_repo_config.go:124.2,131.3 1 0
github.com/cloudposse/atmos/internal/exec/atlantis_generate_repo_config.go:148.9,149.92 1 0
github.com/cloudposse/atmos/internal/exec/atlantis_generate_repo_config.go:149.92,151.3 1 0
github.com/cloudposse/atmos/internal/exec/atlantis_generate_repo_config.go:153.2,156.20 3 0
github.com/cloudposse/atmos/internal/exec/atlantis_generate_repo_config.go:156.20,168.3 1 0
github.com/cloudposse/atmos/internal/exec/atlantis_generate_repo_config.go:168.8,168.27 1 0
github.com/cloudposse/atmos/internal/exec/atlantis_generate_repo_config.go:168.27,183.3 1 0
github.com/cloudposse/atmos/internal/exec/atlantis_generate_repo_config.go:183.8,196.3 1 0
github.com/cloudposse/atmos/internal/exec/atlantis_generate_repo_config.go:198.2,198.16 1 0
github.com/cloudposse/atmos/internal/exec/atlantis_generate_repo_config.go:198.16,200.3 1 0
github.com/cloudposse/atmos/internal/exec/atlantis_generate_repo_config.go:202.2,202.24 1 0
github.com/cloudposse/atmos/internal/exec/atlantis_generate_repo_config.go:202.24,204.3 1 0
[...]
github.com/cloudposse/atmos/pkg/utils/hcl_utils.go:71.2,72.16 2 0
github.com/cloudposse/atmos/pkg/utils/hcl_utils.go:72.16,74.3 1 0
github.com/cloudposse/atmos/pkg/utils/hcl_utils.go:78.2,78.57 1 0
github.com/cloudposse/atmos/pkg/utils/hcl_utils.go:78.57,79.41 1 0
github.com/cloudposse/atmos/pkg/utils/hcl_utils.go:79.41,80.34 1 0
github.com/cloudposse/atmos/pkg/utils/hcl_utils.go:80.34,82.5 1 0
github.com/cloudposse/atmos/pkg/utils/hcl_utils.go:86.2,86.25 1 0
github.com/cloudposse/atmos/pkg/utils/hcl_utils.go:97.9,107.47 8 0
github.com/cloudposse/atmos/pkg/utils/hcl_utils.go:107.47,110.15 2 0
github.com/cloudposse/atmos/pkg/utils/hcl_utils.go:110.15,112.4 1 0
github.com/cloudposse/atmos/pkg/utils/hcl_utils.go:112.9,112.37 1 0
github.com/cloudposse/atmos/pkg/utils/hcl_utils.go:112.37,114.4 1 0
github.com/cloudposse/atmos/pkg/utils/hcl_utils.go:114.9,114.35 1 0
github.com/cloudposse/atmos/pkg/utils/hcl_utils.go:114.35,116.4 1 0
github.com/cloudposse/atmos/pkg/utils/hcl_utils.go:116.9,116.36 1 0
github.com/cloudposse/atmos/pkg/utils/hcl_utils.go:116.36,118.4 1 0
github.com/cloudposse/atmos/pkg/utils/hcl_utils.go:118.9,118.37 1 0
github.com/cloudposse/atmos/pkg/utils/hcl_utils.go:118.37,120.4 1 0
github.com/cloudposse/atmos/pkg/utils/hcl_utils.go:120.9,120.38 1 0
github.com/cloudposse/atmos/pkg/utils/hcl_utils.go:120.38,122.4 1 0
github.com/cloudposse/atmos/pkg/utils/hcl_utils.go:125.2,126.16 2 0
github.com/cloudposse/atmos/pkg/utils/hcl_utils.go:126.16,128.3 1 0
github.com/cloudposse/atmos/pkg/utils/hcl_utils.go:130.2,130.25 1 0
github.com/cloudposse/atmos/pkg/utils/hcl_utils.go:130.25,132.17 2 0
github.com/cloudposse/atmos/pkg/utils/hcl_utils.go:132.17,134.4 1 0
github.com/cloudposse/atmos/pkg/utils/hcl_utils.go:137.2,138.16 2 0
github.com/cloudposse/atmos/pkg/utils/hcl_utils.go:138.16,140.3 1 0
github.com/cloudposse/atmos/pkg/utils/hcl_utils.go:142.2,142.12 1 0
github.com/cloudposse/atmos/pkg/utils/hcl_utils.go:146.30,147.35 1 0
github.com/cloudposse/atmos/pkg/utils/hcl_utils.go:147.35,149.3 1 0
github.com/cloudposse/atmos/pkg/utils/hcl_utils.go:151.2,152.53 2 0
github.com/cloudposse/atmos/pkg/utils/highlight_utils.go:22.60,31.2 1 0
github.com/cloudposse/atmos/pkg/utils/highlight_utils.go:34.88,36.82 2 0
github.com/cloudposse/atmos/pkg/utils/highlight_utils.go:36.82,38.3 1 0
github.com/cloudposse/atmos/pkg/utils/highlight_utils.go:39.2,41.23 2 0
github.com/cloudposse/atmos/pkg/utils/highlight_utils.go:41.23,43.3 1 0
github.com/cloudposse/atmos/pkg/utils/highlight_utils.go:44.2,44.30 1 0
github.com/cloudposse/atmos/pkg/utils/highlight_utils.go:44.30,46.3 1 0
github.com/cloudposse/atmos/pkg/utils/highlight_utils.go:47.2,47.26 1 0
github.com/cloudposse/atmos/pkg/utils/highlight_utils.go:47.26,49.3 1 0
github.com/cloudposse/atmos/pkg/utils/highlight_utils.go:50.2,50.38 1 0
github.com/cloudposse/atmos/pkg/utils/highlight_utils.go:50.38,52.3 1 0
github.com/cloudposse/atmos/pkg/utils/highlight_utils.go:53.2,53.27 1 0
github.com/cloudposse/atmos/pkg/utils/highlight_utils.go:53.27,55.3 1 0
github.com/cloudposse/atmos/pkg/utils/highlight_utils.go:56.2,56.20 1 0
github.com/cloudposse/atmos/pkg/utils/highlight_utils.go:56.20,58.3 1 0
github.com/cloudposse/atmos/pkg/utils/highlight_utils.go:59.2,59.17 1 0
github.com/cloudposse/atmos/pkg/utils/highlight_utils.go:63.81,64.43 1 0
github.com/cloudposse/atmos/pkg/utils/highlight_utils.go:64.43,66.3 1 0
github.com/cloudposse/atmos/pkg/utils/highlight_utils.go:67.2,69.16 3 0
github.com/cloudposse/atmos/pkg/utils/highlight_utils.go:69.16,71.3 1 0
github.com/cloudposse/atmos/pkg/utils/highlight_utils.go:72.2,72.26 1 0
github.com/cloudposse/atmos/pkg/utils/highlight_utils.go:76.111,77.43 1 13
github.com/cloudposse/atmos/pkg/utils/highlight_utils.go:77.43,79.3 1 13
github.com/cloudposse/atmos/pkg/utils/highlight_utils.go:80.2,81.23 2 0
github.com/cloudposse/atmos/pkg/utils/highlight_utils.go:81.23,83.3 1 0
github.com/cloudposse/atmos/pkg/utils/highlight_utils.go:86.2,90.40 3 0
github.com/cloudposse/atmos/pkg/utils/highlight_utils.go:90.40,93.3 1 0
github.com/cloudposse/atmos/pkg/utils/highlight_utils.go:93.8,98.34 2 0
github.com/cloudposse/atmos/pkg/utils/highlight_utils.go:98.34,100.4 1 0
github.com/cloudposse/atmos/pkg/utils/highlight_utils.go:100.9,107.39 1 0
github.com/cloudposse/atmos/pkg/utils/highlight_utils.go:107.39,109.5 1 0
github.com/cloudposse/atmos/pkg/utils/highlight_utils.go:109.10,112.5 1 0
github.com/cloudposse/atmos/pkg/utils/highlight_utils.go:117.2,118.18 2 0
github.com/cloudposse/atmos/pkg/utils/highlight_utils.go:118.18,120.3 1 0
github.com/cloudposse/atmos/pkg/utils/highlight_utils.go:122.2,123.14 2 0
github.com/cloudposse/atmos/pkg/utils/highlight_utils.go:123.14,125.3 1 0
github.com/cloudposse/atmos/pkg/utils/highlight_utils.go:127.2,128.26 2 0
github.com/cloudposse/atmos/pkg/utils/highlight_utils.go:128.26,130.3 1 0
github.com/cloudposse/atmos/pkg/utils/highlight_utils.go:130.8,132.23 2 0
github.com/cloudposse/atmos/pkg/utils/highlight_utils.go:132.23,134.4 1 0
github.com/cloudposse/atmos/pkg/utils/highlight_utils.go:137.2,140.16 3 0
github.com/cloudposse/atmos/pkg/utils/highlight_utils.go:140.16,142.3 1 0
github.com/cloudposse/atmos/pkg/utils/highlight_utils.go:143.2,144.16 2 0
github.com/cloudposse/atmos/pkg/utils/highlight_utils.go:144.16,146.3 1 0
github.com/cloudposse/atmos/pkg/utils/highlight_utils.go:147.2,147.26 1 0
github.com/cloudposse/atmos/pkg/utils/highlight_utils.go:158.107,160.21 2 0
github.com/cloudposse/atmos/pkg/utils/highlight_utils.go:160.21,162.3 1 0
github.com/cloudposse/atmos/pkg/utils/highlight_utils.go:163.2,167.3 1 0
github.com/cloudposse/atmos/pkg/utils/highlight_utils.go:175.62,177.16 2 0
github.com/cloudposse/atmos/pkg/utils/highlight_utils.go:177.16,179.3 1 0
github.com/cloudposse/atmos/pkg/utils/highlight_utils.go:183.2,184.16 2 0
github.com/cloudposse/atmos/pkg/utils/highlight_utils.go:184.16,187.3 1 0
github.com/cloudposse/atmos/pkg/utils/highlight_utils.go:191.2,191.20 1 0
github.com/cloudposse/atmos/pkg/utils/json_utils.go:15.34,17.16 2 0
github.com/cloudposse/atmos/pkg/utils/json_utils.go:17.16,19.3 1 0
github.com/cloudposse/atmos/pkg/utils/json_utils.go:21.2,23.16 3 0
github.com/cloudposse/atmos/pkg/utils/json_utils.go:23.16,25.3 1 0
github.com/cloudposse/atmos/pkg/utils/json_utils.go:27.2,29.16 3 0
github.com/cloudposse/atmos/pkg/utils/json_utils.go:29.16,33.3 2 0
github.com/cloudposse/atmos/pkg/utils/json_utils.go:34.2,35.12 2 0
github.com/cloudposse/atmos/pkg/utils/json_utils.go:39.89,41.16 2 0
github.com/cloudposse/atmos/pkg/utils/json_utils.go:41.16,43.3 1 0
github.com/cloudposse/atmos/pkg/utils/json_utils.go:44.2,45.12 2 0
github.com/cloudposse/atmos/pkg/utils/json_utils.go:49.79,51.16 2 0
github.com/cloudposse/atmos/pkg/utils/json_utils.go:51.16,53.3 1 0
github.com/cloudposse/atmos/pkg/utils/json_utils.go:56.2,57.16 2 0
github.com/cloudposse/atmos/pkg/utils/json_utils.go:57.16,59.3 1 0
github.com/cloudposse/atmos/pkg/utils/json_utils.go:61.2,64.80 2 0
github.com/cloudposse/atmos/pkg/utils/json_utils.go:64.80,66.3 1 0
github.com/cloudposse/atmos/pkg/utils/json_utils.go:68.2,69.16 2 0
github.com/cloudposse/atmos/pkg/utils/json_utils.go:69.16,71.3 1 0
github.com/cloudposse/atmos/pkg/utils/json_utils.go:72.2,72.12 1 0
github.com/cloudposse/atmos/pkg/utils/json_utils.go:76.46,85.16 3 0
github.com/cloudposse/atmos/pkg/utils/json_utils.go:85.16,87.3 1 0
github.com/cloudposse/atmos/pkg/utils/json_utils.go:88.2,88.23 1 0
github.com/cloudposse/atmos/pkg/utils/json_utils.go:92.50,102.16 3 0
github.com/cloudposse/atmos/pkg/utils/json_utils.go:102.16,104.3 1 0
github.com/cloudposse/atmos/pkg/utils/json_utils.go:105.2,105.15 1 0
github.com/cloudposse/atmos/pkg/utils/json_utils.go:109.54,120.16 4 0
github.com/cloudposse/atmos/pkg/utils/json_utils.go:120.16,122.3 1 0
github.com/cloudposse/atmos/pkg/utils/json_utils.go:123.2,123.18 1 0
github.com/cloudposse/atmos/pkg/utils/json_utils.go:127.78,131.51 3 2
github.com/cloudposse/atmos/pkg/utils/json_utils.go:131.51,133.3 1 1
github.com/cloudposse/atmos/pkg/utils/json_utils.go:134.2,134.18 1 1
github.com/cloudposse/atmos/pkg/utils/json_utils.go:138.31,139.35 1 0
github.com/cloudposse/atmos/pkg/utils/json_utils.go:139.35,141.3 1 0
github.com/cloudposse/atmos/pkg/utils/json_utils.go:143.2,144.49 2 0
github.com/cloudposse/atmos/pkg/utils/log_utils.go:23.35,25.2 1 13
github.com/cloudposse/atmos/pkg/utils/log_utils.go:28.69,30.2 1 0
github.com/cloudposse/atmos/pkg/utils/log_utils.go:33.40,36.2 2 0
github.com/cloudposse/atmos/pkg/utils/log_utils.go:40.33,45.32 3 0
github.com/cloudposse/atmos/pkg/utils/log_utils.go:45.32,47.3 1 0
github.com/cloudposse/atmos/pkg/utils/log_utils.go:49.2,49.12 1 0
github.com/cloudposse/atmos/pkg/utils/log_utils.go:54.26,55.16 1 0
github.com/cloudposse/atmos/pkg/utils/log_utils.go:55.16,58.39 2 0
github.com/cloudposse/atmos/pkg/utils/log_utils.go:58.39,60.4 1 0
github.com/cloudposse/atmos/pkg/utils/log_utils.go:66.31,68.2 1 0
github.com/cloudposse/atmos/pkg/utils/log_utils.go:72.31,74.2 1 0
github.com/cloudposse/atmos/pkg/utils/log_utils.go:78.30,80.2 1 0
github.com/cloudposse/atmos/pkg/utils/log_utils.go:84.33,86.2 1 0
github.com/cloudposse/atmos/pkg/utils/map_utils.go:11.51,13.19 2 0
github.com/cloudposse/atmos/pkg/utils/map_utils.go:13.19,15.3 1 0
github.com/cloudposse/atmos/pkg/utils/map_utils.go:16.2,17.13 2 0
github.com/cloudposse/atmos/pkg/utils/map_utils.go:21.54,24.2 2 0
github.com/cloudposse/atmos/pkg/utils/map_utils.go:27.76,31.25 4 0
github.com/cloudposse/atmos/pkg/utils/map_utils.go:31.25,34.3 2 0
github.com/cloudposse/atmos/pkg/utils/map_utils.go:35.2,35.12 1 0
github.com/cloudposse/atmos/pkg/utils/map_utils.go:39.76,40.75 1 0
github.com/cloudposse/atmos/pkg/utils/map_utils.go:40.75,42.3 1 0
github.com/cloudposse/atmos/pkg/utils/map_utils.go:46.76,48.32 2 0
github.com/cloudposse/atmos/pkg/utils/map_utils.go:48.32,50.9 2 0
github.com/cloudposse/atmos/pkg/utils/map_utils.go:50.9,52.4 1 0
github.com/cloudposse/atmos/pkg/utils/map_utils.go:54.2,54.18 1 0
github.com/cloudposse/atmos/pkg/utils/markdown_utils.go:23.69,24.16 1 0
github.com/cloudposse/atmos/pkg/utils/markdown_utils.go:24.16,26.3 1 0
github.com/cloudposse/atmos/pkg/utils/markdown_utils.go:27.2,27.19 1 0
github.com/cloudposse/atmos/pkg/utils/markdown_utils.go:27.19,30.3 2 0
github.com/cloudposse/atmos/pkg/utils/markdown_utils.go:31.2,31.17 1 0
github.com/cloudposse/atmos/pkg/utils/markdown_utils.go:31.17,33.3 1 0
github.com/cloudposse/atmos/pkg/utils/markdown_utils.go:34.2,36.22 3 0
github.com/cloudposse/atmos/pkg/utils/markdown_utils.go:36.22,39.3 2 0
github.com/cloudposse/atmos/pkg/utils/markdown_utils.go:40.2,41.21 2 0
github.com/cloudposse/atmos/pkg/utils/markdown_utils.go:41.21,44.3 2 0
github.com/cloudposse/atmos/pkg/utils/markdown_utils.go:46.2,46.34 1 0
github.com/cloudposse/atmos/pkg/utils/markdown_utils.go:46.34,48.3 1 0
github.com/cloudposse/atmos/pkg/utils/markdown_utils.go:52.59,53.19 1 0
github.com/cloudposse/atmos/pkg/utils/markdown_utils.go:53.19,56.3 2 0
github.com/cloudposse/atmos/pkg/utils/markdown_utils.go:57.2,60.22 4 0
github.com/cloudposse/atmos/pkg/utils/markdown_utils.go:60.22,64.3 3 0
github.com/cloudposse/atmos/pkg/utils/markdown_utils.go:65.2,66.15 2 0
github.com/cloudposse/atmos/pkg/utils/markdown_utils.go:69.76,74.32 3 0
github.com/cloudposse/atmos/pkg/utils/markdown_utils.go:74.32,76.3 1 0
github.com/cloudposse/atmos/pkg/utils/markdown_utils.go:78.2,78.12 1 0
github.com/cloudposse/atmos/pkg/utils/markdown_utils.go:81.66,83.2 1 0
github.com/cloudposse/atmos/pkg/utils/markdown_utils.go:85.54,86.19 1 0
github.com/cloudposse/atmos/pkg/utils/markdown_utils.go:86.19,90.3 3 0
github.com/cloudposse/atmos/pkg/utils/markdown_utils.go:91.2,95.22 5 0
github.com/cloudposse/atmos/pkg/utils/markdown_utils.go:95.22,97.3 1 0
github.com/cloudposse/atmos/pkg/utils/markdown_utils.go:98.2,99.15 2 0
github.com/cloudposse/atmos/pkg/utils/markdown_utils.go:102.64,105.16 3 0
github.com/cloudposse/atmos/pkg/utils/markdown_utils.go:105.16,107.3 1 0
github.com/cloudposse/atmos/pkg/utils/slice_utils.go:11.55,12.22 1 297
github.com/cloudposse/atmos/pkg/utils/slice_utils.go:12.22,13.15 1 1782
github.com/cloudposse/atmos/pkg/utils/slice_utils.go:13.15,15.4 1 0
github.com/cloudposse/atmos/pkg/utils/slice_utils.go:17.2,17.14 1 297
github.com/cloudposse/atmos/pkg/utils/slice_utils.go:21.44,22.22 1 0
github.com/cloudposse/atmos/pkg/utils/slice_utils.go:22.22,23.13 1 0
github.com/cloudposse/atmos/pkg/utils/slice_utils.go:23.13,25.4 1 0
github.com/cloudposse/atmos/pkg/utils/slice_utils.go:27.2,27.14 1 0
github.com/cloudposse/atmos/pkg/utils/slice_utils.go:31.65,32.22 1 0
github.com/cloudposse/atmos/pkg/utils/slice_utils.go:32.22,33.32 1 0
github.com/cloudposse/atmos/pkg/utils/slice_utils.go:33.32,35.4 1 0
github.com/cloudposse/atmos/pkg/utils/slice_utils.go:37.2,37.14 1 0
github.com/cloudposse/atmos/pkg/utils/slice_utils.go:41.67,42.22 1 0
github.com/cloudposse/atmos/pkg/utils/slice_utils.go:42.22,43.35 1 0
github.com/cloudposse/atmos/pkg/utils/slice_utils.go:43.35,45.4 1 0
github.com/cloudposse/atmos/pkg/utils/slice_utils.go:47.2,47.14 1 0
github.com/cloudposse/atmos/pkg/utils/slice_utils.go:51.62,53.2 1 0
github.com/cloudposse/atmos/pkg/utils/slice_utils.go:56.62,59.26 2 0
github.com/cloudposse/atmos/pkg/utils/slice_utils.go:59.26,61.3 1 0
github.com/cloudposse/atmos/pkg/utils/slice_utils.go:63.2,63.12 1 0
github.com/cloudposse/atmos/pkg/utils/slice_utils.go:67.71,68.18 1 1
github.com/cloudposse/atmos/pkg/utils/slice_utils.go:68.18,70.3 1 0
github.com/cloudposse/atmos/pkg/utils/slice_utils.go:72.2,73.32 2 1
github.com/cloudposse/atmos/pkg/utils/slice_utils.go:73.32,75.3 1 3
github.com/cloudposse/atmos/pkg/utils/slice_utils.go:77.2,77.20 1 1
github.com/cloudposse/atmos/pkg/utils/string_utils.go:9.45,13.28 3 0
github.com/cloudposse/atmos/pkg/utils/string_utils.go:13.28,14.27 1 0
github.com/cloudposse/atmos/pkg/utils/string_utils.go:14.27,17.4 2 0
github.com/cloudposse/atmos/pkg/utils/string_utils.go:20.2,20.10 1 0
github.com/cloudposse/atmos/pkg/utils/string_utils.go:24.75,29.16 4 0
github.com/cloudposse/atmos/pkg/utils/string_utils.go:29.16,31.3 1 0
github.com/cloudposse/atmos/pkg/utils/string_utils.go:33.2,33.19 1 0
github.com/cloudposse/atmos/pkg/utils/string_utils.go:37.67,39.21 2 0
github.com/cloudposse/atmos/pkg/utils/string_utils.go:39.21,41.3 1 0
github.com/cloudposse/atmos/pkg/utils/string_utils.go:42.2,42.38 1 0
github.com/cloudposse/atmos/pkg/utils/type_utils.go:6.48,9.2 2 0
github.com/cloudposse/atmos/pkg/utils/version_utils.go:14.70,40.2 7 0
github.com/cloudposse/atmos/pkg/utils/yaml_utils.go:38.34,40.16 2 13
github.com/cloudposse/atmos/pkg/utils/yaml_utils.go:40.16,42.3 1 0
github.com/cloudposse/atmos/pkg/utils/yaml_utils.go:44.2,46.16 3 13
github.com/cloudposse/atmos/pkg/utils/yaml_utils.go:46.16,50.3 2 0
github.com/cloudposse/atmos/pkg/utils/yaml_utils.go:51.2,52.12 2 13
github.com/cloudposse/atmos/pkg/utils/yaml_utils.go:56.89,58.16 2 0
github.com/cloudposse/atmos/pkg/utils/yaml_utils.go:58.16,60.3 1 0
github.com/cloudposse/atmos/pkg/utils/yaml_utils.go:61.2,62.12 2 0
github.com/cloudposse/atmos/pkg/utils/yaml_utils.go:66.79,68.16 2 0
github.com/cloudposse/atmos/pkg/utils/yaml_utils.go:68.16,70.3 1 0
github.com/cloudposse/atmos/pkg/utils/yaml_utils.go:71.2,72.16 2 0
github.com/cloudposse/atmos/pkg/utils/yaml_utils.go:72.16,74.3 1 0
github.com/cloudposse/atmos/pkg/utils/yaml_utils.go:75.2,75.12 1 0
github.com/cloudposse/atmos/pkg/utils/yaml_utils.go:79.46,81.16 2 30
github.com/cloudposse/atmos/pkg/utils/yaml_utils.go:81.16,83.3 1 0
github.com/cloudposse/atmos/pkg/utils/yaml_utils.go:84.2,84.23 1 30
github.com/cloudposse/atmos/pkg/utils/yaml_utils.go:87.100,88.61 1 337
github.com/cloudposse/atmos/pkg/utils/yaml_utils.go:88.61,90.3 1 20
github.com/cloudposse/atmos/pkg/utils/yaml_utils.go:92.2,92.41 1 317
github.com/cloudposse/atmos/pkg/utils/yaml_utils.go:92.41,95.48 2 297
github.com/cloudposse/atmos/pkg/utils/yaml_utils.go:95.48,97.18 2 0
github.com/cloudposse/atmos/pkg/utils/yaml_utils.go:97.18,99.5 1 0
github.com/cloudposse/atmos/pkg/utils/yaml_utils.go:100.4,100.17 1 0
github.com/cloudposse/atmos/pkg/utils/yaml_utils.go:103.3,103.65 1 297
github.com/cloudposse/atmos/pkg/utils/yaml_utils.go:103.65,105.4 1 0
github.com/cloudposse/atmos/pkg/utils/yaml_utils.go:107.2,107.12 1 317
github.com/cloudposse/atmos/pkg/utils/yaml_utils.go:110.58,112.13 2 0
github.com/cloudposse/atmos/pkg/utils/yaml_utils.go:112.13,114.3 1 0
github.com/cloudposse/atmos/pkg/utils/yaml_utils.go:115.2,115.48 1 0
github.com/cloudposse/atmos/pkg/utils/yaml_utils.go:118.105,122.33 3 0
github.com/cloudposse/atmos/pkg/utils/yaml_utils.go:122.33,127.17 4 0
github.com/cloudposse/atmos/pkg/utils/yaml_utils.go:127.17,129.4 1 0
github.com/cloudposse/atmos/pkg/utils/yaml_utils.go:131.3,133.20 2 0
github.com/cloudposse/atmos/pkg/utils/yaml_utils.go:133.20,136.4 2 0
github.com/cloudposse/atmos/pkg/utils/yaml_utils.go:136.9,136.27 1 0
github.com/cloudposse/atmos/pkg/utils/yaml_utils.go:136.27,138.4 1 0
github.com/cloudposse/atmos/pkg/utils/yaml_utils.go:138.9,141.4 2 0
github.com/cloudposse/atmos/pkg/utils/yaml_utils.go:144.3,144.24 1 0
github.com/cloudposse/atmos/pkg/utils/yaml_utils.go:144.24,145.22 1 0
github.com/cloudposse/atmos/pkg/utils/yaml_utils.go:145.22,147.5 1 0
github.com/cloudposse/atmos/pkg/utils/yaml_utils.go:148.4,148.39 1 0
github.com/cloudposse/atmos/pkg/utils/yaml_utils.go:152.3,153.27 2 0
github.com/cloudposse/atmos/pkg/utils/yaml_utils.go:153.27,155.18 2 0
github.com/cloudposse/atmos/pkg/utils/yaml_utils.go:155.18,157.5 1 0
github.com/cloudposse/atmos/pkg/utils/yaml_utils.go:158.4,158.58 1 0
github.com/cloudposse/atmos/pkg/utils/yaml_utils.go:162.3,163.36 2 0
github.com/cloudposse/atmos/pkg/utils/yaml_utils.go:163.36,165.18 2 0
github.com/cloudposse/atmos/pkg/utils/yaml_utils.go:165.18,167.5 1 0
github.com/cloudposse/atmos/pkg/utils/yaml_utils.go:168.4,168.63 1 0
github.com/cloudposse/atmos/pkg/utils/yaml_utils.go:171.3,171.67 1 0
github.com/cloudposse/atmos/pkg/utils/yaml_utils.go:174.2,174.48 1 0
github.com/cloudposse/atmos/pkg/utils/yaml_utils.go:178.52,180.2 1 20
github.com/cloudposse/atmos/pkg/utils/yaml_utils.go:183.113,189.49 4 20
github.com/cloudposse/atmos/pkg/utils/yaml_utils.go:189.49,191.3 1 0
github.com/cloudposse/atmos/pkg/utils/yaml_utils.go:193.2,193.68 1 20
github.com/cloudposse/atmos/pkg/utils/yaml_utils.go:193.68,195.3 1 0
github.com/cloudposse/atmos/pkg/utils/yaml_utils.go:198.2,199.43 2 20
github.com/cloudposse/atmos/pkg/utils/yaml_utils.go:199.43,201.3 1 1
github.com/cloudposse/atmos/pkg/utils/yaml_utils.go:203.2,203.18 1 19
github.com/cloudposse/atmos/pkg/utils/yaml_utils.go:207.31,208.35 1 0
github.com/cloudposse/atmos/pkg/utils/yaml_utils.go:208.35,210.3 1 0
github.com/cloudposse/atmos/pkg/utils/yaml_utils.go:212.2,214.16 3 0
github.com/cloudposse/atmos/pkg/utils/yaml_utils.go:214.16,216.3 1 0
github.com/cloudposse/atmos/pkg/utils/yaml_utils.go:219.2,222.25 3 0
github.com/cloudposse/atmos/pkg/utils/yq_utils.go:19.83,21.2 1 0
github.com/cloudposse/atmos/pkg/utils/yq_utils.go:23.54,25.2 1 0
github.com/cloudposse/atmos/pkg/utils/yq_utils.go:27.62,28.2 0 0
github.com/cloudposse/atmos/pkg/utils/yq_utils.go:30.70,32.2 1 0
github.com/cloudposse/atmos/pkg/utils/yq_utils.go:34.101,37.45 1 17
github.com/cloudposse/atmos/pkg/utils/yq_utils.go:37.45,41.3 3 0
github.com/cloudposse/atmos/pkg/utils/yq_utils.go:43.2,46.16 3 17
github.com/cloudposse/atmos/pkg/utils/yq_utils.go:46.16,48.3 1 0
github.com/cloudposse/atmos/pkg/utils/yq_utils.go:50.2,63.16 5 17
github.com/cloudposse/atmos/pkg/utils/yq_utils.go:63.16,65.3 1 0
github.com/cloudposse/atmos/pkg/utils/yq_utils.go:67.2,68.16 2 17
github.com/cloudposse/atmos/pkg/utils/yq_utils.go:68.16,70.3 1 0
github.com/cloudposse/atmos/pkg/utils/yq_utils.go:72.2,72.17 1 17
github.com/cloudposse/atmos/pkg/describe/describe_component.go:14.27,16.2 1 1
github.com/cloudposse/atmos/pkg/describe/describe_stacks.go:17.27,19.2 1 12
