mode: set
github.com/cloudposse/atmos/errors/error_funcs.go:20.64,23.16 3 0
github.com/cloudposse/atmos/errors/error_funcs.go:23.16,25.3 1 0
github.com/cloudposse/atmos/errors/error_funcs.go:29.69,30.16 1 0
github.com/cloudposse/atmos/errors/error_funcs.go:30.16,32.3 1 0
github.com/cloudposse/atmos/errors/error_funcs.go:33.2,33.19 1 0
github.com/cloudposse/atmos/errors/error_funcs.go:33.19,36.3 2 0
github.com/cloudposse/atmos/errors/error_funcs.go:37.2,37.17 1 0
github.com/cloudposse/atmos/errors/error_funcs.go:37.17,39.3 1 0
github.com/cloudposse/atmos/errors/error_funcs.go:40.2,42.22 3 0
github.com/cloudposse/atmos/errors/error_funcs.go:42.22,46.3 3 0
github.com/cloudposse/atmos/errors/error_funcs.go:47.2,48.21 2 0
github.com/cloudposse/atmos/errors/error_funcs.go:48.21,51.3 2 0
github.com/cloudposse/atmos/errors/error_funcs.go:55.73,56.16 1 0
github.com/cloudposse/atmos/errors/error_funcs.go:56.16,58.3 1 0
github.com/cloudposse/atmos/errors/error_funcs.go:60.2,64.32 3 0
github.com/cloudposse/atmos/errors/error_funcs.go:64.32,66.3 1 0
github.com/cloudposse/atmos/errors/error_funcs.go:71.2,71.9 1 0
github.com/cloudposse/atmos/errors/error_funcs.go:75.25,77.2 1 0
github.com/cloudposse/atmos/internal/tui/templates/term/term_writer.go:27.49,29.9 2 0
github.com/cloudposse/atmos/internal/tui/templates/term/term_writer.go:29.9,31.3 1 0
github.com/cloudposse/atmos/internal/tui/templates/term/term_writer.go:33.2,33.30 1 0
github.com/cloudposse/atmos/internal/tui/templates/term/term_writer.go:33.30,35.3 1 0
github.com/cloudposse/atmos/internal/tui/templates/term/term_writer.go:37.2,38.16 2 0
github.com/cloudposse/atmos/internal/tui/templates/term/term_writer.go:38.16,40.3 1 0
github.com/cloudposse/atmos/internal/tui/templates/term/term_writer.go:43.2,44.9 2 0
github.com/cloudposse/atmos/internal/tui/templates/term/term_writer.go:45.25,45.25 0 0
github.com/cloudposse/atmos/internal/tui/templates/term/term_writer.go:48.28,49.22 1 0
github.com/cloudposse/atmos/internal/tui/templates/term/term_writer.go:50.25,51.19 1 0
github.com/cloudposse/atmos/internal/tui/templates/term/term_writer.go:52.10,53.22 1 0
github.com/cloudposse/atmos/internal/tui/templates/term/term_writer.go:56.2,59.3 1 0
github.com/cloudposse/atmos/internal/tui/templates/term/term_writer.go:62.55,63.18 1 0
github.com/cloudposse/atmos/internal/tui/templates/term/term_writer.go:63.18,65.3 1 0
github.com/cloudposse/atmos/internal/tui/templates/term/term_writer.go:68.2,71.16 4 0
github.com/cloudposse/atmos/internal/tui/templates/term/term_writer.go:71.16,73.3 1 0
github.com/cloudposse/atmos/internal/tui/templates/term/term_writer.go:75.2,75.25 1 0
github.com/cloudposse/atmos/internal/tui/templates/term/term_writer.go:78.42,80.2 1 0
github.com/cloudposse/atmos/internal/tui/templates/term/term_writer.go:83.35,87.2 3 0
github.com/cloudposse/atmos/internal/tui/templates/term/term_writer.go:90.35,94.2 3 0
github.com/cloudposse/atmos/pkg/schema/schema.go:63.75,67.17 4 0
github.com/cloudposse/atmos/pkg/schema/schema.go:67.17,69.3 1 0
github.com/cloudposse/atmos/pkg/schema/schema.go:70.2,70.22 1 0
github.com/cloudposse/atmos/pkg/schema/schema.go:70.22,72.3 1 0
github.com/cloudposse/atmos/pkg/schema/schema.go:73.2,73.25 1 0
github.com/cloudposse/atmos/pkg/schema/schema.go:76.71,80.17 4 0
github.com/cloudposse/atmos/pkg/schema/schema.go:80.17,82.3 1 0
github.com/cloudposse/atmos/pkg/schema/schema.go:83.2,83.22 1 0
github.com/cloudposse/atmos/pkg/schema/schema.go:83.22,85.3 1 0
github.com/cloudposse/atmos/pkg/schema/schema.go:86.2,86.23 1 0
github.com/cloudposse/atmos/pkg/schema/schema.go:90.68,100.42 3 0
github.com/cloudposse/atmos/pkg/schema/schema.go:100.42,102.3 1 0
github.com/cloudposse/atmos/pkg/schema/schema.go:105.2,106.31 2 0
github.com/cloudposse/atmos/pkg/schema/schema.go:106.31,110.46 3 0
github.com/cloudposse/atmos/pkg/schema/schema.go:110.46,112.12 2 0
github.com/cloudposse/atmos/pkg/schema/schema.go:115.3,115.58 1 0
github.com/cloudposse/atmos/pkg/schema/schema.go:115.58,117.45 2 0
github.com/cloudposse/atmos/pkg/schema/schema.go:117.45,119.13 2 0
github.com/cloudposse/atmos/pkg/schema/schema.go:124.3,125.48 2 0
github.com/cloudposse/atmos/pkg/schema/schema.go:125.48,127.12 2 0
github.com/cloudposse/atmos/pkg/schema/schema.go:131.3,131.24 1 0
github.com/cloudposse/atmos/pkg/schema/schema.go:134.2,134.12 1 0
github.com/cloudposse/atmos/pkg/schema/schema.go:137.47,138.29 1 0
github.com/cloudposse/atmos/pkg/schema/schema.go:138.29,139.58 1 0
github.com/cloudposse/atmos/pkg/schema/schema.go:139.58,141.12 2 0
github.com/cloudposse/atmos/pkg/schema/schema.go:143.3,143.32 1 0
github.com/cloudposse/atmos/pkg/schema/schema.go:147.65,149.13 2 0
github.com/cloudposse/atmos/pkg/schema/schema.go:149.13,151.3 1 0
github.com/cloudposse/atmos/pkg/schema/schema.go:153.2,154.16 2 0
github.com/cloudposse/atmos/pkg/schema/schema.go:154.16,156.3 1 0
github.com/cloudposse/atmos/pkg/schema/schema.go:158.2,159.61 2 0
github.com/cloudposse/atmos/pkg/schema/schema.go:159.61,161.3 1 0
github.com/cloudposse/atmos/pkg/schema/schema.go:162.2,162.32 1 0
github.com/cloudposse/atmos/pkg/schema/schema.go:165.64,167.13 2 0
github.com/cloudposse/atmos/pkg/schema/schema.go:167.13,169.3 1 0
github.com/cloudposse/atmos/pkg/schema/schema.go:171.2,172.16 2 0
github.com/cloudposse/atmos/pkg/schema/schema.go:172.16,174.3 1 0
github.com/cloudposse/atmos/pkg/schema/schema.go:177.2,178.56 2 0
github.com/cloudposse/atmos/pkg/schema/schema.go:178.56,180.3 1 0
github.com/cloudposse/atmos/pkg/schema/schema.go:181.2,181.27 1 0
github.com/cloudposse/atmos/pkg/schema/schema.go:217.42,221.80 2 0
github.com/cloudposse/atmos/pkg/schema/schema.go:221.80,223.3 1 0
github.com/cloudposse/atmos/pkg/schema/schema.go:225.2,225.13 1 0
github.com/cloudposse/atmos/pkg/schema/schema.go:229.42,231.15 1 0
github.com/cloudposse/atmos/pkg/schema/schema.go:231.15,233.3 1 0
github.com/cloudposse/atmos/pkg/schema/schema.go:235.2,235.16 1 0
github.com/cloudposse/atmos/pkg/store/artifactory_store.go:44.69,45.32 1 0
github.com/cloudposse/atmos/pkg/store/artifactory_store.go:45.32,47.3 1 0
github.com/cloudposse/atmos/pkg/store/artifactory_store.go:49.2,49.49 1 0
github.com/cloudposse/atmos/pkg/store/artifactory_store.go:49.49,51.3 1 0
github.com/cloudposse/atmos/pkg/store/artifactory_store.go:53.2,53.43 1 0
github.com/cloudposse/atmos/pkg/store/artifactory_store.go:53.43,55.3 1 0
github.com/cloudposse/atmos/pkg/store/artifactory_store.go:57.2,57.39 1 0
github.com/cloudposse/atmos/pkg/store/artifactory_store.go:62.31,67.39 2 0
github.com/cloudposse/atmos/pkg/store/artifactory_store.go:67.39,70.3 1 0
github.com/cloudposse/atmos/pkg/store/artifactory_store.go:70.8,75.3 1 0
github.com/cloudposse/atmos/pkg/store/artifactory_store.go:78.74,82.27 3 0
github.com/cloudposse/atmos/pkg/store/artifactory_store.go:82.27,84.3 1 0
github.com/cloudposse/atmos/pkg/store/artifactory_store.go:86.2,87.35 2 0
github.com/cloudposse/atmos/pkg/store/artifactory_store.go:87.35,89.3 1 0
github.com/cloudposse/atmos/pkg/store/artifactory_store.go:92.2,98.16 5 0
github.com/cloudposse/atmos/pkg/store/artifactory_store.go:98.16,100.3 1 0
github.com/cloudposse/atmos/pkg/store/artifactory_store.go:103.2,103.26 1 0
github.com/cloudposse/atmos/pkg/store/artifactory_store.go:103.26,105.3 1 0
github.com/cloudposse/atmos/pkg/store/artifactory_store.go:107.2,115.16 2 0
github.com/cloudposse/atmos/pkg/store/artifactory_store.go:115.16,117.3 1 0
github.com/cloudposse/atmos/pkg/store/artifactory_store.go:119.2,120.16 2 0
github.com/cloudposse/atmos/pkg/store/artifactory_store.go:120.16,122.3 1 0
github.com/cloudposse/atmos/pkg/store/artifactory_store.go:124.2,129.8 1 0
github.com/cloudposse/atmos/pkg/store/artifactory_store.go:132.95,133.29 1 0
github.com/cloudposse/atmos/pkg/store/artifactory_store.go:133.29,135.3 1 0
github.com/cloudposse/atmos/pkg/store/artifactory_store.go:137.2,140.70 3 0
github.com/cloudposse/atmos/pkg/store/artifactory_store.go:143.82,144.17 1 0
github.com/cloudposse/atmos/pkg/store/artifactory_store.go:144.17,146.3 1 0
github.com/cloudposse/atmos/pkg/store/artifactory_store.go:148.2,148.21 1 0
github.com/cloudposse/atmos/pkg/store/artifactory_store.go:148.21,150.3 1 0
github.com/cloudposse/atmos/pkg/store/artifactory_store.go:152.2,152.15 1 0
github.com/cloudposse/atmos/pkg/store/artifactory_store.go:152.15,154.3 1 0
github.com/cloudposse/atmos/pkg/store/artifactory_store.go:156.2,156.12 1 0
github.com/cloudposse/atmos/pkg/store/artifactory_store.go:159.98,161.16 2 0
github.com/cloudposse/atmos/pkg/store/artifactory_store.go:161.16,163.3 1 0
github.com/cloudposse/atmos/pkg/store/artifactory_store.go:166.2,167.58 2 0
github.com/cloudposse/atmos/pkg/store/artifactory_store.go:167.58,169.3 1 0
github.com/cloudposse/atmos/pkg/store/artifactory_store.go:171.2,171.20 1 0
github.com/cloudposse/atmos/pkg/store/artifactory_store.go:174.97,175.67 1 0
github.com/cloudposse/atmos/pkg/store/artifactory_store.go:175.67,177.3 1 0
github.com/cloudposse/atmos/pkg/store/artifactory_store.go:179.2,180.16 2 0
github.com/cloudposse/atmos/pkg/store/artifactory_store.go:180.16,182.3 1 0
github.com/cloudposse/atmos/pkg/store/artifactory_store.go:184.2,185.16 2 0
github.com/cloudposse/atmos/pkg/store/artifactory_store.go:185.16,187.3 1 0
github.com/cloudposse/atmos/pkg/store/artifactory_store.go:188.2,188.15 1 0
github.com/cloudposse/atmos/pkg/store/artifactory_store.go:188.15,190.3 1 0
github.com/cloudposse/atmos/pkg/store/artifactory_store.go:192.2,193.59 2 0
github.com/cloudposse/atmos/pkg/store/artifactory_store.go:193.59,195.3 1 0
github.com/cloudposse/atmos/pkg/store/artifactory_store.go:197.2,204.16 7 0
github.com/cloudposse/atmos/pkg/store/artifactory_store.go:204.16,206.3 1 0
github.com/cloudposse/atmos/pkg/store/artifactory_store.go:209.2,209.52 1 0
github.com/cloudposse/atmos/pkg/store/artifactory_store.go:209.52,211.3 1 0
github.com/cloudposse/atmos/pkg/store/artifactory_store.go:213.2,213.26 1 0
github.com/cloudposse/atmos/pkg/store/artifactory_store.go:213.26,215.3 1 0
github.com/cloudposse/atmos/pkg/store/artifactory_store.go:217.2,217.52 1 0
github.com/cloudposse/atmos/pkg/store/artifactory_store.go:220.101,221.17 1 0
github.com/cloudposse/atmos/pkg/store/artifactory_store.go:221.17,223.3 1 0
github.com/cloudposse/atmos/pkg/store/artifactory_store.go:225.2,225.21 1 0
github.com/cloudposse/atmos/pkg/store/artifactory_store.go:225.21,227.3 1 0
github.com/cloudposse/atmos/pkg/store/artifactory_store.go:229.2,229.15 1 0
github.com/cloudposse/atmos/pkg/store/artifactory_store.go:229.15,231.3 1 0
github.com/cloudposse/atmos/pkg/store/artifactory_store.go:234.2,235.16 2 0
github.com/cloudposse/atmos/pkg/store/artifactory_store.go:235.16,237.3 1 0
github.com/cloudposse/atmos/pkg/store/artifactory_store.go:239.2,240.16 2 0
github.com/cloudposse/atmos/pkg/store/artifactory_store.go:240.16,242.3 1 0
github.com/cloudposse/atmos/pkg/store/artifactory_store.go:243.2,243.15 1 0
github.com/cloudposse/atmos/pkg/store/artifactory_store.go:243.15,245.3 1 0
github.com/cloudposse/atmos/pkg/store/artifactory_store.go:246.2,246.15 1 0
github.com/cloudposse/atmos/pkg/store/artifactory_store.go:246.15,248.3 1 0
github.com/cloudposse/atmos/pkg/store/artifactory_store.go:250.2,251.40 2 0
github.com/cloudposse/atmos/pkg/store/artifactory_store.go:251.40,254.3 1 0
github.com/cloudposse/atmos/pkg/store/artifactory_store.go:254.8,257.17 2 0
github.com/cloudposse/atmos/pkg/store/artifactory_store.go:257.17,259.4 1 0
github.com/cloudposse/atmos/pkg/store/artifactory_store.go:260.3,260.25 1 0
github.com/cloudposse/atmos/pkg/store/artifactory_store.go:263.2,264.16 2 0
github.com/cloudposse/atmos/pkg/store/artifactory_store.go:264.16,266.3 1 0
github.com/cloudposse/atmos/pkg/store/artifactory_store.go:268.2,275.16 7 0
github.com/cloudposse/atmos/pkg/store/artifactory_store.go:275.16,277.3 1 0
github.com/cloudposse/atmos/pkg/store/artifactory_store.go:279.2,279.12 1 0
github.com/cloudposse/atmos/pkg/store/artifactory_store.go:282.68,283.15 1 0
github.com/cloudposse/atmos/pkg/store/artifactory_store.go:283.15,285.3 1 0
github.com/cloudposse/atmos/pkg/store/artifactory_store.go:288.2,291.20 2 0
github.com/cloudposse/atmos/pkg/store/artifactory_store.go:291.20,293.3 1 0
github.com/cloudposse/atmos/pkg/store/artifactory_store.go:296.2,296.43 1 0
github.com/cloudposse/atmos/pkg/store/artifactory_store.go:296.43,298.3 1 0
github.com/cloudposse/atmos/pkg/store/artifactory_store.go:301.2,305.16 3 0
github.com/cloudposse/atmos/pkg/store/artifactory_store.go:305.16,307.3 1 0
github.com/cloudposse/atmos/pkg/store/artifactory_store.go:308.2,308.15 1 0
github.com/cloudposse/atmos/pkg/store/artifactory_store.go:308.15,310.3 1 0
github.com/cloudposse/atmos/pkg/store/artifactory_store.go:313.2,320.16 7 0
github.com/cloudposse/atmos/pkg/store/artifactory_store.go:320.16,322.3 1 0
github.com/cloudposse/atmos/pkg/store/artifactory_store.go:325.2,327.16 3 0
github.com/cloudposse/atmos/pkg/store/artifactory_store.go:327.16,329.3 1 0
github.com/cloudposse/atmos/pkg/store/artifactory_store.go:331.2,331.20 1 0
github.com/cloudposse/atmos/pkg/store/artifactory_store.go:331.20,333.3 1 0
github.com/cloudposse/atmos/pkg/store/artifactory_store.go:336.2,337.62 2 0
github.com/cloudposse/atmos/pkg/store/artifactory_store.go:337.62,340.3 1 0
github.com/cloudposse/atmos/pkg/store/artifactory_store.go:341.2,341.20 1 0
github.com/cloudposse/atmos/pkg/store/artifactory_store_noop_logger.go:14.49,16.2 1 0
github.com/cloudposse/atmos/pkg/store/artifactory_store_noop_logger.go:20.58,22.2 1 0
github.com/cloudposse/atmos/pkg/store/artifactory_store_noop_logger.go:26.56,28.2 1 0
github.com/cloudposse/atmos/pkg/store/artifactory_store_noop_logger.go:32.50,34.2 1 0
github.com/cloudposse/atmos/pkg/store/artifactory_store_noop_logger.go:38.54,40.2 1 0
github.com/cloudposse/atmos/pkg/store/artifactory_store_noop_logger.go:44.46,46.2 1 0
github.com/cloudposse/atmos/pkg/store/artifactory_store_noop_logger.go:50.45,52.2 1 0
github.com/cloudposse/atmos/pkg/store/artifactory_store_noop_logger.go:56.45,58.2 1 0
github.com/cloudposse/atmos/pkg/store/artifactory_store_noop_logger.go:62.46,64.2 1 0
github.com/cloudposse/atmos/pkg/store/artifactory_store_noop_logger.go:68.47,70.2 1 0
github.com/cloudposse/atmos/pkg/store/artifactory_store_noop_logger.go:74.38,76.2 1 0
github.com/cloudposse/atmos/pkg/store/aws_ssm_param_store.go:52.58,57.16 3 0
github.com/cloudposse/atmos/pkg/store/aws_ssm_param_store.go:57.16,59.3 1 0
github.com/cloudposse/atmos/pkg/store/aws_ssm_param_store.go:61.2,61.26 1 0
github.com/cloudposse/atmos/pkg/store/aws_ssm_param_store.go:61.26,63.3 1 0
github.com/cloudposse/atmos/pkg/store/aws_ssm_param_store.go:65.2,71.48 3 0
github.com/cloudposse/atmos/pkg/store/aws_ssm_param_store.go:71.48,73.4 1 0
github.com/cloudposse/atmos/pkg/store/aws_ssm_param_store.go:74.48,76.4 1 0
github.com/cloudposse/atmos/pkg/store/aws_ssm_param_store.go:79.2,79.27 1 0
github.com/cloudposse/atmos/pkg/store/aws_ssm_param_store.go:79.27,81.3 1 0
github.com/cloudposse/atmos/pkg/store/aws_ssm_param_store.go:81.8,83.3 1 0
github.com/cloudposse/atmos/pkg/store/aws_ssm_param_store.go:85.2,85.35 1 0
github.com/cloudposse/atmos/pkg/store/aws_ssm_param_store.go:85.35,87.3 1 0
github.com/cloudposse/atmos/pkg/store/aws_ssm_param_store.go:87.8,89.3 1 0
github.com/cloudposse/atmos/pkg/store/aws_ssm_param_store.go:91.2,92.32 2 0
github.com/cloudposse/atmos/pkg/store/aws_ssm_param_store.go:92.32,94.3 1 0
github.com/cloudposse/atmos/pkg/store/aws_ssm_param_store.go:95.2,95.33 1 0
github.com/cloudposse/atmos/pkg/store/aws_ssm_param_store.go:95.33,97.3 1 0
github.com/cloudposse/atmos/pkg/store/aws_ssm_param_store.go:99.2,99.19 1 0
github.com/cloudposse/atmos/pkg/store/aws_ssm_param_store.go:102.87,103.29 1 0
github.com/cloudposse/atmos/pkg/store/aws_ssm_param_store.go:103.29,105.3 1 0
github.com/cloudposse/atmos/pkg/store/aws_ssm_param_store.go:107.2,107.72 1 0
github.com/cloudposse/atmos/pkg/store/aws_ssm_param_store.go:111.90,112.20 1 0
github.com/cloudposse/atmos/pkg/store/aws_ssm_param_store.go:112.20,114.3 1 0
github.com/cloudposse/atmos/pkg/store/aws_ssm_param_store.go:116.2,117.27 2 0
github.com/cloudposse/atmos/pkg/store/aws_ssm_param_store.go:117.27,119.3 1 0
github.com/cloudposse/atmos/pkg/store/aws_ssm_param_store.go:119.8,121.3 1 0
github.com/cloudposse/atmos/pkg/store/aws_ssm_param_store.go:123.2,127.16 2 0
github.com/cloudposse/atmos/pkg/store/aws_ssm_param_store.go:127.16,129.3 1 0
github.com/cloudposse/atmos/pkg/store/aws_ssm_param_store.go:131.2,137.18 3 0
github.com/cloudposse/atmos/pkg/store/aws_ssm_param_store.go:141.85,142.17 1 0
github.com/cloudposse/atmos/pkg/store/aws_ssm_param_store.go:142.17,144.3 1 0
github.com/cloudposse/atmos/pkg/store/aws_ssm_param_store.go:145.2,145.21 1 0
github.com/cloudposse/atmos/pkg/store/aws_ssm_param_store.go:145.21,147.3 1 0
github.com/cloudposse/atmos/pkg/store/aws_ssm_param_store.go:148.2,148.15 1 0
github.com/cloudposse/atmos/pkg/store/aws_ssm_param_store.go:148.15,150.3 1 0
github.com/cloudposse/atmos/pkg/store/aws_ssm_param_store.go:152.2,156.16 3 0
github.com/cloudposse/atmos/pkg/store/aws_ssm_param_store.go:156.16,158.3 1 0
github.com/cloudposse/atmos/pkg/store/aws_ssm_param_store.go:159.2,163.16 3 0
github.com/cloudposse/atmos/pkg/store/aws_ssm_param_store.go:163.16,165.3 1 0
github.com/cloudposse/atmos/pkg/store/aws_ssm_param_store.go:168.2,169.16 2 0
github.com/cloudposse/atmos/pkg/store/aws_ssm_param_store.go:169.16,171.3 1 0
github.com/cloudposse/atmos/pkg/store/aws_ssm_param_store.go:174.2,175.27 2 0
github.com/cloudposse/atmos/pkg/store/aws_ssm_param_store.go:175.27,177.28 1 0
github.com/cloudposse/atmos/pkg/store/aws_ssm_param_store.go:177.28,179.4 1 0
github.com/cloudposse/atmos/pkg/store/aws_ssm_param_store.go:179.9,181.4 1 0
github.com/cloudposse/atmos/pkg/store/aws_ssm_param_store.go:185.2,191.16 2 0
github.com/cloudposse/atmos/pkg/store/aws_ssm_param_store.go:191.16,193.3 1 0
github.com/cloudposse/atmos/pkg/store/aws_ssm_param_store.go:195.2,195.12 1 0
github.com/cloudposse/atmos/pkg/store/aws_ssm_param_store.go:199.81,200.17 1 0
github.com/cloudposse/atmos/pkg/store/aws_ssm_param_store.go:200.17,202.3 1 0
github.com/cloudposse/atmos/pkg/store/aws_ssm_param_store.go:203.2,203.21 1 0
github.com/cloudposse/atmos/pkg/store/aws_ssm_param_store.go:203.21,205.3 1 0
github.com/cloudposse/atmos/pkg/store/aws_ssm_param_store.go:206.2,206.15 1 0
github.com/cloudposse/atmos/pkg/store/aws_ssm_param_store.go:206.15,208.3 1 0
github.com/cloudposse/atmos/pkg/store/aws_ssm_param_store.go:210.2,214.16 3 0
github.com/cloudposse/atmos/pkg/store/aws_ssm_param_store.go:214.16,216.3 1 0
github.com/cloudposse/atmos/pkg/store/aws_ssm_param_store.go:219.2,220.16 2 0
github.com/cloudposse/atmos/pkg/store/aws_ssm_param_store.go:220.16,222.3 1 0
github.com/cloudposse/atmos/pkg/store/aws_ssm_param_store.go:225.2,226.26 2 0
github.com/cloudposse/atmos/pkg/store/aws_ssm_param_store.go:226.26,228.28 1 0
github.com/cloudposse/atmos/pkg/store/aws_ssm_param_store.go:228.28,230.4 1 0
github.com/cloudposse/atmos/pkg/store/aws_ssm_param_store.go:230.9,232.4 1 0
github.com/cloudposse/atmos/pkg/store/aws_ssm_param_store.go:236.2,239.16 2 0
github.com/cloudposse/atmos/pkg/store/aws_ssm_param_store.go:239.16,241.3 1 0
github.com/cloudposse/atmos/pkg/store/aws_ssm_param_store.go:244.2,246.81 2 0
github.com/cloudposse/atmos/pkg/store/aws_ssm_param_store.go:246.81,249.3 1 0
github.com/cloudposse/atmos/pkg/store/aws_ssm_param_store.go:251.2,251.20 1 0
github.com/cloudposse/atmos/pkg/store/aws_ssm_param_store.go:255.52,256.15 1 0
github.com/cloudposse/atmos/pkg/store/aws_ssm_param_store.go:256.15,258.3 1 0
github.com/cloudposse/atmos/pkg/store/aws_ssm_param_store.go:260.2,266.20 3 0
github.com/cloudposse/atmos/pkg/store/aws_ssm_param_store.go:266.20,268.3 1 0
github.com/cloudposse/atmos/pkg/store/aws_ssm_param_store.go:271.2,271.40 1 0
github.com/cloudposse/atmos/pkg/store/aws_ssm_param_store.go:271.40,273.3 1 0
github.com/cloudposse/atmos/pkg/store/aws_ssm_param_store.go:276.2,277.16 2 0
github.com/cloudposse/atmos/pkg/store/aws_ssm_param_store.go:277.16,279.3 1 0
github.com/cloudposse/atmos/pkg/store/aws_ssm_param_store.go:282.2,283.26 2 0
github.com/cloudposse/atmos/pkg/store/aws_ssm_param_store.go:283.26,285.28 1 0
github.com/cloudposse/atmos/pkg/store/aws_ssm_param_store.go:285.28,287.4 1 0
github.com/cloudposse/atmos/pkg/store/aws_ssm_param_store.go:287.9,289.4 1 0
github.com/cloudposse/atmos/pkg/store/aws_ssm_param_store.go:293.2,296.16 2 0
github.com/cloudposse/atmos/pkg/store/aws_ssm_param_store.go:296.16,298.3 1 0
github.com/cloudposse/atmos/pkg/store/aws_ssm_param_store.go:301.2,303.81 2 0
github.com/cloudposse/atmos/pkg/store/aws_ssm_param_store.go:303.81,306.3 1 0
github.com/cloudposse/atmos/pkg/store/aws_ssm_param_store.go:308.2,308.20 1 0
github.com/cloudposse/atmos/pkg/store/azure_keyvault_store.go:49.78,50.28 1 0
github.com/cloudposse/atmos/pkg/store/azure_keyvault_store.go:50.28,52.3 1 0
github.com/cloudposse/atmos/pkg/store/azure_keyvault_store.go:55.2,56.16 2 0
github.com/cloudposse/atmos/pkg/store/azure_keyvault_store.go:56.16,58.3 1 0
github.com/cloudposse/atmos/pkg/store/azure_keyvault_store.go:61.2,62.16 2 0
github.com/cloudposse/atmos/pkg/store/azure_keyvault_store.go:62.16,64.3 1 0
github.com/cloudposse/atmos/pkg/store/azure_keyvault_store.go:66.2,67.35 2 0
github.com/cloudposse/atmos/pkg/store/azure_keyvault_store.go:67.35,69.3 1 0
github.com/cloudposse/atmos/pkg/store/azure_keyvault_store.go:71.2,72.27 2 0
github.com/cloudposse/atmos/pkg/store/azure_keyvault_store.go:72.27,74.3 1 0
github.com/cloudposse/atmos/pkg/store/azure_keyvault_store.go:76.2,81.8 1 0
github.com/cloudposse/atmos/pkg/store/azure_keyvault_store.go:86.69,94.22 4 0
github.com/cloudposse/atmos/pkg/store/azure_keyvault_store.go:94.22,96.3 1 0
github.com/cloudposse/atmos/pkg/store/azure_keyvault_store.go:97.2,97.19 1 0
github.com/cloudposse/atmos/pkg/store/azure_keyvault_store.go:100.97,101.29 1 0
github.com/cloudposse/atmos/pkg/store/azure_keyvault_store.go:101.29,103.3 1 0
github.com/cloudposse/atmos/pkg/store/azure_keyvault_store.go:105.2,106.16 2 0
github.com/cloudposse/atmos/pkg/store/azure_keyvault_store.go:106.16,108.3 1 0
github.com/cloudposse/atmos/pkg/store/azure_keyvault_store.go:111.2,111.44 1 0
github.com/cloudposse/atmos/pkg/store/azure_keyvault_store.go:114.103,115.17 1 0
github.com/cloudposse/atmos/pkg/store/azure_keyvault_store.go:115.17,117.3 1 0
github.com/cloudposse/atmos/pkg/store/azure_keyvault_store.go:118.2,118.21 1 0
github.com/cloudposse/atmos/pkg/store/azure_keyvault_store.go:118.21,120.3 1 0
github.com/cloudposse/atmos/pkg/store/azure_keyvault_store.go:121.2,121.15 1 0
github.com/cloudposse/atmos/pkg/store/azure_keyvault_store.go:121.15,123.3 1 0
github.com/cloudposse/atmos/pkg/store/azure_keyvault_store.go:125.2,126.16 2 0
github.com/cloudposse/atmos/pkg/store/azure_keyvault_store.go:126.16,128.3 1 0
github.com/cloudposse/atmos/pkg/store/azure_keyvault_store.go:131.2,132.16 2 0
github.com/cloudposse/atmos/pkg/store/azure_keyvault_store.go:132.16,134.3 1 0
github.com/cloudposse/atmos/pkg/store/azure_keyvault_store.go:135.2,142.16 4 0
github.com/cloudposse/atmos/pkg/store/azure_keyvault_store.go:142.16,144.76 2 0
github.com/cloudposse/atmos/pkg/store/azure_keyvault_store.go:144.76,146.4 1 0
github.com/cloudposse/atmos/pkg/store/azure_keyvault_store.go:147.3,147.57 1 0
github.com/cloudposse/atmos/pkg/store/azure_keyvault_store.go:150.2,150.12 1 0
github.com/cloudposse/atmos/pkg/store/azure_keyvault_store.go:153.99,154.17 1 0
github.com/cloudposse/atmos/pkg/store/azure_keyvault_store.go:154.17,156.3 1 0
github.com/cloudposse/atmos/pkg/store/azure_keyvault_store.go:157.2,157.21 1 0
github.com/cloudposse/atmos/pkg/store/azure_keyvault_store.go:157.21,159.3 1 0
github.com/cloudposse/atmos/pkg/store/azure_keyvault_store.go:160.2,160.15 1 0
github.com/cloudposse/atmos/pkg/store/azure_keyvault_store.go:160.15,162.3 1 0
github.com/cloudposse/atmos/pkg/store/azure_keyvault_store.go:164.2,165.16 2 0
github.com/cloudposse/atmos/pkg/store/azure_keyvault_store.go:165.16,167.3 1 0
github.com/cloudposse/atmos/pkg/store/azure_keyvault_store.go:169.2,170.16 2 0
github.com/cloudposse/atmos/pkg/store/azure_keyvault_store.go:170.16,172.31 2 0
github.com/cloudposse/atmos/pkg/store/azure_keyvault_store.go:172.31,173.30 1 0
github.com/cloudposse/atmos/pkg/store/azure_keyvault_store.go:174.28,175.86 1 0
github.com/cloudposse/atmos/pkg/store/azure_keyvault_store.go:176.29,177.112 1 0
github.com/cloudposse/atmos/pkg/store/azure_keyvault_store.go:180.3,180.62 1 0
github.com/cloudposse/atmos/pkg/store/azure_keyvault_store.go:183.2,183.23 1 0
github.com/cloudposse/atmos/pkg/store/azure_keyvault_store.go:183.23,185.3 1 0
github.com/cloudposse/atmos/pkg/store/azure_keyvault_store.go:188.2,189.77 2 0
github.com/cloudposse/atmos/pkg/store/azure_keyvault_store.go:189.77,192.3 1 0
github.com/cloudposse/atmos/pkg/store/azure_keyvault_store.go:193.2,193.20 1 0
github.com/cloudposse/atmos/pkg/store/azure_keyvault_store.go:196.70,197.15 1 0
github.com/cloudposse/atmos/pkg/store/azure_keyvault_store.go:197.15,199.3 1 0
github.com/cloudposse/atmos/pkg/store/azure_keyvault_store.go:202.2,205.16 3 0
github.com/cloudposse/atmos/pkg/store/azure_keyvault_store.go:205.16,207.31 2 0
github.com/cloudposse/atmos/pkg/store/azure_keyvault_store.go:207.31,208.30 1 0
github.com/cloudposse/atmos/pkg/store/azure_keyvault_store.go:209.28,210.86 1 0
github.com/cloudposse/atmos/pkg/store/azure_keyvault_store.go:211.29,212.112 1 0
github.com/cloudposse/atmos/pkg/store/azure_keyvault_store.go:215.3,215.62 1 0
github.com/cloudposse/atmos/pkg/store/azure_keyvault_store.go:218.2,218.23 1 0
github.com/cloudposse/atmos/pkg/store/azure_keyvault_store.go:218.23,220.3 1 0
github.com/cloudposse/atmos/pkg/store/azure_keyvault_store.go:223.2,224.77 2 0
github.com/cloudposse/atmos/pkg/store/azure_keyvault_store.go:224.77,227.3 1 0
github.com/cloudposse/atmos/pkg/store/azure_keyvault_store.go:228.2,228.20 1 0
github.com/cloudposse/atmos/pkg/store/config.go:12.77,14.2 1 0
github.com/cloudposse/atmos/pkg/store/google_secret_manager_store.go:53.58,54.29 1 0
github.com/cloudposse/atmos/pkg/store/google_secret_manager_store.go:54.29,56.3 1 0
github.com/cloudposse/atmos/pkg/store/google_secret_manager_store.go:58.2,61.62 3 0
github.com/cloudposse/atmos/pkg/store/google_secret_manager_store.go:61.62,63.3 1 0
github.com/cloudposse/atmos/pkg/store/google_secret_manager_store.go:65.2,66.16 2 0
github.com/cloudposse/atmos/pkg/store/google_secret_manager_store.go:66.16,68.20 1 0
github.com/cloudposse/atmos/pkg/store/google_secret_manager_store.go:68.20,70.4 1 0
github.com/cloudposse/atmos/pkg/store/google_secret_manager_store.go:71.3,71.62 1 0
github.com/cloudposse/atmos/pkg/store/google_secret_manager_store.go:74.2,79.27 2 0
github.com/cloudposse/atmos/pkg/store/google_secret_manager_store.go:79.27,81.3 1 0
github.com/cloudposse/atmos/pkg/store/google_secret_manager_store.go:83.2,83.35 1 0
github.com/cloudposse/atmos/pkg/store/google_secret_manager_store.go:83.35,85.3 1 0
github.com/cloudposse/atmos/pkg/store/google_secret_manager_store.go:85.8,88.3 2 0
github.com/cloudposse/atmos/pkg/store/google_secret_manager_store.go:90.2,92.19 2 0
github.com/cloudposse/atmos/pkg/store/google_secret_manager_store.go:95.87,96.46 1 0
github.com/cloudposse/atmos/pkg/store/google_secret_manager_store.go:96.46,102.3 1 0
github.com/cloudposse/atmos/pkg/store/google_secret_manager_store.go:102.8,104.39 2 0
github.com/cloudposse/atmos/pkg/store/google_secret_manager_store.go:104.39,108.4 1 0
github.com/cloudposse/atmos/pkg/store/google_secret_manager_store.go:110.3,116.4 1 0
github.com/cloudposse/atmos/pkg/store/google_secret_manager_store.go:121.87,122.29 1 0
github.com/cloudposse/atmos/pkg/store/google_secret_manager_store.go:122.29,124.3 1 0
github.com/cloudposse/atmos/pkg/store/google_secret_manager_store.go:126.2,127.16 2 0
github.com/cloudposse/atmos/pkg/store/google_secret_manager_store.go:127.16,129.3 1 0
github.com/cloudposse/atmos/pkg/store/google_secret_manager_store.go:132.2,138.21 4 0
github.com/cloudposse/atmos/pkg/store/google_secret_manager_store.go:141.104,152.16 4 0
github.com/cloudposse/atmos/pkg/store/google_secret_manager_store.go:152.16,153.42 1 0
github.com/cloudposse/atmos/pkg/store/google_secret_manager_store.go:153.42,154.21 1 0
github.com/cloudposse/atmos/pkg/store/google_secret_manager_store.go:155.29,158.11 1 0
github.com/cloudposse/atmos/pkg/store/google_secret_manager_store.go:159.24,160.136 1 0
github.com/cloudposse/atmos/pkg/store/google_secret_manager_store.go:161.32,162.114 1 0
github.com/cloudposse/atmos/pkg/store/google_secret_manager_store.go:165.3,165.62 1 0
github.com/cloudposse/atmos/pkg/store/google_secret_manager_store.go:167.2,167.20 1 0
github.com/cloudposse/atmos/pkg/store/google_secret_manager_store.go:170.110,179.16 3 0
github.com/cloudposse/atmos/pkg/store/google_secret_manager_store.go:179.16,180.42 1 0
github.com/cloudposse/atmos/pkg/store/google_secret_manager_store.go:180.42,181.21 1 0
github.com/cloudposse/atmos/pkg/store/google_secret_manager_store.go:182.24,183.87 1 0
github.com/cloudposse/atmos/pkg/store/google_secret_manager_store.go:184.32,185.87 1 0
github.com/cloudposse/atmos/pkg/store/google_secret_manager_store.go:188.3,188.61 1 0
github.com/cloudposse/atmos/pkg/store/google_secret_manager_store.go:190.2,190.12 1 0
github.com/cloudposse/atmos/pkg/store/google_secret_manager_store.go:194.85,195.17 1 0
github.com/cloudposse/atmos/pkg/store/google_secret_manager_store.go:195.17,197.3 1 0
github.com/cloudposse/atmos/pkg/store/google_secret_manager_store.go:198.2,198.21 1 0
github.com/cloudposse/atmos/pkg/store/google_secret_manager_store.go:198.21,200.3 1 0
github.com/cloudposse/atmos/pkg/store/google_secret_manager_store.go:201.2,201.15 1 0
github.com/cloudposse/atmos/pkg/store/google_secret_manager_store.go:201.15,203.3 1 0
github.com/cloudposse/atmos/pkg/store/google_secret_manager_store.go:205.2,210.16 4 0
github.com/cloudposse/atmos/pkg/store/google_secret_manager_store.go:210.16,212.3 1 0
github.com/cloudposse/atmos/pkg/store/google_secret_manager_store.go:213.2,217.16 3 0
github.com/cloudposse/atmos/pkg/store/google_secret_manager_store.go:217.16,219.3 1 0
github.com/cloudposse/atmos/pkg/store/google_secret_manager_store.go:221.2,222.16 2 0
github.com/cloudposse/atmos/pkg/store/google_secret_manager_store.go:222.16,224.3 1 0
github.com/cloudposse/atmos/pkg/store/google_secret_manager_store.go:226.2,226.66 1 0
github.com/cloudposse/atmos/pkg/store/google_secret_manager_store.go:226.66,228.3 1 0
github.com/cloudposse/atmos/pkg/store/google_secret_manager_store.go:230.2,230.12 1 0
github.com/cloudposse/atmos/pkg/store/google_secret_manager_store.go:234.81,235.17 1 0
github.com/cloudposse/atmos/pkg/store/google_secret_manager_store.go:235.17,237.3 1 0
github.com/cloudposse/atmos/pkg/store/google_secret_manager_store.go:238.2,238.21 1 0
github.com/cloudposse/atmos/pkg/store/google_secret_manager_store.go:238.21,240.3 1 0
github.com/cloudposse/atmos/pkg/store/google_secret_manager_store.go:241.2,241.15 1 0
github.com/cloudposse/atmos/pkg/store/google_secret_manager_store.go:241.15,243.3 1 0
github.com/cloudposse/atmos/pkg/store/google_secret_manager_store.go:245.2,250.16 4 0
github.com/cloudposse/atmos/pkg/store/google_secret_manager_store.go:250.16,252.3 1 0
github.com/cloudposse/atmos/pkg/store/google_secret_manager_store.go:255.2,261.16 3 0
github.com/cloudposse/atmos/pkg/store/google_secret_manager_store.go:261.16,263.9 2 0
github.com/cloudposse/atmos/pkg/store/google_secret_manager_store.go:263.9,264.21 1 0
github.com/cloudposse/atmos/pkg/store/google_secret_manager_store.go:265.24,266.84 1 0
github.com/cloudposse/atmos/pkg/store/google_secret_manager_store.go:267.32,268.110 1 0
github.com/cloudposse/atmos/pkg/store/google_secret_manager_store.go:271.3,271.62 1 0
github.com/cloudposse/atmos/pkg/store/google_secret_manager_store.go:274.2,276.75 2 0
github.com/cloudposse/atmos/pkg/store/google_secret_manager_store.go:276.75,279.3 1 0
github.com/cloudposse/atmos/pkg/store/google_secret_manager_store.go:280.2,280.26 1 0
github.com/cloudposse/atmos/pkg/store/google_secret_manager_store.go:283.60,284.15 1 0
github.com/cloudposse/atmos/pkg/store/google_secret_manager_store.go:284.15,286.3 1 0
github.com/cloudposse/atmos/pkg/store/google_secret_manager_store.go:289.2,292.20 2 0
github.com/cloudposse/atmos/pkg/store/google_secret_manager_store.go:292.20,294.3 1 0
github.com/cloudposse/atmos/pkg/store/google_secret_manager_store.go:297.2,306.16 5 0
github.com/cloudposse/atmos/pkg/store/google_secret_manager_store.go:306.16,307.41 1 0
github.com/cloudposse/atmos/pkg/store/google_secret_manager_store.go:307.41,309.4 1 0
github.com/cloudposse/atmos/pkg/store/google_secret_manager_store.go:310.3,310.62 1 0
github.com/cloudposse/atmos/pkg/store/google_secret_manager_store.go:313.2,313.53 1 0
github.com/cloudposse/atmos/pkg/store/google_secret_manager_store.go:313.53,315.3 1 0
github.com/cloudposse/atmos/pkg/store/google_secret_manager_store.go:318.2,319.75 2 0
github.com/cloudposse/atmos/pkg/store/google_secret_manager_store.go:319.75,322.3 1 0
github.com/cloudposse/atmos/pkg/store/google_secret_manager_store.go:323.2,323.20 1 0
github.com/cloudposse/atmos/pkg/store/redis_store.go:35.74,36.24 1 0
github.com/cloudposse/atmos/pkg/store/redis_store.go:36.24,38.17 2 0
github.com/cloudposse/atmos/pkg/store/redis_store.go:38.17,40.4 1 0
github.com/cloudposse/atmos/pkg/store/redis_store.go:42.3,42.19 1 0
github.com/cloudposse/atmos/pkg/store/redis_store.go:45.2,45.40 1 0
github.com/cloudposse/atmos/pkg/store/redis_store.go:45.40,47.3 1 0
github.com/cloudposse/atmos/pkg/store/redis_store.go:49.2,49.45 1 0
github.com/cloudposse/atmos/pkg/store/redis_store.go:52.62,54.27 2 0
github.com/cloudposse/atmos/pkg/store/redis_store.go:54.27,56.3 1 0
github.com/cloudposse/atmos/pkg/store/redis_store.go:58.2,59.35 2 0
github.com/cloudposse/atmos/pkg/store/redis_store.go:59.35,61.3 1 0
github.com/cloudposse/atmos/pkg/store/redis_store.go:63.2,64.16 2 0
github.com/cloudposse/atmos/pkg/store/redis_store.go:64.16,66.3 1 0
github.com/cloudposse/atmos/pkg/store/redis_store.go:68.2,74.8 2 0
github.com/cloudposse/atmos/pkg/store/redis_store.go:77.89,78.29 1 0
github.com/cloudposse/atmos/pkg/store/redis_store.go:78.29,80.3 1 0
github.com/cloudposse/atmos/pkg/store/redis_store.go:82.2,85.70 3 0
github.com/cloudposse/atmos/pkg/store/redis_store.go:88.91,89.17 1 0
github.com/cloudposse/atmos/pkg/store/redis_store.go:89.17,91.3 1 0
github.com/cloudposse/atmos/pkg/store/redis_store.go:93.2,93.21 1 0
github.com/cloudposse/atmos/pkg/store/redis_store.go:93.21,95.3 1 0
github.com/cloudposse/atmos/pkg/store/redis_store.go:97.2,97.15 1 0
github.com/cloudposse/atmos/pkg/store/redis_store.go:97.15,99.3 1 0
github.com/cloudposse/atmos/pkg/store/redis_store.go:101.2,102.16 2 0
github.com/cloudposse/atmos/pkg/store/redis_store.go:102.16,104.3 1 0
github.com/cloudposse/atmos/pkg/store/redis_store.go:106.2,108.16 3 0
github.com/cloudposse/atmos/pkg/store/redis_store.go:108.16,110.3 1 0
github.com/cloudposse/atmos/pkg/store/redis_store.go:113.2,114.66 2 0
github.com/cloudposse/atmos/pkg/store/redis_store.go:114.66,116.3 1 0
github.com/cloudposse/atmos/pkg/store/redis_store.go:119.2,119.22 1 0
github.com/cloudposse/atmos/pkg/store/redis_store.go:122.95,123.17 1 0
github.com/cloudposse/atmos/pkg/store/redis_store.go:123.17,125.3 1 0
github.com/cloudposse/atmos/pkg/store/redis_store.go:127.2,127.21 1 0
github.com/cloudposse/atmos/pkg/store/redis_store.go:127.21,129.3 1 0
github.com/cloudposse/atmos/pkg/store/redis_store.go:131.2,131.15 1 0
github.com/cloudposse/atmos/pkg/store/redis_store.go:131.15,133.3 1 0
github.com/cloudposse/atmos/pkg/store/redis_store.go:136.2,137.16 2 0
github.com/cloudposse/atmos/pkg/store/redis_store.go:137.16,139.3 1 0
github.com/cloudposse/atmos/pkg/store/redis_store.go:141.2,142.16 2 0
github.com/cloudposse/atmos/pkg/store/redis_store.go:142.16,144.3 1 0
github.com/cloudposse/atmos/pkg/store/redis_store.go:146.2,149.12 3 0
github.com/cloudposse/atmos/pkg/store/redis_store.go:152.62,153.15 1 0
github.com/cloudposse/atmos/pkg/store/redis_store.go:153.15,155.3 1 0
github.com/cloudposse/atmos/pkg/store/redis_store.go:158.2,161.20 2 0
github.com/cloudposse/atmos/pkg/store/redis_store.go:161.20,163.3 1 0
github.com/cloudposse/atmos/pkg/store/redis_store.go:166.2,167.23 2 0
github.com/cloudposse/atmos/pkg/store/redis_store.go:167.23,168.41 1 0
github.com/cloudposse/atmos/pkg/store/redis_store.go:168.41,170.4 1 0
github.com/cloudposse/atmos/pkg/store/redis_store.go:171.3,171.65 1 0
github.com/cloudposse/atmos/pkg/store/redis_store.go:174.2,175.17 2 0
github.com/cloudposse/atmos/pkg/store/redis_store.go:175.17,177.3 1 0
github.com/cloudposse/atmos/pkg/store/redis_store.go:180.2,181.81 2 0
github.com/cloudposse/atmos/pkg/store/redis_store.go:181.81,186.3 1 0
github.com/cloudposse/atmos/pkg/store/redis_store.go:187.2,187.20 1 0
github.com/cloudposse/atmos/pkg/store/redis_store.go:191.48,193.2 1 0
github.com/cloudposse/atmos/pkg/store/registry.go:9.68,11.40 2 0
github.com/cloudposse/atmos/pkg/store/registry.go:11.40,12.27 1 0
github.com/cloudposse/atmos/pkg/store/registry.go:13.22,15.67 2 0
github.com/cloudposse/atmos/pkg/store/registry.go:15.67,17.5 1 0
github.com/cloudposse/atmos/pkg/store/registry.go:19.4,20.18 2 0
github.com/cloudposse/atmos/pkg/store/registry.go:20.18,22.5 1 0
github.com/cloudposse/atmos/pkg/store/registry.go:23.4,23.25 1 0
github.com/cloudposse/atmos/pkg/store/registry.go:25.26,27.67 2 0
github.com/cloudposse/atmos/pkg/store/registry.go:27.67,29.5 1 0
github.com/cloudposse/atmos/pkg/store/registry.go:31.4,32.18 2 0
github.com/cloudposse/atmos/pkg/store/registry.go:32.18,34.5 1 0
github.com/cloudposse/atmos/pkg/store/registry.go:35.4,35.25 1 0
github.com/cloudposse/atmos/pkg/store/registry.go:37.34,39.67 2 0
github.com/cloudposse/atmos/pkg/store/registry.go:39.67,41.5 1 0
github.com/cloudposse/atmos/pkg/store/registry.go:43.4,44.18 2 0
github.com/cloudposse/atmos/pkg/store/registry.go:44.18,46.5 1 0
github.com/cloudposse/atmos/pkg/store/registry.go:47.4,47.25 1 0
github.com/cloudposse/atmos/pkg/store/registry.go:49.39,51.67 2 0
github.com/cloudposse/atmos/pkg/store/registry.go:51.67,53.5 1 0
github.com/cloudposse/atmos/pkg/store/registry.go:55.4,56.18 2 0
github.com/cloudposse/atmos/pkg/store/registry.go:56.18,58.5 1 0
github.com/cloudposse/atmos/pkg/store/registry.go:59.4,59.25 1 0
github.com/cloudposse/atmos/pkg/store/registry.go:61.16,63.67 2 0
github.com/cloudposse/atmos/pkg/store/registry.go:63.67,65.5 1 0
github.com/cloudposse/atmos/pkg/store/registry.go:67.4,68.18 2 0
github.com/cloudposse/atmos/pkg/store/registry.go:68.18,70.5 1 0
github.com/cloudposse/atmos/pkg/store/registry.go:71.4,71.25 1 0
github.com/cloudposse/atmos/pkg/store/registry.go:73.11,74.76 1 0
github.com/cloudposse/atmos/pkg/store/registry.go:78.2,78.22 1 0
github.com/cloudposse/atmos/pkg/store/store.go:20.134,32.2 8 0
github.com/cloudposse/atmos/pkg/ui/markdown/parser.go:8.52,13.29 3 0
github.com/cloudposse/atmos/pkg/ui/markdown/parser.go:13.29,14.36 1 0
github.com/cloudposse/atmos/pkg/ui/markdown/parser.go:14.36,16.24 2 0
github.com/cloudposse/atmos/pkg/ui/markdown/parser.go:16.24,19.5 1 0
github.com/cloudposse/atmos/pkg/ui/markdown/parser.go:20.4,20.9 1 0
github.com/cloudposse/atmos/pkg/ui/markdown/parser.go:24.2,24.15 1 0
github.com/cloudposse/atmos/pkg/ui/markdown/renderer.go:29.92,39.27 2 0
github.com/cloudposse/atmos/pkg/ui/markdown/renderer.go:39.27,41.3 1 0
github.com/cloudposse/atmos/pkg/ui/markdown/renderer.go:43.2,43.43 1 0
github.com/cloudposse/atmos/pkg/ui/markdown/renderer.go:43.43,50.17 2 0
github.com/cloudposse/atmos/pkg/ui/markdown/renderer.go:50.17,52.4 1 0
github.com/cloudposse/atmos/pkg/ui/markdown/renderer.go:54.3,55.16 2 0
github.com/cloudposse/atmos/pkg/ui/markdown/renderer.go:59.2,60.16 2 0
github.com/cloudposse/atmos/pkg/ui/markdown/renderer.go:60.16,62.3 1 0
github.com/cloudposse/atmos/pkg/ui/markdown/renderer.go:65.2,72.16 2 0
github.com/cloudposse/atmos/pkg/ui/markdown/renderer.go:72.16,74.3 1 0
github.com/cloudposse/atmos/pkg/ui/markdown/renderer.go:76.2,77.15 2 0
github.com/cloudposse/atmos/pkg/ui/markdown/renderer.go:80.74,84.45 3 0
github.com/cloudposse/atmos/pkg/ui/markdown/renderer.go:84.45,91.17 2 0
github.com/cloudposse/atmos/pkg/ui/markdown/renderer.go:91.17,93.4 1 0
github.com/cloudposse/atmos/pkg/ui/markdown/renderer.go:94.8,97.17 2 0
github.com/cloudposse/atmos/pkg/ui/markdown/renderer.go:97.17,99.4 1 0
github.com/cloudposse/atmos/pkg/ui/markdown/renderer.go:100.3,107.17 2 0
github.com/cloudposse/atmos/pkg/ui/markdown/renderer.go:107.17,109.4 1 0
github.com/cloudposse/atmos/pkg/ui/markdown/renderer.go:111.2,112.31 2 0
github.com/cloudposse/atmos/pkg/ui/markdown/renderer.go:112.31,114.3 1 0
github.com/cloudposse/atmos/pkg/ui/markdown/renderer.go:114.8,117.3 1 0
github.com/cloudposse/atmos/pkg/ui/markdown/renderer.go:118.2,118.20 1 0
github.com/cloudposse/atmos/pkg/ui/markdown/renderer.go:122.59,125.31 3 0
github.com/cloudposse/atmos/pkg/ui/markdown/renderer.go:125.31,127.3 1 0
github.com/cloudposse/atmos/pkg/ui/markdown/renderer.go:127.8,130.3 1 0
github.com/cloudposse/atmos/pkg/ui/markdown/renderer.go:131.2,131.16 1 0
github.com/cloudposse/atmos/pkg/ui/markdown/renderer.go:131.16,133.3 1 0
github.com/cloudposse/atmos/pkg/ui/markdown/renderer.go:135.2,141.29 4 0
github.com/cloudposse/atmos/pkg/ui/markdown/renderer.go:141.29,143.70 2 0
github.com/cloudposse/atmos/pkg/ui/markdown/renderer.go:143.70,147.4 2 0
github.com/cloudposse/atmos/pkg/ui/markdown/renderer.go:147.9,147.27 1 0
github.com/cloudposse/atmos/pkg/ui/markdown/renderer.go:147.27,149.4 1 0
github.com/cloudposse/atmos/pkg/ui/markdown/renderer.go:153.2,153.40 1 0
github.com/cloudposse/atmos/pkg/ui/markdown/renderer.go:156.79,163.16 2 0
github.com/cloudposse/atmos/pkg/ui/markdown/renderer.go:163.16,165.3 1 0
github.com/cloudposse/atmos/pkg/ui/markdown/renderer.go:166.2,166.33 1 0
github.com/cloudposse/atmos/pkg/ui/markdown/renderer.go:169.64,176.16 2 0
github.com/cloudposse/atmos/pkg/ui/markdown/renderer.go:176.16,178.3 1 0
github.com/cloudposse/atmos/pkg/ui/markdown/renderer.go:179.2,179.33 1 0
github.com/cloudposse/atmos/pkg/ui/markdown/renderer.go:183.67,187.2 2 0
github.com/cloudposse/atmos/pkg/ui/markdown/renderer.go:190.83,193.17 2 0
github.com/cloudposse/atmos/pkg/ui/markdown/renderer.go:193.17,195.3 1 0
github.com/cloudposse/atmos/pkg/ui/markdown/renderer.go:197.2,197.19 1 0
github.com/cloudposse/atmos/pkg/ui/markdown/renderer.go:197.19,199.3 1 0
github.com/cloudposse/atmos/pkg/ui/markdown/renderer.go:201.2,201.22 1 0
github.com/cloudposse/atmos/pkg/ui/markdown/renderer.go:201.22,202.92 1 0
github.com/cloudposse/atmos/pkg/ui/markdown/renderer.go:202.92,204.4 1 0
github.com/cloudposse/atmos/pkg/ui/markdown/renderer.go:204.9,206.4 1 0
github.com/cloudposse/atmos/pkg/ui/markdown/renderer.go:208.2,208.32 1 0
github.com/cloudposse/atmos/pkg/ui/markdown/renderer.go:212.86,213.31 1 0
github.com/cloudposse/atmos/pkg/ui/markdown/renderer.go:213.31,215.3 1 0
github.com/cloudposse/atmos/pkg/ui/markdown/renderer.go:217.2,217.31 1 0
github.com/cloudposse/atmos/pkg/ui/markdown/renderer.go:221.73,224.19 2 0
github.com/cloudposse/atmos/pkg/ui/markdown/renderer.go:224.19,226.3 1 0
github.com/cloudposse/atmos/pkg/ui/markdown/renderer.go:228.2,228.26 1 0
github.com/cloudposse/atmos/pkg/ui/markdown/renderer.go:235.35,236.27 1 0
github.com/cloudposse/atmos/pkg/ui/markdown/renderer.go:236.27,238.3 1 0
github.com/cloudposse/atmos/pkg/ui/markdown/renderer.go:241.92,248.52 6 0
github.com/cloudposse/atmos/pkg/ui/markdown/renderer.go:248.52,250.3 1 0
github.com/cloudposse/atmos/pkg/ui/markdown/renderer.go:251.2,251.24 1 0
github.com/cloudposse/atmos/pkg/ui/markdown/renderer.go:251.24,253.3 1 0
github.com/cloudposse/atmos/pkg/ui/markdown/renderer.go:253.8,253.25 1 0
github.com/cloudposse/atmos/pkg/ui/markdown/renderer.go:253.25,256.3 1 0
github.com/cloudposse/atmos/pkg/ui/markdown/renderer.go:257.2,260.3 1 0
github.com/cloudposse/atmos/pkg/ui/markdown/styles.go:11.65,12.18 1 0
github.com/cloudposse/atmos/pkg/ui/markdown/styles.go:12.18,14.3 1 0
github.com/cloudposse/atmos/pkg/ui/markdown/styles.go:15.2,15.24 1 0
github.com/cloudposse/atmos/pkg/ui/markdown/styles.go:15.24,17.3 1 0
github.com/cloudposse/atmos/pkg/ui/markdown/styles.go:17.8,19.3 1 0
github.com/cloudposse/atmos/pkg/ui/markdown/styles.go:24.77,27.16 2 0
github.com/cloudposse/atmos/pkg/ui/markdown/styles.go:27.16,29.3 1 0
github.com/cloudposse/atmos/pkg/ui/markdown/styles.go:31.2,32.61 2 0
github.com/cloudposse/atmos/pkg/ui/markdown/styles.go:32.61,34.3 1 0
github.com/cloudposse/atmos/pkg/ui/markdown/styles.go:37.2,37.56 1 0
github.com/cloudposse/atmos/pkg/ui/markdown/styles.go:37.56,39.3 1 0
github.com/cloudposse/atmos/pkg/ui/markdown/styles.go:41.2,41.55 1 0
github.com/cloudposse/atmos/pkg/ui/markdown/styles.go:41.55,44.3 2 0
github.com/cloudposse/atmos/pkg/ui/markdown/styles.go:46.2,46.50 1 0
github.com/cloudposse/atmos/pkg/ui/markdown/styles.go:46.50,48.61 2 0
github.com/cloudposse/atmos/pkg/ui/markdown/styles.go:48.61,50.4 1 0
github.com/cloudposse/atmos/pkg/ui/markdown/styles.go:51.3,52.75 2 0
github.com/cloudposse/atmos/pkg/ui/markdown/styles.go:55.2,55.50 1 0
github.com/cloudposse/atmos/pkg/ui/markdown/styles.go:55.50,58.3 2 0
github.com/cloudposse/atmos/pkg/ui/markdown/styles.go:60.2,60.50 1 0
github.com/cloudposse/atmos/pkg/ui/markdown/styles.go:60.50,63.3 2 0
github.com/cloudposse/atmos/pkg/ui/markdown/styles.go:65.2,65.57 1 0
github.com/cloudposse/atmos/pkg/ui/markdown/styles.go:65.57,66.61 1 0
github.com/cloudposse/atmos/pkg/ui/markdown/styles.go:66.61,68.4 1 0
github.com/cloudposse/atmos/pkg/ui/markdown/styles.go:68.9,70.4 1 0
github.com/cloudposse/atmos/pkg/ui/markdown/styles.go:71.3,71.89 1 0
github.com/cloudposse/atmos/pkg/ui/markdown/styles.go:74.2,74.52 1 0
github.com/cloudposse/atmos/pkg/ui/markdown/styles.go:74.52,77.3 2 0
github.com/cloudposse/atmos/pkg/ui/markdown/styles.go:79.2,79.54 1 0
github.com/cloudposse/atmos/pkg/ui/markdown/styles.go:79.54,82.3 2 0
github.com/cloudposse/atmos/pkg/ui/markdown/styles.go:84.2,84.52 1 0
github.com/cloudposse/atmos/pkg/ui/markdown/styles.go:84.52,87.3 2 0
github.com/cloudposse/atmos/pkg/ui/markdown/styles.go:89.2,89.28 1 0
github.com/cloudposse/atmos/pkg/ui/markdown/styles.go:93.47,258.2 2 0
github.com/cloudposse/atmos/pkg/ui/markdown/styles.go:260.34,262.2 1 0
github.com/cloudposse/atmos/pkg/ui/markdown/styles.go:264.28,266.2 1 0
github.com/cloudposse/atmos/pkg/ui/markdown/styles.go:268.28,270.2 1 0
github.com/cloudposse/atmos/tests/testhelpers/atmos_runner.go:29.51,33.2 1 1
github.com/cloudposse/atmos/tests/testhelpers/atmos_runner.go:36.37,37.24 1 1
github.com/cloudposse/atmos/tests/testhelpers/atmos_runner.go:37.24,38.23 1 1
github.com/cloudposse/atmos/tests/testhelpers/atmos_runner.go:38.23,41.4 2 1
github.com/cloudposse/atmos/tests/testhelpers/atmos_runner.go:43.3,43.65 1 1
github.com/cloudposse/atmos/tests/testhelpers/atmos_runner.go:43.65,46.4 2 1
github.com/cloudposse/atmos/tests/testhelpers/atmos_runner.go:47.3,47.37 1 1
github.com/cloudposse/atmos/tests/testhelpers/atmos_runner.go:49.2,49.19 1 1
github.com/cloudposse/atmos/tests/testhelpers/atmos_runner.go:53.49,56.31 2 1
github.com/cloudposse/atmos/tests/testhelpers/atmos_runner.go:56.31,58.3 1 0
github.com/cloudposse/atmos/tests/testhelpers/atmos_runner.go:60.2,61.16 2 1
github.com/cloudposse/atmos/tests/testhelpers/atmos_runner.go:61.16,63.3 1 1
github.com/cloudposse/atmos/tests/testhelpers/atmos_runner.go:65.2,70.16 4 1
github.com/cloudposse/atmos/tests/testhelpers/atmos_runner.go:70.16,72.3 1 0
github.com/cloudposse/atmos/tests/testhelpers/atmos_runner.go:75.2,75.31 1 1
github.com/cloudposse/atmos/tests/testhelpers/atmos_runner.go:75.31,76.62 1 1
github.com/cloudposse/atmos/tests/testhelpers/atmos_runner.go:76.62,78.4 1 0
github.com/cloudposse/atmos/tests/testhelpers/atmos_runner.go:81.2,82.12 2 1
github.com/cloudposse/atmos/tests/testhelpers/atmos_runner.go:86.38,88.16 2 1
github.com/cloudposse/atmos/tests/testhelpers/atmos_runner.go:88.16,90.3 1 0
github.com/cloudposse/atmos/tests/testhelpers/atmos_runner.go:92.2,93.6 2 1
github.com/cloudposse/atmos/tests/testhelpers/atmos_runner.go:93.6,95.44 2 1
github.com/cloudposse/atmos/tests/testhelpers/atmos_runner.go:95.44,98.33 2 1
github.com/cloudposse/atmos/tests/testhelpers/atmos_runner.go:98.33,100.5 1 0
github.com/cloudposse/atmos/tests/testhelpers/atmos_runner.go:101.4,101.48 1 1
github.com/cloudposse/atmos/tests/testhelpers/atmos_runner.go:101.48,103.5 1 1
github.com/cloudposse/atmos/tests/testhelpers/atmos_runner.go:104.4,104.9 1 1
github.com/cloudposse/atmos/tests/testhelpers/atmos_runner.go:106.3,107.20 2 1
github.com/cloudposse/atmos/tests/testhelpers/atmos_runner.go:107.20,108.9 1 1
github.com/cloudposse/atmos/tests/testhelpers/atmos_runner.go:110.3,110.15 1 1
github.com/cloudposse/atmos/tests/testhelpers/atmos_runner.go:112.2,112.18 1 1
github.com/cloudposse/atmos/tests/testhelpers/atmos_runner.go:116.49,118.49 1 1
github.com/cloudposse/atmos/tests/testhelpers/atmos_runner.go:118.49,121.3 2 1
github.com/cloudposse/atmos/tests/testhelpers/atmos_runner.go:124.2,125.16 2 1
github.com/cloudposse/atmos/tests/testhelpers/atmos_runner.go:125.16,127.3 1 0
github.com/cloudposse/atmos/tests/testhelpers/atmos_runner.go:128.2,129.12 2 1
github.com/cloudposse/atmos/tests/testhelpers/atmos_runner.go:133.57,135.22 2 1
github.com/cloudposse/atmos/tests/testhelpers/atmos_runner.go:135.22,137.3 1 1
github.com/cloudposse/atmos/tests/testhelpers/atmos_runner.go:138.2,138.12 1 1
github.com/cloudposse/atmos/tests/testhelpers/atmos_runner.go:142.85,144.22 2 1
github.com/cloudposse/atmos/tests/testhelpers/atmos_runner.go:144.22,146.3 1 1
github.com/cloudposse/atmos/tests/testhelpers/atmos_runner.go:147.2,147.12 1 1
github.com/cloudposse/atmos/tests/testhelpers/atmos_runner.go:151.43,153.2 1 1
github.com/cloudposse/atmos/tests/testhelpers/atmos_runner.go:156.33,157.44 1 1
github.com/cloudposse/atmos/tests/testhelpers/atmos_runner.go:157.44,164.95 5 1
github.com/cloudposse/atmos/tests/testhelpers/atmos_runner.go:164.95,166.4 1 1
github.com/cloudposse/atmos/tests/testhelpers/atmos_runner.go:171.37,174.16 2 1
github.com/cloudposse/atmos/tests/testhelpers/atmos_runner.go:174.16,176.3 1 0
github.com/cloudposse/atmos/tests/testhelpers/atmos_runner.go:178.2,178.6 1 1
github.com/cloudposse/atmos/tests/testhelpers/atmos_runner.go:178.6,180.44 2 1
github.com/cloudposse/atmos/tests/testhelpers/atmos_runner.go:180.44,182.4 1 1
github.com/cloudposse/atmos/tests/testhelpers/atmos_runner.go:184.3,185.20 2 1
github.com/cloudposse/atmos/tests/testhelpers/atmos_runner.go:185.20,188.4 1 1
github.com/cloudposse/atmos/tests/testhelpers/atmos_runner.go:189.3,189.15 1 1
github.com/cloudposse/atmos/tests/testhelpers/sandbox.go:23.78,28.16 3 1
github.com/cloudposse/atmos/tests/testhelpers/sandbox.go:28.16,30.3 1 1
github.com/cloudposse/atmos/tests/testhelpers/sandbox.go:33.2,34.16 2 1
github.com/cloudposse/atmos/tests/testhelpers/sandbox.go:34.16,36.3 1 0
github.com/cloudposse/atmos/tests/testhelpers/sandbox.go:39.2,43.108 3 1
github.com/cloudposse/atmos/tests/testhelpers/sandbox.go:43.108,45.3 1 0
github.com/cloudposse/atmos/tests/testhelpers/sandbox.go:47.2,52.8 1 1
github.com/cloudposse/atmos/tests/testhelpers/sandbox.go:56.54,57.19 1 1
github.com/cloudposse/atmos/tests/testhelpers/sandbox.go:57.19,59.3 1 1
github.com/cloudposse/atmos/tests/testhelpers/sandbox.go:61.2,62.16 2 1
github.com/cloudposse/atmos/tests/testhelpers/sandbox.go:62.16,64.3 1 0
github.com/cloudposse/atmos/tests/testhelpers/sandbox.go:66.2,66.55 1 1
github.com/cloudposse/atmos/tests/testhelpers/sandbox.go:66.55,68.3 1 1
github.com/cloudposse/atmos/tests/testhelpers/sandbox.go:70.2,70.24 1 1
github.com/cloudposse/atmos/tests/testhelpers/sandbox.go:74.58,76.16 2 1
github.com/cloudposse/atmos/tests/testhelpers/sandbox.go:76.16,82.3 1 1
github.com/cloudposse/atmos/tests/testhelpers/sandbox.go:83.2,83.14 1 1
github.com/cloudposse/atmos/tests/testhelpers/sandbox.go:87.128,88.53 1 1
github.com/cloudposse/atmos/tests/testhelpers/sandbox.go:88.53,89.20 1 1
github.com/cloudposse/atmos/tests/testhelpers/sandbox.go:89.20,90.12 1 0
github.com/cloudposse/atmos/tests/testhelpers/sandbox.go:93.3,93.108 1 1
github.com/cloudposse/atmos/tests/testhelpers/sandbox.go:93.108,96.4 2 0
github.com/cloudposse/atmos/tests/testhelpers/sandbox.go:98.2,98.12 1 1
github.com/cloudposse/atmos/tests/testhelpers/sandbox.go:104.102,107.16 3 1
github.com/cloudposse/atmos/tests/testhelpers/sandbox.go:107.16,110.3 1 0
github.com/cloudposse/atmos/tests/testhelpers/sandbox.go:112.2,112.55 1 1
github.com/cloudposse/atmos/tests/testhelpers/sandbox.go:112.55,115.3 1 1
github.com/cloudposse/atmos/tests/testhelpers/sandbox.go:117.2,118.59 2 1
github.com/cloudposse/atmos/tests/testhelpers/sandbox.go:118.59,120.3 1 0
github.com/cloudposse/atmos/tests/testhelpers/sandbox.go:122.2,122.12 1 1
github.com/cloudposse/atmos/tests/testhelpers/sandbox.go:126.43,129.64 2 1
github.com/cloudposse/atmos/tests/testhelpers/sandbox.go:129.64,131.3 1 0
github.com/cloudposse/atmos/tests/testhelpers/sandbox.go:134.2,134.51 1 1
github.com/cloudposse/atmos/tests/testhelpers/sandbox.go:134.51,136.3 1 1
github.com/cloudposse/atmos/tests/testhelpers/sandbox.go:139.2,139.48 1 0
github.com/cloudposse/atmos/tests/testhelpers/sandbox.go:139.48,141.3 1 0
github.com/cloudposse/atmos/tests/testhelpers/sandbox.go:144.2,144.37 1 0
github.com/cloudposse/atmos/tests/testhelpers/sandbox.go:148.46,149.50 1 1
github.com/cloudposse/atmos/tests/testhelpers/sandbox.go:149.50,151.3 1 0
github.com/cloudposse/atmos/tests/testhelpers/sandbox.go:154.2,165.18 2 1
github.com/cloudposse/atmos/tests/testhelpers/sandbox.go:169.43,172.2 2 0
github.com/cloudposse/atmos/tests/testhelpers/sandbox.go:175.48,176.85 1 0
github.com/cloudposse/atmos/tests/testhelpers/sandbox.go:176.85,177.21 1 0
github.com/cloudposse/atmos/tests/testhelpers/sandbox.go:177.21,180.4 1 0
github.com/cloudposse/atmos/tests/testhelpers/sandbox.go:182.3,182.40 1 0
github.com/cloudposse/atmos/tests/testhelpers/sandbox.go:182.40,184.20 2 0
github.com/cloudposse/atmos/tests/testhelpers/sandbox.go:184.20,186.5 1 0
github.com/cloudposse/atmos/tests/testhelpers/sandbox.go:188.3,188.13 1 0
github.com/cloudposse/atmos/tests/testhelpers/sandbox.go:193.45,195.14 1 0
github.com/cloudposse/atmos/tests/testhelpers/sandbox.go:197.70,198.14 1 0
github.com/cloudposse/atmos/tests/testhelpers/sandbox.go:202.2,208.89 2 0
github.com/cloudposse/atmos/tests/testhelpers/sandbox.go:208.89,210.3 1 0
github.com/cloudposse/atmos/tests/testhelpers/sandbox.go:211.2,211.95 1 0
github.com/cloudposse/atmos/tests/testhelpers/sandbox.go:211.95,213.3 1 0
github.com/cloudposse/atmos/tests/testhelpers/sandbox.go:214.2,214.107 1 0
github.com/cloudposse/atmos/tests/testhelpers/sandbox.go:214.107,216.3 1 0
github.com/cloudposse/atmos/tests/testhelpers/sandbox.go:218.2,218.14 1 0
github.com/cloudposse/atmos/tests/testhelpers/sandbox.go:222.71,225.16 3 1
github.com/cloudposse/atmos/tests/testhelpers/sandbox.go:225.16,227.3 1 0
github.com/cloudposse/atmos/tests/testhelpers/sandbox.go:229.2,240.54 2 1
github.com/cloudposse/atmos/tests/testhelpers/sandbox.go:240.54,242.3 1 1
github.com/cloudposse/atmos/tests/testhelpers/sandbox.go:244.2,245.48 2 1
github.com/cloudposse/atmos/tests/testhelpers/sandbox.go:245.48,247.3 1 1
github.com/cloudposse/atmos/tests/testhelpers/sandbox.go:248.2,248.47 1 1
github.com/cloudposse/atmos/tests/testhelpers/sandbox.go:248.47,250.3 1 1
github.com/cloudposse/atmos/tests/testhelpers/sandbox.go:252.2,252.19 1 1
github.com/cloudposse/atmos/tests/testhelpers/sandbox.go:256.74,261.50 3 1
github.com/cloudposse/atmos/tests/testhelpers/sandbox.go:261.50,263.3 1 1
github.com/cloudposse/atmos/tests/testhelpers/sandbox.go:265.2,266.49 2 1
github.com/cloudposse/atmos/tests/testhelpers/sandbox.go:266.49,268.3 1 0
github.com/cloudposse/atmos/tests/testhelpers/sandbox.go:270.2,270.12 1 1
github.com/cloudposse/atmos/tests/testhelpers/sandbox.go:274.40,275.21 1 1
github.com/cloudposse/atmos/tests/testhelpers/sandbox.go:275.21,277.3 1 1
