mode: set
github.com/cloudposse/atmos/pkg/config/cache.go:24.41,29.53 2 0
github.com/cloudposse/atmos/pkg/config/cache.go:29.53,31.3 1 0
github.com/cloudposse/atmos/pkg/config/cache.go:33.2,33.51 1 0
github.com/cloudposse/atmos/pkg/config/cache.go:36.65,43.34 5 0
github.com/cloudposse/atmos/pkg/config/cache.go:43.34,45.17 2 0
github.com/cloudposse/atmos/pkg/config/cache.go:45.17,47.4 1 0
github.com/cloudposse/atmos/pkg/config/cache.go:48.3,48.13 1 0
github.com/cloudposse/atmos/pkg/config/cache.go:48.13,49.9 1 0
github.com/cloudposse/atmos/pkg/config/cache.go:52.3,52.37 1 0
github.com/cloudposse/atmos/pkg/config/cache.go:55.2,55.13 1 0
github.com/cloudposse/atmos/pkg/config/cache.go:55.13,57.3 1 0
github.com/cloudposse/atmos/pkg/config/cache.go:59.2,60.13 2 0
github.com/cloudposse/atmos/pkg/config/cache.go:63.39,65.16 2 0
github.com/cloudposse/atmos/pkg/config/cache.go:65.16,67.3 1 0
github.com/cloudposse/atmos/pkg/config/cache.go:69.2,70.54 2 0
github.com/cloudposse/atmos/pkg/config/cache.go:70.54,73.3 1 0
github.com/cloudposse/atmos/pkg/config/cache.go:77.2,79.16 3 0
github.com/cloudposse/atmos/pkg/config/cache.go:79.16,81.3 1 0
github.com/cloudposse/atmos/pkg/config/cache.go:82.2,82.13 1 0
github.com/cloudposse/atmos/pkg/config/cache.go:82.13,86.3 1 0
github.com/cloudposse/atmos/pkg/config/cache.go:87.2,87.15 1 0
github.com/cloudposse/atmos/pkg/config/cache.go:87.15,89.3 1 0
github.com/cloudposse/atmos/pkg/config/cache.go:91.2,93.41 3 0
github.com/cloudposse/atmos/pkg/config/cache.go:93.41,95.3 1 0
github.com/cloudposse/atmos/pkg/config/cache.go:96.2,96.42 1 0
github.com/cloudposse/atmos/pkg/config/cache.go:96.42,98.3 1 0
github.com/cloudposse/atmos/pkg/config/cache.go:99.2,99.17 1 0
github.com/cloudposse/atmos/pkg/config/cache.go:102.39,104.16 2 0
github.com/cloudposse/atmos/pkg/config/cache.go:104.16,106.3 1 0
github.com/cloudposse/atmos/pkg/config/cache.go:109.2,109.51 1 0
github.com/cloudposse/atmos/pkg/config/cache.go:109.51,114.52 5 0
github.com/cloudposse/atmos/pkg/config/cache.go:114.52,116.4 1 0
github.com/cloudposse/atmos/pkg/config/cache.go:117.3,117.13 1 0
github.com/cloudposse/atmos/pkg/config/cache.go:125.51,127.16 2 0
github.com/cloudposse/atmos/pkg/config/cache.go:127.16,129.3 1 0
github.com/cloudposse/atmos/pkg/config/cache.go:132.2,132.51 1 0
github.com/cloudposse/atmos/pkg/config/cache.go:132.51,135.47 2 0
github.com/cloudposse/atmos/pkg/config/cache.go:135.47,138.43 3 0
github.com/cloudposse/atmos/pkg/config/cache.go:138.43,140.5 1 0
github.com/cloudposse/atmos/pkg/config/cache.go:141.4,141.44 1 0
github.com/cloudposse/atmos/pkg/config/cache.go:141.44,143.5 1 0
github.com/cloudposse/atmos/pkg/config/cache.go:147.3,154.52 6 0
github.com/cloudposse/atmos/pkg/config/cache.go:154.52,156.4 1 0
github.com/cloudposse/atmos/pkg/config/cache.go:157.3,157.13 1 0
github.com/cloudposse/atmos/pkg/config/cache.go:163.83,165.16 2 1
github.com/cloudposse/atmos/pkg/config/cache.go:165.16,169.3 2 1
github.com/cloudposse/atmos/pkg/config/cache.go:170.2,170.36 1 1
github.com/cloudposse/atmos/pkg/config/cache.go:173.70,175.2 1 1
github.com/cloudposse/atmos/pkg/config/cache.go:181.54,184.63 2 1
github.com/cloudposse/atmos/pkg/config/cache.go:184.63,185.17 1 1
github.com/cloudposse/atmos/pkg/config/cache.go:185.17,187.4 1 1
github.com/cloudposse/atmos/pkg/config/cache.go:191.2,191.19 1 1
github.com/cloudposse/atmos/pkg/config/cache.go:191.19,194.81 3 1
github.com/cloudposse/atmos/pkg/config/cache.go:194.81,195.16 1 1
github.com/cloudposse/atmos/pkg/config/cache.go:196.13,197.23 1 1
github.com/cloudposse/atmos/pkg/config/cache.go:198.13,199.28 1 1
github.com/cloudposse/atmos/pkg/config/cache.go:200.13,201.30 1 1
github.com/cloudposse/atmos/pkg/config/cache.go:202.13,203.31 1 1
github.com/cloudposse/atmos/pkg/config/cache.go:204.12,205.73 1 1
github.com/cloudposse/atmos/pkg/config/cache.go:211.2,211.14 1 1
github.com/cloudposse/atmos/pkg/config/cache.go:212.16,213.17 1 1
github.com/cloudposse/atmos/pkg/config/cache.go:214.16,215.19 1 1
github.com/cloudposse/atmos/pkg/config/cache.go:216.15,217.20 1 1
github.com/cloudposse/atmos/pkg/config/cache.go:218.16,219.21 1 1
github.com/cloudposse/atmos/pkg/config/cache.go:220.17,221.22 1 1
github.com/cloudposse/atmos/pkg/config/cache.go:222.16,223.23 1 1
github.com/cloudposse/atmos/pkg/config/cache.go:224.10,225.59 1 1
github.com/cloudposse/atmos/pkg/config/config.go:25.123,27.16 2 0
github.com/cloudposse/atmos/pkg/config/config.go:27.16,29.3 1 0
github.com/cloudposse/atmos/pkg/config/config.go:32.2,32.45 1 0
github.com/cloudposse/atmos/pkg/config/config.go:32.45,34.3 1 0
github.com/cloudposse/atmos/pkg/config/config.go:37.2,37.60 1 0
github.com/cloudposse/atmos/pkg/config/config.go:37.60,39.3 1 0
github.com/cloudposse/atmos/pkg/config/config.go:42.2,43.16 2 0
github.com/cloudposse/atmos/pkg/config/config.go:43.16,45.3 1 0
github.com/cloudposse/atmos/pkg/config/config.go:47.2,48.16 2 0
github.com/cloudposse/atmos/pkg/config/config.go:48.16,50.3 1 0
github.com/cloudposse/atmos/pkg/config/config.go:52.2,52.19 1 0
github.com/cloudposse/atmos/pkg/config/config.go:52.19,54.17 2 0
github.com/cloudposse/atmos/pkg/config/config.go:54.17,56.4 1 0
github.com/cloudposse/atmos/pkg/config/config.go:58.2,61.25 3 0
github.com/cloudposse/atmos/pkg/config/config.go:64.59,67.41 1 0
github.com/cloudposse/atmos/pkg/config/config.go:67.41,69.3 1 0
github.com/cloudposse/atmos/pkg/config/config.go:70.2,71.45 2 0
github.com/cloudposse/atmos/pkg/config/config.go:71.45,73.3 1 0
github.com/cloudposse/atmos/pkg/config/config.go:74.2,74.40 1 0
github.com/cloudposse/atmos/pkg/config/config.go:74.40,76.3 1 0
github.com/cloudposse/atmos/pkg/config/config.go:77.2,77.44 1 0
github.com/cloudposse/atmos/pkg/config/config.go:77.44,79.3 1 0
github.com/cloudposse/atmos/pkg/config/config.go:80.2,80.45 1 0
github.com/cloudposse/atmos/pkg/config/config.go:80.45,82.19 2 0
github.com/cloudposse/atmos/pkg/config/config.go:83.15,85.47 2 0
github.com/cloudposse/atmos/pkg/config/config.go:86.16,88.46 2 0
github.com/cloudposse/atmos/pkg/config/config.go:94.2,94.40 1 0
github.com/cloudposse/atmos/pkg/config/config.go:94.40,96.3 1 0
github.com/cloudposse/atmos/pkg/config/config.go:106.2,106.33 1 0
github.com/cloudposse/atmos/pkg/config/config.go:106.33,108.62 1 0
github.com/cloudposse/atmos/pkg/config/config.go:108.62,111.4 1 0
github.com/cloudposse/atmos/pkg/config/config.go:122.37,125.33 3 0
github.com/cloudposse/atmos/pkg/config/config.go:125.33,128.36 2 0
github.com/cloudposse/atmos/pkg/config/config.go:128.36,129.12 1 0
github.com/cloudposse/atmos/pkg/config/config.go:132.3,133.10 2 0
github.com/cloudposse/atmos/pkg/config/config.go:134.35,137.30 2 0
github.com/cloudposse/atmos/pkg/config/config.go:138.63,141.7 2 0
github.com/cloudposse/atmos/pkg/config/config.go:142.11,144.23 1 0
github.com/cloudposse/atmos/pkg/config/config.go:147.2,147.14 1 0
github.com/cloudposse/atmos/pkg/config/config.go:150.110,152.16 2 0
github.com/cloudposse/atmos/pkg/config/config.go:152.16,154.3 1 0
github.com/cloudposse/atmos/pkg/config/config.go:155.2,159.16 3 0
github.com/cloudposse/atmos/pkg/config/config.go:159.16,161.3 1 0
github.com/cloudposse/atmos/pkg/config/config.go:164.2,165.16 2 0
github.com/cloudposse/atmos/pkg/config/config.go:165.16,167.3 1 0
github.com/cloudposse/atmos/pkg/config/config.go:170.2,171.16 2 0
github.com/cloudposse/atmos/pkg/config/config.go:171.16,173.3 1 0
github.com/cloudposse/atmos/pkg/config/config.go:174.2,174.25 1 0
github.com/cloudposse/atmos/pkg/config/config.go:178.77,182.16 3 0
github.com/cloudposse/atmos/pkg/config/config.go:182.16,184.3 1 0
github.com/cloudposse/atmos/pkg/config/config.go:185.2,189.16 3 0
github.com/cloudposse/atmos/pkg/config/config.go:189.16,191.3 1 0
github.com/cloudposse/atmos/pkg/config/config.go:192.2,196.16 3 0
github.com/cloudposse/atmos/pkg/config/config.go:196.16,198.3 1 0
github.com/cloudposse/atmos/pkg/config/config.go:199.2,204.16 4 0
github.com/cloudposse/atmos/pkg/config/config.go:204.16,206.3 1 0
github.com/cloudposse/atmos/pkg/config/config.go:207.2,212.16 4 0
github.com/cloudposse/atmos/pkg/config/config.go:212.16,214.3 1 0
github.com/cloudposse/atmos/pkg/config/config.go:215.2,220.16 4 0
github.com/cloudposse/atmos/pkg/config/config.go:220.16,222.3 1 0
github.com/cloudposse/atmos/pkg/config/config.go:223.2,225.12 2 0
github.com/cloudposse/atmos/pkg/config/config.go:228.174,236.16 2 0
github.com/cloudposse/atmos/pkg/config/config.go:236.16,238.3 1 0
github.com/cloudposse/atmos/pkg/config/config.go:240.2,240.44 1 0
github.com/cloudposse/atmos/pkg/config/config.go:240.44,242.17 2 0
github.com/cloudposse/atmos/pkg/config/config.go:242.17,244.4 1 0
github.com/cloudposse/atmos/pkg/config/config.go:245.3,248.34 2 0
github.com/cloudposse/atmos/pkg/config/config.go:251.2,254.25 3 0
github.com/cloudposse/atmos/pkg/config/config.go:254.25,259.3 2 0
github.com/cloudposse/atmos/pkg/config/config.go:259.8,262.3 1 0
github.com/cloudposse/atmos/pkg/config/config.go:264.2,264.12 1 0
github.com/cloudposse/atmos/pkg/config/default.go:140.47,142.16 2 0
github.com/cloudposse/atmos/pkg/config/default.go:142.16,144.3 1 0
github.com/cloudposse/atmos/pkg/config/default.go:145.2,146.30 2 0
github.com/cloudposse/atmos/pkg/config/imports.go:47.86,48.33 1 0
github.com/cloudposse/atmos/pkg/config/imports.go:48.33,50.3 1 0
github.com/cloudposse/atmos/pkg/config/imports.go:51.2,51.29 1 0
github.com/cloudposse/atmos/pkg/config/imports.go:51.29,53.3 1 0
github.com/cloudposse/atmos/pkg/config/imports.go:54.2,56.16 3 0
github.com/cloudposse/atmos/pkg/config/imports.go:56.16,58.3 1 0
github.com/cloudposse/atmos/pkg/config/imports.go:59.2,60.16 2 0
github.com/cloudposse/atmos/pkg/config/imports.go:60.16,62.3 1 0
github.com/cloudposse/atmos/pkg/config/imports.go:63.2,65.16 3 0
github.com/cloudposse/atmos/pkg/config/imports.go:65.16,67.3 1 0
github.com/cloudposse/atmos/pkg/config/imports.go:69.2,69.45 1 0
github.com/cloudposse/atmos/pkg/config/imports.go:69.45,71.17 2 0
github.com/cloudposse/atmos/pkg/config/imports.go:71.17,73.12 2 0
github.com/cloudposse/atmos/pkg/config/imports.go:75.3,75.113 1 0
github.com/cloudposse/atmos/pkg/config/imports.go:78.2,78.12 1 0
github.com/cloudposse/atmos/pkg/config/imports.go:81.147,82.20 1 0
github.com/cloudposse/atmos/pkg/config/imports.go:82.20,84.3 1 0
github.com/cloudposse/atmos/pkg/config/imports.go:85.2,85.19 1 0
github.com/cloudposse/atmos/pkg/config/imports.go:85.19,87.3 1 0
github.com/cloudposse/atmos/pkg/config/imports.go:88.2,88.29 1 0
github.com/cloudposse/atmos/pkg/config/imports.go:88.29,90.3 1 0
github.com/cloudposse/atmos/pkg/config/imports.go:91.2,92.16 2 0
github.com/cloudposse/atmos/pkg/config/imports.go:92.16,95.3 2 0
github.com/cloudposse/atmos/pkg/config/imports.go:97.2,97.41 1 0
github.com/cloudposse/atmos/pkg/config/imports.go:97.41,98.23 1 0
github.com/cloudposse/atmos/pkg/config/imports.go:98.23,99.12 1 0
github.com/cloudposse/atmos/pkg/config/imports.go:102.3,102.33 1 0
github.com/cloudposse/atmos/pkg/config/imports.go:102.33,105.18 2 0
github.com/cloudposse/atmos/pkg/config/imports.go:105.18,107.13 2 0
github.com/cloudposse/atmos/pkg/config/imports.go:109.4,109.51 1 0
github.com/cloudposse/atmos/pkg/config/imports.go:110.9,113.18 2 0
github.com/cloudposse/atmos/pkg/config/imports.go:113.18,115.13 2 0
github.com/cloudposse/atmos/pkg/config/imports.go:117.4,117.51 1 0
github.com/cloudposse/atmos/pkg/config/imports.go:121.2,121.27 1 0
github.com/cloudposse/atmos/pkg/config/imports.go:125.45,127.2 1 0
github.com/cloudposse/atmos/pkg/config/imports.go:130.117,132.79 2 0
github.com/cloudposse/atmos/pkg/config/imports.go:132.79,135.3 2 0
github.com/cloudposse/atmos/pkg/config/imports.go:137.2,138.16 2 0
github.com/cloudposse/atmos/pkg/config/imports.go:138.16,141.3 2 0
github.com/cloudposse/atmos/pkg/config/imports.go:142.2,145.16 4 0
github.com/cloudposse/atmos/pkg/config/imports.go:145.16,148.3 2 0
github.com/cloudposse/atmos/pkg/config/imports.go:150.2,158.26 5 0
github.com/cloudposse/atmos/pkg/config/imports.go:158.26,160.3 1 0
github.com/cloudposse/atmos/pkg/config/imports.go:163.2,163.22 1 0
github.com/cloudposse/atmos/pkg/config/imports.go:163.22,165.17 2 0
github.com/cloudposse/atmos/pkg/config/imports.go:165.17,168.4 2 0
github.com/cloudposse/atmos/pkg/config/imports.go:169.3,169.56 1 0
github.com/cloudposse/atmos/pkg/config/imports.go:172.2,172.27 1 0
github.com/cloudposse/atmos/pkg/config/imports.go:176.123,177.22 1 0
github.com/cloudposse/atmos/pkg/config/imports.go:177.22,179.3 1 0
github.com/cloudposse/atmos/pkg/config/imports.go:180.2,180.33 1 0
github.com/cloudposse/atmos/pkg/config/imports.go:180.33,182.3 1 0
github.com/cloudposse/atmos/pkg/config/imports.go:183.2,183.78 1 0
github.com/cloudposse/atmos/pkg/config/imports.go:183.78,188.3 1 0
github.com/cloudposse/atmos/pkg/config/imports.go:189.2,190.16 2 0
github.com/cloudposse/atmos/pkg/config/imports.go:190.16,193.3 2 0
github.com/cloudposse/atmos/pkg/config/imports.go:195.2,197.29 2 0
github.com/cloudposse/atmos/pkg/config/imports.go:197.29,202.17 5 0
github.com/cloudposse/atmos/pkg/config/imports.go:202.17,204.12 2 0
github.com/cloudposse/atmos/pkg/config/imports.go:206.3,213.27 4 0
github.com/cloudposse/atmos/pkg/config/imports.go:213.27,215.4 1 0
github.com/cloudposse/atmos/pkg/config/imports.go:218.3,218.23 1 0
github.com/cloudposse/atmos/pkg/config/imports.go:218.23,220.18 2 0
github.com/cloudposse/atmos/pkg/config/imports.go:220.18,222.13 2 0
github.com/cloudposse/atmos/pkg/config/imports.go:224.4,224.57 1 0
github.com/cloudposse/atmos/pkg/config/imports.go:228.2,228.27 1 0
github.com/cloudposse/atmos/pkg/config/imports.go:232.55,233.44 1 0
github.com/cloudposse/atmos/pkg/config/imports.go:233.44,234.20 1 0
github.com/cloudposse/atmos/pkg/config/imports.go:234.20,236.4 1 0
github.com/cloudposse/atmos/pkg/config/imports.go:239.2,243.16 3 0
github.com/cloudposse/atmos/pkg/config/imports.go:243.16,245.3 1 0
github.com/cloudposse/atmos/pkg/config/imports.go:247.2,248.16 2 0
github.com/cloudposse/atmos/pkg/config/imports.go:248.16,250.3 1 0
github.com/cloudposse/atmos/pkg/config/imports.go:252.2,254.36 3 0
github.com/cloudposse/atmos/pkg/config/imports.go:258.45,260.60 2 0
github.com/cloudposse/atmos/pkg/config/imports.go:260.60,262.3 1 0
github.com/cloudposse/atmos/pkg/config/imports.go:263.2,263.11 1 0
github.com/cloudposse/atmos/pkg/config/imports.go:263.11,270.3 2 0
github.com/cloudposse/atmos/pkg/config/imports.go:271.2,272.15 2 0
github.com/cloudposse/atmos/pkg/config/imports.go:272.15,279.3 2 0
github.com/cloudposse/atmos/pkg/config/imports.go:281.2,281.23 1 0
github.com/cloudposse/atmos/pkg/config/imports.go:285.67,287.33 2 0
github.com/cloudposse/atmos/pkg/config/imports.go:287.33,289.17 2 0
github.com/cloudposse/atmos/pkg/config/imports.go:289.17,291.12 2 0
github.com/cloudposse/atmos/pkg/config/imports.go:293.3,293.39 1 0
github.com/cloudposse/atmos/pkg/config/imports.go:296.2,296.24 1 0
github.com/cloudposse/atmos/pkg/config/imports.go:296.24,298.3 1 0
github.com/cloudposse/atmos/pkg/config/imports.go:300.2,300.22 1 0
github.com/cloudposse/atmos/pkg/config/imports.go:304.51,309.29 2 0
github.com/cloudposse/atmos/pkg/config/imports.go:309.29,318.55 5 0
github.com/cloudposse/atmos/pkg/config/imports.go:318.55,319.22 1 0
github.com/cloudposse/atmos/pkg/config/imports.go:319.22,321.5 1 0
github.com/cloudposse/atmos/pkg/config/imports.go:321.10,321.69 1 0
github.com/cloudposse/atmos/pkg/config/imports.go:321.69,322.13 1 0
github.com/cloudposse/atmos/pkg/config/imports.go:324.9,326.4 1 0
github.com/cloudposse/atmos/pkg/config/imports.go:330.2,331.35 2 0
github.com/cloudposse/atmos/pkg/config/imports.go:331.35,333.3 1 0
github.com/cloudposse/atmos/pkg/config/imports.go:335.2,335.15 1 0
github.com/cloudposse/atmos/pkg/config/imports.go:340.48,348.29 3 0
github.com/cloudposse/atmos/pkg/config/imports.go:348.29,353.3 4 0
github.com/cloudposse/atmos/pkg/config/imports.go:356.2,356.45 1 0
github.com/cloudposse/atmos/pkg/config/imports.go:356.45,357.49 1 0
github.com/cloudposse/atmos/pkg/config/imports.go:357.49,360.4 1 0
github.com/cloudposse/atmos/pkg/config/imports.go:362.3,362.51 1 0
github.com/cloudposse/atmos/pkg/config/imports.go:366.2,367.32 2 0
github.com/cloudposse/atmos/pkg/config/imports.go:367.32,369.3 1 0
github.com/cloudposse/atmos/pkg/config/imports.go:371.2,371.20 1 0
github.com/cloudposse/atmos/pkg/config/imports.go:375.61,377.35 2 0
github.com/cloudposse/atmos/pkg/config/imports.go:377.35,379.17 2 0
github.com/cloudposse/atmos/pkg/config/imports.go:379.17,380.12 1 0
github.com/cloudposse/atmos/pkg/config/imports.go:382.3,382.44 1 0
github.com/cloudposse/atmos/pkg/config/imports.go:385.2,385.25 1 0
github.com/cloudposse/atmos/pkg/config/imports.go:385.25,387.3 1 0
github.com/cloudposse/atmos/pkg/config/imports.go:389.2,389.23 1 0
github.com/cloudposse/atmos/pkg/config/imports.go:392.71,405.16 7 0
github.com/cloudposse/atmos/pkg/config/imports.go:405.16,408.3 2 0
github.com/cloudposse/atmos/pkg/config/imports.go:409.2,409.22 1 0
github.com/cloudposse/atmos/pkg/config/load.go:37.101,44.46 6 0
github.com/cloudposse/atmos/pkg/config/load.go:44.46,46.3 1 0
github.com/cloudposse/atmos/pkg/config/load.go:47.2,47.113 1 0
github.com/cloudposse/atmos/pkg/config/load.go:47.113,49.17 2 0
github.com/cloudposse/atmos/pkg/config/load.go:49.17,51.4 1 0
github.com/cloudposse/atmos/pkg/config/load.go:52.3,52.26 1 0
github.com/cloudposse/atmos/pkg/config/load.go:56.2,56.66 1 0
github.com/cloudposse/atmos/pkg/config/load.go:56.66,58.3 1 0
github.com/cloudposse/atmos/pkg/config/load.go:60.2,60.30 1 0
github.com/cloudposse/atmos/pkg/config/load.go:60.30,65.47 4 0
github.com/cloudposse/atmos/pkg/config/load.go:65.47,67.4 1 0
github.com/cloudposse/atmos/pkg/config/load.go:69.2,69.30 1 0
github.com/cloudposse/atmos/pkg/config/load.go:69.30,74.49 3 0
github.com/cloudposse/atmos/pkg/config/load.go:74.49,76.18 2 0
github.com/cloudposse/atmos/pkg/config/load.go:76.18,78.5 1 0
github.com/cloudposse/atmos/pkg/config/load.go:79.4,79.39 1 0
github.com/cloudposse/atmos/pkg/config/load.go:82.2,86.16 3 0
github.com/cloudposse/atmos/pkg/config/load.go:86.16,88.3 1 0
github.com/cloudposse/atmos/pkg/config/load.go:89.2,89.25 1 0
github.com/cloudposse/atmos/pkg/config/load.go:92.29,127.2 25 0
github.com/cloudposse/atmos/pkg/config/load.go:129.45,130.42 1 0
github.com/cloudposse/atmos/pkg/config/load.go:130.42,132.3 1 0
github.com/cloudposse/atmos/pkg/config/load.go:136.46,152.2 11 0
github.com/cloudposse/atmos/pkg/config/load.go:156.95,157.44 1 0
github.com/cloudposse/atmos/pkg/config/load.go:157.44,159.3 1 0
github.com/cloudposse/atmos/pkg/config/load.go:161.2,161.42 1 0
github.com/cloudposse/atmos/pkg/config/load.go:161.42,163.3 1 0
github.com/cloudposse/atmos/pkg/config/load.go:165.2,165.45 1 0
github.com/cloudposse/atmos/pkg/config/load.go:165.45,167.3 1 0
github.com/cloudposse/atmos/pkg/config/load.go:169.2,169.49 1 0
github.com/cloudposse/atmos/pkg/config/load.go:169.49,171.3 1 0
github.com/cloudposse/atmos/pkg/config/load.go:173.2,173.70 1 0
github.com/cloudposse/atmos/pkg/config/load.go:177.45,179.31 2 0
github.com/cloudposse/atmos/pkg/config/load.go:179.31,181.26 2 0
github.com/cloudposse/atmos/pkg/config/load.go:181.26,183.4 1 0
github.com/cloudposse/atmos/pkg/config/load.go:184.8,186.3 1 0
github.com/cloudposse/atmos/pkg/config/load.go:188.2,188.29 1 0
github.com/cloudposse/atmos/pkg/config/load.go:188.29,190.21 2 0
github.com/cloudposse/atmos/pkg/config/load.go:191.38,192.14 1 0
github.com/cloudposse/atmos/pkg/config/load.go:193.11,194.14 1 0
github.com/cloudposse/atmos/pkg/config/load.go:197.2,197.12 1 0
github.com/cloudposse/atmos/pkg/config/load.go:201.43,203.16 2 0
github.com/cloudposse/atmos/pkg/config/load.go:203.16,205.3 1 0
github.com/cloudposse/atmos/pkg/config/load.go:206.2,208.16 3 0
github.com/cloudposse/atmos/pkg/config/load.go:208.16,209.21 1 0
github.com/cloudposse/atmos/pkg/config/load.go:210.38,211.14 1 0
github.com/cloudposse/atmos/pkg/config/load.go:212.11,213.14 1 0
github.com/cloudposse/atmos/pkg/config/load.go:217.2,217.12 1 0
github.com/cloudposse/atmos/pkg/config/load.go:221.46,223.16 2 0
github.com/cloudposse/atmos/pkg/config/load.go:223.16,225.3 1 0
github.com/cloudposse/atmos/pkg/config/load.go:226.2,227.16 2 0
github.com/cloudposse/atmos/pkg/config/load.go:227.16,228.21 1 0
github.com/cloudposse/atmos/pkg/config/load.go:229.38,230.14 1 0
github.com/cloudposse/atmos/pkg/config/load.go:231.11,232.14 1 0
github.com/cloudposse/atmos/pkg/config/load.go:235.2,235.12 1 0
github.com/cloudposse/atmos/pkg/config/load.go:238.50,240.21 2 0
github.com/cloudposse/atmos/pkg/config/load.go:240.21,242.3 1 0
github.com/cloudposse/atmos/pkg/config/load.go:243.2,244.16 2 0
github.com/cloudposse/atmos/pkg/config/load.go:244.16,245.21 1 0
github.com/cloudposse/atmos/pkg/config/load.go:246.38,248.14 2 0
github.com/cloudposse/atmos/pkg/config/load.go:249.11,250.14 1 0
github.com/cloudposse/atmos/pkg/config/load.go:253.2,255.12 2 0
github.com/cloudposse/atmos/pkg/config/load.go:258.74,259.34 1 0
github.com/cloudposse/atmos/pkg/config/load.go:259.34,261.3 1 0
github.com/cloudposse/atmos/pkg/config/load.go:262.2,263.20 2 0
github.com/cloudposse/atmos/pkg/config/load.go:264.37,265.60 1 0
github.com/cloudposse/atmos/pkg/config/load.go:266.10,267.13 1 0
github.com/cloudposse/atmos/pkg/config/load.go:270.2,270.12 1 0
github.com/cloudposse/atmos/pkg/config/load.go:274.73,280.49 5 0
github.com/cloudposse/atmos/pkg/config/load.go:280.49,283.47 2 0
github.com/cloudposse/atmos/pkg/config/load.go:283.47,285.4 1 0
github.com/cloudposse/atmos/pkg/config/load.go:287.3,287.81 1 0
github.com/cloudposse/atmos/pkg/config/load.go:290.2,290.23 1 0
github.com/cloudposse/atmos/pkg/config/load.go:294.67,296.16 2 0
github.com/cloudposse/atmos/pkg/config/load.go:296.16,298.3 1 0
github.com/cloudposse/atmos/pkg/config/load.go:299.2,299.21 1 0
github.com/cloudposse/atmos/pkg/config/load.go:303.96,305.61 1 0
github.com/cloudposse/atmos/pkg/config/load.go:305.61,307.3 1 0
github.com/cloudposse/atmos/pkg/config/load.go:310.2,310.48 1 0
github.com/cloudposse/atmos/pkg/config/load.go:310.48,312.3 1 0
github.com/cloudposse/atmos/pkg/config/load.go:320.2,320.72 1 0
github.com/cloudposse/atmos/pkg/config/load.go:320.72,322.3 1 0
github.com/cloudposse/atmos/pkg/config/load.go:324.2,324.12 1 0
github.com/cloudposse/atmos/pkg/config/load.go:328.65,331.16 3 0
github.com/cloudposse/atmos/pkg/config/load.go:331.16,333.3 1 0
github.com/cloudposse/atmos/pkg/config/load.go:334.2,334.23 1 0
github.com/cloudposse/atmos/pkg/config/load.go:338.90,340.78 2 0
github.com/cloudposse/atmos/pkg/config/load.go:340.78,342.3 1 0
github.com/cloudposse/atmos/pkg/config/load.go:343.2,343.12 1 0
github.com/cloudposse/atmos/pkg/config/load.go:349.91,352.16 2 0
github.com/cloudposse/atmos/pkg/config/load.go:352.16,354.3 1 0
github.com/cloudposse/atmos/pkg/config/load.go:356.2,360.16 3 0
github.com/cloudposse/atmos/pkg/config/load.go:360.16,362.3 1 0
github.com/cloudposse/atmos/pkg/config/load.go:365.2,365.20 1 0
github.com/cloudposse/atmos/pkg/config/load.go:365.20,366.82 1 0
github.com/cloudposse/atmos/pkg/config/load.go:366.82,368.4 1 0
github.com/cloudposse/atmos/pkg/config/load.go:372.2,372.68 1 0
github.com/cloudposse/atmos/pkg/config/load.go:372.68,374.3 1 0
github.com/cloudposse/atmos/pkg/config/load.go:377.2,378.16 2 0
github.com/cloudposse/atmos/pkg/config/load.go:378.16,380.3 1 0
github.com/cloudposse/atmos/pkg/config/load.go:383.2,383.57 1 0
github.com/cloudposse/atmos/pkg/config/load.go:389.55,392.24 2 0
github.com/cloudposse/atmos/pkg/config/load.go:392.24,394.3 1 0
github.com/cloudposse/atmos/pkg/config/load.go:397.2,398.16 2 0
github.com/cloudposse/atmos/pkg/config/load.go:398.16,400.3 1 0
github.com/cloudposse/atmos/pkg/config/load.go:403.2,403.88 1 0
github.com/cloudposse/atmos/pkg/config/load.go:403.88,404.24 1 0
github.com/cloudposse/atmos/pkg/config/load.go:404.24,405.12 1 0
github.com/cloudposse/atmos/pkg/config/load.go:409.3,410.17 2 0
github.com/cloudposse/atmos/pkg/config/load.go:410.17,411.12 1 0
github.com/cloudposse/atmos/pkg/config/load.go:417.3,418.32 2 0
github.com/cloudposse/atmos/pkg/config/load.go:418.32,421.4 1 0
github.com/cloudposse/atmos/pkg/config/load.go:421.9,423.4 1 0
github.com/cloudposse/atmos/pkg/config/load.go:425.3,425.17 1 0
github.com/cloudposse/atmos/pkg/config/load.go:425.17,427.4 1 0
github.com/cloudposse/atmos/pkg/config/load.go:430.2,430.14 1 0
github.com/cloudposse/atmos/pkg/config/load.go:435.66,437.63 2 0
github.com/cloudposse/atmos/pkg/config/load.go:437.63,439.3 1 0
github.com/cloudposse/atmos/pkg/config/load.go:440.2,440.12 1 0
github.com/cloudposse/atmos/pkg/config/load.go:440.12,442.3 1 0
github.com/cloudposse/atmos/pkg/config/load.go:445.2,445.42 1 0
github.com/cloudposse/atmos/pkg/config/load.go:445.42,448.3 1 0
github.com/cloudposse/atmos/pkg/config/load.go:450.2,454.26 4 0
github.com/cloudposse/atmos/pkg/config/load.go:454.26,456.3 1 0
github.com/cloudposse/atmos/pkg/config/load.go:458.2,460.26 3 0
github.com/cloudposse/atmos/pkg/config/load.go:460.26,462.3 1 0
github.com/cloudposse/atmos/pkg/config/load.go:463.2,463.47 1 0
github.com/cloudposse/atmos/pkg/config/load.go:463.47,465.17 2 0
github.com/cloudposse/atmos/pkg/config/load.go:465.17,467.12 2 0
github.com/cloudposse/atmos/pkg/config/load.go:469.3,469.53 1 0
github.com/cloudposse/atmos/pkg/config/load.go:471.2,471.12 1 0
github.com/cloudposse/atmos/pkg/config/load.go:475.43,478.16 3 0
github.com/cloudposse/atmos/pkg/config/load.go:478.16,480.3 1 0
github.com/cloudposse/atmos/pkg/config/load.go:481.2,481.56 1 0
github.com/cloudposse/atmos/pkg/config/load.go:481.56,483.3 1 0
github.com/cloudposse/atmos/pkg/config/load.go:484.2,484.12 1 0
github.com/cloudposse/atmos/pkg/config/load.go:491.9,493.16 2 0
github.com/cloudposse/atmos/pkg/config/load.go:493.16,495.3 1 0
github.com/cloudposse/atmos/pkg/config/load.go:496.2,497.16 2 0
github.com/cloudposse/atmos/pkg/config/load.go:497.16,499.3 1 0
github.com/cloudposse/atmos/pkg/config/load.go:500.2,501.16 2 0
github.com/cloudposse/atmos/pkg/config/load.go:501.16,503.3 1 0
github.com/cloudposse/atmos/pkg/config/load.go:505.2,505.12 1 0
github.com/cloudposse/atmos/pkg/config/load.go:509.47,514.46 2 0
github.com/cloudposse/atmos/pkg/config/load.go:514.46,516.3 1 0
github.com/cloudposse/atmos/pkg/config/load.go:518.2,518.12 1 0
github.com/cloudposse/atmos/pkg/config/load_config_args.go:24.139,32.30 5 0
github.com/cloudposse/atmos/pkg/config/load_config_args.go:32.30,33.56 1 0
github.com/cloudposse/atmos/pkg/config/load_config_args.go:33.56,35.4 1 0
github.com/cloudposse/atmos/pkg/config/load_config_args.go:36.3,36.50 1 0
github.com/cloudposse/atmos/pkg/config/load_config_args.go:36.50,38.4 1 0
github.com/cloudposse/atmos/pkg/config/load_config_args.go:42.2,42.29 1 0
github.com/cloudposse/atmos/pkg/config/load_config_args.go:42.29,44.17 2 0
github.com/cloudposse/atmos/pkg/config/load_config_args.go:44.17,46.4 1 0
github.com/cloudposse/atmos/pkg/config/load_config_args.go:47.3,47.46 1 0
github.com/cloudposse/atmos/pkg/config/load_config_args.go:51.2,51.27 1 0
github.com/cloudposse/atmos/pkg/config/load_config_args.go:51.27,54.3 2 0
github.com/cloudposse/atmos/pkg/config/load_config_args.go:56.2,56.49 1 0
github.com/cloudposse/atmos/pkg/config/load_config_args.go:56.49,58.3 1 0
github.com/cloudposse/atmos/pkg/config/load_config_args.go:60.2,61.12 2 0
github.com/cloudposse/atmos/pkg/config/load_config_args.go:65.65,67.16 2 0
github.com/cloudposse/atmos/pkg/config/load_config_args.go:67.16,69.3 1 0
github.com/cloudposse/atmos/pkg/config/load_config_args.go:70.2,70.45 1 0
github.com/cloudposse/atmos/pkg/config/load_config_args.go:70.45,72.17 2 0
github.com/cloudposse/atmos/pkg/config/load_config_args.go:72.17,75.4 2 0
github.com/cloudposse/atmos/pkg/config/load_config_args.go:76.3,77.60 2 0
github.com/cloudposse/atmos/pkg/config/load_config_args.go:77.60,79.4 1 0
github.com/cloudposse/atmos/pkg/config/load_config_args.go:80.3,80.41 1 0
github.com/cloudposse/atmos/pkg/config/load_config_args.go:80.41,82.4 1 0
github.com/cloudposse/atmos/pkg/config/load_config_args.go:84.2,84.12 1 0
github.com/cloudposse/atmos/pkg/config/load_config_args.go:88.86,89.50 1 0
github.com/cloudposse/atmos/pkg/config/load_config_args.go:89.50,91.3 1 0
github.com/cloudposse/atmos/pkg/config/load_config_args.go:92.2,93.39 2 0
github.com/cloudposse/atmos/pkg/config/load_config_args.go:93.39,95.17 2 0
github.com/cloudposse/atmos/pkg/config/load_config_args.go:95.17,97.22 2 0
github.com/cloudposse/atmos/pkg/config/load_config_args.go:98.39,99.101 1 0
github.com/cloudposse/atmos/pkg/config/load_config_args.go:100.12,101.20 1 0
github.com/cloudposse/atmos/pkg/config/load_config_args.go:104.3,104.17 1 0
github.com/cloudposse/atmos/pkg/config/load_config_args.go:104.17,107.12 3 0
github.com/cloudposse/atmos/pkg/config/load_config_args.go:109.3,110.17 2 0
github.com/cloudposse/atmos/pkg/config/load_config_args.go:110.17,113.4 2 0
github.com/cloudposse/atmos/pkg/config/load_config_args.go:114.3,115.49 2 0
github.com/cloudposse/atmos/pkg/config/load_config_args.go:117.2,117.25 1 0
github.com/cloudposse/atmos/pkg/config/load_config_args.go:120.47,121.35 1 0
github.com/cloudposse/atmos/pkg/config/load_config_args.go:121.35,123.17 2 0
github.com/cloudposse/atmos/pkg/config/load_config_args.go:123.17,126.4 2 0
github.com/cloudposse/atmos/pkg/config/load_config_args.go:127.3,127.20 1 0
github.com/cloudposse/atmos/pkg/config/load_config_args.go:127.20,130.4 2 0
github.com/cloudposse/atmos/pkg/config/load_config_args.go:132.2,132.12 1 0
github.com/cloudposse/atmos/pkg/config/load_config_args.go:135.45,136.33 1 0
github.com/cloudposse/atmos/pkg/config/load_config_args.go:136.33,138.17 2 0
github.com/cloudposse/atmos/pkg/config/load_config_args.go:138.17,141.4 2 0
github.com/cloudposse/atmos/pkg/config/load_config_args.go:142.3,142.19 1 0
github.com/cloudposse/atmos/pkg/config/load_config_args.go:142.19,145.4 2 0
github.com/cloudposse/atmos/pkg/config/load_config_args.go:147.2,147.12 1 0
github.com/cloudposse/atmos/pkg/config/load_config_args.go:150.42,151.21 1 0
github.com/cloudposse/atmos/pkg/config/load_config_args.go:151.21,153.3 1 0
github.com/cloudposse/atmos/pkg/config/load_config_args.go:154.2,155.29 2 0
github.com/cloudposse/atmos/pkg/config/load_config_args.go:155.29,156.17 1 0
github.com/cloudposse/atmos/pkg/config/load_config_args.go:156.17,157.12 1 0
github.com/cloudposse/atmos/pkg/config/load_config_args.go:159.3,159.23 1 0
github.com/cloudposse/atmos/pkg/config/load_config_args.go:161.2,161.15 1 0
github.com/cloudposse/atmos/pkg/config/process_yaml.go:35.72,37.63 2 0
github.com/cloudposse/atmos/pkg/config/process_yaml.go:37.63,40.3 2 0
github.com/cloudposse/atmos/pkg/config/process_yaml.go:41.2,41.54 1 0
github.com/cloudposse/atmos/pkg/config/process_yaml.go:41.54,43.3 1 0
github.com/cloudposse/atmos/pkg/config/process_yaml.go:44.2,44.12 1 0
github.com/cloudposse/atmos/pkg/config/process_yaml.go:55.77,56.17 1 0
github.com/cloudposse/atmos/pkg/config/process_yaml.go:56.17,58.3 1 0
github.com/cloudposse/atmos/pkg/config/process_yaml.go:60.2,60.35 1 0
github.com/cloudposse/atmos/pkg/config/process_yaml.go:60.35,61.66 1 0
github.com/cloudposse/atmos/pkg/config/process_yaml.go:61.66,63.4 1 0
github.com/cloudposse/atmos/pkg/config/process_yaml.go:66.2,66.52 1 0
github.com/cloudposse/atmos/pkg/config/process_yaml.go:66.52,67.65 1 0
github.com/cloudposse/atmos/pkg/config/process_yaml.go:67.65,69.4 1 0
github.com/cloudposse/atmos/pkg/config/process_yaml.go:73.2,74.83 2 0
github.com/cloudposse/atmos/pkg/config/process_yaml.go:74.83,76.3 1 0
github.com/cloudposse/atmos/pkg/config/process_yaml.go:77.2,77.12 1 0
github.com/cloudposse/atmos/pkg/config/process_yaml.go:80.84,81.44 1 0
github.com/cloudposse/atmos/pkg/config/process_yaml.go:81.44,86.24 4 0
github.com/cloudposse/atmos/pkg/config/process_yaml.go:86.24,88.4 1 0
github.com/cloudposse/atmos/pkg/config/process_yaml.go:90.3,90.60 1 0
github.com/cloudposse/atmos/pkg/config/process_yaml.go:90.60,92.4 1 0
github.com/cloudposse/atmos/pkg/config/process_yaml.go:94.2,94.12 1 0
github.com/cloudposse/atmos/pkg/config/process_yaml.go:97.105,98.35 1 0
github.com/cloudposse/atmos/pkg/config/process_yaml.go:98.35,100.18 2 0
github.com/cloudposse/atmos/pkg/config/process_yaml.go:100.18,102.4 1 0
github.com/cloudposse/atmos/pkg/config/process_yaml.go:103.3,103.56 1 0
github.com/cloudposse/atmos/pkg/config/process_yaml.go:103.56,105.4 1 0
github.com/cloudposse/atmos/pkg/config/process_yaml.go:107.2,107.12 1 0
github.com/cloudposse/atmos/pkg/config/process_yaml.go:110.83,111.20 1 0
github.com/cloudposse/atmos/pkg/config/process_yaml.go:111.20,113.3 1 0
github.com/cloudposse/atmos/pkg/config/process_yaml.go:115.2,115.9 1 0
github.com/cloudposse/atmos/pkg/config/process_yaml.go:116.55,117.41 1 0
github.com/cloudposse/atmos/pkg/config/process_yaml.go:118.56,119.42 1 0
github.com/cloudposse/atmos/pkg/config/process_yaml.go:120.59,121.45 1 0
github.com/cloudposse/atmos/pkg/config/process_yaml.go:122.59,123.45 1 0
github.com/cloudposse/atmos/pkg/config/process_yaml.go:125.2,125.12 1 0
github.com/cloudposse/atmos/pkg/config/process_yaml.go:129.75,132.16 3 0
github.com/cloudposse/atmos/pkg/config/process_yaml.go:132.16,135.3 2 0
github.com/cloudposse/atmos/pkg/config/process_yaml.go:136.2,137.20 2 0
github.com/cloudposse/atmos/pkg/config/process_yaml.go:137.20,139.3 1 0
github.com/cloudposse/atmos/pkg/config/process_yaml.go:141.2,143.12 3 0
github.com/cloudposse/atmos/pkg/config/process_yaml.go:147.76,150.16 3 0
github.com/cloudposse/atmos/pkg/config/process_yaml.go:150.16,153.3 2 0
github.com/cloudposse/atmos/pkg/config/process_yaml.go:154.2,154.22 1 0
github.com/cloudposse/atmos/pkg/config/process_yaml.go:154.22,157.3 1 0
github.com/cloudposse/atmos/pkg/config/process_yaml.go:157.8,159.3 1 0
github.com/cloudposse/atmos/pkg/config/process_yaml.go:160.2,161.12 2 0
github.com/cloudposse/atmos/pkg/config/process_yaml.go:165.79,168.16 3 0
github.com/cloudposse/atmos/pkg/config/process_yaml.go:168.16,171.3 2 0
github.com/cloudposse/atmos/pkg/config/process_yaml.go:172.2,172.25 1 0
github.com/cloudposse/atmos/pkg/config/process_yaml.go:172.25,174.9 2 0
github.com/cloudposse/atmos/pkg/config/process_yaml.go:174.9,177.4 1 0
github.com/cloudposse/atmos/pkg/config/process_yaml.go:177.9,182.4 1 0
github.com/cloudposse/atmos/pkg/config/process_yaml.go:183.8,185.3 1 0
github.com/cloudposse/atmos/pkg/config/process_yaml.go:186.2,187.12 2 0
github.com/cloudposse/atmos/pkg/config/process_yaml.go:191.79,194.16 3 0
github.com/cloudposse/atmos/pkg/config/process_yaml.go:194.16,197.3 2 0
github.com/cloudposse/atmos/pkg/config/process_yaml.go:198.2,199.24 2 0
github.com/cloudposse/atmos/pkg/config/process_yaml.go:199.24,201.3 1 0
github.com/cloudposse/atmos/pkg/config/process_yaml.go:203.2,205.12 3 0
github.com/cloudposse/atmos/pkg/config/utils.go:25.37,30.38 4 0
github.com/cloudposse/atmos/pkg/config/utils.go:30.38,35.16 3 0
github.com/cloudposse/atmos/pkg/config/utils.go:35.16,38.4 1 0
github.com/cloudposse/atmos/pkg/config/utils.go:40.3,41.36 2 0
github.com/cloudposse/atmos/pkg/config/utils.go:41.36,44.38 2 0
github.com/cloudposse/atmos/pkg/config/utils.go:44.38,46.5 1 0
github.com/cloudposse/atmos/pkg/config/utils.go:52.3,52.27 1 0
github.com/cloudposse/atmos/pkg/config/utils.go:52.27,54.18 2 0
github.com/cloudposse/atmos/pkg/config/utils.go:54.18,56.5 1 0
github.com/cloudposse/atmos/pkg/config/utils.go:59.4,59.12 1 0
github.com/cloudposse/atmos/pkg/config/utils.go:63.3,63.54 1 0
github.com/cloudposse/atmos/pkg/config/utils.go:63.54,69.18 3 0
github.com/cloudposse/atmos/pkg/config/utils.go:69.18,71.51 2 0
github.com/cloudposse/atmos/pkg/config/utils.go:71.51,73.20 2 0
github.com/cloudposse/atmos/pkg/config/utils.go:73.20,74.15 1 0
github.com/cloudposse/atmos/pkg/config/utils.go:75.12,75.29 1 0
github.com/cloudposse/atmos/pkg/config/utils.go:75.29,77.12 2 0
github.com/cloudposse/atmos/pkg/config/utils.go:81.5,81.34 1 0
github.com/cloudposse/atmos/pkg/config/utils.go:81.34,83.6 1 0
github.com/cloudposse/atmos/pkg/config/utils.go:86.4,88.50 2 0
github.com/cloudposse/atmos/pkg/config/utils.go:88.50,90.19 2 0
github.com/cloudposse/atmos/pkg/config/utils.go:90.19,92.14 2 0
github.com/cloudposse/atmos/pkg/config/utils.go:93.11,93.28 1 0
github.com/cloudposse/atmos/pkg/config/utils.go:93.28,95.14 2 0
github.com/cloudposse/atmos/pkg/config/utils.go:99.4,99.15 1 0
github.com/cloudposse/atmos/pkg/config/utils.go:99.15,102.5 2 0
github.com/cloudposse/atmos/pkg/config/utils.go:106.2,106.29 1 0
github.com/cloudposse/atmos/pkg/config/utils.go:106.29,108.3 1 0
github.com/cloudposse/atmos/pkg/config/utils.go:110.2,110.49 1 0
github.com/cloudposse/atmos/pkg/config/utils.go:118.31,122.38 3 0
github.com/cloudposse/atmos/pkg/config/utils.go:122.38,126.16 3 0
github.com/cloudposse/atmos/pkg/config/utils.go:126.16,129.4 1 0
github.com/cloudposse/atmos/pkg/config/utils.go:131.3,132.36 2 0
github.com/cloudposse/atmos/pkg/config/utils.go:132.36,135.38 2 0
github.com/cloudposse/atmos/pkg/config/utils.go:135.38,137.5 1 0
github.com/cloudposse/atmos/pkg/config/utils.go:143.3,143.27 1 0
github.com/cloudposse/atmos/pkg/config/utils.go:143.27,145.18 2 0
github.com/cloudposse/atmos/pkg/config/utils.go:145.18,147.5 1 0
github.com/cloudposse/atmos/pkg/config/utils.go:150.4,150.12 1 0
github.com/cloudposse/atmos/pkg/config/utils.go:154.3,154.54 1 0
github.com/cloudposse/atmos/pkg/config/utils.go:154.54,158.50 3 0
github.com/cloudposse/atmos/pkg/config/utils.go:158.50,160.19 2 0
github.com/cloudposse/atmos/pkg/config/utils.go:160.19,162.14 2 0
github.com/cloudposse/atmos/pkg/config/utils.go:163.11,163.28 1 0
github.com/cloudposse/atmos/pkg/config/utils.go:163.28,165.14 2 0
github.com/cloudposse/atmos/pkg/config/utils.go:169.4,169.15 1 0
github.com/cloudposse/atmos/pkg/config/utils.go:169.15,172.5 2 0
github.com/cloudposse/atmos/pkg/config/utils.go:176.2,176.42 1 0
github.com/cloudposse/atmos/pkg/config/utils.go:179.67,183.23 3 0
github.com/cloudposse/atmos/pkg/config/utils.go:183.23,186.3 2 0
github.com/cloudposse/atmos/pkg/config/utils.go:188.2,189.29 2 0
github.com/cloudposse/atmos/pkg/config/utils.go:189.29,192.3 2 0
github.com/cloudposse/atmos/pkg/config/utils.go:194.2,195.29 2 0
github.com/cloudposse/atmos/pkg/config/utils.go:195.29,198.3 2 0
github.com/cloudposse/atmos/pkg/config/utils.go:200.2,201.34 2 0
github.com/cloudposse/atmos/pkg/config/utils.go:201.34,204.3 2 0
github.com/cloudposse/atmos/pkg/config/utils.go:206.2,207.34 2 0
github.com/cloudposse/atmos/pkg/config/utils.go:207.34,210.3 2 0
github.com/cloudposse/atmos/pkg/config/utils.go:212.2,213.32 2 0
github.com/cloudposse/atmos/pkg/config/utils.go:213.32,216.3 2 0
github.com/cloudposse/atmos/pkg/config/utils.go:218.2,219.33 2 0
github.com/cloudposse/atmos/pkg/config/utils.go:219.33,222.3 2 0
github.com/cloudposse/atmos/pkg/config/utils.go:224.2,225.41 2 0
github.com/cloudposse/atmos/pkg/config/utils.go:225.41,228.3 2 0
github.com/cloudposse/atmos/pkg/config/utils.go:230.2,231.42 2 0
github.com/cloudposse/atmos/pkg/config/utils.go:231.42,234.3 2 0
github.com/cloudposse/atmos/pkg/config/utils.go:236.2,237.50 2 0
github.com/cloudposse/atmos/pkg/config/utils.go:237.50,240.17 3 0
github.com/cloudposse/atmos/pkg/config/utils.go:240.17,242.4 1 0
github.com/cloudposse/atmos/pkg/config/utils.go:243.3,243.75 1 0
github.com/cloudposse/atmos/pkg/config/utils.go:246.2,247.47 2 0
github.com/cloudposse/atmos/pkg/config/utils.go:247.47,250.17 3 0
github.com/cloudposse/atmos/pkg/config/utils.go:250.17,252.4 1 0
github.com/cloudposse/atmos/pkg/config/utils.go:253.3,253.69 1 0
github.com/cloudposse/atmos/pkg/config/utils.go:256.2,257.43 2 0
github.com/cloudposse/atmos/pkg/config/utils.go:257.43,260.17 3 0
github.com/cloudposse/atmos/pkg/config/utils.go:260.17,262.4 1 0
github.com/cloudposse/atmos/pkg/config/utils.go:263.3,263.79 1 0
github.com/cloudposse/atmos/pkg/config/utils.go:266.2,267.37 2 0
github.com/cloudposse/atmos/pkg/config/utils.go:267.37,270.17 3 0
github.com/cloudposse/atmos/pkg/config/utils.go:270.17,272.4 1 0
github.com/cloudposse/atmos/pkg/config/utils.go:273.3,273.68 1 0
github.com/cloudposse/atmos/pkg/config/utils.go:276.2,277.41 2 0
github.com/cloudposse/atmos/pkg/config/utils.go:277.41,280.17 3 0
github.com/cloudposse/atmos/pkg/config/utils.go:280.17,282.4 1 0
github.com/cloudposse/atmos/pkg/config/utils.go:283.3,283.76 1 0
github.com/cloudposse/atmos/pkg/config/utils.go:286.2,287.57 2 0
github.com/cloudposse/atmos/pkg/config/utils.go:287.57,290.17 3 0
github.com/cloudposse/atmos/pkg/config/utils.go:290.17,292.4 1 0
github.com/cloudposse/atmos/pkg/config/utils.go:293.3,293.108 1 0
github.com/cloudposse/atmos/pkg/config/utils.go:296.2,297.40 2 0
github.com/cloudposse/atmos/pkg/config/utils.go:297.40,300.3 2 0
github.com/cloudposse/atmos/pkg/config/utils.go:302.2,303.41 2 0
github.com/cloudposse/atmos/pkg/config/utils.go:303.41,306.3 2 0
github.com/cloudposse/atmos/pkg/config/utils.go:308.2,309.39 2 0
github.com/cloudposse/atmos/pkg/config/utils.go:309.39,312.17 3 0
github.com/cloudposse/atmos/pkg/config/utils.go:312.17,314.4 1 0
github.com/cloudposse/atmos/pkg/config/utils.go:315.3,315.54 1 0
github.com/cloudposse/atmos/pkg/config/utils.go:318.2,319.47 2 0
github.com/cloudposse/atmos/pkg/config/utils.go:319.47,322.3 2 0
github.com/cloudposse/atmos/pkg/config/utils.go:324.2,325.54 2 0
github.com/cloudposse/atmos/pkg/config/utils.go:325.54,328.3 2 0
github.com/cloudposse/atmos/pkg/config/utils.go:330.2,331.51 2 0
github.com/cloudposse/atmos/pkg/config/utils.go:331.51,334.3 2 0
github.com/cloudposse/atmos/pkg/config/utils.go:336.2,337.38 2 0
github.com/cloudposse/atmos/pkg/config/utils.go:337.38,340.3 2 0
github.com/cloudposse/atmos/pkg/config/utils.go:342.2,343.39 2 0
github.com/cloudposse/atmos/pkg/config/utils.go:343.39,346.3 2 0
github.com/cloudposse/atmos/pkg/config/utils.go:348.2,349.32 2 0
github.com/cloudposse/atmos/pkg/config/utils.go:349.32,352.3 2 0
github.com/cloudposse/atmos/pkg/config/utils.go:354.2,355.33 2 0
github.com/cloudposse/atmos/pkg/config/utils.go:355.33,360.3 2 0
github.com/cloudposse/atmos/pkg/config/utils.go:362.2,363.26 2 0
github.com/cloudposse/atmos/pkg/config/utils.go:363.26,368.3 2 0
github.com/cloudposse/atmos/pkg/config/utils.go:370.2,371.26 2 0
github.com/cloudposse/atmos/pkg/config/utils.go:371.26,376.3 2 0
github.com/cloudposse/atmos/pkg/config/utils.go:378.2,379.42 2 0
github.com/cloudposse/atmos/pkg/config/utils.go:379.42,384.3 2 0
github.com/cloudposse/atmos/pkg/config/utils.go:386.2,387.32 2 0
github.com/cloudposse/atmos/pkg/config/utils.go:387.32,390.3 2 0
github.com/cloudposse/atmos/pkg/config/utils.go:392.2,393.32 2 0
github.com/cloudposse/atmos/pkg/config/utils.go:393.32,396.3 2 0
github.com/cloudposse/atmos/pkg/config/utils.go:398.2,399.29 2 0
github.com/cloudposse/atmos/pkg/config/utils.go:399.29,402.17 3 0
github.com/cloudposse/atmos/pkg/config/utils.go:402.17,404.4 1 0
github.com/cloudposse/atmos/pkg/config/utils.go:404.9,406.4 1 0
github.com/cloudposse/atmos/pkg/config/utils.go:409.2,409.12 1 0
github.com/cloudposse/atmos/pkg/config/utils.go:412.84,413.60 1 0
github.com/cloudposse/atmos/pkg/config/utils.go:413.60,415.3 1 0
github.com/cloudposse/atmos/pkg/config/utils.go:417.2,417.65 1 0
github.com/cloudposse/atmos/pkg/config/utils.go:417.65,419.3 1 0
github.com/cloudposse/atmos/pkg/config/utils.go:421.2,421.37 1 0
github.com/cloudposse/atmos/pkg/config/utils.go:421.37,422.73 1 0
github.com/cloudposse/atmos/pkg/config/utils.go:422.73,424.4 1 0
github.com/cloudposse/atmos/pkg/config/utils.go:427.2,427.12 1 0
github.com/cloudposse/atmos/pkg/config/utils.go:432.124,433.71 1 0
github.com/cloudposse/atmos/pkg/config/utils.go:433.71,435.3 1 0
github.com/cloudposse/atmos/pkg/config/utils.go:436.2,436.77 1 0
github.com/cloudposse/atmos/pkg/config/utils.go:436.77,438.3 1 0
github.com/cloudposse/atmos/pkg/config/utils.go:439.2,439.76 1 0
github.com/cloudposse/atmos/pkg/config/utils.go:439.76,441.3 1 0
github.com/cloudposse/atmos/pkg/config/utils.go:442.2,442.74 1 0
github.com/cloudposse/atmos/pkg/config/utils.go:442.74,444.3 1 0
github.com/cloudposse/atmos/pkg/config/utils.go:445.2,445.74 1 0
github.com/cloudposse/atmos/pkg/config/utils.go:445.74,447.3 1 0
github.com/cloudposse/atmos/pkg/config/utils.go:448.2,448.74 1 0
github.com/cloudposse/atmos/pkg/config/utils.go:448.74,450.3 1 0
github.com/cloudposse/atmos/pkg/config/utils.go:451.2,451.72 1 0
github.com/cloudposse/atmos/pkg/config/utils.go:451.72,453.3 1 0
github.com/cloudposse/atmos/pkg/config/utils.go:454.2,454.75 1 0
github.com/cloudposse/atmos/pkg/config/utils.go:454.75,456.3 1 0
github.com/cloudposse/atmos/pkg/config/utils.go:457.2,457.76 1 0
github.com/cloudposse/atmos/pkg/config/utils.go:457.76,459.3 1 0
github.com/cloudposse/atmos/pkg/config/utils.go:461.2,461.12 1 0
github.com/cloudposse/atmos/pkg/config/utils.go:464.114,465.43 1 0
github.com/cloudposse/atmos/pkg/config/utils.go:465.43,468.3 2 0
github.com/cloudposse/atmos/pkg/config/utils.go:469.2,469.12 1 0
github.com/cloudposse/atmos/pkg/config/utils.go:472.120,473.51 1 0
github.com/cloudposse/atmos/pkg/config/utils.go:473.51,476.3 2 0
github.com/cloudposse/atmos/pkg/config/utils.go:477.2,477.47 1 0
github.com/cloudposse/atmos/pkg/config/utils.go:477.47,480.3 2 0
github.com/cloudposse/atmos/pkg/config/utils.go:481.2,481.12 1 0
github.com/cloudposse/atmos/pkg/config/utils.go:484.119,485.50 1 0
github.com/cloudposse/atmos/pkg/config/utils.go:485.50,488.3 2 0
github.com/cloudposse/atmos/pkg/config/utils.go:489.2,489.46 1 0
github.com/cloudposse/atmos/pkg/config/utils.go:489.46,492.3 2 0
github.com/cloudposse/atmos/pkg/config/utils.go:493.2,493.12 1 0
github.com/cloudposse/atmos/pkg/config/utils.go:496.117,497.48 1 0
github.com/cloudposse/atmos/pkg/config/utils.go:497.48,500.3 2 0
github.com/cloudposse/atmos/pkg/config/utils.go:501.2,501.44 1 0
github.com/cloudposse/atmos/pkg/config/utils.go:501.44,504.3 2 0
github.com/cloudposse/atmos/pkg/config/utils.go:505.2,505.12 1 0
github.com/cloudposse/atmos/pkg/config/utils.go:508.117,509.44 1 0
github.com/cloudposse/atmos/pkg/config/utils.go:509.44,512.3 2 0
github.com/cloudposse/atmos/pkg/config/utils.go:513.2,513.12 1 0
github.com/cloudposse/atmos/pkg/config/utils.go:516.117,517.48 1 0
github.com/cloudposse/atmos/pkg/config/utils.go:517.48,519.17 2 0
github.com/cloudposse/atmos/pkg/config/utils.go:519.17,521.4 1 0
github.com/cloudposse/atmos/pkg/config/utils.go:522.3,523.78 2 0
github.com/cloudposse/atmos/pkg/config/utils.go:525.2,525.58 1 0
github.com/cloudposse/atmos/pkg/config/utils.go:525.58,527.17 2 0
github.com/cloudposse/atmos/pkg/config/utils.go:527.17,529.4 1 0
github.com/cloudposse/atmos/pkg/config/utils.go:530.3,531.98 2 0
github.com/cloudposse/atmos/pkg/config/utils.go:533.2,533.47 1 0
github.com/cloudposse/atmos/pkg/config/utils.go:533.47,536.3 2 0
github.com/cloudposse/atmos/pkg/config/utils.go:537.2,537.53 1 0
github.com/cloudposse/atmos/pkg/config/utils.go:537.53,539.17 2 0
github.com/cloudposse/atmos/pkg/config/utils.go:539.17,541.4 1 0
github.com/cloudposse/atmos/pkg/config/utils.go:542.3,543.84 2 0
github.com/cloudposse/atmos/pkg/config/utils.go:545.2,545.47 1 0
github.com/cloudposse/atmos/pkg/config/utils.go:545.47,547.17 2 0
github.com/cloudposse/atmos/pkg/config/utils.go:547.17,549.4 1 0
github.com/cloudposse/atmos/pkg/config/utils.go:550.3,551.72 2 0
github.com/cloudposse/atmos/pkg/config/utils.go:553.2,553.51 1 0
github.com/cloudposse/atmos/pkg/config/utils.go:553.51,555.17 2 0
github.com/cloudposse/atmos/pkg/config/utils.go:555.17,557.4 1 0
github.com/cloudposse/atmos/pkg/config/utils.go:558.3,559.80 2 0
github.com/cloudposse/atmos/pkg/config/utils.go:561.2,561.12 1 0
github.com/cloudposse/atmos/pkg/config/utils.go:564.115,565.48 1 0
github.com/cloudposse/atmos/pkg/config/utils.go:565.48,568.3 2 0
github.com/cloudposse/atmos/pkg/config/utils.go:569.2,569.41 1 0
github.com/cloudposse/atmos/pkg/config/utils.go:569.41,572.3 2 0
github.com/cloudposse/atmos/pkg/config/utils.go:573.2,573.41 1 0
github.com/cloudposse/atmos/pkg/config/utils.go:573.41,576.3 2 0
github.com/cloudposse/atmos/pkg/config/utils.go:577.2,577.58 1 0
github.com/cloudposse/atmos/pkg/config/utils.go:577.58,582.3 2 0
github.com/cloudposse/atmos/pkg/config/utils.go:583.2,583.12 1 0
github.com/cloudposse/atmos/pkg/config/utils.go:586.118,587.44 1 0
github.com/cloudposse/atmos/pkg/config/utils.go:587.44,588.80 1 0
github.com/cloudposse/atmos/pkg/config/utils.go:588.80,590.4 1 0
github.com/cloudposse/atmos/pkg/config/utils.go:592.3,593.70 2 0
github.com/cloudposse/atmos/pkg/config/utils.go:595.2,595.43 1 0
github.com/cloudposse/atmos/pkg/config/utils.go:595.43,598.3 2 0
github.com/cloudposse/atmos/pkg/config/utils.go:599.2,599.12 1 0
github.com/cloudposse/atmos/pkg/config/utils.go:602.119,603.60 1 0
github.com/cloudposse/atmos/pkg/config/utils.go:603.60,606.3 2 0
github.com/cloudposse/atmos/pkg/config/utils.go:608.2,608.12 1 0
github.com/cloudposse/atmos/pkg/config/utils.go:612.71,613.39 1 0
github.com/cloudposse/atmos/pkg/config/utils.go:613.39,615.3 1 0
github.com/cloudposse/atmos/pkg/config/utils.go:617.2,618.16 2 0
github.com/cloudposse/atmos/pkg/config/utils.go:618.16,620.3 1 0
github.com/cloudposse/atmos/pkg/config/utils.go:621.2,623.12 2 0
github.com/cloudposse/atmos/pkg/config/utils.go:627.61,630.53 2 0
github.com/cloudposse/atmos/pkg/config/utils.go:630.53,632.3 1 0
github.com/cloudposse/atmos/pkg/config/utils.go:634.2,634.47 1 0
github.com/cloudposse/atmos/pkg/config/utils.go:634.47,636.3 1 0
github.com/cloudposse/atmos/pkg/config/utils.go:638.2,638.57 1 0
github.com/cloudposse/atmos/pkg/config/utils.go:638.57,640.3 1 0
github.com/cloudposse/atmos/pkg/config/utils.go:642.2,642.45 1 0
github.com/cloudposse/atmos/pkg/config/utils.go:642.45,644.3 1 0
github.com/cloudposse/atmos/pkg/config/utils.go:646.2,646.47 1 0
github.com/cloudposse/atmos/pkg/config/utils.go:646.47,648.3 1 0
github.com/cloudposse/atmos/pkg/config/utils.go:650.2,650.54 1 0
github.com/cloudposse/atmos/pkg/config/utils.go:650.54,652.3 1 0
github.com/cloudposse/atmos/pkg/config/utils.go:654.2,654.16 1 0
github.com/cloudposse/atmos/pkg/config/utils.go:658.120,659.32 1 0
github.com/cloudposse/atmos/pkg/config/utils.go:659.32,662.3 1 0
github.com/cloudposse/atmos/pkg/config/utils.go:664.2,667.45 3 0
github.com/cloudposse/atmos/pkg/config/utils.go:667.45,668.28 1 0
github.com/cloudposse/atmos/pkg/config/utils.go:668.28,669.35 1 0
github.com/cloudposse/atmos/pkg/config/utils.go:669.35,676.5 1 0
github.com/cloudposse/atmos/pkg/config/utils.go:677.4,677.31 1 0
github.com/cloudposse/atmos/pkg/config/utils.go:677.31,679.5 1 0
github.com/cloudposse/atmos/pkg/config/utils.go:679.10,681.5 1 0
github.com/cloudposse/atmos/pkg/config/utils.go:682.9,682.32 1 0
github.com/cloudposse/atmos/pkg/config/utils.go:682.32,683.32 1 0
github.com/cloudposse/atmos/pkg/config/utils.go:683.32,690.5 1 0
github.com/cloudposse/atmos/pkg/config/utils.go:691.4,691.31 1 0
github.com/cloudposse/atmos/pkg/config/utils.go:691.31,693.5 1 0
github.com/cloudposse/atmos/pkg/config/utils.go:693.10,695.5 1 0
github.com/cloudposse/atmos/pkg/config/utils.go:696.9,696.37 1 0
github.com/cloudposse/atmos/pkg/config/utils.go:696.37,697.37 1 0
github.com/cloudposse/atmos/pkg/config/utils.go:697.37,704.5 1 0
github.com/cloudposse/atmos/pkg/config/utils.go:705.4,705.31 1 0
github.com/cloudposse/atmos/pkg/config/utils.go:705.31,707.5 1 0
github.com/cloudposse/atmos/pkg/config/utils.go:707.10,709.5 1 0
github.com/cloudposse/atmos/pkg/config/utils.go:710.9,710.31 1 0
github.com/cloudposse/atmos/pkg/config/utils.go:710.31,711.31 1 0
github.com/cloudposse/atmos/pkg/config/utils.go:711.31,718.5 1 0
github.com/cloudposse/atmos/pkg/config/utils.go:719.4,719.31 1 0
github.com/cloudposse/atmos/pkg/config/utils.go:719.31,721.5 1 0
github.com/cloudposse/atmos/pkg/config/utils.go:721.10,723.5 1 0
github.com/cloudposse/atmos/pkg/config/utils.go:727.2,727.27 1 0
github.com/cloudposse/atmos/pkg/config/utils.go:731.74,746.2 2 0
github.com/cloudposse/atmos/pkg/config/utils.go:755.19,756.32 1 0
github.com/cloudposse/atmos/pkg/config/utils.go:756.32,759.3 1 0
github.com/cloudposse/atmos/pkg/config/utils.go:761.2,764.45 3 0
github.com/cloudposse/atmos/pkg/config/utils.go:764.45,765.28 1 0
github.com/cloudposse/atmos/pkg/config/utils.go:765.28,766.27 1 0
github.com/cloudposse/atmos/pkg/config/utils.go:766.27,768.5 1 0
github.com/cloudposse/atmos/pkg/config/utils.go:769.4,769.23 1 0
github.com/cloudposse/atmos/pkg/config/utils.go:769.23,771.5 1 0
github.com/cloudposse/atmos/pkg/config/utils.go:771.10,773.5 1 0
github.com/cloudposse/atmos/pkg/config/utils.go:774.9,774.32 1 0
github.com/cloudposse/atmos/pkg/config/utils.go:774.32,775.24 1 0
github.com/cloudposse/atmos/pkg/config/utils.go:775.24,777.5 1 0
github.com/cloudposse/atmos/pkg/config/utils.go:778.4,778.23 1 0
github.com/cloudposse/atmos/pkg/config/utils.go:778.23,780.5 1 0
github.com/cloudposse/atmos/pkg/config/utils.go:780.10,782.5 1 0
github.com/cloudposse/atmos/pkg/config/utils.go:783.9,783.37 1 0
github.com/cloudposse/atmos/pkg/config/utils.go:783.37,784.29 1 0
github.com/cloudposse/atmos/pkg/config/utils.go:784.29,786.5 1 0
github.com/cloudposse/atmos/pkg/config/utils.go:787.4,787.23 1 0
github.com/cloudposse/atmos/pkg/config/utils.go:787.23,789.5 1 0
github.com/cloudposse/atmos/pkg/config/utils.go:789.10,791.5 1 0
github.com/cloudposse/atmos/pkg/config/utils.go:792.9,792.31 1 0
github.com/cloudposse/atmos/pkg/config/utils.go:792.31,793.23 1 0
github.com/cloudposse/atmos/pkg/config/utils.go:793.23,795.5 1 0
github.com/cloudposse/atmos/pkg/config/utils.go:796.4,796.23 1 0
github.com/cloudposse/atmos/pkg/config/utils.go:796.23,798.5 1 0
github.com/cloudposse/atmos/pkg/config/utils.go:798.10,800.5 1 0
github.com/cloudposse/atmos/pkg/config/utils.go:804.2,804.19 1 0
github.com/cloudposse/atmos/pkg/config/utils.go:808.76,814.22 2 0
github.com/cloudposse/atmos/pkg/config/utils.go:814.22,819.3 1 0
github.com/cloudposse/atmos/pkg/config/utils.go:821.2,821.17 1 0
github.com/cloudposse/atmos/pkg/config/utils.go:825.63,828.35 2 0
github.com/cloudposse/atmos/pkg/config/utils.go:828.35,829.43 1 0
github.com/cloudposse/atmos/pkg/config/utils.go:829.43,831.4 1 0
github.com/cloudposse/atmos/pkg/config/utils.go:833.2,833.14 1 0
github.com/cloudposse/atmos/pkg/config/utils.go:836.69,837.16 1 0
github.com/cloudposse/atmos/pkg/config/utils.go:837.16,839.3 1 0
github.com/cloudposse/atmos/pkg/config/utils.go:840.2,841.15 2 0
github.com/cloudposse/atmos/pkg/config/utils.go:841.15,843.3 1 0
github.com/cloudposse/atmos/pkg/config/utils.go:846.2,847.19 2 0
github.com/cloudposse/atmos/pkg/config/utils.go:847.19,850.3 1 0
github.com/cloudposse/atmos/pkg/config/utils.go:852.2,852.17 1 0
github.com/cloudposse/atmos/pkg/config/utils.go:855.97,857.48 1 0
github.com/cloudposse/atmos/pkg/config/utils.go:857.48,858.48 1 0
github.com/cloudposse/atmos/pkg/config/utils.go:858.48,860.4 1 0
github.com/cloudposse/atmos/pkg/config/utils.go:861.3,861.75 1 0
github.com/cloudposse/atmos/pkg/config/utils.go:864.2,868.16 4 0
github.com/cloudposse/atmos/pkg/config/utils.go:868.16,870.3 1 0
github.com/cloudposse/atmos/pkg/config/utils.go:873.2,874.32 2 0
github.com/cloudposse/atmos/pkg/config/utils.go:874.32,875.21 1 0
github.com/cloudposse/atmos/pkg/config/utils.go:875.21,877.4 1 0
github.com/cloudposse/atmos/pkg/config/utils.go:881.2,882.35 2 0
github.com/cloudposse/atmos/pkg/config/utils.go:882.35,883.23 1 0
github.com/cloudposse/atmos/pkg/config/utils.go:883.23,885.4 1 0
github.com/cloudposse/atmos/pkg/config/utils.go:888.2,888.106 1 0
