Windows PowerShell
Copyright (C) Microsoft Corporation. All rights reserved.

Install the latest PowerShell for new features and improvements! https://aka.ms/PSWindows

PS C:\Users\Dimitri\GolandProjects\cloudposse\atmos> go test -v -run "TestToolchainCustomCommands" .\tests\... -timeout 10m
INFO Smoke tests for atmos CLI starting
INFO Starting directory dir=C:\Users\Dimitri\GolandProjects\cloudposse\atmos\tests
=== RUN   TestToolchainCustomCommands_InstallAllTools
=== RUN   TestToolchainCustomCommands_InstallAllTools/Install_gum
    toolchain_custom_commands_test.go:68: Install output for charmbracelet/gum@0.17.0:
        ðŸ§ª toolchain is an experimental feature. Learn more https://atmos.tools/experimental
        âœ“ Installed charmbracelet/gum@0.17.0 to .tools\bin\charmbracelet\gum\0.17.0\gum.exe (13mb)
        ðŸ’¡ Export the PATH environment variable for your toolchain tools using Invoke-Expression (atmos --chdir /path/to/project toolchain env --format powershell)
    toolchain_custom_commands_test.go:74: âœ“ Binary gum found at: .tools\bin\charmbracelet\gum\0.17.0\gum.exe (size: 14228480 bytes)
=== RUN   TestToolchainCustomCommands_InstallAllTools/Install_k9s
    toolchain_custom_commands_test.go:68: Install output for derailed/k9s@0.32.7:
        ðŸ§ª toolchain is an experimental feature. Learn more https://atmos.tools/experimental
        âœ“ Installed derailed/k9s@0.32.7 to .tools\bin\derailed\k9s\0.32.7\k9s.exe (97mb)
        ðŸ’¡ Export the PATH environment variable for your toolchain tools using Invoke-Expression (atmos --chdir /path/to/project toolchain env --format powershell)
    toolchain_custom_commands_test.go:74: âœ“ Binary k9s found at: .tools\bin\derailed\k9s\0.32.7\k9s.exe (size: 102255616 bytes)
=== RUN   TestToolchainCustomCommands_InstallAllTools/Install_helm
    toolchain_custom_commands_test.go:68: Install output for helm/helm@3.16.3:
        ðŸ§ª toolchain is an experimental feature. Learn more https://atmos.tools/experimental
        Warning: unhandled element String
        Warning: unhandled element String
        âœ— Install failed : file operation failed: file operation failed: tool not found: file not found in archive: windows-amd64/helm
        # Error

        **Error:** file operation failed: file operation failed: tool not found: file
        not found in archive: windows-amd64/helm
    toolchain_custom_commands_test.go:70:
                Error Trace:    C:/Users/Dimitri/GolandProjects/cloudposse/atmos/tests/toolchain_custom_commands_test.go:70
                Error:          Received unexpected error:
                                exit status 1
                Test:           TestToolchainCustomCommands_InstallAllTools/Install_helm
                Messages:       toolchain install helm/helm@3.16.3 should succeed
=== RUN   TestToolchainCustomCommands_InstallAllTools/Install_jq
    toolchain_custom_commands_test.go:68: Install output for jqlang/jq@1.7.1:
        ðŸ§ª toolchain is an experimental feature. Learn more https://atmos.tools/experimental
        Warning: unhandled element String
        Warning: unhandled element String
        âœ— Install failed : HTTP request failed: HTTP request failed: tried https://github.com/jqlang/jq/releases/download/jq-1.7.1/jq-windows-amd64 and https://github.com/jqlang/jq/releases/download/jq-v1.7.1/jq-windows-amd64: HTTP 404 Not Found
          download failed
        # Error

        **Error:** HTTP request failed: HTTP request failed: tried
        https://github.com/jqlang/jq/releases/download/jq-1.7.1/jq-windows-amd64 and
        https://github.com/jqlang/jq/releases/download/jq-v1.7.1/jq-windows-amd64: HTTP
        404
        Not Found download failed
    toolchain_custom_commands_test.go:70:
                Error Trace:    C:/Users/Dimitri/GolandProjects/cloudposse/atmos/tests/toolchain_custom_commands_test.go:70
                Error:          Received unexpected error:
                                exit status 1
                Test:           TestToolchainCustomCommands_InstallAllTools/Install_jq
                Messages:       toolchain install jqlang/jq@1.7.1 should succeed
=== RUN   TestToolchainCustomCommands_InstallAllTools/Install_tofu
    toolchain_custom_commands_test.go:68: Install output for opentofu/opentofu@1.9.0:
        ðŸ§ª toolchain is an experimental feature. Learn more https://atmos.tools/experimental
        âœ“ Installed opentofu/opentofu@1.9.0 to .tools\bin\opentofu\opentofu\1.9.0\tofu.exe (83mb)
        ðŸ’¡ Export the PATH environment variable for your toolchain tools using Invoke-Expression (atmos --chdir /path/to/project toolchain env --format powershell)
    toolchain_custom_commands_test.go:74: âœ“ Binary tofu found at: .tools\bin\opentofu\opentofu\1.9.0\tofu.exe (size: 87165440 bytes)
--- FAIL: TestToolchainCustomCommands_InstallAllTools (22.67s)
    --- PASS: TestToolchainCustomCommands_InstallAllTools/Install_gum (1.70s)
    --- PASS: TestToolchainCustomCommands_InstallAllTools/Install_k9s (3.35s)
    --- FAIL: TestToolchainCustomCommands_InstallAllTools/Install_helm (5.89s)
    --- FAIL: TestToolchainCustomCommands_InstallAllTools/Install_jq (1.11s)
    --- PASS: TestToolchainCustomCommands_InstallAllTools/Install_tofu (2.92s)
=== RUN   TestToolchainCustomCommands_ToolsExecutable
=== RUN   TestToolchainCustomCommands_ToolsExecutable/Execute_gum
    toolchain_custom_commands_test.go:130: âœ“ Binary gum found at: .tools\bin\charmbracelet\gum\0.17.0\gum.exe (size: 14228480 bytes)
    toolchain_custom_commands_test.go:135: gum output:
        gum version v0.17.0 (6045525)
=== RUN   TestToolchainCustomCommands_ToolsExecutable/Execute_jq
    toolchain_custom_commands_test.go:126:
                Error Trace:    C:/Users/Dimitri/GolandProjects/cloudposse/atmos/tests/toolchain_custom_commands_test.go:126
                Error:          Received unexpected error:
                                exit status 1
                Test:           TestToolchainCustomCommands_ToolsExecutable/Execute_jq
                Messages:       toolchain install should succeed: ðŸ§ª toolchain is an experimental feature. Learn more https://atmos.tools/experimental
                                Warning: unhandled element String
                                Warning: unhandled element String
                                âœ— Install failed : HTTP request failed: HTTP request failed: tried https://github.com/jqlang/jq/releases/download/jq-1.7.1/jq-windows-amd64 and https://github.com/jqlang/jq/releases/download/jq-v1.7.1/jq-windows-amd64: HTTP 404 Not Found
                                  download failed
                                # Error

                                **Error:** HTTP request failed: HTTP request failed: tried
                                https://github.com/jqlang/jq/releases/download/jq-1.7.1/jq-windows-amd64 and
                                https://github.com/jqlang/jq/releases/download/jq-v1.7.1/jq-windows-amd64: HTTP
                                404
                                Not Found download failed
=== RUN   TestToolchainCustomCommands_ToolsExecutable/Execute_helm
    toolchain_custom_commands_test.go:126:
                Error Trace:    C:/Users/Dimitri/GolandProjects/cloudposse/atmos/tests/toolchain_custom_commands_test.go:126
                Error:          Received unexpected error:
                                exit status 1
                Test:           TestToolchainCustomCommands_ToolsExecutable/Execute_helm
                Messages:       toolchain install should succeed: ðŸ§ª toolchain is an experimental feature. Learn more https://atmos.tools/experimental
                                Warning: unhandled element String
                                Warning: unhandled element String
                                âœ— Install failed : file operation failed: file operation failed: tool not found: file not found in archive: windows-amd64/helm
                                # Error

                                **Error:** file operation failed: file operation failed: tool not found: file
                                not found in archive: windows-amd64/helm
=== RUN   TestToolchainCustomCommands_ToolsExecutable/Execute_tofu
    toolchain_custom_commands_test.go:130: âœ“ Binary tofu found at: .tools\bin\opentofu\opentofu\1.9.0\tofu.exe (size: 87165440 bytes)
    toolchain_custom_commands_test.go:135: tofu output:
        OpenTofu v1.9.0
        on windows_amd64
--- FAIL: TestToolchainCustomCommands_ToolsExecutable (13.64s)
    --- PASS: TestToolchainCustomCommands_ToolsExecutable/Execute_gum (0.98s)
    --- FAIL: TestToolchainCustomCommands_ToolsExecutable/Execute_jq (0.91s)
    --- FAIL: TestToolchainCustomCommands_ToolsExecutable/Execute_helm (2.42s)
    --- PASS: TestToolchainCustomCommands_ToolsExecutable/Execute_tofu (1.56s)
=== RUN   TestToolchainCustomCommands_PathEnvOutput
    toolchain_custom_commands_test.go:171:
                Error Trace:    C:/Users/Dimitri/GolandProjects/cloudposse/atmos/tests/toolchain_custom_commands_test.go:171
                Error:          Received unexpected error:
                                exit status 1
                Test:           TestToolchainCustomCommands_PathEnvOutput
                Messages:       toolchain install should succeed
--- FAIL: TestToolchainCustomCommands_PathEnvOutput (10.17s)
=== RUN   TestToolchainCustomCommands_WindowsExeExtension
    toolchain_custom_commands_test.go:226: Install output:
        ðŸ§ª toolchain is an experimental feature. Learn more https://atmos.tools/experimental
        Warning: unhandled element String
        Warning: unhandled element String
        âœ— Install failed : HTTP request failed: HTTP request failed: tried https://github.com/jqlang/jq/releases/download/jq-1.7.1/jq-windows-amd64 and https://github.com/jqlang/jq/releases/download/jq-v1.7.1/jq-windows-amd64: HTTP 404 Not Found
          download failed
        # Error

        **Error:** HTTP request failed: HTTP request failed: tried
        https://github.com/jqlang/jq/releases/download/jq-1.7.1/jq-windows-amd64 and
        https://github.com/jqlang/jq/releases/download/jq-v1.7.1/jq-windows-amd64: HTTP
        404
        Not Found download failed
    toolchain_custom_commands_test.go:227:
                Error Trace:    C:/Users/Dimitri/GolandProjects/cloudposse/atmos/tests/toolchain_custom_commands_test.go:227
                Error:          Received unexpected error:
                                exit status 1
                Test:           TestToolchainCustomCommands_WindowsExeExtension
                Messages:       toolchain install should succeed
--- FAIL: TestToolchainCustomCommands_WindowsExeExtension (13.71s)
=== RUN   TestToolchainCustomCommands_CustomCommandsLoaded
    toolchain_custom_commands_test.go:260: Help output:

        ðŸ‘½ test windows/amd64

        Atmos is a framework for orchestrating and operating infrastructure workflows
        across multiple cloud and DevOps toolchains.

        USAGE


            $ atmos [flags]
            $ atmos [sub-command] [flags]


        SUBCOMMAND ALIASES

              hf               Alias of atmos helmfile command
              pk               Alias of atmos packer command
              tf               Alias of atmos terraform command

        AVAILABLE COMMANDS

              about                                  Learn about Atmos
              atlantis [command]                     Generate and manage Atlantis configurations
              auth [command]                         Authenticate with cloud providers and identity services.
              aws [command]                          Run AWS-specific commands for interacting with cloud resources
              completion [command]                   Generate autocompletion scripts for Bash, Zsh, Fish, and PowerShell
              describe [command]                     Show details about Atmos configurations and components
              dev [command]                          Development workflow commands for Atmos development
              devcontainer [command] [EXPERIMENTAL]  Manage development containers
              docs [command]                         Open Atmos documentation or display component-specific docs
              env                                    Output environment variables configured in atmos.yaml
              helmfile [command]                     Manage Helmfile-based Kubernetes deployments
              help                                   Help about any command
              list [command]                         List available stacks and components
              packer [command]                       Manage packer-based machine images for multiple platforms
              pro [command]                          Access premium features integrated with atmos-pro.com
              profile [command]                      Manage configuration profiles
              support                                Show Atmos support options
              terraform [command]                    Execute Terraform commands using Atmos stack configurations
              test-all-tools                         Test all toolchain tools are in PATH
              test-gum                               Test that gum is available in PATH
              test-helm                              Test that helm is available in PATH
              test-jq                                Test that jq is available in PATH
              test-k9s                               Test that k9s is available in PATH
              test-kubectl                           Test that kubectl is available in PATH
              test-replicated                        Test that replicated is available in PATH
              test-tofu                              Test that tofu is available in PATH
              theme [command]                        Manage terminal themes for Atmos CLI
              toolchain [command] [EXPERIMENTAL]     Manage tool versions and installations
              validate [command]                     Validate configurations against OPA policies and JSON schemas
              vendor [command]                       Manage external dependencies for components or stacks
              version [command]                      Display the version of Atmos you are running and check for updates
              workflow [command]                     Run predefined tasks using workflows

        FLAGS

              --base-path string        Base path for Atmos project

          -C, --chdir string            Change working directory before executing the command (run as if Atmos started in this
                                        directory)

              --config strings          Paths to configuration files (comma-separated or repeated flag)

              --config-path strings     Paths to search for Atmos configuration (comma-separated or repeated flag)

              --force-color             Force color output even when not a TTY (useful for screenshots)

              --force-tty               Force TTY mode with sane defaults when terminal detection fails (useful for
                                        screenshots)

              --heatmap                 Show performance heatmap visualization after command execution (includes P95 latency)

              --heatmap-mode string     Heatmap visualization mode: bar, sparkline, table (press 1-3 to switch in TUI) (default
                                        bar)

          -h, --help                    help for atmos

              --identity string         Identity to use for authentication. Use --identity to select interactively, --
                                        identity=NAME to specify

              --interactive             Enable interactive prompts for missing required flags, optional value flags using the
                                        sentinel pattern, and missing positional arguments (requires TTY, disabled in CI)
                                        (default true)

              --logs-file string        The file to write Atmos logs to. Logs can be written to any file or any standard file
                                        descriptor, including '/dev/stdout', '/dev/stderr' and '/dev/null' (default
                                        /dev/stderr)

              --logs-level string       Logs level. Supported log levels are Trace, Debug, Info, Warning, Off. If the log
                                        level is set to Off, Atmos will not log any messages (default Warning)

              --mask                    Enable automatic masking of sensitive data in output (use --mask=false to disable)
                                        (default true)

              --no-color                Disable color output

              --pager string            Enable pager for output (--pager or --pager=true to enable, --pager=false to disable, --
                                        pager=less to use specific pager)

              --profile strings         Activate configuration profiles (comma-separated or repeated flag)

              --profile-file string     Write profiling data to file instead of starting server

              --profile-type string     Type of profile to collect when using --profile-file. Options: cpu, heap, allocs,
                                        goroutine, block, mutex, threadcreate, trace (default cpu)

              --profiler-enabled        Enable pprof profiling server

              --profiler-host string    Host for pprof profiling server (default localhost)

              --profiler-port int       Port for pprof profiling server (default 6060)

              --redirect-stderr string  File descriptor to redirect stderr to. Errors can be redirected to any file or any
                                        standard file descriptor (including '/dev/null')

              --use-version string      Use a specific version of Atmos (e.g., --use-version=1.160.0)

          -v, --verbose                 Enable verbose error output with full context, stack traces, and detailed information

              --version                 Display the Atmos CLI version



        Use atmos [command] --help for more information about a command.
        â•­â”€â”€â”€â”€â”€â”€â”€â”€â”€â”€â”€â”€â”€â”€â”€â”€â”€â”€â”€â”€â”€â”€â”€â”€â”€â”€â”€â”€â”€â”€â”€â”€â”€â”€â”€â”€â”€â”€â”€â”€â•®
        â”‚    Update available! test Â» 1.204.0    â”‚
        â”‚   Run: atmos version install 1.204.0   â”‚
        â”‚ More info: https://atmos.tools/install â”‚
        â•°â”€â”€â”€â”€â”€â”€â”€â”€â”€â”€â”€â”€â”€â”€â”€â”€â”€â”€â”€â”€â”€â”€â”€â”€â”€â”€â”€â”€â”€â”€â”€â”€â”€â”€â”€â”€â”€â”€â”€â”€â•¯
--- PASS: TestToolchainCustomCommands_CustomCommandsLoaded (8.87s)
=== RUN   TestToolchainCustomCommands_ExecuteWithDependencies
=== RUN   TestToolchainCustomCommands_ExecuteWithDependencies/test-jq
    toolchain_custom_commands_test.go:325: Command test-jq output:
        âœ“ Installed opentofu/opentofu@1.9.0
        â£¾  â–ˆâ–ˆâ–ˆâ–ˆâ–ˆâ–ˆâ–ˆâ–ˆâ–ˆâ–‘â–‘â–‘â–‘â–‘â–‘â–‘â–‘â–‘â–‘â–‘â–‘â–‘â–‘â–‘â–‘â–‘â–‘â–‘â–‘â–‘â–‘â–‘â–‘â–‘â–‘  25%
        â£½  â–ˆâ–ˆâ–ˆâ–ˆâ–ˆâ–ˆâ–ˆâ–ˆâ–ˆâ–‘â–‘â–‘â–‘â–‘â–‘â–‘â–‘â–‘â–‘â–‘â–‘â–‘â–‘â–‘â–‘â–‘â–‘â–‘â–‘â–‘â–‘â–‘â–‘â–‘â–‘  25%
        â£»  â–ˆâ–ˆâ–ˆâ–ˆâ–ˆâ–ˆâ–ˆâ–ˆâ–ˆâ–‘â–‘â–‘â–‘â–‘â–‘â–‘â–‘â–‘â–‘â–‘â–‘â–‘â–‘â–‘â–‘â–‘â–‘â–‘â–‘â–‘â–‘â–‘â–‘â–‘â–‘  25%
        â¢¿  â–ˆâ–ˆâ–ˆâ–ˆâ–ˆâ–ˆâ–ˆâ–ˆâ–ˆâ–‘â–‘â–‘â–‘â–‘â–‘â–‘â–‘â–‘â–‘â–‘â–‘â–‘â–‘â–‘â–‘â–‘â–‘â–‘â–‘â–‘â–‘â–‘â–‘â–‘â–‘  25%
        â¡¿  â–ˆâ–ˆâ–ˆâ–ˆâ–ˆâ–ˆâ–ˆâ–ˆâ–ˆâ–‘â–‘â–‘â–‘â–‘â–‘â–‘â–‘â–‘â–‘â–‘â–‘â–‘â–‘â–‘â–‘â–‘â–‘â–‘â–‘â–‘â–‘â–‘â–‘â–‘â–‘  25%
        âœ“ Installed charmbracelet/gum@0.17.0
        â£¾  â–ˆâ–ˆâ–ˆâ–ˆâ–ˆâ–ˆâ–ˆâ–ˆâ–ˆâ–ˆâ–ˆâ–ˆâ–ˆâ–ˆâ–ˆâ–ˆâ–ˆâ–ˆâ–‘â–‘â–‘â–‘â–‘â–‘â–‘â–‘â–‘â–‘â–‘â–‘â–‘â–‘â–‘â–‘â–‘  50%
        â£½  â–ˆâ–ˆâ–ˆâ–ˆâ–ˆâ–ˆâ–ˆâ–ˆâ–ˆâ–ˆâ–ˆâ–ˆâ–ˆâ–ˆâ–ˆâ–ˆâ–ˆâ–ˆâ–‘â–‘â–‘â–‘â–‘â–‘â–‘â–‘â–‘â–‘â–‘â–‘â–‘â–‘â–‘â–‘â–‘  50%
        â£»  â–ˆâ–ˆâ–ˆâ–ˆâ–ˆâ–ˆâ–ˆâ–ˆâ–ˆâ–ˆâ–ˆâ–ˆâ–ˆâ–ˆâ–ˆâ–ˆâ–ˆâ–ˆâ–‘â–‘â–‘â–‘â–‘â–‘â–‘â–‘â–‘â–‘â–‘â–‘â–‘â–‘â–‘â–‘â–‘  50%
        â¢¿  â–ˆâ–ˆâ–ˆâ–ˆâ–ˆâ–ˆâ–ˆâ–ˆâ–ˆâ–ˆâ–ˆâ–ˆâ–ˆâ–ˆâ–ˆâ–ˆâ–ˆâ–ˆâ–‘â–‘â–‘â–‘â–‘â–‘â–‘â–‘â–‘â–‘â–‘â–‘â–‘â–‘â–‘â–‘â–‘  50%
        â¡¿  â–ˆâ–ˆâ–ˆâ–ˆâ–ˆâ–ˆâ–ˆâ–ˆâ–ˆâ–ˆâ–ˆâ–ˆâ–ˆâ–ˆâ–ˆâ–ˆâ–ˆâ–ˆâ–‘â–‘â–‘â–‘â–‘â–‘â–‘â–‘â–‘â–‘â–‘â–‘â–‘â–‘â–‘â–‘â–‘  50%
        Warning: unhandled element String
        Warning: unhandled element String
        âœ— Install failed : HTTP request failed: HTTP request failed: tried https://github.com/jqlang/jq/releases/download/jq-1.7.1/jq-windows-amd64 and https://github.com/jqlang/jq/releases/download/jq-v1.7.1/jq-windows-amd64: HTTP 404 Not Found
          download failed
        Warning: unhandled element String
        Warning: unhandled element String
        âœ— Install failed : HTTP request failed: HTTP request failed: tried https://github.com/jqlang/jq/releases/download/jq-1.7.1/jq-windows-amd64 and https://github.com/jqlang/jq/releases/download/jq-v1.7.1/jq-windows-amd64: HTTP 404 Not Found
          download failed
        â£¾  â–ˆâ–ˆâ–ˆâ–ˆâ–ˆâ–ˆâ–ˆâ–ˆâ–ˆâ–ˆâ–ˆâ–ˆâ–ˆâ–ˆâ–ˆâ–ˆâ–ˆâ–ˆâ–ˆâ–ˆâ–ˆâ–ˆâ–ˆâ–ˆâ–ˆâ–ˆâ–‘â–‘â–‘â–‘â–‘â–‘â–‘â–‘â–‘  75%
        â£½  â–ˆâ–ˆâ–ˆâ–ˆâ–ˆâ–ˆâ–ˆâ–ˆâ–ˆâ–ˆâ–ˆâ–ˆâ–ˆâ–ˆâ–ˆâ–ˆâ–ˆâ–ˆâ–ˆâ–ˆâ–ˆâ–ˆâ–ˆâ–ˆâ–ˆâ–ˆâ–‘â–‘â–‘â–‘â–‘â–‘â–‘â–‘â–‘  75%
        â£»  â–ˆâ–ˆâ–ˆâ–ˆâ–ˆâ–ˆâ–ˆâ–ˆâ–ˆâ–ˆâ–ˆâ–ˆâ–ˆâ–ˆâ–ˆâ–ˆâ–ˆâ–ˆâ–ˆâ–ˆâ–ˆâ–ˆâ–ˆâ–ˆâ–ˆâ–ˆâ–‘â–‘â–‘â–‘â–‘â–‘â–‘â–‘â–‘  75%
        â¢¿  â–ˆâ–ˆâ–ˆâ–ˆâ–ˆâ–ˆâ–ˆâ–ˆâ–ˆâ–ˆâ–ˆâ–ˆâ–ˆâ–ˆâ–ˆâ–ˆâ–ˆâ–ˆâ–ˆâ–ˆâ–ˆâ–ˆâ–ˆâ–ˆâ–ˆâ–ˆâ–‘â–‘â–‘â–‘â–‘â–‘â–‘â–‘â–‘  75%
        â¡¿  â–ˆâ–ˆâ–ˆâ–ˆâ–ˆâ–ˆâ–ˆâ–ˆâ–ˆâ–ˆâ–ˆâ–ˆâ–ˆâ–ˆâ–ˆâ–ˆâ–ˆâ–ˆâ–ˆâ–ˆâ–ˆâ–ˆâ–ˆâ–ˆâ–ˆâ–ˆâ–‘â–‘â–‘â–‘â–‘â–‘â–‘â–‘â–‘  75%
        âœ“ Installed derailed/k9s@0.32.7
        â£¾  â–ˆâ–ˆâ–ˆâ–ˆâ–ˆâ–ˆâ–ˆâ–ˆâ–ˆâ–ˆâ–ˆâ–ˆâ–ˆâ–ˆâ–ˆâ–ˆâ–ˆâ–ˆâ–ˆâ–ˆâ–ˆâ–ˆâ–ˆâ–ˆâ–ˆâ–ˆâ–ˆâ–ˆâ–ˆâ–ˆâ–ˆâ–ˆâ–ˆâ–ˆâ–ˆ 100%
        â£½  â–ˆâ–ˆâ–ˆâ–ˆâ–ˆâ–ˆâ–ˆâ–ˆâ–ˆâ–ˆâ–ˆâ–ˆâ–ˆâ–ˆâ–ˆâ–ˆâ–ˆâ–ˆâ–ˆâ–ˆâ–ˆâ–ˆâ–ˆâ–ˆâ–ˆâ–ˆâ–ˆâ–ˆâ–ˆâ–ˆâ–ˆâ–ˆâ–ˆâ–ˆâ–ˆ 100%
        â£»  â–ˆâ–ˆâ–ˆâ–ˆâ–ˆâ–ˆâ–ˆâ–ˆâ–ˆâ–ˆâ–ˆâ–ˆâ–ˆâ–ˆâ–ˆâ–ˆâ–ˆâ–ˆâ–ˆâ–ˆâ–ˆâ–ˆâ–ˆâ–ˆâ–ˆâ–ˆâ–ˆâ–ˆâ–ˆâ–ˆâ–ˆâ–ˆâ–ˆâ–ˆâ–ˆ 100%
        â¢¿  â–ˆâ–ˆâ–ˆâ–ˆâ–ˆâ–ˆâ–ˆâ–ˆâ–ˆâ–ˆâ–ˆâ–ˆâ–ˆâ–ˆâ–ˆâ–ˆâ–ˆâ–ˆâ–ˆâ–ˆâ–ˆâ–ˆâ–ˆâ–ˆâ–ˆâ–ˆâ–ˆâ–ˆâ–ˆâ–ˆâ–ˆâ–ˆâ–ˆâ–ˆâ–ˆ 100%
        â¡¿  â–ˆâ–ˆâ–ˆâ–ˆâ–ˆâ–ˆâ–ˆâ–ˆâ–ˆâ–ˆâ–ˆâ–ˆâ–ˆâ–ˆâ–ˆâ–ˆâ–ˆâ–ˆâ–ˆâ–ˆâ–ˆâ–ˆâ–ˆâ–ˆâ–ˆâ–ˆâ–ˆâ–ˆâ–ˆâ–ˆâ–ˆâ–ˆâ–ˆâ–ˆâ–ˆ 100%

        âœ— Installed 3 tools, failed 1
        "jq": executable file not found in $PATH
        # Error

        **Error:** subcommand exited with code 127
    toolchain_custom_commands_test.go:329: Command failed: exit status 127
    toolchain_custom_commands_test.go:330: This may indicate that toolchain tools are not in PATH for custom commands
=== RUN   TestToolchainCustomCommands_ExecuteWithDependencies/test-gum
    toolchain_custom_commands_test.go:325: Command test-gum output:
        gum version v0.17.0 (6045525)
=== RUN   TestToolchainCustomCommands_ExecuteWithDependencies/test-helm
    toolchain_custom_commands_test.go:325: Command test-helm output:
        Warning: unhandled element String
        Warning: unhandled element String
        âœ— Install failed : file operation failed: file operation failed: tool not found: file not found in archive: windows-amd64/helm
        # Error

        **Error:** tool installation failed: tool installation failed: file operation
        failed: file operation failed: tool not found: file not found in archive:
        windows-amd64/helm

        ## Explanation

        Failed to install dependencies for command 'test-helm'
    toolchain_custom_commands_test.go:329: Command failed: exit status 1
    toolchain_custom_commands_test.go:330: This may indicate that toolchain tools are not in PATH for custom commands
=== RUN   TestToolchainCustomCommands_ExecuteWithDependencies/test-tofu
    toolchain_custom_commands_test.go:325: Command test-tofu output:
        OpenTofu v1.9.0
        on windows_amd64
--- PASS: TestToolchainCustomCommands_ExecuteWithDependencies (13.19s)
    --- PASS: TestToolchainCustomCommands_ExecuteWithDependencies/test-jq (2.99s)
    --- PASS: TestToolchainCustomCommands_ExecuteWithDependencies/test-gum (0.58s)
    --- PASS: TestToolchainCustomCommands_ExecuteWithDependencies/test-helm (1.15s)
    --- PASS: TestToolchainCustomCommands_ExecuteWithDependencies/test-tofu (0.74s)
FAIL
FAIL    github.com/cloudposse/atmos/tests       82.438s
testing: warning: no tests to run
PASS
ok      github.com/cloudposse/atmos/tests/testhelpers   0.096s [no tests to run]
testing: warning: no tests to run
PASS
ok      github.com/cloudposse/atmos/tests/testhelpers/httpmock  0.080s [no tests to run]
FAIL
PS C:\Users\Dimitri\GolandProjects\cloudposse\atmos>
